20150906000002 4.128 29.00 56.50 29.70 52.30 30.00 35.20
20150906000101 4.128 29.00 55.80 29.70 52.30 30.10 35.20
20150906000202 1.602 29.00 55.70 29.70 52.30 30.00 35.30
20150906000301 4.130 29.00 56.40 29.70 54.70 30.00 35.40
20150906000402 4.130 29.00 55.50 29.70 54.20 30.00 35.60
20150906000501 1.603 29.00 54.20 29.70 54.20 30.00 35.60
20150906000601 4.128 29.00 52.00 29.70 53.30 30.00 36.80
20150906000701 1.602 28.80 66.70 29.70 58.90 30.00 36.80
20150906000802 1.602 28.70 72.60 29.60 64.00 30.00 36.10
20150906000902 1.623 28.70 76.50 29.60 67.50 30.00 36.00
20150906001001 4.129 28.70 80.10 29.60 69.60 30.10 35.70
20150906001101 4.129 28.60 83.10 29.60 73.20 30.00 35.70
20150906001202 1.600 28.60 84.40 29.60 73.30 30.10 35.60
20150906001302 6.657 28.50 88.50 29.50 76.00 30.00 35.80
20150906001401 1.600 28.50 88.60 29.50 76.20 30.00 35.50
20150906001501 1.619 28.50 89.60 29.60 76.80 30.00 35.40
20150906001602 1.600 28.50 90.80 29.50 77.00 30.10 35.30
20150906001702 1.608 28.40 91.50 29.50 78.40 30.00 35.00
20150906001802 1.600 28.40 92.20 29.50 78.70 30.00 35.20
20150906001902 1.601 28.40 92.60 29.50 77.70 30.00 35.10
20150906002001 4.129 28.50 66.70 29.50 67.70 30.00 35.20
20150906002102 4.129 28.60 63.30 29.50 66.50 30.00 35.30
20150906002201 4.133 28.70 63.30 29.50 66.60 30.00 35.10
20150906002301 4.128 28.70 61.40 29.50 66.40 30.00 35.20
20150906002402 1.602 28.70 61.60 29.50 65.70 30.00 35.50
20150906002502 1.602 28.70 61.80 29.50 65.40 30.00 35.20
20150906002602 1.601 28.70 60.40 29.50 65.00 30.00 35.10
20150906002701 4.129 28.70 59.50 29.50 64.60 30.00 35.20
20150906002802 4.128 28.70 59.70 29.50 64.20 30.00 35.00
20150906002901 4.130 28.70 59.20 29.50 63.50 30.00 35.00
20150906003002 4.128 28.70 59.20 29.50 63.50 30.00 35.00
20150906003102 1.600 28.70 58.70 29.50 63.00 30.00 35.20
20150906003202 1.600 28.70 57.90 29.50 62.70 30.00 35.00
20150906003302 4.133 28.70 57.70 29.50 62.30 30.00 34.90
20150906003401 1.600 28.80 58.70 29.50 61.90 30.00 34.90
20150906003502 1.606 28.70 58.90 29.50 61.80 30.00 34.80
20150906003602 1.600 28.80 59.30 29.50 61.50 30.00 34.90
20150906003702 6.659 28.70 56.50 29.50 61.20 29.90 34.40
20150906003801 1.600 28.70 56.00 29.50 60.90 29.90 34.40
20150906003902 1.600 28.70 57.90 29.50 60.60 29.90 34.30
20150906004002 6.663 28.80 57.40 29.50 60.10 29.90 34.10
20150906004102 1.600 28.80 57.50 29.40 60.10 29.90 34.20
20150906004202 1.601 28.70 55.90 29.50 59.90 29.90 34.30
20150906004301 4.133 28.70 59.30 29.50 59.70 29.90 34.20
20150906004402 1.623 28.70 59.30 29.50 59.60 29.90 34.30
20150906004502 1.600 28.80 57.70 29.50 59.40 29.90 34.30
20150906004601 1.600 28.70 58.30 29.50 59.20 29.90 34.10
20150906004701 1.620 28.70 58.00 29.40 59.10 29.90 34.40
20150906004801 1.601 28.80 57.00 29.50 58.90 29.80 34.10
20150906004901 4.130 28.70 55.70 29.40 58.70 29.80 34.20
20150906005001 4.131 28.70 56.00 29.40 58.20 29.80 34.50
20150906005102 1.599 28.70 54.60 29.40 58.10 29.80 34.50
20150906005202 4.129 28.70 55.60 29.40 57.80 29.90 34.30
20150906005302 1.602 28.70 56.80 29.40 57.80 29.80 34.40
20150906005402 1.601 28.70 54.60 29.40 57.60 29.80 34.20
20150906005502 1.602 28.70 55.30 29.40 57.50 29.80 34.10
20150906005602 1.600 28.70 57.20 29.40 57.50 29.80 34.30
20150906005701 1.618 28.70 55.50 29.40 57.20 29.80 34.20
20150906005802 4.129 28.70 55.00 29.40 57.10 29.80 34.10
20150906005901 4.132 28.70 54.70 29.40 57.00 29.80 34.20
20150906010002 1.600 28.70 56.30 29.40 57.00 29.80 34.20
20150906010101 1.599 28.70 57.60 29.40 56.90 29.80 34.30
20150906010201 1.601 28.70 56.70 29.40 56.70 29.80 34.10
20150906010301 4.128 28.70 56.10 29.40 56.70 29.80 34.20
20150906010402 6.658 28.70 56.30 29.40 56.50 29.80 34.00
20150906010501 1.601 28.70 56.30 29.40 56.50 29.80 34.00
20150906010601 4.128 28.70 54.40 29.40 56.50 29.80 34.00
20150906010702 4.128 28.70 54.10 29.40 56.40 29.80 34.30
20150906010801 1.600 28.70 57.70 29.40 56.40 29.80 34.70
20150906010902 1.605 28.70 55.90 29.40 56.30 29.80 34.60
20150906011001 1.603 28.70 57.40 29.40 56.20 29.80 34.40
20150906011101 1.601 28.70 56.70 29.30 56.20 29.80 34.50
20150906011201 1.600 28.70 56.60 29.30 56.10 29.80 35.00
20150906011301 1.603 28.70 56.90 29.40 56.20 29.80 34.80
20150906011402 6.660 28.70 57.10 29.30 56.00 29.80 34.80
20150906011502 4.130 28.60 56.60 29.30 56.00 29.80 35.00
20150906011601 4.129 28.70 57.40 29.30 55.90 29.80 35.00
20150906011701 6.662 28.70 56.10 29.30 55.90 29.80 34.90
20150906011801 4.129 28.70 56.20 29.30 55.90 29.80 34.80
20150906011902 6.661 28.70 55.20 29.30 55.80 29.80 34.60
20150906012001 1.602 28.70 55.50 29.30 55.80 29.80 34.70
20150906012101 1.600 28.70 56.80 29.30 55.80 29.80 34.60
20150906012201 1.601 28.60 56.90 29.30 55.70 29.80 34.40
20150906012302 4.141 28.60 56.60 29.30 55.70 29.80 34.60
20150906012402 4.128 28.70 56.70 29.30 55.60 29.80 34.50
20150906012501 4.133 28.60 57.10 29.30 55.60 29.80 35.00
20150906012601 1.600 28.60 57.20 29.30 55.60 29.70 34.60
20150906012701 1.605 28.60 56.80 29.30 55.60 29.80 34.70
20150906012802 6.689 28.60 57.00 29.30 55.50 29.80 34.50
20150906012902 1.620 28.60 57.00 29.30 55.50 29.80 34.60
20150906013002 1.601 28.60 57.70 29.30 55.50 29.70 34.50
20150906013101 1.599 28.60 58.50 29.30 55.60 29.80 34.00
20150906013201 1.603 28.60 56.80 29.30 55.30 29.80 33.90
20150906013302 4.129 28.60 57.10 29.30 55.30 29.70 34.20
20150906013401 1.603 28.60 56.90 29.30 55.20 29.70 33.60
20150906013501 1.600 28.60 57.10 29.30 55.20 29.70 33.70
20150906013602 1.601 28.60 58.70 29.30 55.10 29.80 33.70
20150906013702 4.134 28.70 56.90 29.30 55.20 29.70 32.70
20150906013801 4.134 28.70 57.60 29.30 55.00 29.70 32.20
20150906013902 1.601 28.70 56.50 29.30 54.80 29.80 32.10
20150906014002 4.147 28.60 52.10 29.30 54.70 29.80 32.00
20150906014101 1.600 28.70 52.10 29.30 54.60 29.70 31.30
20150906014202 1.603 28.70 56.00 29.30 54.50 29.80 31.30
20150906014302 11.717 28.60 55.80 29.30 54.40 29.70 31.10
20150906014401 4.128 28.60 56.00 29.30 54.40 29.70 31.40
20150906014502 1.600 28.60 56.40 29.30 54.30 29.80 31.40
20150906014602 1.601 28.60 54.00 29.30 54.30 29.80 31.10
20150906014701 1.600 28.60 56.40 29.30 54.10 29.80 31.30
20150906014801 1.620 28.70 56.40 29.30 54.00 29.80 31.40
20150906014901 1.601 28.70 55.70 29.30 54.10 29.80 31.40
20150906015002 4.138 28.70 57.70 29.30 54.30 29.80 31.70
20150906015101 1.602 28.70 57.70 29.30 54.40 29.80 31.60
20150906015201 1.600 28.70 57.60 29.30 54.50 29.80 31.00
20150906015302 1.600 28.70 57.90 29.30 54.50 29.80 31.50
20150906015402 4.129 28.70 57.00 29.30 54.70 29.80 31.20
20150906015501 1.600 28.70 57.30 29.30 54.70 29.80 31.10
20150906015601 1.600 28.70 57.70 29.30 54.80 29.80 30.90
20150906015702 9.188 28.70 58.20 29.30 54.80 29.80 31.10
20150906015801 1.600 28.70 58.40 29.30 54.80 29.80 31.10
20150906015901 4.130 28.70 57.70 29.30 54.70 29.80 31.10
20150906020001 6.660 28.70 57.70 29.30 54.70 29.80 30.90
20150906020101 4.129 28.70 58.30 29.30 54.80 29.80 31.00
20150906020202 9.188 28.70 58.60 29.30 54.60 29.80 31.00
20150906020302 4.128 28.70 58.50 29.30 54.70 29.80 30.90
20150906020401 1.600 28.70 58.60 29.30 54.70 29.80 31.20
20150906020501 1.601 28.70 57.70 29.20 54.60 29.80 31.10
20150906020601 1.602 28.70 58.40 29.30 54.80 29.80 31.10
20150906020702 9.215 28.70 59.00 29.20 54.80 29.80 31.10
20150906020802 1.600 28.70 59.00 29.30 54.80 29.80 31.10
20150906020902 4.131 28.80 58.80 29.20 54.80 29.80 31.30
20150906021002 1.620 28.70 58.90 29.20 54.80 29.80 31.00
20150906021101 4.128 28.70 59.40 29.30 54.80 29.80 31.30
20150906021201 1.601 28.70 59.50 29.20 54.50 29.80 31.60
20150906021301 1.602 28.70 58.90 29.20 54.70 29.80 31.40
20150906021401 1.604 28.70 58.80 29.30 54.50 29.80 31.10
20150906021501 4.133 28.80 59.00 29.30 54.40 29.80 31.30
20150906021601 4.129 28.80 59.10 29.30 54.20 29.80 31.30
20150906021702 1.600 28.80 59.10 29.30 54.30 29.80 31.00
20150906021802 4.129 28.70 59.20 29.30 54.50 29.80 31.40
20150906021902 1.630 28.70 59.20 29.30 54.60 29.80 31.10
20150906022002 9.185 28.80 58.70 29.20 54.50 29.80 31.50
20150906022101 4.129 28.80 59.40 29.20 54.50 29.90 31.50
20150906022201 1.600 28.70 59.30 29.30 54.50 29.80 31.50
20150906022301 6.656 28.80 59.30 29.30 54.40 29.90 31.40
20150906022401 4.131 28.80 59.50 29.20 54.40 29.80 31.30
20150906022501 4.129 28.80 59.10 29.30 54.50 29.80 31.30
20150906022602 4.128 28.70 59.00 29.30 54.40 29.90 31.50
20150906022701 4.128 28.70 58.60 29.20 54.20 29.80 31.60
20150906022802 4.133 28.70 59.60 29.30 54.20 29.90 31.40
20150906022902 4.129 28.70 59.00 29.30 53.90 29.80 31.60
20150906023001 1.600 28.70 58.90 29.20 53.80 29.90 31.20
20150906023101 4.132 28.70 59.20 29.20 53.80 29.80 31.60
20150906023201 9.188 28.70 57.50 29.30 53.80 29.80 31.60
20150906023302 4.128 28.70 58.40 29.30 53.70 29.80 31.30
20150906023401 1.601 28.70 58.40 29.20 53.80 29.80 31.40
20150906023501 9.185 28.70 58.90 29.20 53.60 29.80 31.60
20150906023601 9.189 28.70 58.60 29.20 53.50 29.80 31.60
20150906023702 1.600 28.70 59.20 29.20 53.50 29.80 31.60
20150906023801 4.132 28.70 58.50 29.20 53.40 29.80 31.70
20150906023902 4.129 28.70 58.80 29.20 53.30 29.80 31.50
20150906024002 4.128 28.70 58.50 29.20 53.30 29.80 31.20
20150906024101 1.603 28.80 59.10 29.30 53.20 29.80 31.60
20150906024201 4.130 28.70 59.30 29.20 53.20 29.80 31.30
20150906024301 4.129 28.80 59.30 29.20 53.30 29.80 31.60
20150906024402 9.186 28.70 59.30 29.20 53.20 29.80 31.30
20150906024502 1.600 28.80 59.10 29.20 53.20 29.80 31.30
20150906024602 1.602 28.80 58.10 29.20 53.10 29.80 31.40
20150906024702 4.129 28.70 56.50 29.20 53.10 29.80 31.30
20150906024801 4.134 28.70 56.50 29.20 53.10 29.80 31.50
20150906024901 4.136 28.70 55.50 29.20 52.90 29.80 31.60
20150906025002 1.602 28.70 56.40 29.20 52.90 29.80 31.60
20150906025101 4.152 28.70 56.50 29.20 52.90 29.80 31.80
20150906025201 1.600 28.70 56.50 29.20 52.90 29.80 31.90
20150906025301 1.600 28.70 56.70 29.20 52.80 29.80 31.90
20150906025401 9.192 28.70 56.80 29.20 52.70 29.80 31.50
20150906025501 1.602 28.70 56.70 29.20 52.70 29.80 31.50
20150906025601 4.129 28.70 56.80 29.20 52.50 29.80 31.50
20150906025702 1.600 28.70 56.60 29.20 52.50 29.80 31.80
20150906025801 1.603 28.70 55.70 29.20 52.50 29.80 31.50
20150906025901 1.600 28.70 56.50 29.20 52.50 29.80 31.60
20150906030001 1.600 28.70 55.40 29.20 52.40 29.80 31.30
20150906030101 4.133 28.70 57.20 29.20 52.40 29.80 31.60
20150906030202 9.186 28.70 64.60 29.20 58.60 29.80 31.50
20150906030302 1.601 28.70 65.20 29.20 59.60 29.80 31.50
20150906030402 1.600 28.50 70.20 29.10 63.70 29.80 31.50
20150906030502 4.130 28.30 82.00 29.10 68.30 29.80 31.70
20150906030601 1.600 28.30 82.40 29.10 73.10 29.80 31.60
20150906030702 1.604 28.30 85.80 29.10 76.70 29.80 31.70
20150906030802 6.659 28.20 89.90 29.10 80.70 29.80 31.40
20150906030902 4.129 28.20 90.00 29.00 81.70 29.80 31.40
20150906031001 4.131 28.20 91.30 29.00 81.80 29.80 31.30
20150906031102 1.600 28.30 91.80 29.00 83.30 29.80 31.30
20150906031202 1.600 28.30 93.30 29.00 83.00 29.70 31.50
20150906031302 1.600 28.30 94.00 28.90 83.70 29.80 31.70
20150906031401 6.657 28.30 94.90 28.90 83.90 29.80 31.40
20150906031501 4.129 28.30 95.10 28.90 84.40 29.80 31.60
20150906031602 1.600 28.30 96.60 28.90 84.60 29.80 31.60
20150906031701 4.132 28.20 97.30 28.90 86.30 29.80 31.60
20150906031802 4.129 28.30 98.60 28.90 84.80 29.80 31.60
20150906031901 1.600 28.20 98.30 28.90 84.10 29.80 31.80
20150906032001 4.132 28.30 79.90 28.90 78.10 29.80 31.90
20150906032101 1.602 28.40 75.40 28.90 72.20 29.80 31.90
20150906032201 4.133 28.40 72.60 28.90 70.70 29.80 31.70
20150906032302 1.601 28.40 70.60 29.00 70.60 29.80 31.70
20150906032401 1.603 28.50 69.30 29.00 69.20 29.80 31.90
20150906032501 1.600 28.40 69.50 29.00 68.00 29.80 31.90
20150906032601 4.134 28.50 67.00 28.90 66.40 29.80 32.00
20150906032702 1.602 28.50 67.00 29.00 66.30 29.80 32.00
20150906032801 1.600 28.50 68.00 28.90 65.00 29.70 31.80
20150906032901 1.600 28.50 67.70 28.90 64.50 29.80 31.90
20150906033001 1.601 28.50 66.90 29.00 64.70 29.80 31.90
20150906033102 1.603 28.50 64.60 29.00 64.20 29.80 32.10
20150906033202 1.603 28.50 67.10 28.90 63.10 29.80 32.00
20150906033302 1.600 28.50 64.20 29.00 63.40 29.80 32.20
20150906033402 11.714 28.50 65.50 28.90 62.30 29.70 32.00
20150906033501 9.193 28.50 65.00 29.00 63.00 29.70 32.00
20150906033602 1.601 28.50 65.10 28.90 61.80 29.70 32.00
20150906033701 1.600 28.50 64.50 29.00 62.30 29.80 32.10
20150906033801 6.657 28.50 64.10 28.90 61.60 29.70 32.00
20150906033902 6.661 28.50 61.10 28.90 61.30 29.70 32.10
20150906034002 1.601 28.50 61.20 28.90 61.30 29.70 32.60
20150906034101 4.149 28.50 64.10 29.00 61.80 29.70 32.30
20150906034202 1.602 28.50 64.10 29.00 61.70 29.70 32.20
20150906034301 4.132 28.50 64.00 28.90 60.30 29.70 32.20
20150906034401 1.600 28.50 65.20 28.90 60.30 29.70 32.20
20150906034501 1.601 28.50 65.10 29.00 60.80 29.70 32.20
20150906034601 4.129 28.60 64.10 28.90 59.70 29.70 32.30
20150906034702 9.188 28.50 64.00 28.90 58.30 29.70 32.30
20150906034802 4.133 28.60 64.80 29.00 58.90 29.70 32.30
20150906034901 1.601 28.50 64.90 29.00 58.90 29.70 32.30
20150906035001 4.130 28.60 65.00 29.00 58.40 29.70 32.50
20150906035101 4.159 28.60 64.70 29.00 58.40 29.70 32.20
20150906035201 1.602 28.50 64.80 29.00 58.30 29.70 32.30
20150906035301 6.662 28.60 64.90 29.00 58.10 29.70 32.60
20150906035401 4.150 28.60 64.60 29.00 58.00 29.70 32.60
20150906035501 1.600 28.50 64.60 29.00 58.00 29.70 32.40
20150906035601 6.662 28.50 64.30 29.00 57.80 29.70 32.60
20150906035701 6.660 28.60 64.80 29.00 57.80 29.70 32.50
20150906035802 1.601 28.60 65.10 29.00 57.80 29.70 32.50
20150906035902 1.601 28.50 65.10 29.00 57.70 29.70 32.50
20150906040002 1.629 28.50 65.20 29.00 57.50 29.70 32.60
20150906040102 6.696 28.60 65.70 29.00 57.40 29.70 32.50
20150906040202 1.629 28.60 65.30 29.00 57.40 29.70 32.60
20150906040302 1.621 28.60 64.70 29.00 57.30 29.70 32.60
20150906040402 1.624 28.60 65.60 29.00 57.30 29.70 32.60
20150906040502 1.621 28.50 65.70 28.90 56.70 29.70 32.90
20150906040602 1.621 28.60 64.60 28.90 56.60 29.80 32.90
20150906040702 1.635 28.60 64.60 28.90 56.50 29.80 32.80
20150906040802 6.663 28.60 64.50 29.00 57.00 29.80 32.80
20150906040902 1.620 28.50 64.50 28.90 56.50 29.80 33.30
20150906041002 1.611 28.50 64.50 29.00 57.00 29.80 32.90
20150906041101 1.600 28.60 65.10 29.00 56.90 29.70 33.00
20150906041201 1.600 28.60 64.70 28.90 56.30 29.70 33.00
20150906041301 4.130 28.60 64.30 29.00 56.80 29.70 33.00
20150906041402 1.601 28.60 65.20 28.90 56.20 29.70 33.00
20150906041501 4.129 28.50 63.10 29.00 56.70 29.70 33.00
20150906041602 4.131 28.50 63.40 29.00 56.70 29.70 33.50
20150906041701 1.601 28.50 63.50 28.90 56.10 29.70 33.20
20150906041802 1.601 28.50 63.60 29.00 56.60 29.70 33.20
20150906041902 1.601 28.50 63.50 28.90 55.70 29.70 33.10
20150906042002 1.601 28.50 63.10 29.00 56.20 29.70 33.20
20150906042102 4.128 28.50 63.40 28.90 55.70 29.70 33.30
20150906042202 6.657 28.50 63.40 28.90 55.60 29.70 33.70
20150906042302 6.659 28.50 62.90 29.00 56.20 29.70 33.60
20150906042402 1.612 28.50 62.60 29.00 56.20 29.70 33.60
20150906042501 1.600 28.50 62.40 28.90 55.70 29.60 33.70
20150906042601 1.601 28.50 62.70 29.00 56.30 29.70 33.70
20150906042701 6.660 28.50 62.70 28.90 55.40 29.60 33.70
20150906042802 1.601 28.50 62.70 28.90 55.40 29.70 33.80
20150906042902 1.631 28.50 62.40 28.90 55.40 29.70 33.90
20150906043002 1.600 28.50 62.60 28.90 55.30 29.70 34.10
20150906043102 1.600 28.50 63.40 28.90 55.20 29.70 34.20
20150906043201 1.601 28.50 63.10 28.90 55.20 29.70 34.30
20150906043301 4.131 28.50 62.50 28.90 55.10 29.60 34.50
20150906043401 1.600 28.50 62.00 28.90 55.10 29.60 34.50
20150906043501 4.128 28.50 63.60 28.90 55.00 29.60 34.60
20150906043601 1.600 28.50 63.60 28.90 55.00 29.60 34.80
20150906043701 4.130 28.50 63.30 28.90 55.00 29.60 35.00
20150906043802 4.132 28.50 62.80 28.90 54.90 29.60 34.90
20150906043902 4.129 28.50 62.90 28.90 54.90 29.60 35.00
20150906044001 1.600 28.50 62.70 28.90 54.90 29.60 35.60
20150906044102 1.600 28.50 62.70 28.90 54.90 29.60 35.10
20150906044202 1.600 28.50 62.80 28.90 54.80 29.60 35.20
20150906044302 4.128 28.50 62.40 28.90 54.70 29.60 35.30
20150906044401 1.600 28.50 62.30 28.90 54.50 29.60 35.40
20150906044502 6.657 28.50 62.20 28.90 54.20 29.60 35.40
20150906044602 1.620 28.50 62.00 28.90 54.20 29.60 35.40
20150906044701 6.659 28.50 62.30 28.90 54.40 29.60 35.60
20150906044801 1.600 28.50 62.60 28.90 54.40 29.60 35.60
20150906044901 1.600 28.50 62.70 28.90 54.40 29.60 35.60
20150906045002 4.132 28.50 62.70 28.90 53.90 29.60 35.60
20150906045101 1.600 28.50 62.70 28.90 53.90 29.60 35.90
20150906045201 4.128 28.50 62.30 28.90 54.90 29.60 35.90
20150906045302 4.129 28.40 62.40 28.90 55.90 29.60 35.90
20150906045402 1.600 28.40 62.70 28.80 55.90 29.60 35.90
20150906045502 4.132 28.40 62.90 28.90 56.00 29.60 35.90
20150906045601 4.128 28.40 62.70 28.90 56.10 29.60 36.00
20150906045701 9.191 28.50 62.80 28.80 56.00 29.50 36.10
20150906045802 1.602 28.50 62.90 28.90 56.00 29.60 36.10
20150906045902 4.129 28.40 62.70 28.90 56.00 29.50 36.60
20150906050001 1.601 28.40 62.80 28.90 55.90 29.50 36.60
20150906050102 4.129 28.50 62.20 28.80 55.90 29.50 36.90
20150906050201 1.600 28.40 62.20 28.90 55.80 29.50 36.80
20150906050301 6.658 28.40 62.20 28.80 55.80 29.50 36.50
20150906050402 1.602 28.40 62.20 28.80 55.80 29.50 36.50
20150906050502 6.660 28.40 62.40 28.90 55.70 29.50 36.60
20150906050601 4.134 28.40 62.40 28.80 55.70 29.50 36.60
20150906050702 1.601 28.40 62.40 28.80 55.50 29.40 36.60
20150906050802 1.600 28.40 62.50 28.80 55.50 29.50 36.60
20150906050902 4.132 28.40 62.40 28.80 55.50 29.40 36.70
20150906051001 1.600 28.40 62.40 28.80 56.00 29.50 36.70
20150906051101 1.600 28.40 62.50 28.80 55.70 29.50 36.70
20150906051202 1.600 28.40 62.20 28.80 55.40 29.50 36.70
20150906051302 1.600 28.40 62.20 28.80 55.30 29.40 36.70
20150906051402 4.130 28.40 62.20 28.80 55.20 29.50 36.70
20150906051501 1.599 28.40 62.00 28.80 55.10 29.50 36.70
20150906051602 1.602 28.40 61.80 28.80 55.00 29.50 36.80
20150906051702 4.131 28.40 61.90 28.80 54.90 29.50 36.80
20150906051802 1.602 28.40 61.70 28.80 54.80 29.40 36.80
20150906051902 6.657 28.40 62.00 28.80 54.70 29.40 36.80
20150906052002 1.600 28.30 61.90 28.80 54.70 29.40 36.90
20150906052101 1.629 28.40 62.00 28.80 54.70 29.40 36.90
20150906052201 1.600 28.40 62.00 28.80 54.60 29.40 36.90
20150906052302 4.128 28.40 62.10 28.80 54.60 29.40 36.90
20150906052401 1.600 28.40 62.00 28.70 54.70 29.40 36.90
20150906052501 1.600 28.40 61.90 28.70 54.00 29.40 36.90
20150906052601 1.603 28.40 61.80 28.70 52.90 29.40 36.90
20150906052702 4.128 28.30 62.00 28.70 54.00 29.40 36.90
20150906052801 1.601 28.30 62.00 28.70 53.60 29.40 36.90
20150906052901 9.194 28.30 62.00 28.70 53.60 29.40 37.10
20150906053001 4.129 28.30 62.20 28.70 54.10 29.40 37.10
20150906053102 4.130 28.30 62.00 28.70 54.10 29.40 37.00
20150906053201 6.660 28.30 62.00 28.70 53.80 29.40 37.10
20150906053301 4.129 28.30 61.70 28.70 53.80 29.40 37.10
20150906053401 4.134 28.30 61.90 28.70 53.70 29.40 37.10
20150906053502 1.600 28.30 61.90 28.70 53.70 29.40 37.00
20150906053602 1.601 28.30 62.00 28.70 53.80 29.40 37.20
20150906053701 1.600 28.30 61.80 28.70 53.60 29.40 37.20
20150906053801 1.601 28.30 62.10 28.70 53.20 29.40 37.40
20150906053902 1.601 28.30 62.10 28.70 53.60 29.40 37.30
20150906054002 1.600 28.30 61.90 28.70 53.70 29.40 37.20
20150906054102 4.130 28.30 62.20 28.70 53.70 29.40 37.30
20150906054201 4.128 28.30 62.20 28.70 53.60 29.40 37.30
20150906054301 4.129 28.30 62.20 28.70 53.60 29.40 37.30
20150906054402 6.658 28.30 62.20 28.70 53.60 29.40 37.30
20150906054502 6.663 28.30 62.20 28.70 53.50 29.40 37.40
20150906054601 1.602 28.30 62.30 28.70 53.50 29.40 37.40
20150906054701 4.137 28.30 62.10 28.70 53.20 29.30 37.40
20150906054802 1.600 28.20 62.00 28.70 53.20 29.40 37.50
20150906054902 1.601 28.20 62.10 28.70 53.00 29.30 37.50
20150906055001 1.601 28.20 62.00 28.70 53.40 29.40 37.50
20150906055101 9.186 28.20 62.20 28.70 53.40 29.30 37.60
20150906055201 1.632 28.20 62.20 28.70 53.40 29.30 37.70
20150906055301 4.159 28.20 62.10 28.70 53.20 29.40 37.60
20150906055401 4.130 28.20 62.20 28.70 53.30 29.30 37.60
20150906055502 4.130 28.20 62.20 28.70 53.30 29.30 37.70
20150906055601 1.600 28.20 62.20 28.70 53.30 29.30 37.60
20150906055702 4.149 28.20 62.10 28.70 52.70 29.30 37.70
20150906055801 6.657 28.20 62.30 28.70 53.40 29.30 37.70
20150906055902 1.601 28.20 62.30 28.70 53.50 29.30 37.70
20150906060002 4.129 28.20 62.20 28.60 53.50 29.30 37.70
20150906060101 1.600 28.20 62.20 28.70 53.40 29.30 37.70
20150906060202 1.600 28.20 62.20 28.60 53.40 29.30 37.80
20150906060302 1.600 28.20 66.90 28.60 60.20 29.30 37.80
20150906060402 1.600 28.10 75.90 28.60 65.70 29.30 37.80
20150906060502 1.602 27.90 82.40 28.60 71.30 29.30 37.90
20150906060601 6.660 27.80 88.90 28.50 76.40 29.30 37.90
20150906060701 1.600 27.80 89.10 28.50 76.30 29.30 37.90
20150906060801 4.132 27.70 92.40 28.50 79.30 29.30 37.90
20150906060902 1.600 27.70 92.40 28.50 81.20 29.30 38.00
20150906061001 1.600 27.70 90.10 28.40 79.50 29.30 38.00
20150906061102 1.600 27.90 75.30 28.50 74.50 29.30 38.00
20150906061202 6.661 28.00 72.10 28.50 62.30 29.30 38.00
20150906061302 4.129 28.00 68.10 28.50 62.30 29.30 38.00
20150906061402 1.600 28.00 68.00 28.50 63.40 29.30 38.10
20150906061502 4.129 28.00 66.90 28.50 61.70 29.30 38.50
20150906061601 4.128 28.00 66.20 28.50 60.30 29.30 38.40
20150906061702 6.658 28.00 65.50 28.50 59.60 29.20 38.30
20150906061801 1.600 28.00 64.90 28.50 59.50 29.30 38.20
20150906061901 1.600 28.00 65.30 28.50 59.00 29.20 38.60
20150906062001 4.132 28.10 64.10 28.50 58.60 29.20 38.40
20150906062101 1.599 28.00 64.10 28.50 58.20 29.20 38.50
20150906062201 1.602 28.00 63.20 28.50 57.90 29.20 38.60
20150906062301 1.600 28.00 64.00 28.50 57.70 29.20 38.40
20150906062401 4.129 28.00 63.50 28.50 57.50 29.20 38.50
20150906062501 1.607 28.00 63.70 28.50 57.40 29.20 38.60
20150906062602 1.630 28.10 64.00 28.50 57.20 29.20 38.40
20150906062702 4.132 28.00 63.30 28.50 57.10 29.20 38.40
20150906062802 1.600 28.00 63.10 28.50 57.00 29.20 38.50
20150906062902 1.602 28.00 62.90 28.50 56.90 29.20 38.50
20150906063001 1.605 28.00 62.80 28.50 56.70 29.20 38.50
20150906063101 4.132 28.00 63.30 28.50 56.60 29.20 38.50
20150906063202 4.128 28.00 62.10 28.50 56.50 29.20 38.90
20150906063302 4.129 28.00 62.30 28.50 56.30 29.20 38.80
20150906063401 4.131 28.00 62.60 28.40 56.30 29.20 38.80
20150906063502 1.600 28.00 62.60 28.50 56.20 29.20 38.60
20150906063601 4.129 28.00 62.50 28.50 56.10 29.20 38.70
20150906063702 4.129 28.00 62.50 28.50 55.90 29.20 38.90
20150906063802 9.186 28.00 62.90 28.50 55.90 29.20 38.70
20150906063902 1.600 28.00 62.90 28.50 55.80 29.10 38.90
20150906064002 1.600 28.00 62.80 28.50 55.70 29.10 38.80
20150906064102 1.600 28.00 63.10 28.40 55.70 29.10 38.70
20150906064201 4.129 28.00 62.30 28.40 55.50 29.10 38.90
20150906064302 4.129 28.00 62.30 28.40 55.40 29.10 39.00
20150906064401 4.129 28.00 62.80 28.40 55.40 29.10 38.90
20150906064501 4.134 28.00 63.10 28.50 55.30 29.10 38.80
20150906064602 1.600 28.00 63.10 28.40 55.20 29.10 38.90
20150906064702 4.146 28.00 62.30 28.50 55.00 29.10 39.00
20150906064802 4.133 28.00 62.50 28.40 55.00 29.10 39.10
20150906064901 1.600 28.00 62.40 28.40 54.90 29.10 39.10
20150906065001 1.600 28.00 62.20 28.50 54.80 29.10 39.20
20150906065101 4.128 28.00 62.40 28.50 54.70 29.10 39.10
20150906065201 4.128 28.00 62.20 28.40 54.60 29.10 39.10
20150906065302 1.600 28.00 62.30 28.40 54.50 29.10 39.10
20150906065402 6.657 28.00 62.40 28.40 54.40 29.10 39.30
20150906065501 1.600 28.00 62.20 28.40 54.40 29.10 39.20
20150906065601 6.657 28.00 62.10 28.40 54.40 29.10 39.40
20150906065701 1.601 28.00 62.10 28.40 54.30 29.10 39.40
20150906065801 1.600 28.00 62.00 28.40 54.20 29.10 39.50
20150906065902 1.600 28.00 61.50 28.40 54.20 29.10 39.50
20150906070002 1.600 28.00 61.70 28.40 54.20 29.10 39.50
20150906070102 1.600 28.00 61.50 28.40 54.10 29.10 39.70
20150906070202 1.600 27.90 60.20 28.40 54.10 29.00 39.80
20150906070301 4.129 28.00 61.90 28.40 54.10 29.00 39.60
20150906070402 1.600 27.90 61.30 28.40 54.00 29.00 39.80
20150906070502 1.601 27.90 61.10 28.40 54.00 29.00 39.70
20150906070602 4.151 27.90 61.40 28.40 54.00 29.00 39.70
20150906070702 4.131 28.00 61.80 28.40 54.00 29.00 39.80
20150906070801 1.601 28.00 61.70 28.40 53.90 29.00 39.80
20150906070902 1.600 27.90 61.40 28.40 53.90 29.00 39.70
20150906071002 1.601 27.90 61.10 28.40 53.90 29.00 39.70
20150906071102 1.601 27.90 61.10 28.40 53.80 29.00 39.70
20150906071201 4.129 27.90 60.90 28.40 53.70 29.00 39.80
20150906071302 6.660 27.90 61.00 28.30 53.70 29.00 39.90
20150906071401 6.660 27.90 60.30 28.40 53.70 29.00 39.90
20150906071501 1.601 27.90 60.70 28.30 53.70 29.00 39.90
20150906071601 4.130 27.90 60.60 28.40 53.60 29.00 39.90
20150906071701 4.129 27.90 60.60 28.40 53.50 29.00 39.90
20150906071802 4.131 27.90 60.90 28.30 53.50 29.00 39.90
20150906071901 1.601 27.90 60.90 28.30 53.50 29.00 39.90
20150906072002 4.157 27.90 60.40 28.40 53.50 29.00 39.80
20150906072101 1.602 27.90 60.70 28.40 53.50 29.00 39.80
20150906072202 6.657 27.80 61.00 28.30 53.40 29.00 40.20
20150906072302 1.605 27.80 60.50 28.40 53.40 29.00 40.10
20150906072402 6.669 27.80 60.60 28.30 53.30 29.00 40.00
20150906072501 4.132 27.80 60.60 28.30 53.30 29.00 40.10
20150906072602 4.128 27.80 60.90 28.30 53.30 29.00 40.20
20150906072701 1.600 27.80 60.80 28.30 53.30 28.90 39.60
20150906072802 1.600 27.90 60.60 28.30 53.20 28.90 39.70
20150906072902 1.606 27.80 60.50 28.30 53.20 28.90 39.70
20150906073002 4.129 27.90 60.40 28.30 53.20 28.90 39.80
20150906073102 4.132 27.80 60.90 28.30 53.10 28.90 39.90
20150906073201 6.660 27.80 60.30 28.30 53.00 29.00 40.30
20150906073301 4.128 27.80 60.40 28.30 53.00 28.90 39.80
20150906073401 1.600 27.80 60.60 28.30 53.00 28.90 39.80
20150906073501 1.601 27.80 60.20 28.30 53.00 28.90 39.90
20150906073601 4.129 27.80 60.80 28.30 53.00 28.90 39.90
20150906073701 4.129 27.80 60.60 28.30 53.00 28.90 39.80
20150906073802 6.658 27.80 60.70 28.30 52.90 28.90 39.70
20150906073902 1.604 27.80 60.70 28.30 52.90 28.90 39.60
20150906074001 1.600 27.80 60.70 28.30 52.90 28.90 39.70
20150906074101 6.663 27.80 60.70 28.30 52.90 28.90 39.60
20150906074202 4.129 27.80 60.90 28.30 52.90 28.90 39.60
20150906074301 4.129 27.80 60.70 28.30 52.90 28.90 40.00
20150906074402 6.660 27.80 61.60 28.20 52.90 28.90 39.90
20150906074501 4.129 27.80 61.40 28.30 52.90 28.90 40.10
20150906074602 4.132 27.80 61.30 28.30 52.90 28.90 40.00
20150906074701 1.600 27.80 61.30 28.20 52.80 28.90 39.70
20150906074802 1.601 27.80 61.30 28.20 52.80 28.90 39.70
20150906074902 4.130 27.80 61.10 28.30 52.80 28.90 39.60
20150906075001 1.600 27.80 61.20 28.20 52.80 29.00 40.10
20150906075101 1.602 27.80 61.70 28.30 52.80 28.90 39.80
20150906075202 1.600 27.80 61.60 28.30 52.60 28.90 39.70
20150906075302 1.602 27.80 61.50 28.30 52.50 28.90 39.60
20150906075402 1.600 27.80 61.40 28.30 52.40 28.90 39.60
20150906075502 1.601 27.80 61.20 28.30 52.40 28.80 39.70
20150906075601 4.128 27.80 60.40 28.30 52.30 28.80 39.80
20150906075702 1.602 27.80 60.40 28.30 52.30 28.80 39.90
20150906075802 1.600 27.80 60.90 28.20 52.30 28.80 39.80
20150906075902 1.603 27.80 60.70 28.20 52.20 28.80 39.90
20150906080001 1.601 27.80 60.70 28.20 52.20 28.80 39.80
20150906080101 1.626 27.80 60.70 28.20 52.20 28.80 39.80
20150906080202 9.206 27.80 60.90 28.20 52.20 28.90 39.80
20150906080301 4.131 27.80 60.90 28.20 52.20 28.80 39.80
20150906080402 4.144 27.80 60.90 28.20 52.20 28.80 39.80
20150906080502 9.191 27.80 60.70 28.20 52.10 28.80 39.90
20150906080601 6.658 27.80 60.70 28.20 52.10 28.80 40.00
20150906080701 1.600 27.80 60.70 28.20 52.10 28.80 39.80
20150906080802 4.129 27.80 60.70 28.20 52.10 28.80 39.90
20150906080902 4.132 27.80 60.70 28.20 52.10 28.80 39.90
20150906081001 6.657 27.80 60.40 28.20 52.00 28.80 39.90
20150906081102 1.600 27.80 60.80 28.20 52.00 28.80 39.80
20150906081202 4.130 27.80 60.50 28.20 52.00 28.80 39.80
20150906081302 1.619 27.80 60.60 28.20 51.90 28.80 39.90
20150906081402 1.600 27.80 61.80 28.20 52.00 28.80 39.90
20150906081502 1.600 27.80 61.30 28.20 52.00 28.80 40.20
20150906081601 6.657 27.80 61.00 28.20 51.60 28.70 40.40
20150906081701 1.600 27.80 61.10 28.20 51.50 28.70 40.50
20150906081801 6.660 27.80 61.70 28.20 52.00 28.70 40.80
20150906081902 1.600 27.80 61.70 28.20 52.10 28.70 40.20
20150906082002 6.657 27.80 61.40 28.20 52.00 28.70 40.70
20150906082102 9.191 27.80 61.60 28.20 52.00 28.70 40.70
20150906082202 1.600 27.80 61.60 28.20 52.00 28.70 40.60
20150906082302 1.600 27.80 62.10 28.20 51.90 28.80 40.30
20150906082402 1.600 27.80 62.30 28.20 51.90 28.80 40.30
20150906082502 4.130 27.80 62.10 28.20 51.90 28.70 41.10
20150906082602 4.132 27.80 62.30 28.20 51.90 28.70 40.70
20150906082701 1.605 27.80 62.30 28.20 51.90 28.70 40.40
20150906082801 1.600 27.80 62.00 28.10 51.90 28.70 40.30
20150906082901 1.603 27.80 63.20 28.20 52.00 28.70 40.30
20150906083002 4.129 27.80 63.10 28.20 51.80 28.70 40.30
20150906083101 1.600 27.80 62.30 28.20 51.80 28.80 40.50
20150906083201 4.131 27.80 62.80 28.20 51.90 28.80 40.40
20150906083301 1.601 27.80 62.60 28.20 51.80 28.80 40.30
20150906083401 1.600 27.80 62.90 28.20 51.80 28.70 40.90
20150906083501 1.601 27.80 60.80 28.10 51.80 28.70 40.80
20150906083601 1.601 27.80 62.50 28.10 51.80 28.70 41.40
20150906083702 1.620 27.80 63.30 28.10 51.90 28.70 41.10
20150906083802 1.620 27.80 62.80 28.10 51.90 28.70 41.90
20150906083901 4.133 27.80 61.70 28.20 51.80 28.70 40.80
20150906084001 1.600 27.80 61.80 28.20 51.80 28.70 41.00
20150906084101 6.662 27.80 62.20 28.10 51.70 28.70 40.60
20150906084201 1.600 27.80 62.00 28.10 51.70 28.70 40.20
20150906084302 1.602 27.80 61.70 28.10 51.70 28.70 41.20
20150906084402 4.131 27.80 63.10 28.10 51.10 28.80 41.20
20150906084502 4.129 27.80 61.80 28.10 51.10 28.80 41.50
20150906084601 9.188 27.80 61.80 28.10 51.50 28.80 40.30
20150906084701 1.600 27.80 61.80 28.10 51.50 28.80 40.70
20150906084801 1.601 27.80 60.70 28.10 51.60 28.80 40.00
20150906084901 9.191 27.80 62.30 28.10 51.70 28.80 40.50
20150906085001 6.656 27.80 62.00 28.10 51.70 28.80 40.40
20150906085101 6.660 27.80 62.20 28.10 51.60 28.80 40.30
20150906085202 1.600 27.80 62.10 28.10 51.60 28.80 40.30
20150906085302 1.602 27.80 61.70 28.10 51.60 28.70 40.50
20150906085402 1.602 27.80 62.20 28.10 51.60 28.70 40.80
20150906085502 1.600 27.80 62.60 28.10 51.60 28.70 40.40
20150906085601 1.601 27.80 62.20 28.10 51.50 28.70 40.60
20150906085701 1.602 27.80 62.30 28.10 51.40 28.70 40.60
20150906085801 1.600 27.80 63.00 28.10 51.40 28.70 40.70
20150906085901 1.601 27.80 62.70 28.10 51.40 28.70 40.80
20150906090001 4.130 27.80 62.70 28.10 51.40 28.70 40.80
20150906090101 4.132 27.80 62.60 28.10 51.40 28.70 40.80
20150906090202 1.603 27.80 63.30 28.10 51.40 28.70 40.60
20150906090302 1.600 27.80 64.50 28.10 55.80 28.70 41.00
20150906090401 1.600 27.60 74.30 28.00 65.90 28.70 41.10
20150906090501 4.133 27.40 85.10 28.00 71.30 28.70 40.80
20150906090602 1.600 27.40 85.10 28.00 75.10 28.80 41.20
20150906090702 1.601 27.40 87.20 28.00 77.00 28.70 41.50
20150906090801 6.659 27.40 91.90 28.00 79.80 28.80 41.90
20150906090902 1.620 27.40 92.30 28.00 81.40 28.80 41.60
20150906091002 1.600 27.40 94.20 28.00 82.70 28.80 41.70
20150906091102 1.600 27.40 95.70 27.90 82.90 28.90 41.50
20150906091202 4.131 27.40 98.10 28.00 84.30 28.90 41.90
20150906091302 1.601 27.40 98.30 28.00 86.50 28.90 43.10
20150906091402 6.660 27.40 99.90 27.90 87.40 29.00 42.10
20150906091502 6.657 27.40 99.90 27.90 88.20 28.90 41.50
20150906091601 1.600 27.30 98.00 28.00 88.90 29.00 42.50
20150906091701 1.604 27.40 99.90 27.90 89.20 29.00 42.20
20150906091801 4.129 27.40 99.90 27.90 88.90 29.10 41.80
20150906091901 1.600 27.40 99.90 27.90 88.50 29.10 41.20
20150906092001 6.660 27.50 81.80 27.90 77.00 29.10 41.20
20150906092101 4.130 27.50 81.60 28.00 75.30 29.20 41.40
20150906092202 9.188 27.60 73.30 28.00 73.20 29.20 41.30
20150906092302 4.132 27.60 73.70 28.00 71.70 29.30 40.80
20150906092401 1.603 27.60 75.00 28.00 70.60 29.30 40.70
20150906092502 1.600 27.60 76.00 28.00 68.80 29.30 40.40
20150906092602 9.193 27.60 74.30 28.00 66.80 29.30 41.00
20150906092701 4.134 27.70 73.20 28.00 66.80 29.30 41.00
20150906092802 1.601 27.70 73.30 28.00 65.80 29.20 40.90
20150906092901 1.621 27.70 72.70 28.10 65.20 29.20 41.00
20150906093001 1.601 27.70 73.30 28.10 64.50 29.30 41.30
20150906093102 6.657 27.70 72.90 28.10 63.90 29.30 41.20
20150906093202 4.151 27.70 72.10 28.10 63.50 29.30 41.40
20150906093302 1.620 27.70 72.10 28.10 63.20 29.30 42.30
20150906093402 4.131 27.70 72.60 28.00 62.90 29.30 42.10
20150906093502 1.601 27.70 72.70 28.10 62.40 29.30 42.40
20150906093602 4.149 27.80 73.60 28.10 62.00 29.30 41.60
20150906093701 1.600 27.70 72.80 28.10 61.80 29.30 41.60
20150906093802 9.189 27.80 72.00 28.10 61.60 29.30 41.10
20150906093902 1.603 27.80 71.50 28.10 61.60 29.30 41.20
20150906094001 4.128 27.80 70.80 28.10 61.40 29.30 41.40
20150906094101 9.190 27.80 70.60 28.10 61.10 29.30 43.10
20150906094201 1.601 27.80 72.20 28.10 61.10 29.30 42.40
20150906094301 1.600 27.80 72.30 28.10 61.00 29.40 41.80
20150906094401 1.600 27.80 72.10 28.10 60.80 29.40 41.80
20150906094501 1.602 27.80 72.70 28.10 60.70 29.40 41.40
20150906094601 4.132 27.80 72.70 28.10 60.40 29.40 41.40
20150906094701 1.600 27.80 72.70 28.10 60.40 29.50 41.20
20150906094801 1.600 27.80 72.70 28.20 60.30 29.50 41.00
20150906094901 4.135 27.90 72.60 28.20 60.20 29.50 41.00
20150906095001 4.129 27.90 72.70 28.20 60.10 29.50 40.90
20150906095102 1.602 27.90 72.70 28.20 59.90 29.60 40.70
20150906095202 4.130 27.90 73.00 28.20 59.70 29.60 40.60
20150906095301 1.600 27.90 72.90 28.20 59.50 29.60 40.50
20150906095402 4.129 28.00 73.50 28.20 59.80 29.60 40.50
20150906095501 1.602 27.90 72.90 28.20 59.80 29.60 40.40
20150906095601 4.129 27.90 73.00 28.20 60.00 29.60 40.30
20150906095702 6.660 28.00 73.30 28.20 59.90 29.60 40.30
20150906095801 1.601 28.00 73.20 28.20 59.90 29.70 40.20
20150906095901 1.600 28.00 73.20 28.30 59.80 29.70 40.20
20150906100001 4.129 28.00 73.20 28.20 59.70 29.70 40.10
20150906100101 4.129 28.00 73.20 28.30 59.50 29.70 40.00
20150906100202 6.658 28.00 73.00 28.20 59.50 29.70 40.00
20150906100302 1.603 28.00 73.00 28.30 59.40 29.70 40.00
20150906100402 6.666 28.00 72.70 28.30 59.20 29.70 39.80
20150906100501 1.605 28.10 72.50 28.30 59.20 29.70 39.90
20150906100601 1.601 28.10 72.40 28.30 59.10 29.80 39.90
20150906100701 1.600 28.10 72.30 28.30 59.00 29.80 40.00
20150906100801 1.600 28.10 72.30 28.30 59.00 29.80 39.80
20150906100902 1.600 28.10 72.20 28.30 58.90 29.80 39.70
20150906101001 6.660 28.10 72.00 28.30 58.90 29.80 39.70
20150906101101 4.149 28.10 72.00 28.30 58.80 29.80 39.70
20150906101202 1.601 28.10 72.00 28.30 58.70 29.80 39.70
20150906101301 1.602 28.10 72.10 28.30 58.70 29.80 39.60
20150906101401 4.129 28.10 72.00 28.30 58.60 29.80 39.50
20150906101502 1.600 28.10 71.90 28.30 58.60 29.80 39.50
20150906101601 1.600 28.10 71.80 28.30 58.50 29.80 39.50
20150906101701 11.718 28.20 71.60 28.40 58.50 29.90 39.40
20150906101802 4.133 28.10 71.60 28.30 58.50 29.80 39.40
20150906101901 4.152 28.10 71.70 28.30 58.40 29.80 39.40
20150906102002 1.600 28.20 71.70 28.40 58.40 29.80 39.40
20150906102101 9.186 28.20 71.60 28.40 58.30 29.80 39.30
20150906102202 1.600 28.20 71.60 28.40 58.30 29.80 39.30
20150906102302 1.600 28.20 71.50 28.40 58.20 29.80 39.30
20150906102401 1.602 28.20 71.40 28.40 58.20 29.90 39.20
20150906102501 1.600 28.20 71.50 28.30 58.20 29.90 39.30
20150906102601 4.129 28.20 71.30 28.40 58.20 29.90 39.20
20150906102702 1.601 28.20 71.20 28.40 58.10 29.90 39.20
20150906102801 4.128 28.20 71.20 28.40 58.00 29.90 39.20
20150906102902 6.662 28.20 71.10 28.40 58.00 29.90 39.20
20150906103001 6.658 28.20 71.10 28.40 58.00 29.90 39.10
20150906103101 4.132 28.20 71.00 28.40 58.00 29.90 39.20
20150906103202 1.600 28.20 71.00 28.40 57.90 29.90 39.10
20150906103302 1.603 28.30 70.70 28.40 57.90 29.90 39.30
20150906103401 1.600 28.30 70.90 28.40 57.90 29.90 39.20
20150906103501 1.601 28.30 70.30 28.40 57.90 29.90 39.50
20150906103601 1.600 28.30 70.20 28.40 57.80 29.90 39.30
20150906103701 1.602 28.30 70.60 28.40 57.80 29.90 39.40
20150906103802 1.601 28.30 70.70 28.50 57.80 29.90 39.20
20150906103902 1.600 28.30 70.50 28.50 57.70 29.90 39.20
20150906104001 4.130 28.30 70.60 28.50 57.70 29.90 39.20
20150906104102 4.146 28.30 70.30 28.40 57.70 29.90 39.20
20150906104201 1.602 28.30 70.10 28.40 57.70 30.00 39.60
20150906104302 6.660 28.40 70.00 28.50 57.60 29.90 39.20
20150906104402 1.600 28.40 70.00 28.50 57.60 30.00 39.60
20150906104501 9.188 28.30 70.00 28.50 57.60 30.00 39.50
20150906104601 9.189 28.30 70.00 28.50 57.60 30.00 39.50
20150906104702 1.601 28.30 69.90 28.50 57.60 30.00 39.50
20150906104802 1.603 28.40 69.80 28.50 57.50 30.00 39.50
20150906104901 1.630 28.40 69.80 28.50 57.50 30.00 39.50
20150906105001 1.600 28.40 69.30 28.50 57.50 30.00 39.50
20150906105101 1.622 28.40 69.80 28.50 57.50 30.00 39.50
20150906105201 9.190 28.40 69.70 28.60 57.40 30.00 39.40
20150906105301 1.603 28.40 69.80 28.50 57.40 30.00 39.40
20150906105401 4.132 28.40 69.70 28.60 57.40 30.00 39.40
20150906105501 6.664 28.40 69.60 28.60 57.40 30.00 39.40
20150906105601 1.601 28.40 69.20 28.60 57.40 30.00 39.40
20150906105701 4.132 28.40 69.30 28.60 57.30 30.00 39.40
20150906105802 4.131 28.40 69.30 28.60 57.30 30.10 39.40
20150906105902 1.600 28.40 69.10 28.60 57.30 30.10 39.40
20150906110002 1.603 28.40 69.30 28.60 57.30 30.10 39.40
20150906110101 9.194 28.40 69.30 28.60 57.20 30.10 39.30
20150906110202 6.659 28.40 69.30 28.60 57.20 30.10 39.30
20150906110301 1.601 28.40 69.30 28.60 57.20 30.10 39.30
20150906110401 1.600 28.50 69.30 28.60 57.20 30.10 39.30
20150906110501 1.600 28.50 69.10 28.60 57.20 30.10 39.30
20150906110601 1.602 28.50 69.20 28.60 57.20 30.10 39.30
20150906110702 9.189 28.50 69.20 28.60 57.10 30.10 39.30
20150906110801 1.602 28.50 69.20 28.60 57.10 30.10 39.30
20150906110902 1.600 28.50 69.00 28.60 57.10 30.10 39.30
20150906111002 4.129 28.50 69.20 28.60 57.10 30.10 39.30
20150906111101 4.130 28.50 68.80 28.60 57.10 30.10 39.30
20150906111201 1.600 28.50 69.00 28.70 57.10 30.10 39.30
20150906111301 4.130 28.50 68.80 28.60 57.00 30.10 39.30
20150906111402 6.660 28.50 68.80 28.70 57.00 30.10 39.30
20150906111501 1.602 28.50 68.90 28.60 57.00 30.10 39.20
20150906111601 1.600 28.50 69.00 28.60 57.00 30.20 39.20
20150906111701 6.663 28.50 69.00 28.70 57.00 30.20 39.20
20150906111802 4.129 28.50 69.00 28.70 56.90 30.20 39.20
20150906111901 6.664 28.50 69.20 28.70 56.90 30.20 39.20
20150906112001 4.133 28.50 69.10 28.70 56.90 30.20 39.10
20150906112101 4.133 28.60 69.40 28.70 56.90 30.20 39.10
20150906112202 1.605 28.60 69.20 28.70 56.90 30.20 39.10
20150906112302 1.601 28.50 69.00 28.70 56.90 30.20 39.10
20150906112402 6.657 28.60 69.30 28.70 56.80 30.20 39.20
20150906112501 6.687 28.60 69.30 28.70 56.80 30.20 39.00
20150906112602 1.602 28.60 69.20 28.70 56.80 30.30 39.00
20150906112702 1.602 28.60 69.20 28.70 56.80 30.30 39.10
20150906112802 1.600 28.60 69.10 28.70 56.80 30.30 39.10
20150906112901 1.620 28.60 69.30 28.80 56.70 30.30 39.00
20150906113001 1.601 28.60 69.30 28.80 56.80 30.30 39.50
20150906113102 1.601 28.70 69.10 28.80 56.70 30.30 39.10
20150906113202 1.602 28.60 69.20 28.80 56.80 30.30 39.10
20150906113302 6.660 28.60 69.20 28.80 56.60 30.30 39.00
20150906113401 1.601 28.60 69.20 28.80 56.60 30.20 39.00
20150906113501 1.602 28.70 68.70 28.80 56.70 30.30 39.00
20150906113601 1.600 28.60 69.00 28.80 56.70 30.30 39.20
20150906113701 1.600 28.60 69.20 28.80 56.70 30.30 39.00
20150906113802 1.600 28.60 69.30 28.80 56.70 30.30 39.00
20150906113902 6.660 28.70 68.90 28.80 56.60 30.30 39.00
20150906114001 6.669 28.70 68.90 28.80 56.60 30.30 39.00
20150906114102 1.600 28.70 69.00 28.80 56.60 30.30 39.00
20150906114202 1.600 28.70 68.90 28.80 56.60 30.30 39.00
20150906114302 1.619 28.70 69.00 28.80 56.60 30.30 39.00
20150906114401 1.600 28.70 69.00 28.90 56.60 30.30 39.20
20150906114502 1.601 28.70 69.10 28.80 56.50 30.30 39.00
20150906114602 1.601 28.70 69.00 28.80 56.50 30.20 39.00
20150906114701 4.129 28.70 69.20 28.90 56.50 30.30 39.00
20150906114802 1.601 28.70 69.20 28.80 56.50 30.30 39.10
20150906114902 1.601 28.70 68.80 28.90 56.50 30.20 39.00
20150906115001 1.620 28.70 69.00 28.90 56.50 30.30 39.10
20150906115101 4.131 28.70 69.00 28.90 56.50 30.20 39.00
20150906115202 6.660 28.70 69.00 28.90 56.40 30.20 39.00
20150906115301 4.129 28.70 69.10 28.90 56.40 30.20 39.00
20150906115402 1.601 28.70 69.10 28.90 56.40 30.20 39.00
20150906115501 6.658 28.70 69.20 28.90 56.40 30.30 39.10
20150906115601 1.601 28.70 69.30 28.90 56.40 30.30 39.00
20150906115701 4.129 28.70 69.00 28.90 56.40 30.30 39.00
20150906115802 1.601 28.70 69.00 28.90 56.40 30.30 39.00
20150906115901 4.135 28.70 69.00 28.90 56.30 30.30 39.00
20150906120002 1.601 28.70 69.00 28.90 56.30 30.30 39.00
20150906120102 1.623 28.70 68.70 28.90 56.30 30.30 39.20
20150906120201 1.601 28.70 68.80 28.90 56.30 30.30 39.00
20150906120301 1.600 28.80 69.70 28.90 59.00 30.30 39.10
20150906120401 1.601 28.60 80.50 28.90 71.90 30.40 38.90
20150906120501 1.601 28.50 84.80 28.90 75.20 30.40 38.90
20150906120602 1.600 28.40 88.60 28.90 78.50 30.40 38.90
20150906120702 1.600 28.40 91.00 28.90 79.90 30.40 38.90
20150906120802 1.630 28.40 93.20 28.90 80.00 30.40 38.90
20150906120902 4.158 28.40 96.80 28.90 82.40 30.40 38.80
20150906121002 6.660 28.40 96.90 28.90 83.60 30.40 38.80
20150906121102 1.600 28.40 97.00 28.90 83.30 30.40 38.80
20150906121202 6.657 28.40 98.20 28.90 84.70 30.40 38.70
20150906121301 1.602 28.50 99.50 28.90 84.60 30.40 38.80
20150906121401 4.148 28.40 99.90 28.90 85.20 30.40 38.70
20150906121502 4.129 28.40 99.90 28.90 85.70 30.40 38.70
20150906121601 1.601 28.50 99.90 28.90 85.50 30.40 38.70
20150906121702 1.603 28.40 95.30 28.90 87.90 30.40 38.80
20150906121801 1.600 28.50 99.90 28.90 86.70 30.50 38.80
20150906121902 1.623 28.40 99.90 28.90 88.30 30.40 38.70
20150906122002 6.661 28.50 83.20 28.90 74.30 30.50 38.70
20150906122102 1.606 28.60 83.20 28.90 72.10 30.50 38.70
20150906122201 4.129 28.60 79.90 28.90 70.60 30.50 39.00
20150906122302 6.694 28.60 79.90 28.90 68.70 30.50 39.10
20150906122401 6.659 28.70 77.70 28.90 68.10 30.50 39.10
20150906122501 4.129 28.70 77.70 28.90 67.60 30.50 39.60
20150906122602 1.601 28.70 77.30 28.90 67.60 30.60 39.30
20150906122701 11.714 28.80 76.10 28.90 67.20 30.60 39.30
20150906122801 1.600 28.70 76.10 28.90 66.80 30.60 39.30
20150906122901 4.129 28.80 75.40 29.00 67.10 30.60 39.10
20150906123002 4.132 28.70 75.40 29.00 66.80 30.60 38.80
20150906123102 1.600 28.80 75.40 29.00 66.50 30.60 38.90
20150906123202 4.133 28.80 74.70 29.00 66.20 30.70 38.70
20150906123301 1.601 28.80 74.60 29.00 66.00 30.60 39.10
20150906123402 4.131 28.80 74.40 29.00 65.50 30.60 38.60
20150906123501 6.657 28.90 74.00 29.00 65.30 30.70 38.90
20150906123601 4.131 28.90 74.30 29.00 65.30 30.70 38.70
20150906123702 1.614 28.90 74.30 29.00 65.30 30.70 38.70
20150906123801 4.134 28.90 73.90 29.00 65.00 30.70 38.70
20150906123902 4.131 28.90 73.80 29.00 64.80 30.70 38.90
20150906124002 4.132 28.90 73.70 29.00 64.60 30.70 38.60
20150906124101 4.129 28.90 73.30 29.00 64.40 30.70 38.50
20150906124201 1.600 28.90 73.20 29.10 64.30 30.80 38.70
20150906124301 11.717 28.90 73.30 29.10 64.10 30.80 38.40
20150906124401 1.601 28.90 73.50 29.10 64.00 30.80 38.40
20150906124502 1.600 28.90 73.50 29.10 63.90 30.80 38.60
20150906124602 1.600 28.90 72.80 29.10 63.80 30.80 38.50
20150906124702 1.600 28.90 73.20 29.10 63.70 30.80 38.50
20150906124802 1.602 28.90 73.20 29.10 63.50 30.80 38.30
20150906124901 1.601 29.00 74.10 29.10 63.40 30.80 38.50
20150906125001 4.133 29.00 74.30 29.10 63.40 30.90 38.60
20150906125101 1.622 29.00 74.40 29.10 63.20 30.90 38.60
20150906125201 6.660 29.00 74.20 29.10 63.10 30.90 38.30
20150906125302 1.600 29.00 74.20 29.10 63.10 30.90 38.40
20150906125402 4.140 29.10 74.30 29.10 63.00 30.90 38.30
20150906125502 1.604 29.00 74.30 29.10 62.90 30.90 38.30
20150906125602 1.630 29.10 74.80 29.10 62.80 30.90 38.40
20150906125702 1.620 29.10 74.70 29.10 62.80 30.90 38.20
20150906125801 4.135 29.10 74.80 29.10 62.70 30.90 37.90
20150906125901 1.600 29.10 74.90 29.10 62.60 31.00 38.90
20150906130001 6.657 29.10 74.70 29.20 62.50 31.00 38.60
20150906130101 4.131 29.10 74.30 29.10 62.50 31.00 38.90
20150906130202 1.602 29.10 74.60 29.20 62.40 31.00 38.90
20150906130301 6.660 29.10 73.80 29.20 62.30 31.00 38.80
20150906130401 1.631 29.10 73.80 29.20 62.30 31.00 38.80
20150906130502 1.601 29.10 74.00 29.20 62.20 31.00 38.70
20150906130602 4.131 29.10 74.10 29.20 62.10 31.00 38.70
20150906130701 4.129 29.20 74.00 29.20 62.10 31.10 38.60
20150906130801 4.129 29.20 74.20 29.30 62.00 31.10 38.50
20150906130902 1.630 29.20 74.20 29.30 62.00 31.10 38.60
20150906131001 4.132 29.20 74.00 29.30 61.90 31.10 38.40
20150906131101 1.600 29.20 74.10 29.20 62.00 31.10 38.40
20150906131201 6.659 29.20 72.50 29.30 61.80 31.10 38.50
20150906131302 1.601 29.20 73.30 29.30 61.80 31.10 38.40
20150906131402 4.131 29.30 73.30 29.30 61.80 31.10 38.70
20150906131502 9.198 29.20 73.30 29.30 61.70 31.10 38.30
20150906131602 1.600 29.30 73.30 29.30 61.70 31.10 38.30
20150906131702 4.129 29.30 73.30 29.30 61.70 31.10 38.40
20150906131802 4.159 29.30 73.10 29.30 61.60 31.10 38.60
20150906131901 4.129 29.30 73.30 29.30 61.50 31.20 38.70
20150906132001 1.600 29.30 73.20 29.30 61.50 31.20 38.50
20150906132101 1.600 29.30 73.30 29.30 61.50 31.20 38.40
20150906132201 1.600 29.30 73.30 29.30 61.40 31.20 38.20
20150906132301 1.600 29.30 73.10 29.40 61.40 31.20 38.60
20150906132402 4.132 29.30 73.10 29.30 61.40 31.20 38.10
20150906132501 9.189 29.30 73.00 29.30 61.40 31.20 38.00
20150906132602 1.601 29.30 73.00 29.30 61.30 31.20 38.30
20150906132702 4.130 29.30 73.10 29.40 61.20 31.20 38.20
20150906132802 1.600 29.40 72.40 29.40 61.20 31.20 38.40
20150906132902 1.631 29.40 72.60 29.40 61.20 31.20 38.10
20150906133001 4.132 29.40 72.40 29.40 61.10 31.20 37.90
20150906133102 1.600 29.40 72.60 29.40 61.10 31.20 37.90
20150906133201 1.600 29.40 71.70 29.40 61.00 31.20 38.00
20150906133301 4.190 29.40 71.90 29.50 61.00 31.20 37.90
20150906133401 1.621 29.40 71.90 29.50 61.00 31.30 37.90
20150906133501 4.133 29.40 71.80 29.40 61.00 31.30 38.10
20150906133602 1.630 29.40 71.80 29.50 61.00 31.30 38.00
20150906133701 1.601 29.40 71.70 29.50 60.90 31.30 38.10
20150906133802 1.620 29.50 71.40 29.50 60.90 31.30 37.90
20150906133902 1.601 29.50 71.50 29.50 60.90 31.30 37.90
20150906134001 1.601 29.50 70.90 29.50 60.80 31.30 38.00
20150906134102 9.189 29.50 70.60 29.50 60.70 31.30 37.70
20150906134201 4.132 29.50 70.70 29.50 60.70 31.30 37.20
20150906134302 4.132 29.50 70.40 29.50 60.60 31.30 37.20
20150906134401 6.661 29.50 71.00 29.50 60.70 31.30 37.70
20150906134502 11.724 29.50 71.30 29.50 60.60 31.20 37.20
20150906134602 1.601 29.50 71.30 29.50 60.50 31.30 37.20
20150906134701 14.249 29.50 71.20 29.50 60.50 31.20 37.10
20150906134802 4.154 29.50 71.20 29.50 60.50 31.20 37.10
20150906134902 4.129 29.50 71.20 29.50 60.50 31.20 37.10
20150906135001 1.601 29.50 70.80 29.50 60.50 31.20 37.10
20150906135101 1.600 29.50 71.40 29.50 60.40 31.20 37.00
20150906135202 4.149 29.50 71.50 29.50 60.40 31.20 36.90
20150906135301 1.631 29.50 71.50 29.50 60.40 31.20 36.90
20150906135402 4.130 29.50 71.80 29.50 60.30 31.20 37.00
20150906135501 4.132 29.50 71.80 29.50 60.30 31.20 36.90
20150906135602 6.658 29.50 72.00 29.50 60.30 31.20 36.90
20150906135701 4.129 29.50 72.00 29.50 60.20 31.20 37.10
20150906135802 1.600 29.50 72.00 29.50 60.20 31.20 37.20
20150906135902 1.601 29.50 72.10 29.50 60.10 31.20 36.90
20150906140001 1.601 29.50 72.00 29.50 60.10 31.20 37.20
20150906140101 4.130 29.50 72.20 29.50 60.00 31.20 36.70
20150906140202 6.661 29.50 71.30 29.50 60.00 31.20 36.80
20150906140302 1.600 29.50 71.20 29.60 59.90 31.20 36.80
20150906140401 1.600 29.50 71.70 29.60 59.90 31.20 36.80
20150906140501 9.191 29.50 70.00 29.60 59.80 31.20 37.10
20150906140602 4.132 29.50 69.40 29.60 59.40 31.20 37.00
20150906140702 1.600 29.50 70.30 29.50 59.30 31.20 36.80
20150906140802 4.128 29.50 71.40 29.50 59.20 31.20 36.70
20150906140902 1.605 29.50 71.40 29.50 59.10 31.20 36.60
20150906141002 6.658 29.50 69.30 29.60 58.60 31.20 36.80
20150906141102 4.128 29.50 68.90 29.60 58.50 31.20 36.90
20150906141202 4.133 29.50 69.80 29.50 58.50 31.20 36.60
20150906141301 6.662 29.50 68.00 29.50 58.40 31.20 36.50
20150906141401 1.600 29.50 68.70 29.60 58.40 31.20 36.50
20150906141502 1.602 29.50 69.20 29.60 58.40 31.20 36.50
20150906141602 6.663 29.50 70.20 29.60 58.40 31.20 36.60
20150906141701 1.600 29.50 69.40 29.60 58.30 31.20 36.60
20150906141801 1.601 29.50 70.10 29.60 58.40 31.20 36.70
20150906141901 1.600 29.50 70.50 29.60 58.40 31.30 36.80
20150906142002 4.132 29.50 70.50 29.60 58.50 31.30 36.50
20150906142101 14.247 29.50 70.60 29.60 58.50 31.30 36.60
20150906142202 4.134 29.50 70.50 29.70 58.50 31.30 36.60
20150906142302 1.600 29.50 70.50 29.60 58.50 31.30 36.60
20150906142402 4.130 29.60 70.60 29.70 58.50 31.30 36.80
20150906142501 1.604 29.50 70.50 29.60 58.50 31.30 36.80
20150906142601 4.129 29.60 70.50 29.60 58.60 31.40 36.80
20150906142701 1.601 29.60 70.60 29.70 58.50 31.40 37.10
20150906142801 1.605 29.60 70.60 29.70 58.50 31.30 36.60
20150906142901 6.658 29.60 70.60 29.70 58.50 31.40 37.00
20150906143001 1.600 29.60 70.40 29.70 58.60 31.40 37.00
20150906143102 4.129 29.60 70.60 29.70 58.60 31.40 36.70
20150906143201 4.129 29.60 70.70 29.70 58.60 31.40 36.90
20150906143302 1.600 29.60 70.80 29.70 58.60 31.40 36.90
20150906143402 6.661 29.60 70.50 29.70 58.60 31.40 36.70
20150906143501 4.131 29.70 70.50 29.70 58.60 31.40 36.70
20150906143602 4.129 29.70 70.70 29.70 58.60 31.40 36.80
20150906143702 6.659 29.70 70.80 29.70 58.60 31.40 36.90
20150906143801 4.131 29.70 70.80 29.70 58.50 31.40 37.00
20150906143902 1.600 29.70 70.80 29.80 58.50 31.40 36.90
20150906144001 1.603 29.70 70.90 29.70 58.50 31.40 36.80
20150906144101 1.603 29.70 71.00 29.80 58.50 31.40 37.10
20150906144202 1.601 29.70 71.00 29.80 58.50 31.40 36.80
20150906144302 1.602 29.70 71.10 29.80 58.50 31.40 37.00
20150906144402 1.601 29.70 70.80 29.80 58.40 31.40 36.80
20150906144502 1.602 29.70 70.80 29.80 58.40 31.40 36.90
20150906144601 1.602 29.70 70.80 29.80 58.40 31.40 36.90
20150906144701 1.600 29.70 70.30 29.80 58.30 31.40 37.10
20150906144801 1.603 29.70 70.60 29.80 58.30 31.30 36.90
20150906144901 4.131 29.70 70.50 29.80 58.20 31.40 36.80
20150906145001 4.132 29.70 70.50 29.80 58.20 31.30 36.80
20150906145102 1.600 29.70 70.50 29.80 58.20 31.40 36.90
20150906145202 1.600 29.70 70.50 29.80 58.10 31.30 36.90
20150906145302 1.600 29.70 70.70 29.80 58.10 31.40 36.90
20150906145401 4.131 29.70 70.50 29.80 58.10 31.40 37.00
20150906145502 1.600 29.70 70.70 29.80 58.10 31.40 37.10
20150906145602 1.628 29.70 70.60 29.80 58.10 31.40 36.90
20150906145702 6.665 29.70 70.20 29.90 58.00 31.40 37.10
20150906145801 1.601 29.70 70.20 29.90 58.00 31.40 37.10
20150906145902 4.149 29.70 70.30 29.90 58.00 31.40 36.90
20150906150001 4.129 29.80 67.40 29.90 58.00 31.40 37.20
20150906150102 1.601 29.80 67.00 29.90 57.90 31.40 37.20
20150906150202 4.133 29.80 67.70 29.90 57.90 31.40 37.00
20150906150302 4.160 29.60 77.40 29.90 61.30 31.40 36.90
20150906150401 1.600 29.60 78.10 29.90 71.10 31.40 37.20
20150906150502 1.616 29.50 81.50 29.90 75.90 31.40 37.00
20150906150602 1.601 29.50 85.10 29.90 78.30 31.40 37.00
20150906150702 4.171 29.40 91.70 29.90 79.50 31.40 36.90
20150906150802 1.620 29.40 91.80 29.90 82.20 31.40 36.90
20150906150901 4.131 29.40 95.40 29.90 83.20 31.50 37.00
20150906151001 1.602 29.40 95.30 29.90 83.50 31.50 37.10
20150906151101 1.601 29.40 96.30 29.90 85.30 31.50 37.00
20150906151201 6.657 29.40 97.70 29.90 86.80 31.50 36.90
20150906151302 1.600 29.40 98.30 29.90 86.70 31.50 36.90
20150906151402 1.600 29.40 98.60 29.80 88.40 31.50 36.90
20150906151501 4.128 29.40 99.60 29.80 87.40 31.50 36.90
20150906151602 6.666 29.40 99.90 29.90 88.10 31.50 37.00
20150906151702 6.658 29.40 99.90 29.90 90.40 31.50 36.90
20150906151801 4.129 29.40 98.80 29.90 90.40 31.50 37.00
20150906151901 1.602 29.40 98.00 29.90 89.60 31.50 37.20
20150906152001 1.600 29.50 87.60 29.80 77.80 31.50 37.60
20150906152101 1.600 29.50 82.50 29.80 75.00 31.50 37.40
20150906152202 14.245 29.60 78.30 29.90 72.20 31.50 37.50
20150906152301 1.600 29.60 78.20 29.80 72.10 31.50 37.40
20150906152401 1.600 29.60 77.30 29.90 71.50 31.50 37.00
20150906152502 1.600 29.70 75.90 29.90 70.80 31.50 37.10
20150906152602 1.604 29.70 75.60 29.90 70.30 31.50 37.20
20150906152702 11.721 29.70 74.90 29.90 69.40 31.50 37.40
20150906152801 6.658 29.70 74.30 29.90 69.40 31.50 37.40
20150906152902 1.600 29.70 74.40 29.90 69.00 31.50 37.10
20150906153002 1.600 29.70 73.20 29.90 68.80 31.40 37.20
20150906153102 1.602 29.70 72.90 29.90 68.40 31.40 37.10
20150906153201 1.600 29.70 72.80 29.90 68.10 31.40 37.30
20150906153301 1.602 29.70 72.80 29.90 67.80 31.40 37.20
20150906153401 4.131 29.70 72.20 29.90 67.50 31.40 37.10
20150906153502 1.600 29.70 72.60 29.90 67.30 31.40 37.20
20150906153601 1.602 29.70 71.70 29.90 67.10 31.40 37.40
20150906153701 6.659 29.70 71.20 29.90 66.70 31.40 37.50
20150906153801 6.660 29.70 71.20 29.90 66.70 31.30 37.50
20150906153902 4.131 29.70 71.20 29.90 66.40 31.30 37.40
20150906154001 6.658 29.70 70.60 29.90 66.40 31.30 37.20
20150906154102 1.603 29.70 70.20 29.90 66.20 31.30 37.20
20150906154202 1.625 29.70 70.50 29.90 66.10 31.30 37.30
20150906154301 6.660 29.70 70.20 30.00 66.50 31.30 37.30
20150906154401 4.129 29.70 70.00 29.90 65.70 31.30 37.30
20150906154502 1.607 29.70 70.20 29.90 65.70 31.30 37.30
20150906154601 1.600 29.70 70.10 29.90 65.60 31.30 37.30
20150906154701 1.602 29.70 70.00 29.90 65.60 31.40 37.30
20150906154801 6.658 29.70 70.40 30.00 66.00 31.40 37.30
20150906154901 4.131 29.80 71.00 30.00 65.90 31.40 37.30
20150906155001 6.660 29.80 71.20 30.00 65.90 31.40 37.10
20150906155101 4.135 29.80 71.20 29.90 65.30 31.40 37.20
20150906155202 6.663 29.80 70.50 30.00 65.60 31.40 37.00
20150906155301 6.664 29.80 70.80 29.90 65.10 31.40 37.10
20150906155401 1.600 29.80 70.60 30.00 65.50 31.40 37.10
20150906155501 4.130 29.80 71.00 30.00 65.40 31.40 37.40
20150906155601 1.600 29.80 71.00 29.90 64.80 31.50 37.00
20150906155701 1.601 29.80 71.50 30.00 65.30 31.50 37.10
20150906155801 1.601 29.80 71.30 30.00 65.30 31.50 37.10
20150906155901 1.600 29.80 69.00 30.00 65.20 31.50 36.90
20150906160002 6.658 29.80 71.00 30.00 65.20 31.50 37.10
20150906160101 1.600 29.80 71.00 30.00 65.10 31.50 36.90
20150906160201 1.600 29.80 71.30 30.00 65.00 31.40 36.90
20150906160302 4.132 29.80 71.20 30.00 64.90 31.50 37.00
20150906160401 6.663 29.80 71.30 30.00 64.80 31.50 37.00
20150906160501 4.132 29.80 72.10 30.00 64.80 31.50 36.90
20150906160601 1.601 29.80 72.20 30.00 64.70 31.40 37.10
20150906160701 4.128 29.80 72.10 30.00 64.70 31.50 36.90
20150906160802 1.602 29.80 71.70 30.00 64.70 31.50 36.90
20150906160901 1.601 29.80 71.90 30.00 64.60 31.50 37.40
20150906161002 1.602 29.80 71.20 30.00 64.50 31.50 37.00
20150906161102 4.131 29.80 70.50 30.00 64.40 31.40 37.10
20150906161201 1.601 29.80 71.20 30.00 64.40 31.40 37.10
20150906161301 1.600 29.80 70.90 30.00 64.40 31.50 37.00
20150906161402 4.159 29.80 71.00 30.00 64.30 31.50 37.00
20150906161501 4.129 29.80 71.10 30.00 64.20 31.50 37.00
20150906161602 4.129 29.80 71.00 30.00 64.20 31.40 37.00
20150906161702 1.602 29.80 71.00 30.00 64.20 31.40 36.90
20150906161802 1.600 29.80 71.20 30.00 64.10 31.40 37.00
20150906161902 1.600 29.80 70.80 30.00 64.10 31.40 37.10
20150906162001 6.659 29.80 71.20 30.00 64.00 31.40 37.10
20150906162101 4.133 29.80 70.80 30.00 64.00 31.40 37.00
20150906162202 9.187 29.80 71.20 30.00 63.90 31.40 37.00
20150906162302 1.600 29.80 71.20 30.00 63.90 31.40 37.00
20150906162402 1.601 29.80 70.60 30.10 63.90 31.40 37.00
20150906162502 1.601 29.80 70.10 30.00 63.80 31.40 37.10
20150906162602 6.657 29.90 70.80 30.10 63.70 31.40 37.10
20150906162701 4.129 29.90 71.00 30.10 63.80 31.40 37.10
20150906162802 1.601 29.90 71.00 30.10 63.70 31.40 37.30
20150906162902 4.129 29.90 70.30 30.10 63.60 31.30 37.30
20150906163002 1.611 29.90 70.60 30.00 63.60 31.30 37.30
20150906163102 6.661 29.80 70.40 30.10 63.50 31.20 37.40
20150906163201 6.660 29.80 70.50 30.10 63.50 31.30 37.60
20150906163301 1.601 29.80 70.60 30.00 63.50 31.20 37.40
20150906163401 1.600 29.90 70.80 30.00 63.50 31.20 37.50
20150906163502 1.606 29.90 70.90 30.00 63.50 31.20 37.50
20150906163602 1.601 29.90 70.90 30.10 63.40 31.20 37.60
20150906163701 4.130 29.80 69.30 30.10 63.30 31.20 37.40
20150906163802 1.602 29.90 69.10 30.10 63.30 31.20 37.30
20150906163902 4.130 29.90 67.30 30.10 63.20 31.10 37.20
20150906164001 1.602 29.90 66.80 30.10 63.20 31.10 36.60
20150906164101 4.129 29.80 67.90 30.10 63.10 31.00 37.40
20150906164201 1.601 29.80 66.00 30.10 63.00 31.00 37.40
20150906164302 4.129 29.80 67.30 30.10 62.80 31.00 37.50
20150906164401 1.600 29.80 66.80 30.10 62.70 31.00 36.60
20150906164502 1.603 29.80 67.70 30.10 62.60 30.90 36.40
20150906164602 1.600 29.80 64.90 30.10 62.70 31.00 36.80
20150906164702 1.601 29.80 66.80 30.00 62.50 30.90 36.40
20150906164801 1.601 29.70 65.80 30.00 62.50 30.90 36.00
20150906164901 1.600 29.80 67.40 30.00 62.40 30.90 35.70
20150906165001 1.601 29.70 65.90 30.00 62.40 30.90 35.60
20150906165101 1.600 29.80 65.30 30.00 62.20 30.80 34.90
20150906165202 1.600 29.80 64.40 30.00 62.00 30.80 35.20
20150906165302 4.131 29.70 64.90 30.00 62.00 30.80 35.20
20150906165401 4.130 29.70 66.80 30.00 62.00 30.80 35.00
20150906165502 6.657 29.70 66.50 30.00 61.80 30.80 35.00
20150906165601 4.129 29.70 65.80 30.00 61.70 30.80 34.90
20150906165702 9.189 29.70 65.80 30.00 61.70 30.70 35.50
20150906165801 4.129 29.70 65.60 30.00 61.80 30.70 34.80
20150906165901 1.600 29.70 64.50 30.00 61.60 30.80 34.80
20150906170001 1.601 29.70 65.50 30.00 61.50 30.70 34.90
20150906170101 1.601 29.70 65.20 30.00 61.30 30.70 34.70
20150906170201 1.600 29.70 65.50 30.00 61.00 30.70 34.40
20150906170302 4.131 29.70 64.40 30.00 61.00 30.60 34.80
20150906170401 1.603 29.60 64.70 30.00 60.90 30.60 34.70
20150906170501 4.129 29.70 65.60 30.00 61.00 30.60 34.90
20150906170601 1.600 29.70 65.70 30.00 60.90 30.60 35.00
20150906170701 1.600 29.70 66.00 30.00 61.00 30.60 34.90
20150906170801 1.621 29.60 66.50 30.00 61.00 30.60 35.00
20150906170902 1.600 29.60 65.50 30.00 60.90 30.60 34.80
20150906171001 1.600 29.60 65.10 29.90 60.30 30.60 35.20
20150906171102 1.600 29.60 65.60 29.90 60.30 30.60 35.20
20150906171202 1.601 29.60 63.30 29.90 60.30 30.60 35.50
20150906171302 4.132 29.60 65.10 29.90 60.30 30.60 35.80
20150906171402 6.661 29.60 65.10 29.90 60.30 30.60 35.70
20150906171501 4.129 29.60 65.60 29.90 60.10 30.60 35.60
20150906171602 1.600 29.60 65.60 29.90 60.00 30.60 35.60
20150906171702 1.605 29.60 65.80 29.90 60.00 30.70 35.70
20150906171801 6.659 29.60 65.70 29.90 59.40 30.60 35.70
20150906171902 4.134 29.60 65.80 29.90 59.40 30.70 36.00
20150906172001 6.663 29.60 66.30 29.90 59.00 30.70 35.70
20150906172101 4.135 29.60 66.30 29.90 58.90 30.70 35.80
20150906172201 4.149 29.60 66.30 30.00 59.40 30.70 35.80
20150906172302 4.130 29.60 66.40 29.90 58.80 30.70 36.00
20150906172402 6.657 29.60 66.30 29.90 58.90 30.70 36.10
20150906172502 1.600 29.60 66.60 29.90 59.00 30.70 36.10
20150906172601 4.161 29.60 66.30 30.00 59.30 30.70 36.60
20150906172702 1.600 29.60 66.10 29.90 58.80 30.70 36.30
20150906172802 4.131 29.60 65.60 29.90 58.80 30.70 35.50
20150906172902 1.600 29.60 65.80 30.00 59.10 30.70 35.30
20150906173002 1.608 29.50 66.00 30.00 59.00 30.70 35.80
20150906173102 1.600 29.50 65.70 30.00 59.00 30.70 35.60
20150906173202 4.129 29.50 66.00 29.90 58.50 30.70 36.80
20150906173302 6.663 29.50 65.00 29.90 58.40 30.70 36.60
20150906173402 4.129 29.50 65.70 29.90 58.40 30.70 36.60
20150906173501 4.129 29.50 65.70 29.90 58.50 30.70 36.50
20150906173601 4.129 29.50 65.90 30.00 59.00 30.70 36.50
20150906173702 4.129 29.50 66.10 30.00 59.00 30.70 36.30
20150906173801 4.132 29.50 65.70 30.00 59.00 30.70 36.50
20150906173901 1.600 29.50 65.60 29.90 58.50 30.70 35.90
20150906174001 1.601 29.50 64.90 30.00 59.00 30.70 36.50
20150906174102 6.660 29.60 66.70 29.90 58.50 30.60 36.40
20150906174202 4.132 29.50 66.40 30.00 59.00 30.70 36.60
20150906174301 4.129 29.60 67.70 30.00 59.10 30.60 36.30
20150906174401 4.129 29.50 67.10 30.00 59.20 30.70 36.20
20150906174502 4.130 29.50 67.20 29.90 58.90 30.70 36.30
20150906174601 6.658 29.50 67.20 29.90 58.90 30.70 36.30
20150906174702 4.133 29.50 65.50 30.00 59.40 30.70 36.30
20150906174801 1.601 29.50 66.70 30.00 59.40 30.70 36.30
20150906174901 1.600 29.50 65.70 30.00 59.40 30.70 36.20
20150906175001 4.129 29.50 64.40 30.00 59.50 30.70 36.20
20150906175101 1.600 29.60 66.50 30.00 59.50 30.70 36.20
20150906175201 1.601 29.60 66.10 30.00 59.50 30.70 36.20
20150906175302 1.599 29.60 66.40 30.00 59.60 30.70 36.30
20150906175402 4.128 29.60 65.90 30.00 59.60 30.70 36.40
20150906175502 1.600 29.50 66.10 30.00 60.30 30.70 36.90
20150906175602 1.630 29.60 67.70 30.00 60.30 30.70 36.90
20150906175702 9.190 29.60 67.30 30.00 59.50 30.60 36.40
20150906175802 6.658 29.60 66.10 30.00 59.00 30.60 36.50
20150906175901 9.189 29.50 64.20 29.90 58.20 30.60 36.60
20150906180002 4.129 29.50 65.90 29.90 57.90 30.60 36.60
20150906180102 6.659 29.50 66.90 29.90 57.90 30.60 36.30
20150906180202 1.627 29.50 66.90 29.90 57.70 30.60 36.50
20150906180301 1.601 29.50 68.70 29.90 60.90 30.60 37.40
20150906180401 6.660 29.30 81.30 29.90 74.80 30.60 36.60
20150906180501 4.129 29.10 86.30 29.80 78.30 30.60 36.60
20150906180602 4.129 29.10 88.30 29.80 78.70 30.60 36.60
20150906180702 4.142 29.10 87.00 29.80 71.60 30.60 35.80
20150906180802 4.137 29.20 74.50 29.80 69.00 30.50 35.80
20150906180902 1.600 29.30 68.80 29.80 69.10 30.40 35.60
20150906181002 4.128 29.30 65.90 29.80 67.10 30.40 35.70
20150906181102 1.601 29.30 64.70 29.80 65.10 30.30 35.70
20150906181202 1.600 29.30 65.10 29.80 63.40 30.30 35.80
20150906181302 1.600 29.30 64.80 29.80 62.40 30.30 35.80
20150906181401 1.620 29.30 63.80 29.80 61.80 30.30 35.80
20150906181501 6.658 29.30 61.90 29.80 61.50 30.30 35.80
20150906181602 4.131 29.30 61.90 29.80 61.10 30.30 35.60
20150906181701 9.187 29.30 61.60 29.70 60.70 30.30 35.60
20150906181801 4.128 29.30 60.80 29.70 60.70 30.30 35.60
20150906181902 1.600 29.30 60.90 29.70 60.60 30.20 35.60
20150906182002 4.132 29.20 60.70 29.70 60.30 30.30 35.60
20150906182101 4.130 29.20 60.60 29.70 60.00 30.30 35.60
20150906182201 1.600 29.20 60.70 29.70 60.00 30.20 35.70
20150906182301 1.602 29.20 60.70 29.70 59.90 30.20 35.60
20150906182401 4.128 29.20 60.40 29.70 59.90 30.20 35.70
20150906182502 4.129 29.20 60.40 29.70 59.80 30.20 35.70
20150906182602 1.601 29.20 60.60 29.60 59.70 30.20 35.70
20150906182702 4.131 29.20 60.50 29.70 59.60 30.20 35.80
20150906182801 6.662 29.20 60.40 29.70 58.30 30.20 35.80
20150906182901 4.132 29.20 62.10 29.60 58.20 30.20 36.00
20150906183001 1.601 29.10 62.60 29.70 58.40 30.20 36.00
20150906183101 1.600 29.20 63.30 29.70 58.00 30.20 36.10
20150906183201 1.600 29.10 62.20 29.60 56.90 30.10 36.10
20150906183302 1.600 29.20 62.50 29.60 56.30 30.10 36.10
20150906183402 9.191 29.10 62.40 29.60 56.30 30.10 36.40
20150906183501 1.600 29.10 62.60 29.60 56.40 30.10 36.30
20150906183601 1.603 29.10 63.90 29.60 56.60 30.10 36.20
20150906183702 4.131 29.10 65.70 29.60 56.60 30.10 36.20
20150906183801 6.661 29.10 65.70 29.60 57.30 30.20 36.20
20150906183902 1.600 29.20 66.20 29.60 57.30 30.20 36.20
20150906184002 6.663 29.10 66.30 29.60 57.70 30.20 36.20
20150906184101 6.663 29.10 63.90 29.70 57.80 30.30 36.30
20150906184201 4.129 29.20 65.10 29.60 57.80 30.30 36.20
20150906184302 1.600 29.20 66.10 29.60 58.10 30.30 36.10
20150906184401 9.190 29.20 66.20 29.70 58.10 30.30 36.10
20150906184502 1.604 29.20 66.20 29.60 58.10 30.30 36.10
20150906184602 4.130 29.20 65.80 29.60 58.10 30.30 36.10
20150906184701 4.132 29.20 64.00 29.60 58.10 30.30 36.10
20150906184801 1.605 29.20 66.00 29.70 58.10 30.30 36.10
20150906184901 1.603 29.20 67.30 29.60 58.10 30.40 36.10
20150906185001 1.601 29.20 65.30 29.70 58.00 30.40 36.50
20150906185102 1.601 29.20 66.30 29.70 58.10 30.40 35.80
20150906185202 1.600 29.20 63.00 29.70 57.50 30.30 34.80
20150906185302 4.133 29.20 56.20 29.60 57.00 30.00 34.80
20150906185401 1.600 29.10 57.80 29.70 57.00 29.80 34.60
20150906185502 4.129 29.10 55.60 29.60 56.40 29.80 35.20
20150906185601 1.602 29.10 56.70 29.60 56.40 29.80 35.30
20150906185701 4.131 29.10 59.20 29.60 56.50 29.80 36.80
20150906185801 4.129 29.10 57.80 29.60 56.10 29.80 36.10
20150906185902 1.599 29.10 58.60 29.50 56.40 29.80 36.40
20150906190002 1.600 29.10 59.40 29.60 56.30 29.80 37.00
20150906190101 4.129 29.10 59.00 29.60 57.50 29.90 36.90
20150906190202 4.132 29.00 59.70 29.50 57.50 29.90 36.70
20150906190301 1.601 29.00 58.50 29.60 57.70 29.90 36.70
20150906190401 6.658 29.00 57.40 29.60 57.70 29.90 36.60
20150906190502 4.132 29.00 57.20 29.60 57.80 29.90 36.70
20150906190601 1.600 29.00 58.40 29.60 57.70 29.90 36.70
20150906190702 4.131 29.00 56.20 29.50 57.80 29.90 36.40
20150906190801 1.603 29.00 57.80 29.50 57.70 29.90 36.40
20150906190902 4.132 29.00 58.60 29.50 57.80 29.90 36.40
20150906191002 1.600 29.00 58.00 29.50 57.70 29.90 36.40
20150906191102 1.600 28.90 56.90 29.50 57.70 29.90 36.30
20150906191202 1.610 28.90 56.80 29.50 57.70 29.90 36.40
20150906191301 1.600 28.90 56.80 29.50 57.70 29.90 36.40
20150906191401 6.662 28.90 57.90 29.50 57.60 29.90 36.30
20150906191502 1.620 28.90 58.00 29.50 57.60 29.90 36.30
20150906191602 4.132 28.90 56.90 29.50 57.40 29.90 36.20
20150906191702 1.610 28.90 54.70 29.50 57.40 29.90 36.40
20150906191802 6.663 28.90 56.00 29.50 57.30 29.90 36.00
20150906191901 1.602 28.90 56.30 29.50 57.30 29.90 36.00
20150906192001 1.600 28.90 58.60 29.50 57.50 29.90 36.20
20150906192101 1.600 28.90 56.80 29.50 57.40 29.90 36.20
20150906192201 4.162 28.90 57.10 29.50 57.50 29.90 36.20
20150906192301 1.601 28.90 57.30 29.50 57.40 29.90 36.30
20150906192402 4.129 28.80 56.90 29.50 57.30 29.90 36.30
20150906192501 6.659 28.90 57.10 29.50 57.30 29.90 36.40
20150906192602 1.600 28.80 55.80 29.50 57.30 29.90 36.40
20150906192702 1.600 28.80 56.40 29.50 57.30 29.90 36.20
20150906192802 1.602 28.80 56.70 29.50 57.30 29.90 36.50
20150906192901 1.603 28.80 56.30 29.50 57.30 29.90 37.50
20150906193002 1.600 28.80 55.00 29.50 56.10 29.90 36.90
20150906193102 1.603 28.70 67.70 29.50 61.90 30.00 37.70
20150906193202 4.132 28.40 76.90 29.50 69.10 30.00 36.70
20150906193301 1.601 28.30 80.40 29.40 73.40 30.00 36.70
20150906193402 1.603 28.30 85.20 29.40 76.30 29.90 36.50
20150906193502 4.130 28.30 87.30 29.40 77.40 29.90 36.50
20150906193601 4.133 28.40 63.20 29.40 73.20 29.90 37.30
20150906193702 4.131 28.50 61.10 29.40 67.10 30.00 37.00
20150906193802 1.601 28.50 61.40 29.40 65.10 30.10 40.00
20150906193902 4.129 28.50 62.40 29.40 64.40 30.00 36.60
20150906194002 1.601 28.50 60.00 29.40 64.20 30.00 36.70
20150906194102 1.600 28.50 61.60 29.40 63.00 30.10 36.90
20150906194202 1.601 28.60 63.20 29.40 62.70 30.00 37.40
20150906194301 1.600 28.60 63.00 29.40 62.30 30.10 36.80
20150906194401 4.131 28.60 60.50 29.40 62.00 30.10 36.80
20150906194502 1.600 28.60 60.80 29.40 61.70 30.10 37.00
20150906194601 1.601 28.70 62.40 29.40 61.40 30.10 37.20
20150906194701 1.601 28.70 60.40 29.40 61.00 30.00 37.10
20150906194801 1.601 28.70 57.60 29.40 60.80 30.00 37.30
20150906194902 1.629 28.70 58.20 29.40 60.60 30.00 37.00
20150906195002 6.661 28.60 57.60 29.40 60.30 29.90 36.60
20150906195101 1.603 28.60 57.00 29.40 60.10 29.80 36.80
20150906195201 1.600 28.60 55.60 29.40 59.90 29.90 36.50
20150906195301 1.601 28.60 55.80 29.40 59.70 29.80 36.40
20150906195401 1.600 28.60 55.60 29.40 59.50 29.80 36.40
20150906195501 1.600 28.60 56.00 29.40 59.40 29.80 36.10
20150906195602 1.600 28.60 55.10 29.40 59.30 29.80 36.50
20150906195702 1.600 28.60 56.00 29.40 59.20 29.80 36.50
20150906195802 1.631 28.60 56.70 29.40 59.20 29.80 36.30
20150906195901 4.134 28.60 57.10 29.30 59.00 29.80 36.30
20150906200002 4.131 28.60 56.00 29.40 58.90 29.80 36.20
20150906200101 6.662 28.60 56.20 29.40 58.70 29.80 36.10
20150906200202 1.602 28.60 54.80 29.30 58.70 29.80 35.90
20150906200302 4.130 28.50 55.80 29.30 58.50 29.80 36.00
20150906200401 6.662 28.50 56.00 29.40 58.40 29.80 36.90
20150906200501 4.132 28.50 56.70 29.30 58.40 29.80 36.50
20150906200601 1.603 28.50 55.00 29.30 58.40 29.80 36.50
20150906200701 4.131 28.50 57.20 29.30 58.00 29.80 36.10
20150906200802 4.129 28.50 57.60 29.30 58.00 29.90 35.80
20150906200902 1.600 28.50 56.50 29.30 57.90 29.90 35.80
20150906201001 9.186 28.50 55.40 29.30 56.60 30.00 37.20
20150906201102 4.129 28.60 57.40 29.30 56.60 30.00 36.70
20150906201201 4.128 28.60 57.40 29.30 56.90 30.00 36.00
20150906201301 6.655 28.60 57.60 29.30 56.90 30.00 36.20
20150906201401 4.129 28.50 62.20 29.30 56.90 30.00 36.10
20150906201502 1.600 28.50 61.60 29.30 60.20 30.00 36.40
20150906201602 1.602 28.50 57.80 29.30 57.80 30.10 36.70
20150906201701 1.600 28.50 56.40 29.30 57.70 30.00 36.20
20150906201801 4.129 28.60 57.70 29.30 57.50 29.90 35.70
20150906201902 9.177 28.50 57.90 29.30 57.30 29.80 36.10
/home/pi/terrasens/terrasens.py:43: RuntimeWarning: This channel is already in use, continuing anyway.  Use GPIO.setwarnings(False) to disable warnings.
  GPIO.setup(25, GPIO.OUT)
20150906202001 1.588 28.50 57.80 29.30 57.30 29.80 36.00
20150906202102 4.117 28.30 71.40 29.30 67.10 29.80 36.00
