20150902000002 4.117 27.20 53.20 31.20 49.90 28.20 36.70
20150902000101 4.120 27.20 53.90 31.30 50.10 28.20 36.60
20150902000202 4.118 27.20 53.90 31.30 51.40 28.20 36.50
20150902000301 1.589 27.20 57.80 31.20 51.60 28.20 37.10
20150902000401 1.589 27.10 67.00 31.20 54.30 28.20 37.10
20150902000501 1.589 27.10 72.20 31.20 56.30 28.20 37.00
20150902000601 6.651 27.10 77.90 31.20 57.90 28.20 37.50
20150902000701 1.589 27.10 79.00 31.10 59.80 28.10 37.40
20150902000802 4.118 27.00 79.90 31.10 60.90 28.10 36.70
20150902000902 4.123 27.10 62.20 31.10 60.30 28.10 36.80
20150902001001 1.591 27.00 61.80 31.10 56.80 28.10 36.70
20150902001101 4.117 27.10 59.10 31.00 55.10 28.10 37.20
20150902001202 11.702 27.10 57.40 30.90 52.40 28.10 37.50
20150902001301 1.588 27.10 57.20 30.90 52.30 28.00 36.90
20150902001401 1.589 27.10 57.30 30.90 51.80 28.00 36.70
20150902001501 1.588 27.10 51.40 30.80 51.40 28.00 38.00
20150902001601 1.589 27.10 56.20 30.80 50.40 28.00 37.50
20150902001701 1.589 27.10 58.30 30.70 50.20 28.10 37.30
20150902001802 1.597 27.10 57.20 30.70 49.70 28.10 37.50
20150902001902 1.588 27.10 57.10 30.60 49.80 28.10 36.80
20150902002002 1.589 27.10 56.30 30.60 49.50 28.10 36.70
20150902002101 4.117 27.10 56.20 30.50 48.70 28.00 37.10
20150902002201 11.709 27.10 56.30 30.40 49.80 28.10 37.00
20150902002302 4.116 27.10 56.60 30.40 49.70 28.00 37.00
20150902002401 1.591 27.10 56.80 30.40 49.60 28.10 37.00
20150902002501 1.589 27.10 56.60 30.30 49.00 28.10 37.00
20150902002602 6.651 27.10 57.80 30.30 48.70 28.10 37.20
20150902002702 4.117 27.10 57.60 30.30 48.40 28.10 36.60
20150902002801 1.589 27.10 57.00 30.20 48.40 28.10 36.70
20150902002901 6.663 27.10 56.60 30.20 47.90 28.10 36.90
20150902003001 4.118 27.10 56.00 30.20 47.90 28.10 36.90
20150902003101 1.588 27.10 55.90 30.10 47.90 28.10 36.90
20150902003201 1.598 27.10 55.90 30.10 47.80 28.10 36.70
20150902003301 4.117 27.10 55.50 30.00 48.50 28.20 37.20
20150902003402 4.117 27.10 56.10 30.00 48.40 28.20 36.90
20150902003501 1.589 27.10 56.10 30.00 48.30 28.20 36.90
20150902003602 4.121 27.10 56.40 29.90 47.70 28.20 37.40
20150902003701 9.187 27.10 55.90 29.90 47.70 28.20 37.50
20150902003802 1.591 27.10 55.90 29.80 47.70 28.20 37.50
20150902003902 1.589 27.10 56.00 29.80 48.20 28.20 37.20
20150902004001 1.589 27.10 55.70 29.80 48.10 28.20 36.90
20150902004101 1.588 27.10 56.00 29.80 48.00 28.20 36.80
20150902004201 6.651 27.10 55.50 29.70 47.80 28.20 37.00
20150902004301 1.589 27.10 55.60 29.70 47.60 28.20 37.50
20150902004401 6.646 27.10 55.80 29.60 47.90 28.20 37.40
20150902004502 1.589 27.10 55.80 29.60 47.90 28.20 37.20
20150902004602 1.588 27.00 55.40 29.60 47.60 28.20 37.20
20150902004702 1.591 27.10 54.90 29.60 47.60 28.20 37.20
20150902004802 1.590 27.10 55.00 29.50 47.60 28.20 37.50
20150902004902 1.589 27.00 54.90 29.50 47.50 28.20 37.50
20150902005002 1.588 27.10 55.00 29.50 47.60 28.20 37.50
20150902005102 4.117 27.10 54.90 29.40 47.60 28.20 37.30
20150902005201 4.122 27.10 55.20 29.40 47.70 28.20 37.60
20150902005302 6.648 27.00 54.60 29.40 47.70 28.20 37.40
20150902005401 1.588 27.00 54.70 29.30 47.70 28.20 37.30
20150902005501 4.117 27.10 54.90 29.30 47.70 28.20 37.40
20150902005602 1.588 27.00 54.70 29.30 47.70 28.20 37.40
20150902005702 1.589 27.00 55.20 29.30 47.80 28.20 37.10
20150902005802 4.120 27.00 54.30 29.30 48.00 28.20 37.50
20150902005901 1.591 27.00 54.40 29.20 47.70 28.20 37.40
20150902010001 1.588 27.00 54.60 29.20 47.30 28.20 37.20
20150902010101 1.589 27.00 54.60 29.10 47.20 28.20 37.60
20150902010201 4.117 27.00 54.60 29.10 47.20 28.20 37.60
20150902010301 4.117 27.00 54.20 29.10 47.60 28.20 37.60
20150902010402 6.645 27.00 54.50 29.10 47.50 28.20 37.60
20150902010502 4.117 27.00 53.30 29.00 47.60 28.20 37.30
20150902010601 1.588 27.00 53.30 29.00 47.40 28.10 37.40
20150902010701 1.588 27.00 53.60 29.00 47.50 28.10 37.70
20150902010802 6.655 27.00 54.00 28.90 47.30 28.10 37.40
20150902010902 1.598 27.00 54.10 28.90 47.50 28.10 37.40
20150902011001 1.601 27.00 53.10 28.90 47.30 28.10 37.60
20150902011101 1.590 27.00 53.50 28.90 47.40 28.10 37.40
20150902011201 4.117 27.00 53.40 28.80 47.50 28.10 37.80
20150902011302 11.702 26.90 53.30 28.80 47.50 28.10 38.10
20150902011401 4.117 26.90 53.20 28.80 47.60 28.10 38.10
20150902011502 4.117 27.00 53.90 28.80 47.60 28.10 38.00
20150902011601 1.590 26.90 53.40 28.80 47.60 28.10 38.40
20150902011701 1.592 27.00 54.00 28.80 47.60 28.10 38.20
20150902011801 1.589 27.00 54.10 28.80 47.70 28.10 38.20
20150902011901 6.646 27.00 53.70 28.70 47.70 28.10 37.80
20150902012001 6.645 26.90 53.30 28.70 47.70 28.10 37.90
20150902012102 4.122 26.90 53.20 28.60 47.80 28.10 38.20
20150902012201 1.589 26.90 53.60 28.70 47.80 28.00 38.30
20150902012301 1.589 26.90 53.70 28.70 47.80 28.00 38.40
20150902012401 1.589 26.90 53.60 28.60 47.80 28.00 38.40
20150902012501 1.588 26.90 53.60 28.60 47.80 28.00 38.50
20150902012601 4.117 26.90 53.40 28.60 47.90 28.00 38.50
20150902012702 1.588 26.90 53.40 28.60 47.80 28.00 38.20
20150902012802 11.703 26.90 53.20 28.50 47.80 28.00 38.30
20150902012901 1.593 26.90 52.90 28.50 47.80 28.00 37.70
20150902013001 6.651 26.90 52.70 28.50 47.70 28.00 38.20
20150902013101 9.174 26.90 52.90 28.50 47.70 28.00 37.90
20150902013201 4.120 26.90 52.80 28.50 47.80 28.00 37.90
20150902013302 6.646 26.90 52.90 28.50 47.80 28.00 38.30
20150902013402 11.704 26.90 53.20 28.40 47.80 28.00 38.30
20150902013501 1.590 26.90 53.20 28.40 47.90 27.90 37.90
20150902013601 1.589 26.90 53.40 28.40 47.90 28.00 38.30
20150902013701 4.117 26.90 53.20 28.40 47.90 28.00 38.10
20150902013802 1.592 26.90 53.00 28.40 47.90 28.00 37.90
20150902013902 1.589 26.90 53.10 28.40 47.80 28.00 37.90
20150902014001 6.646 26.90 53.00 28.40 47.70 27.90 37.60
20150902014101 11.706 26.80 53.00 28.30 47.70 28.00 38.10
20150902014202 4.131 26.80 53.10 28.30 47.80 28.00 38.00
20150902014301 1.599 26.80 53.30 28.30 47.80 28.00 38.20
20150902014401 9.174 26.80 53.50 28.30 47.90 27.90 37.60
20150902014501 4.117 26.80 53.50 28.30 47.80 27.90 37.60
20150902014601 4.124 26.80 53.20 28.30 47.90 27.90 38.00
20150902014701 1.594 26.80 53.20 28.30 47.80 27.90 37.50
20150902014801 1.599 26.90 53.10 28.20 47.80 27.90 37.60
20150902014901 6.649 26.80 53.00 28.20 47.70 27.90 37.60
20150902015001 4.123 26.80 53.00 28.20 47.70 27.90 37.60
20150902015101 1.591 26.80 53.10 28.20 47.70 27.90 37.70
20150902015201 1.589 26.80 53.10 28.20 47.80 27.90 37.70
20150902015301 1.588 26.80 53.00 28.20 47.80 27.90 37.70
20150902015401 1.589 26.80 53.30 28.20 47.80 27.90 37.80
20150902015501 4.123 26.80 52.90 28.10 47.80 27.90 37.80
20150902015601 1.590 26.80 52.80 28.20 47.70 27.90 37.80
20150902015701 1.589 26.80 53.20 28.10 47.70 27.90 38.00
20150902015801 1.588 26.80 53.00 28.10 47.70 27.90 38.00
20150902015901 4.120 26.80 53.00 28.10 47.70 27.90 37.50
20150902020002 4.117 26.80 52.90 28.10 47.60 27.90 37.80
20150902020101 4.126 26.80 53.00 28.10 47.70 27.90 37.90
20150902020202 6.649 26.80 53.10 28.10 47.60 27.90 37.90
20150902020301 4.118 26.80 53.00 28.00 47.70 27.90 37.80
20150902020402 4.120 26.80 53.20 28.00 47.70 27.90 37.80
20150902020501 1.592 26.80 53.20 28.00 47.70 27.90 37.80
20150902020601 1.591 26.80 53.20 28.00 47.70 27.90 37.60
20150902020701 1.591 26.80 53.00 28.00 47.60 27.90 37.70
20150902020801 4.121 26.70 52.90 28.00 47.60 27.90 37.90
20150902020902 1.588 26.80 53.00 28.00 47.60 27.90 37.90
20150902021001 1.593 26.80 53.00 27.90 47.10 27.80 37.80
20150902021101 1.590 26.80 53.00 27.90 47.10 27.80 38.00
20150902021201 1.588 26.70 53.00 27.90 47.10 27.90 38.20
20150902021301 1.589 26.80 53.20 27.90 47.10 27.90 38.10
20150902021401 9.178 26.70 53.10 27.90 47.10 27.90 38.00
20150902021501 1.588 26.70 53.00 27.90 47.10 27.90 38.00
20150902021601 4.120 26.70 53.00 27.90 47.10 27.80 37.90
20150902021702 1.588 26.70 53.00 27.90 47.00 27.90 37.90
20150902021802 1.591 26.70 52.80 27.90 47.00 27.90 38.00
20150902021902 4.119 26.70 52.90 27.80 47.00 27.80 37.90
20150902022002 4.121 26.70 52.70 27.80 46.90 27.80 37.50
20150902022101 4.129 26.70 52.50 27.80 46.90 27.80 37.10
20150902022202 1.588 26.70 52.40 27.80 46.90 27.80 37.20
20150902022302 4.118 26.70 52.40 27.80 46.80 27.80 37.70
20150902022401 1.598 26.70 52.40 27.80 46.80 27.80 37.50
20150902022501 6.646 26.70 52.60 27.80 46.80 27.80 37.70
20150902022602 6.657 26.70 52.60 27.80 46.80 27.80 37.70
20150902022702 6.648 26.70 52.60 27.70 46.80 27.80 38.00
20150902022801 4.117 26.70 52.50 27.70 46.70 27.80 37.80
20150902022902 1.589 26.70 52.70 27.80 46.70 27.80 37.70
20150902023002 1.588 26.70 52.60 27.70 46.70 27.80 37.40
20150902023102 1.610 26.70 52.00 27.70 46.50 27.70 37.00
20150902023201 1.598 26.60 51.40 27.70 46.20 27.70 36.90
20150902023301 6.645 26.60 51.50 27.70 46.10 27.70 36.90
20150902023401 1.588 26.60 51.60 27.70 46.10 27.70 36.90
20150902023501 1.591 26.60 51.90 27.70 46.20 27.70 37.10
20150902023601 4.120 26.60 51.80 27.70 46.30 27.70 37.10
20150902023701 1.601 26.60 51.80 27.70 46.30 27.70 37.10
20150902023801 1.592 26.60 51.70 27.70 46.20 27.70 36.80
20150902023901 4.118 26.60 51.70 27.60 46.10 27.70 37.30
20150902024002 1.591 26.60 52.10 27.60 46.20 27.70 37.30
20150902024101 1.588 26.60 52.10 27.60 46.30 27.70 37.40
20150902024201 1.588 26.60 52.00 27.60 46.20 27.70 37.40
20150902024301 1.588 26.60 52.20 27.60 46.20 27.70 37.60
20150902024402 4.128 26.60 52.50 27.60 46.30 27.70 37.70
20150902024501 1.590 26.60 52.40 27.60 46.40 27.70 37.80
20150902024601 4.137 26.60 52.60 27.60 46.30 27.70 37.90
20150902024701 4.123 26.60 52.40 27.60 46.30 27.70 38.10
20150902024802 4.119 26.60 52.50 27.60 46.30 27.70 38.20
20150902024901 1.591 26.50 52.60 27.50 46.30 27.60 38.20
20150902025002 1.588 26.60 52.50 27.50 46.30 27.60 38.40
20150902025102 1.589 26.50 52.70 27.50 46.30 27.70 38.40
20150902025202 1.588 26.50 52.70 27.50 46.40 27.70 38.30
20150902025302 1.589 26.50 52.80 27.50 46.40 27.70 38.50
20150902025402 1.588 26.50 52.70 27.50 46.30 27.70 38.20
20150902025502 4.119 26.50 52.60 27.50 46.30 27.60 38.30
20150902025601 1.591 26.50 52.30 27.50 46.20 27.60 38.20
20150902025701 4.119 26.50 52.50 27.40 46.40 27.60 38.20
20150902025801 1.588 26.50 52.60 27.40 46.30 27.60 38.30
20150902025901 1.588 26.50 52.70 27.40 46.40 27.60 38.40
20150902030001 1.589 26.50 52.80 27.40 46.30 27.60 38.60
20150902030101 1.588 26.50 52.90 27.40 46.40 27.60 38.70
20150902030201 6.648 26.50 58.90 27.40 46.50 27.60 39.10
20150902030301 1.588 26.40 59.30 27.40 50.60 27.60 38.70
20150902030401 6.646 26.30 73.50 27.40 54.00 27.60 38.60
20150902030502 1.608 26.30 73.80 27.40 57.60 27.50 38.60
20150902030602 1.591 26.30 75.60 27.40 59.60 27.60 39.00
20150902030702 4.120 26.30 82.00 27.40 61.40 27.50 39.10
20150902030801 1.599 26.30 81.80 27.40 63.00 27.60 39.30
20150902030902 4.120 26.30 66.60 27.40 62.80 27.60 39.20
20150902031001 1.589 26.30 66.30 27.40 56.30 27.60 39.00
20150902031101 6.648 26.40 58.60 27.40 53.20 27.60 39.20
20150902031202 1.591 26.30 58.60 27.30 51.20 27.60 39.30
20150902031302 1.593 26.40 57.60 27.30 50.20 27.50 39.20
20150902031402 1.589 26.40 56.90 27.30 49.50 27.60 39.20
20150902031502 1.594 26.40 56.50 27.30 49.20 27.50 39.10
20150902031602 1.590 26.40 56.10 27.30 48.90 27.50 39.30
20150902031702 6.645 26.40 55.90 27.30 48.60 27.50 39.20
20150902031801 1.588 26.40 55.60 27.30 48.60 27.50 39.20
20150902031901 4.117 26.40 55.40 27.20 48.30 27.50 39.20
20150902032001 1.593 26.40 55.30 27.20 48.30 27.50 39.20
20150902032101 1.588 26.40 55.10 27.20 48.10 27.50 39.40
20150902032201 1.590 26.40 54.80 27.20 48.00 27.40 39.20
20150902032301 4.122 26.30 54.20 27.20 47.90 27.40 39.40
20150902032402 1.588 26.30 54.20 27.20 47.80 27.40 39.40
20150902032501 1.588 26.30 55.00 27.20 47.70 27.40 39.30
20150902032601 1.590 26.30 55.10 27.20 47.60 27.40 39.50
20150902032701 4.159 26.30 55.00 27.20 47.30 27.50 39.60
20150902032801 1.599 26.30 55.00 27.10 47.30 27.40 39.30
20150902032901 1.596 26.30 54.80 27.10 47.30 27.50 39.50
20150902033001 4.117 26.30 54.80 27.10 47.20 27.40 39.50
20150902033102 1.589 26.30 54.80 27.10 47.30 27.40 39.40
20150902033202 1.588 26.30 54.70 27.10 47.20 27.40 39.50
20150902033302 6.645 26.30 54.70 27.10 47.20 27.40 39.30
20150902033402 4.117 26.30 54.60 27.10 47.00 27.40 39.40
20150902033501 1.589 26.30 54.70 27.10 47.00 27.40 39.30
20150902033602 1.588 26.30 54.80 27.10 47.00 27.40 39.60
20150902033702 1.590 26.30 54.90 27.10 46.90 27.40 39.60
20150902033802 1.589 26.30 54.90 27.10 46.90 27.40 39.40
20150902033902 1.588 26.30 54.90 27.00 46.80 27.40 39.50
20150902034001 1.599 26.30 54.70 27.00 46.80 27.40 39.60
20150902034101 1.588 26.30 54.60 27.00 46.80 27.40 39.50
20150902034201 1.589 26.30 54.80 27.00 46.80 27.40 39.70
20150902034301 11.705 26.30 55.00 27.00 46.80 27.40 39.70
20150902034401 1.600 26.30 55.00 27.00 46.80 27.40 39.80
20150902034502 4.118 26.30 54.80 27.00 46.80 27.30 39.90
20150902034601 1.589 26.30 54.90 27.00 46.80 27.40 39.90
20150902034702 1.595 26.30 54.80 27.00 46.70 27.40 39.90
20150902034802 4.122 26.30 54.90 27.00 46.80 27.30 39.80
20150902034901 1.590 26.30 54.80 27.00 46.70 27.30 39.80
20150902035001 1.591 26.30 54.90 27.00 46.70 27.30 39.70
20150902035101 1.589 26.30 54.90 27.00 46.70 27.30 39.80
20150902035201 6.648 26.20 54.90 27.00 46.70 27.30 40.00
20150902035301 4.136 26.20 54.70 26.90 46.00 27.30 39.70
20150902035401 4.117 26.20 54.80 26.90 46.00 27.30 39.70
20150902035502 4.117 26.20 54.80 26.90 46.10 27.30 40.00
20150902035601 4.119 26.20 55.10 26.90 46.10 27.30 40.00
20150902035702 1.590 26.20 55.00 27.00 46.60 27.30 40.10
20150902035802 1.591 26.20 55.10 26.90 46.00 27.30 40.00
20150902035902 6.650 26.20 55.00 26.90 46.00 27.30 40.10
20150902040002 4.142 26.20 55.30 26.90 46.00 27.30 40.20
20150902040102 1.609 26.20 55.30 26.90 46.00 27.30 40.10
20150902040202 9.197 26.20 55.20 26.80 46.00 27.30 40.10
20150902040302 1.608 26.20 55.30 26.90 46.00 27.30 40.00
20150902040403 4.136 26.20 55.50 26.80 46.00 27.30 40.10
20150902040502 11.725 26.20 55.40 26.90 46.00 27.30 40.00
20150902040602 4.126 26.20 55.40 26.90 46.00 27.20 40.10
20150902040702 1.602 26.20 55.30 26.90 45.90 27.20 40.10
20150902040802 4.128 26.20 55.00 26.80 45.80 27.20 39.90
20150902040902 4.171 26.20 55.00 26.80 45.80 27.20 40.00
20150902041002 4.128 26.20 55.00 26.80 45.80 27.20 39.90
20150902041102 6.655 26.20 55.20 26.80 45.80 27.30 39.70
20150902041202 4.119 26.20 55.20 26.80 45.70 27.30 39.80
20150902041301 1.588 26.20 54.90 26.80 45.70 27.20 39.80
20150902041402 4.117 26.10 55.00 26.80 45.70 27.20 39.70
20150902041501 1.589 26.20 54.90 26.80 45.70 27.20 39.70
20150902041601 1.588 26.20 55.00 26.80 45.70 27.20 39.60
20150902041701 4.119 26.10 54.50 26.80 45.70 27.20 39.60
20150902041802 1.588 26.10 54.40 26.80 45.70 27.20 39.60
20150902041902 1.588 26.10 54.60 26.80 45.60 27.20 39.60
20150902042002 1.588 26.10 54.90 26.70 45.70 27.20 39.70
20150902042102 1.589 26.10 54.90 26.70 45.60 27.20 39.90
20150902042201 4.117 26.10 54.80 26.80 45.50 27.20 39.80
20150902042302 4.120 26.10 55.00 26.70 45.50 27.20 39.70
20150902042401 4.117 26.10 54.90 26.70 45.50 27.20 39.90
20150902042502 4.122 26.10 54.90 26.70 45.50 27.20 39.90
20150902042601 4.119 26.10 54.90 26.70 45.50 27.10 39.80
20150902042702 1.589 26.10 54.90 26.70 45.50 27.10 39.90
20150902042801 4.116 26.10 54.90 26.70 45.50 27.20 40.00
20150902042901 1.592 26.10 55.00 26.70 45.50 27.10 39.90
20150902043002 1.588 26.00 54.90 26.70 45.50 27.10 39.90
20150902043102 1.588 26.10 55.00 26.70 45.50 27.10 39.90
20150902043202 1.589 26.10 55.00 26.70 45.50 27.10 39.90
20150902043302 4.119 26.10 55.20 26.60 45.50 27.10 40.00
20150902043401 4.124 26.10 55.00 26.60 45.50 27.10 40.00
20150902043502 1.588 26.10 55.20 26.60 45.50 27.10 40.10
20150902043602 4.119 26.00 54.90 26.60 45.50 27.10 40.10
20150902043702 4.117 26.00 55.00 26.60 45.40 27.10 39.90
20150902043801 1.590 26.00 54.90 26.60 45.40 27.10 40.00
20150902043902 4.117 26.00 54.80 26.60 45.40 27.10 39.80
20150902044001 1.589 26.00 54.90 26.60 45.40 27.10 39.80
20150902044101 4.130 26.00 54.70 26.60 45.40 27.10 39.80
20150902044201 4.120 26.00 54.70 26.60 45.40 27.10 39.80
20150902044302 9.176 26.00 54.50 26.60 45.30 27.10 39.80
20150902044401 6.648 26.00 54.50 26.60 45.30 27.10 39.90
20150902044501 4.120 26.00 54.50 26.60 45.30 27.10 39.90
20150902044602 1.598 26.00 54.60 26.60 45.30 27.10 39.90
20150902044701 1.589 26.00 54.70 26.60 45.30 27.10 39.90
20150902044801 4.119 26.00 54.50 26.50 45.30 27.10 39.90
20150902044901 1.597 26.00 54.70 26.50 45.30 27.10 39.90
20150902045001 4.118 26.00 54.70 26.50 45.20 27.10 40.00
20150902045102 1.588 26.00 54.70 26.50 45.30 27.10 40.10
20150902045202 1.588 25.90 54.40 26.50 45.30 27.00 40.10
20150902045302 9.180 25.90 54.40 26.50 45.30 27.00 40.20
20150902045401 1.588 25.90 54.40 26.50 45.30 27.00 40.20
20150902045501 9.180 25.90 54.70 26.50 45.30 27.00 40.50
20150902045601 1.588 25.90 54.70 26.50 45.30 27.00 40.30
20150902045701 4.117 25.90 54.70 26.50 45.30 27.00 40.30
20150902045802 6.647 25.90 54.60 26.50 45.30 27.00 40.40
20150902045902 1.588 25.90 54.60 26.50 45.30 27.00 40.40
20150902050002 1.589 25.90 54.60 26.50 45.30 27.00 40.40
20150902050102 4.117 25.90 54.80 26.50 45.20 27.00 40.40
20150902050201 1.592 25.90 54.80 26.50 45.20 27.00 40.40
20150902050301 4.117 25.90 54.60 26.50 45.20 27.00 40.40
20150902050402 1.588 25.90 54.50 26.50 45.20 27.00 40.50
20150902050502 1.588 25.90 54.40 26.50 45.20 26.90 40.00
20150902050601 1.590 25.90 54.60 26.50 45.20 26.90 39.90
20150902050701 6.645 25.90 54.50 26.50 45.10 26.90 39.80
20150902050801 6.647 25.90 54.50 26.40 45.10 27.00 40.40
20150902050902 4.137 25.90 54.50 26.40 45.10 26.90 39.80
20150902051001 1.592 25.90 54.40 26.40 45.10 26.90 39.80
20150902051101 1.588 25.90 54.40 26.40 45.10 26.90 39.90
20150902051201 4.119 25.80 54.50 26.40 45.10 26.90 40.00
20150902051302 1.588 25.90 54.40 26.40 45.10 26.90 40.10
20150902051402 1.589 25.90 54.60 26.40 45.10 26.90 40.00
20150902051501 1.588 25.90 54.40 26.40 45.10 26.90 39.90
20150902051601 1.589 25.90 54.30 26.40 45.00 26.90 39.90
20150902051701 1.588 25.80 54.30 26.40 45.10 26.90 40.00
20150902051801 4.122 25.80 54.30 26.40 45.00 26.90 40.00
20150902051902 1.588 25.80 54.50 26.40 45.10 26.90 40.00
20150902052002 4.120 25.80 54.40 26.40 45.00 26.90 40.00
20150902052101 1.589 25.80 54.50 26.40 45.10 26.90 39.90
20150902052201 1.591 25.80 54.30 26.40 45.00 26.90 40.00
20150902052301 9.187 25.80 54.40 26.40 45.00 26.90 40.00
20150902052401 1.588 25.80 54.40 26.30 45.00 26.90 40.00
20150902052501 4.119 25.80 54.20 26.30 45.00 26.90 40.00
20150902052602 9.177 25.80 54.40 26.30 45.00 26.80 40.00
20150902052701 4.117 25.80 54.30 26.30 45.00 26.90 40.20
20150902052802 6.647 25.80 54.50 26.30 45.00 26.80 40.20
20150902052901 4.119 25.80 54.50 26.30 45.00 26.90 40.20
20150902053002 1.589 25.80 54.40 26.30 45.00 26.80 40.10
20150902053102 1.588 25.80 54.40 26.30 45.00 26.80 40.20
20150902053202 1.588 25.80 54.40 26.30 45.00 26.80 40.10
20150902053302 4.119 25.80 54.60 26.30 45.00 26.80 40.30
20150902053401 4.119 25.80 54.70 26.30 45.00 26.80 40.30
20150902053502 4.120 25.80 54.70 26.30 45.00 26.80 40.20
20150902053601 1.591 25.80 54.70 26.30 45.00 26.90 40.40
20150902053701 4.119 25.80 55.00 26.30 45.00 26.90 40.40
20150902053801 4.122 25.80 54.90 26.30 44.90 26.80 40.50
20150902053902 6.652 25.80 54.80 26.30 45.00 26.80 40.40
20150902054001 4.119 25.70 54.80 26.30 44.90 26.80 40.40
20150902054102 4.117 25.70 54.70 26.30 44.90 26.80 40.40
20150902054201 1.593 25.70 54.70 26.20 44.90 26.80 40.40
20150902054301 1.588 25.70 54.90 26.20 44.90 26.80 40.60
20150902054401 1.588 25.70 54.90 26.30 44.90 26.80 40.50
20150902054501 1.588 25.70 54.80 26.20 44.90 26.80 40.60
20150902054601 1.588 25.80 54.90 26.20 45.00 26.80 40.60
20150902054701 1.588 25.80 54.70 26.20 45.00 26.80 40.50
20150902054801 6.645 25.70 54.70 26.20 45.00 26.80 40.70
20150902054902 4.122 25.70 54.70 26.20 44.90 26.80 40.70
20150902055001 1.589 25.70 54.90 26.20 45.00 26.80 40.60
20150902055101 1.588 25.70 54.70 26.20 44.90 26.80 40.50
20150902055201 4.117 25.70 54.90 26.20 44.90 26.80 40.70
20150902055302 1.593 25.70 54.80 26.20 44.90 26.70 40.80
20150902055402 6.658 25.70 54.60 26.20 44.90 26.80 40.60
20150902055502 1.589 25.70 54.70 26.20 44.90 26.80 40.70
20150902055601 1.588 25.70 54.60 26.20 44.90 26.70 40.60
20150902055701 6.643 25.70 54.50 26.20 44.90 26.80 40.50
20150902055801 4.116 25.70 54.50 26.10 44.90 26.80 40.40
20150902055902 1.590 25.70 54.50 26.10 44.90 26.70 40.30
20150902060002 1.588 25.70 54.20 26.10 44.90 26.70 40.20
20150902060102 4.119 25.70 54.10 26.10 44.90 26.70 40.10
20150902060201 1.588 25.70 54.20 26.10 44.90 26.70 40.10
20150902060301 4.117 25.50 69.60 26.10 49.70 26.70 40.20
20150902060401 1.589 25.50 69.50 26.10 56.30 26.70 40.20
20150902060501 1.591 25.50 75.40 26.10 61.30 26.70 40.20
20150902060601 4.125 25.50 78.90 26.10 64.80 26.70 40.50
20150902060702 1.604 25.40 82.00 26.10 66.60 26.70 40.50
20150902060802 4.120 25.40 85.90 26.10 68.10 26.70 40.10
20150902060902 4.118 25.40 84.90 26.10 67.70 26.70 40.00
20150902061002 9.177 25.40 62.20 26.10 58.60 26.70 40.00
20150902061101 1.599 25.50 62.00 26.10 54.30 26.70 40.10
20150902061202 1.589 25.50 59.90 26.10 51.10 26.70 39.80
20150902061302 4.120 25.50 58.60 26.10 49.80 26.60 39.70
20150902061401 1.588 25.50 58.00 26.10 49.00 26.60 39.70
20150902061501 6.651 25.50 57.40 26.10 48.20 26.60 39.70
20150902061602 1.590 25.50 57.00 26.00 48.10 26.60 39.80
20150902061702 1.589 25.50 56.80 26.00 47.80 26.60 39.80
20150902061802 1.588 25.50 56.70 26.00 47.60 26.60 39.90
20150902061902 1.588 25.50 56.60 26.00 47.50 26.60 39.80
20150902062002 4.117 25.50 56.50 26.00 47.20 26.60 39.90
20150902062101 1.589 25.50 56.40 26.00 47.20 26.60 39.80
20150902062201 1.589 25.50 56.10 26.00 47.10 26.60 39.80
20150902062301 1.589 25.50 56.20 26.00 47.10 26.60 39.80
20150902062401 1.589 25.50 56.00 26.00 47.00 26.60 39.80
20150902062502 1.593 25.50 55.90 26.00 46.90 26.60 39.70
20150902062602 4.128 25.50 55.50 26.00 46.90 26.50 39.80
20150902062702 4.118 25.50 55.20 26.00 46.80 26.50 40.10
20150902062801 4.120 25.50 56.10 26.00 46.80 26.60 40.00
20150902062901 4.117 25.50 56.10 25.90 46.30 26.50 39.90
20150902063001 4.120 25.50 55.40 26.00 46.70 26.40 39.50
20150902063101 4.120 25.40 54.70 25.90 46.20 26.50 39.50
20150902063202 6.648 25.40 54.50 25.90 46.10 26.40 39.60
20150902063302 1.588 25.40 54.60 25.90 46.10 26.40 39.60
20150902063402 1.588 25.40 54.60 25.90 46.00 26.40 39.60
20150902063502 6.647 25.40 55.00 25.90 45.90 26.30 39.70
20150902063601 1.588 25.40 54.50 25.90 45.90 26.30 39.70
20150902063701 4.117 25.40 54.40 25.90 45.90 26.30 39.80
20150902063802 1.591 25.40 54.20 25.90 45.90 26.30 39.80
20150902063902 6.646 25.40 54.40 25.90 45.80 26.30 39.80
20150902064001 1.589 25.40 54.30 25.90 45.80 26.30 39.90
20150902064101 1.590 25.40 54.20 25.90 45.80 26.30 39.90
20150902064201 1.592 25.40 54.30 25.90 45.70 26.20 40.00
20150902064301 1.590 25.30 54.40 25.90 45.70 26.20 40.00
20150902064401 1.588 25.30 54.10 25.80 45.70 26.20 40.00
20150902064501 1.589 25.30 54.20 25.90 45.60 26.20 40.10
20150902064601 1.589 25.30 54.30 25.80 45.60 26.20 40.20
20150902064701 1.591 25.30 54.40 25.80 45.60 26.20 40.20
20150902064801 1.588 25.30 54.50 25.80 45.60 26.20 40.30
20150902064901 4.117 25.30 54.50 25.80 45.60 26.10 40.40
20150902065001 1.591 25.30 54.60 25.80 45.60 26.10 40.80
20150902065101 1.588 25.30 55.10 25.80 45.60 26.00 42.00
20150902065201 1.588 25.30 55.40 25.80 45.70 26.00 43.40
20150902065301 4.116 25.20 54.90 25.80 45.60 26.00 42.00
20150902065402 1.589 25.20 54.90 25.70 45.70 26.00 42.20
20150902065502 1.588 25.20 54.20 25.80 46.00 26.00 42.20
20150902065602 1.592 25.20 54.40 25.70 46.00 26.00 43.80
20150902065702 9.200 25.20 54.50 25.70 45.90 25.90 41.60
20150902065801 1.589 25.20 54.50 25.70 45.90 25.90 42.00
20150902065901 1.600 25.20 54.50 25.70 45.90 26.00 43.80
20150902070002 1.589 25.20 54.60 25.70 45.90 25.90 42.40
20150902070102 1.590 25.20 54.60 25.70 45.90 25.90 42.00
20150902070202 1.598 25.20 54.60 25.70 45.80 25.90 42.10
20150902070302 1.596 25.20 54.70 25.70 45.80 25.90 43.00
20150902070402 1.589 25.10 54.90 25.60 45.70 25.90 42.00
20150902070502 4.119 25.20 55.20 25.60 45.70 25.90 43.00
20150902070601 1.588 25.20 55.00 25.60 45.70 25.90 42.90
20150902070701 1.589 25.10 55.10 25.70 45.60 25.90 42.90
20150902070801 1.588 25.10 55.20 25.60 45.60 25.80 42.60
20150902070902 1.589 25.10 54.90 25.60 45.60 25.80 41.70
20150902071002 1.598 25.10 54.90 25.60 45.50 25.80 41.80
20150902071101 4.117 25.10 55.00 25.60 45.50 25.80 41.90
20150902071202 1.588 25.10 55.50 25.60 45.40 25.90 42.10
20150902071302 4.117 25.00 55.40 25.60 45.40 25.80 42.70
20150902071401 4.120 25.10 55.40 25.60 45.40 25.80 42.60
20150902071502 9.174 25.00 55.40 25.50 45.40 25.80 41.60
20150902071601 4.121 25.00 55.30 25.50 45.40 25.80 42.60
20150902071701 4.125 25.00 55.70 25.50 45.40 25.80 43.00
20150902071802 1.595 25.00 55.70 25.50 45.40 25.70 42.00
20150902071902 4.130 25.00 55.40 25.50 45.40 25.80 42.20
20150902072001 4.141 25.00 55.30 25.50 45.40 25.80 43.00
20150902072101 1.589 25.00 55.50 25.50 45.40 25.80 42.30
20150902072201 1.591 25.00 55.70 25.50 45.40 25.80 42.40
20150902072301 4.117 25.00 55.60 25.50 45.40 25.80 30.00
20150902072402 6.647 25.00 55.40 25.50 45.40 25.70 42.00
20150902072501 6.654 25.00 55.30 25.50 45.40 25.70 43.00
20150902072601 1.589 24.90 55.30 25.50 45.50 25.70 43.30
20150902072701 1.589 25.00 55.70 25.40 45.60 25.70 41.90
20150902072801 1.591 25.00 55.50 25.40 45.50 25.70 43.00
20150902072901 1.589 24.90 55.30 25.40 45.50 25.70 42.40
20150902073001 1.589 24.90 55.20 25.40 45.50 25.70 43.00
20150902073102 6.650 24.90 55.60 25.40 45.50 25.70 42.10
20150902073201 6.660 24.90 55.40 25.40 45.50 25.70 42.40
20150902073301 1.589 24.90 55.40 25.40 45.40 25.70 42.50
20150902073401 1.596 24.90 55.00 25.40 45.40 25.70 42.00
20150902073501 1.589 24.90 55.20 25.40 45.50 25.70 42.90
20150902073601 1.588 24.90 55.40 25.40 45.40 25.70 41.30
20150902073701 4.119 24.90 55.30 25.40 45.40 25.60 41.80
20150902073801 1.590 24.80 54.70 25.40 45.30 25.60 42.30
20150902073902 4.117 24.90 55.30 25.30 45.40 25.70 42.10
20150902074001 4.117 24.80 55.30 25.30 45.40 25.70 41.80
20150902074102 4.121 24.80 55.60 25.40 45.50 25.70 41.70
20150902074202 1.589 24.80 55.60 25.30 45.50 25.70 42.00
20150902074302 4.130 24.80 55.20 25.30 45.60 25.60 41.80
20150902074401 6.649 24.80 55.50 25.40 45.80 25.60 41.70
20150902074502 4.122 24.80 55.10 25.30 45.80 25.60 42.30
20150902074601 4.127 24.80 54.80 25.40 46.30 25.50 42.30
20150902074701 1.589 24.80 55.20 25.40 46.20 25.50 42.30
20150902074801 1.590 24.80 55.60 25.40 46.40 25.50 41.70
20150902074901 4.120 24.80 55.20 25.40 46.70 25.50 42.20
20150902075002 1.591 24.80 55.10 25.50 47.00 25.40 41.90
20150902075101 4.118 24.80 54.70 25.50 47.30 25.50 42.30
20150902075202 4.118 24.80 55.30 25.50 47.70 25.40 42.30
20150902075301 4.120 24.80 55.30 25.60 48.40 25.50 41.80
20150902075402 6.661 24.80 54.60 25.60 48.70 25.40 41.50
20150902075501 4.123 24.70 54.60 25.70 49.00 25.40 42.10
20150902075602 1.589 24.70 54.80 25.60 49.00 25.40 41.70
20150902075702 4.118 24.70 55.50 25.70 49.20 25.40 41.70
20150902075801 4.117 24.70 55.20 25.80 49.40 25.40 41.70
20150902075902 1.590 24.70 55.30 25.80 49.60 25.40 41.70
20150902080001 4.118 24.70 55.00 25.90 49.70 25.40 41.60
20150902080101 6.648 24.70 55.00 26.00 50.50 25.50 41.90
20150902080202 1.590 24.70 55.00 26.00 50.50 25.50 41.50
20150902080302 1.589 24.70 54.90 26.00 50.70 25.40 41.80
20150902080402 4.118 24.70 54.90 26.10 51.10 25.40 41.60
20150902080501 1.604 24.70 54.80 26.10 51.10 25.30 41.70
20150902080601 1.591 24.70 54.80 26.10 51.50 25.40 41.80
20150902080701 4.117 24.70 55.10 26.20 51.80 25.30 41.60
20150902080802 4.128 24.60 54.90 26.20 51.70 25.30 41.70
20150902080902 6.650 24.60 54.70 26.30 52.20 25.30 41.70
20150902081002 1.589 24.60 54.80 26.30 52.30 25.30 41.70
20150902081102 1.589 24.60 54.90 26.30 52.20 25.30 41.70
20150902081202 6.647 24.60 54.80 26.40 52.20 25.30 41.80
20150902081301 1.589 24.60 55.00 26.40 52.50 25.30 41.80
20150902081401 1.588 24.60 55.10 26.40 52.00 25.30 41.60
20150902081501 9.181 24.60 54.90 26.50 52.50 25.40 41.20
20150902081601 1.594 24.60 55.10 26.50 52.50 25.30 41.20
20150902081701 4.124 24.60 55.50 26.50 52.40 25.40 41.20
20150902081802 1.598 24.60 55.60 26.50 52.40 25.40 41.20
20150902081902 4.117 24.60 55.50 26.50 52.30 25.40 41.60
20150902082001 6.659 24.60 55.60 26.60 52.40 25.50 41.70
20150902082102 6.644 24.60 55.60 26.60 52.00 25.50 41.60
20150902082202 1.588 24.60 56.00 26.60 52.00 25.80 41.30
20150902082302 6.647 24.50 54.70 26.70 51.20 25.70 40.70
20150902082402 4.122 24.50 54.60 26.70 51.20 25.60 40.70
20150902082501 4.122 24.60 55.30 26.70 50.70 25.60 40.70
20150902082602 1.588 24.60 55.30 26.70 50.70 25.70 42.40
20150902082701 1.588 24.60 55.70 26.70 50.50 25.70 40.90
20150902082802 1.613 24.50 56.10 26.70 50.10 25.60 40.90
20150902082902 6.648 24.60 55.50 26.70 49.90 25.50 41.50
20150902083002 4.117 24.50 55.50 26.70 49.70 25.50 41.20
20150902083101 6.649 24.50 55.80 26.70 49.50 25.50 41.40
20150902083201 1.590 24.60 55.90 26.60 49.30 25.60 41.40
20150902083302 1.589 24.50 56.00 26.60 49.10 25.50 41.10
20150902083402 9.173 24.50 56.30 26.60 48.90 25.60 41.00
20150902083501 1.589 24.50 56.30 26.60 48.80 25.60 41.00
20150902083601 1.588 24.50 56.60 26.60 48.70 25.60 41.10
20150902083701 4.120 24.50 57.60 26.60 48.70 25.60 41.10
20150902083801 4.121 24.60 57.10 26.60 48.40 25.60 41.00
20150902083903 6.661 24.60 57.00 26.50 48.30 25.60 41.00
20150902084002 1.593 24.60 57.40 26.50 48.30 25.70 40.90
20150902084102 4.140 24.60 58.00 26.50 48.20 25.60 41.00
20150902084201 1.588 24.60 56.90 26.50 48.20 25.60 41.20
20150902084301 4.121 24.50 56.60 26.50 48.10 25.60 41.10
20150902084401 1.589 24.60 57.00 26.40 48.10 25.60 41.10
20150902084501 1.589 24.50 57.00 26.40 48.00 25.60 41.00
20150902084601 6.650 24.50 57.00 26.40 48.20 25.70 41.10
20150902084701 4.117 24.60 57.10 26.40 48.00 25.70 41.10
20150902084802 1.588 24.60 56.80 26.40 48.00 25.70 41.50
20150902084902 6.648 24.60 57.20 26.30 48.10 25.70 41.20
20150902085002 9.175 24.60 57.10 26.30 48.30 25.80 40.90
20150902085102 6.646 24.60 56.60 26.30 48.30 25.80 40.80
20150902085202 4.120 24.60 56.60 26.30 48.50 25.80 40.80
20150902085301 1.588 24.60 56.90 26.30 48.50 25.80 40.80
20150902085401 6.646 24.60 57.30 26.30 48.60 25.80 40.70
20150902085501 4.117 24.60 57.30 26.30 48.60 25.80 40.80
20150902085602 1.588 24.60 57.50 26.30 48.80 25.80 40.80
20150902085701 1.589 24.60 57.40 26.20 48.90 25.80 40.80
20150902085801 6.649 24.60 57.50 26.20 49.10 25.90 40.70
20150902085901 4.120 24.60 57.60 26.20 49.20 25.80 40.70
20150902090002 4.117 24.60 57.60 26.20 49.50 25.90 41.20
20150902090101 4.127 24.60 57.90 26.20 49.60 25.90 41.20
20150902090201 1.588 24.60 57.90 26.20 49.70 25.90 40.90
20150902090301 1.590 24.60 59.00 26.20 54.30 25.90 40.80
20150902090401 1.588 24.60 71.10 26.20 57.90 25.90 40.70
20150902090501 1.589 24.50 75.70 26.20 59.70 25.90 40.70
20150902090601 1.589 24.50 78.10 26.20 60.90 25.90 40.70
20150902090701 4.117 24.50 80.50 26.20 62.60 26.00 43.00
20150902090801 4.121 24.50 83.40 26.20 62.60 26.00 42.90
20150902090902 1.588 24.50 81.30 26.10 62.40 26.00 41.30
20150902091002 4.121 24.60 66.30 26.20 59.50 26.00 41.30
20150902091102 4.117 24.60 66.10 26.20 57.70 26.00 41.40
20150902091201 4.117 24.60 64.70 26.10 56.40 26.00 41.40
20150902091301 6.648 24.60 63.20 26.10 55.90 26.00 41.20
20150902091401 1.591 24.60 62.60 26.10 55.90 26.00 41.30
20150902091501 1.589 24.60 61.90 26.10 55.50 26.00 41.30
20150902091601 1.590 24.70 61.70 26.10 55.10 26.00 41.30
20150902091701 1.588 24.70 62.80 26.10 54.90 26.00 41.20
20150902091801 1.591 24.70 61.20 26.10 54.70 26.00 41.30
20150902091901 1.588 24.70 60.90 26.10 54.60 26.00 41.40
20150902092001 4.117 24.70 60.80 26.10 54.50 26.00 41.20
20150902092102 4.119 24.70 61.30 26.00 54.30 26.00 41.20
20150902092201 1.588 24.70 60.90 26.10 54.20 26.00 41.20
20150902092302 4.119 24.70 60.40 26.10 54.00 26.00 41.20
20150902092401 4.116 24.70 60.30 26.10 54.00 26.00 41.30
20150902092502 1.596 24.70 60.20 26.10 53.90 26.00 41.30
20150902092602 1.591 24.70 60.20 26.00 53.90 26.00 41.30
20150902092702 1.590 24.80 59.80 26.10 53.90 26.00 41.50
20150902092802 1.588 24.80 60.10 26.10 53.90 26.10 41.40
20150902092902 1.589 24.80 60.20 26.10 53.90 26.10 41.50
20150902093002 4.117 24.80 59.10 26.00 53.90 26.10 41.50
20150902093101 1.589 24.80 59.30 26.00 53.70 26.00 41.50
20150902093201 4.122 24.80 59.70 26.00 53.60 26.10 41.80
20150902093301 1.588 24.80 60.00 26.00 53.70 26.10 41.90
20150902093401 4.116 24.80 60.10 26.00 53.70 26.10 41.60
20150902093502 1.588 24.80 60.00 26.00 53.70 26.10 41.70
20150902093602 9.176 24.80 60.40 26.00 53.50 26.10 42.00
20150902093701 1.588 24.80 61.40 26.00 53.60 26.10 41.50
20150902093801 4.119 24.80 60.40 26.10 53.50 26.10 41.50
20150902093902 4.117 24.80 60.50 26.00 53.40 26.10 41.30
20150902094001 4.119 24.90 60.50 26.00 53.40 26.10 41.20
20150902094102 1.588 24.90 60.50 26.10 53.40 26.10 41.20
20150902094201 9.178 24.90 60.50 26.00 53.40 26.20 41.30
20150902094302 4.131 24.90 60.50 26.10 53.40 26.20 41.00
20150902094401 1.608 24.90 61.00 26.10 53.30 26.20 41.00
20150902094501 1.589 24.90 61.20 26.10 53.50 26.20 40.80
20150902094602 4.125 24.90 61.20 26.10 53.20 26.20 40.80
20150902094701 4.119 24.90 61.20 26.10 53.00 26.30 40.80
20150902094802 6.645 25.00 61.30 26.10 53.20 26.30 40.90
20150902094901 1.588 25.00 61.40 26.10 53.00 26.30 40.90
20150902095001 4.117 25.00 61.50 26.10 52.90 26.30 40.90
20150902095102 1.588 25.00 61.40 26.10 52.80 26.30 40.90
20150902095202 4.117 25.00 61.10 26.10 52.80 26.30 40.90
20150902095301 1.588 25.00 60.60 26.10 52.80 26.30 40.90
20150902095401 6.644 25.00 60.60 26.20 52.80 26.30 40.80
20150902095502 4.117 25.00 60.30 26.10 52.80 26.30 40.80
20150902095601 6.648 25.00 60.20 26.10 52.90 26.40 40.70
20150902095701 1.588 25.00 60.40 26.10 52.90 26.30 40.70
20150902095801 1.588 25.00 60.40 26.10 52.80 26.40 40.60
20150902095901 1.588 25.00 60.40 26.10 52.70 26.40 40.50
20150902100001 6.648 25.10 61.30 26.20 52.60 26.40 40.40
20150902100101 1.588 25.10 61.30 26.20 52.60 26.40 40.40
20150902100201 1.589 25.10 60.80 26.20 52.50 26.40 40.50
20150902100302 4.117 25.10 60.20 26.20 52.50 26.40 40.30
20150902100401 1.591 25.10 60.20 26.20 52.40 26.40 40.30
20150902100502 4.118 25.10 60.00 26.20 52.40 26.40 40.40
20150902100601 1.589 25.10 60.00 26.20 52.40 26.40 40.20
20150902100701 4.117 25.10 60.10 26.20 52.40 26.30 39.80
20150902100802 1.591 25.20 58.30 26.20 52.40 26.30 39.80
20150902100902 1.589 25.10 58.40 26.20 52.50 26.30 40.20
20150902101001 1.592 25.20 58.70 26.20 52.50 26.30 39.80
20150902101101 1.588 25.20 58.30 26.20 52.50 26.30 39.90
20150902101201 1.588 25.20 58.00 26.20 52.50 26.30 39.90
20150902101301 1.590 25.20 58.00 26.20 52.50 26.30 40.00
20150902101401 4.116 25.20 58.00 26.20 52.50 26.30 39.90
20150902101502 6.645 25.20 58.00 26.20 52.50 26.30 39.90
20150902101601 6.648 25.10 58.00 26.20 52.50 26.30 40.10
20150902101701 1.593 25.20 58.80 26.20 52.50 26.30 39.90
20150902101801 4.120 25.20 59.10 26.20 52.70 26.30 39.90
20150902101902 4.117 25.20 57.70 26.20 52.60 26.30 40.00
20150902102001 6.646 25.20 57.10 26.30 52.70 26.20 39.90
20150902102101 6.650 25.20 57.00 26.30 52.60 26.30 40.00
20150902102202 14.230 25.20 57.90 26.20 52.60 26.20 40.40
20150902102301 4.121 25.20 57.70 26.30 52.60 26.20 40.40
20150902102401 1.590 25.20 57.60 26.20 52.60 26.20 39.90
20150902102501 1.588 25.20 58.50 26.30 52.60 26.30 40.00
20150902102601 4.129 25.20 59.10 26.20 52.70 26.30 39.90
20150902102702 1.599 25.20 59.20 26.30 52.70 26.40 39.90
20150902102802 1.589 25.20 59.00 26.30 52.70 26.40 39.90
20150902102901 1.589 25.20 59.80 26.30 52.60 26.40 39.90
20150902103001 1.589 25.20 59.70 26.30 52.50 26.40 40.10
20150902103101 4.126 25.20 59.70 26.30 52.50 26.50 40.20
20150902103201 1.589 25.20 60.00 26.30 52.50 26.50 39.80
20150902103301 4.117 25.30 59.70 26.30 52.40 26.50 40.10
20150902103402 4.123 25.30 59.70 26.30 52.40 26.50 39.90
20150902103501 4.120 25.30 59.60 26.30 52.40 26.60 39.80
20150902103601 1.588 25.30 59.60 26.40 52.60 26.50 40.00
20150902103701 4.120 25.30 59.80 26.30 52.50 26.60 39.80
20150902103802 6.651 25.30 59.90 26.40 52.50 26.50 39.90
20150902103901 9.176 25.30 59.80 26.30 52.50 26.60 40.50
20150902104001 1.588 25.30 60.00 26.40 52.60 26.60 40.40
20150902104101 1.589 25.40 60.30 26.40 52.60 26.60 40.20
20150902104201 4.117 25.40 59.90 26.40 52.40 26.60 40.00
20150902104301 1.589 25.40 60.50 26.40 52.40 26.70 40.10
20150902104401 9.177 25.40 60.70 26.40 52.30 26.70 40.20
20150902104502 1.588 25.40 60.80 26.40 52.40 26.70 40.20
20150902104602 1.590 25.40 60.30 26.40 52.40 26.70 40.40
20150902104702 9.179 25.40 61.00 26.40 52.40 26.70 40.10
20150902104801 1.589 25.40 60.90 26.40 52.30 26.70 40.10
20150902104901 1.589 25.50 60.60 26.40 52.40 26.70 40.20
20150902105002 1.588 25.50 60.50 26.50 52.20 26.70 40.00
20150902105102 6.651 25.50 60.40 26.40 52.20 26.70 40.00
20150902105202 1.588 25.50 60.40 26.50 52.30 26.70 39.90
20150902105302 1.589 25.50 59.60 26.50 52.20 26.70 39.80
20150902105402 1.589 25.50 59.70 26.50 52.30 26.70 39.90
20150902105502 4.117 25.50 60.20 26.50 52.30 26.70 39.80
20150902105601 4.120 25.50 60.20 26.50 52.30 26.70 39.90
20150902105701 1.588 25.50 60.00 26.50 52.30 26.70 39.90
20150902105801 4.121 25.50 60.40 26.50 52.30 26.80 39.70
20150902105902 4.117 25.50 60.50 26.50 52.40 26.80 39.80
20150902110001 1.588 25.50 60.90 26.50 52.80 26.80 39.80
20150902110102 1.591 25.60 60.90 26.50 52.70 26.80 39.80
20150902110202 1.589 25.60 60.90 26.50 52.60 26.90 39.80
20150902110302 1.589 25.60 60.90 26.50 52.60 26.90 39.80
20150902110402 1.588 25.60 60.80 26.60 52.60 26.90 39.80
20150902110502 4.118 25.60 61.10 26.60 52.50 27.00 40.10
20150902110601 1.590 25.60 61.30 26.60 52.60 27.00 40.10
20150902110701 4.116 25.60 61.40 26.60 52.60 27.00 40.00
20150902110801 4.119 25.60 61.50 26.60 52.60 27.00 40.00
20150902110901 1.588 25.70 61.30 26.60 52.60 27.10 40.00
20150902111001 1.592 25.70 61.50 26.60 52.60 27.10 40.10
20150902111102 1.590 25.70 61.50 26.60 52.60 27.10 40.00
20150902111202 4.117 25.70 61.10 26.60 52.60 27.10 39.80
20150902111301 6.645 25.70 61.80 26.60 53.50 27.10 39.80
20150902111401 4.118 25.70 61.80 26.70 53.60 27.20 39.80
20150902111501 4.120 25.70 61.50 26.70 53.40 27.10 39.90
20150902111602 1.588 25.70 61.70 26.70 53.40 27.20 39.90
20150902111702 1.598 25.70 61.80 26.70 53.30 27.20 40.00
20150902111802 4.119 25.80 61.70 26.70 53.30 27.20 39.80
20150902111901 1.598 25.80 61.20 26.70 53.30 27.20 39.70
20150902112001 1.589 25.80 61.70 26.70 53.80 27.30 39.90
20150902112101 1.588 25.80 62.00 26.70 54.10 27.30 39.80
20150902112201 1.588 25.80 61.70 26.70 54.00 27.30 40.00
20150902112301 1.588 25.80 61.80 26.70 54.00 27.30 39.80
20150902112401 1.588 25.80 61.70 26.70 53.80 27.30 40.00
20150902112502 4.122 25.80 61.90 26.80 53.80 27.30 39.90
20150902112601 6.645 25.80 61.50 26.80 53.70 27.30 40.00
20150902112701 1.588 25.80 61.60 26.80 53.70 27.30 40.00
20150902112801 6.655 25.90 61.60 26.80 53.60 27.30 39.80
20150902112901 1.588 25.90 61.60 26.80 53.50 27.30 39.90
20150902113002 6.645 25.90 61.90 26.80 53.40 27.40 39.80
20150902113102 1.589 25.90 61.70 26.80 53.40 27.30 39.80
20150902113202 4.120 25.90 61.50 26.80 53.40 27.40 40.00
20150902113301 4.117 25.90 61.60 26.80 53.40 27.40 39.90
20150902113402 1.590 25.90 61.70 26.90 53.40 27.40 39.70
20150902113502 1.588 25.90 61.80 26.90 53.30 27.40 39.80
20150902113602 1.589 25.90 61.50 26.90 53.30 27.40 39.80
20150902113702 4.117 26.00 62.00 26.90 53.30 27.40 39.80
20150902113801 4.116 26.00 62.50 26.90 53.20 27.50 39.60
20150902113902 1.599 26.00 62.50 26.90 53.20 27.40 39.60
20150902114002 1.589 26.00 62.50 26.90 53.20 27.40 39.50
20150902114102 1.590 26.00 62.40 26.90 53.10 27.50 39.70
20150902114202 4.120 26.00 62.10 26.90 53.20 27.50 39.60
20150902114301 1.588 26.00 62.20 26.90 53.20 27.60 39.60
20150902114401 1.591 26.00 62.40 26.90 53.10 27.50 39.40
20150902114501 1.588 26.00 61.80 27.00 53.70 27.60 38.80
20150902114602 1.588 26.10 62.60 27.00 53.70 27.60 38.90
20150902114702 6.651 26.10 62.40 27.00 53.60 27.60 39.00
20150902114802 4.125 26.10 62.50 27.00 53.50 27.60 39.00
20150902114901 1.597 26.10 62.30 27.00 53.40 27.60 39.10
20150902115001 4.117 26.10 62.30 27.00 53.50 27.60 39.10
20150902115101 4.118 26.10 62.40 27.00 53.50 27.70 38.80
20150902115202 6.651 26.10 62.40 27.10 53.60 27.70 38.80
20150902115302 1.599 26.10 62.40 27.10 54.00 27.70 38.70
20150902115402 4.129 26.20 62.60 27.10 54.30 27.70 38.90
20150902115501 1.589 26.20 62.50 27.10 53.90 27.80 38.70
20150902115601 1.591 26.20 62.60 27.10 53.90 27.80 38.70
20150902115701 4.119 26.20 62.30 27.10 54.50 27.80 38.10
20150902115801 1.588 26.20 62.40 27.10 54.50 27.80 38.20
20150902115901 1.588 26.20 62.40 27.10 54.50 27.80 38.30
20150902120001 1.589 26.20 62.20 27.10 54.50 27.80 38.30
20150902120101 1.588 26.20 62.50 27.10 54.40 27.80 38.10
20150902120201 1.588 26.20 61.60 27.10 54.40 27.90 38.00
20150902120301 1.590 26.20 64.30 27.20 57.30 27.90 38.10
20150902120401 4.117 26.10 74.90 27.20 60.00 27.90 37.70
20150902120502 4.131 26.10 75.30 27.20 62.40 27.90 38.20
20150902120601 9.183 26.10 78.50 27.20 65.30 27.90 38.30
20150902120701 1.588 26.10 78.80 27.20 65.30 27.80 38.30
20150902120801 1.588 26.20 80.90 27.20 66.20 27.90 38.50
20150902120902 1.588 26.20 81.90 27.30 65.20 27.90 38.50
20150902121002 6.648 26.20 68.40 27.30 62.00 27.90 38.40
20150902121102 1.588 26.20 68.20 27.30 60.50 27.90 38.40
20150902121202 4.120 26.30 68.30 27.30 59.70 28.00 37.90
20150902121301 1.589 26.30 70.00 27.30 59.30 28.00 37.80
20150902121401 4.117 26.30 70.00 27.30 59.00 28.10 37.20
20150902121501 4.117 26.40 69.00 27.30 58.60 28.10 37.10
20150902121602 9.179 26.40 68.30 27.30 58.40 28.10 37.20
20150902121702 1.589 26.40 68.20 27.30 58.10 28.10 37.30
20150902121802 4.127 26.40 67.00 27.40 58.00 28.10 38.00
20150902121901 1.598 26.40 67.70 27.30 57.70 28.10 38.00
20150902122002 1.590 26.40 66.50 27.40 57.50 28.10 39.10
20150902122102 4.117 26.40 66.40 27.40 57.40 28.10 39.00
20150902122201 1.588 26.40 66.80 27.40 57.30 28.10 38.80
20150902122301 1.588 26.40 66.50 27.40 57.10 28.10 38.90
20150902122401 4.121 26.40 66.50 27.40 56.90 28.10 38.50
20150902122501 4.115 26.50 66.10 27.40 56.90 28.20 38.80
20150902122601 4.117 26.50 66.10 27.40 56.90 28.20 38.50
20150902122702 4.120 26.50 66.10 27.40 56.90 28.20 38.20
20150902122801 9.180 26.50 65.90 27.40 56.90 28.20 38.40
20150902122901 4.126 26.50 66.00 27.40 56.80 28.30 37.90
20150902123002 4.120 26.50 66.00 27.40 56.80 28.30 38.00
20150902123101 1.599 26.50 65.70 27.50 56.70 28.30 38.00
20150902123202 1.602 26.50 66.00 27.50 56.70 28.30 37.50
20150902123302 1.589 26.60 66.10 27.50 56.70 28.30 37.60
20150902123402 6.655 26.60 66.00 27.50 56.60 28.40 37.40
20150902123501 4.140 26.60 66.20 27.50 56.60 28.30 37.40
20150902123602 1.589 26.60 65.80 27.50 56.60 28.40 37.70
20150902123702 1.599 26.60 65.90 27.50 56.60 28.40 37.40
20150902123801 1.591 26.60 65.60 27.50 56.50 28.40 37.60
20150902123901 4.125 26.60 65.90 27.50 56.40 28.40 37.00
20150902124002 1.588 26.70 65.80 27.50 56.50 28.40 37.00
20150902124101 1.589 26.70 65.70 27.60 56.40 28.40 37.00
20150902124201 4.117 26.70 65.80 27.60 56.30 28.50 36.80
20150902124302 1.588 26.70 66.00 27.60 56.40 28.50 36.80
20150902124401 1.588 26.70 65.60 27.60 56.30 28.50 36.80
20150902124501 1.588 26.70 65.80 27.60 56.50 28.50 36.60
20150902124601 4.118 26.70 65.70 27.70 58.20 28.50 36.30
20150902124702 4.117 26.70 64.60 27.70 58.10 28.50 36.80
20150902124802 6.649 26.80 65.10 27.70 57.80 28.50 36.90
20150902124902 4.128 26.80 65.10 27.70 58.70 28.50 36.90
20150902125002 1.591 26.80 65.10 27.70 58.10 28.50 37.20
20150902125102 1.588 26.80 64.90 27.80 57.90 28.50 37.10
20150902125202 1.588 26.80 64.90 27.80 57.30 28.60 37.10
20150902125302 1.589 26.80 64.70 27.80 57.10 28.60 37.10
20150902125402 1.589 26.80 64.70 27.80 57.00 28.50 37.10
20150902125501 4.119 26.80 64.50 27.80 59.40 28.50 37.10
20150902125602 1.608 26.80 64.40 27.80 59.80 28.50 37.10
20150902125701 1.589 26.80 64.60 27.80 57.80 28.50 37.30
20150902125801 4.120 26.80 64.40 27.80 57.20 28.60 36.90
20150902125902 1.590 26.80 64.40 27.90 56.40 28.60 36.80
20150902130002 1.588 26.80 64.20 27.90 57.60 28.60 36.80
20150902130102 4.117 26.90 64.20 27.90 56.80 28.60 36.10
20150902130201 4.122 26.80 64.40 27.90 56.70 28.60 36.00
20150902130301 6.650 26.90 63.80 27.90 56.30 28.60 36.00
20150902130401 1.589 26.90 63.70 28.00 56.90 28.60 35.90
20150902130501 4.121 26.90 64.30 28.00 56.50 28.70 35.90
20150902130602 1.588 26.90 64.20 28.00 56.50 28.70 35.60
20150902130701 1.588 26.90 64.00 28.10 56.30 28.70 36.00
20150902130801 1.590 26.90 64.00 28.00 56.60 28.70 35.60
20150902130902 1.591 26.90 63.80 28.10 56.60 28.70 34.90
20150902131001 4.117 26.90 63.90 28.10 57.10 28.80 34.80
20150902131102 1.588 27.00 64.70 28.10 56.80 28.80 34.80
20150902131202 1.597 26.90 64.10 28.10 56.70 28.80 34.90
20150902131302 1.589 26.90 63.90 28.10 56.60 28.80 34.90
20150902131402 1.588 26.90 64.10 28.10 56.70 28.80 34.90
20150902131501 6.655 27.00 64.10 28.10 56.60 28.80 35.30
20150902131601 1.588 27.00 64.40 28.10 56.60 28.80 35.20
20150902131701 4.117 27.00 64.70 28.10 56.50 28.80 34.90
20150902131802 6.653 27.00 63.90 28.10 56.50 28.80 34.90
20150902131901 4.119 27.00 64.40 28.20 56.40 28.80 34.90
20150902132001 1.589 27.00 64.40 28.20 56.40 28.90 34.80
20150902132102 1.590 27.00 64.20 28.20 56.30 28.90 34.90
20150902132202 1.588 27.00 64.60 28.20 56.20 28.90 34.90
20150902132302 1.589 27.00 63.00 28.20 56.20 28.90 34.50
20150902132401 1.588 27.00 64.50 28.20 56.20 28.90 34.50
20150902132501 1.589 27.00 64.30 28.20 56.00 28.90 34.60
20150902132601 1.589 27.00 63.90 28.20 56.10 28.90 34.00
20150902132701 1.589 27.10 64.40 28.20 56.00 28.90 34.60
20150902132801 1.589 27.10 64.20 28.20 56.00 28.90 34.00
20150902132901 1.588 27.10 64.40 28.20 56.00 29.00 34.90
20150902133001 4.118 27.10 63.90 28.20 55.90 29.00 34.90
20150902133101 1.589 27.10 63.90 28.20 55.80 29.00 34.90
20150902133201 4.128 27.10 63.90 28.20 55.70 29.00 34.80
20150902133302 4.118 27.10 63.60 28.20 55.70 29.00 34.80
20150902133401 1.593 27.10 63.50 28.30 55.50 29.00 34.80
20150902133501 4.117 27.10 63.60 28.30 55.40 29.00 34.80
20150902133602 1.589 27.20 63.60 28.30 55.30 29.00 34.50
20150902133702 1.591 27.10 62.80 28.30 55.30 29.10 33.60
20150902133802 1.590 27.10 63.40 28.30 55.20 29.10 33.50
20150902133901 6.651 27.20 63.60 28.30 55.10 29.20 33.70
20150902134002 4.141 27.20 63.40 28.30 55.00 29.20 33.70
20150902134101 4.116 27.20 64.00 28.30 55.00 29.10 33.80
20150902134202 1.589 27.20 63.70 28.40 55.00 29.20 33.80
20150902134302 1.588 27.20 62.50 28.40 54.90 29.20 33.70
20150902134402 4.130 27.20 63.50 28.40 55.00 29.20 33.70
20150902134501 1.588 27.30 63.60 28.40 55.00 29.20 33.80
20150902134602 4.117 27.20 63.00 28.40 55.00 29.20 33.70
20150902134701 1.588 27.20 63.10 28.40 54.90 29.20 33.90
20150902134801 4.119 27.20 62.80 28.40 55.00 29.20 33.70
20150902134901 9.174 27.30 63.20 28.40 54.90 29.20 33.70
20150902135002 4.122 27.30 63.20 28.40 54.90 29.20 33.70
20150902135101 1.588 27.30 63.10 28.40 55.00 29.20 33.50
20150902135201 1.589 27.30 62.80 28.50 55.00 29.20 33.60
20150902135301 1.591 27.30 62.80 28.50 54.80 29.20 33.70
20150902135401 11.709 27.30 63.40 28.50 54.80 29.20 33.50
20150902135502 4.126 27.30 61.80 28.40 54.70 29.30 33.20
20150902135601 1.588 27.30 62.80 28.50 54.50 29.20 33.10
20150902135701 4.120 27.30 61.30 28.50 54.40 29.30 32.80
20150902135801 4.127 27.30 62.10 28.50 54.40 29.30 32.90
20150902135902 1.598 27.30 62.80 28.50 54.10 29.30 32.80
20150902140002 4.120 27.30 61.40 28.50 54.00 29.30 32.00
20150902140102 1.591 27.40 60.80 28.50 54.00 29.30 31.90
20150902140202 6.651 27.30 62.50 28.50 54.00 29.30 32.30
20150902140301 1.591 27.40 62.50 28.50 54.00 29.30 32.00
20150902140401 1.588 27.40 62.80 28.50 53.60 29.40 29.80
20150902140501 1.599 27.40 60.50 28.50 53.40 29.50 30.30
20150902140602 4.127 27.40 61.10 28.60 53.50 29.50 30.20
20150902140701 1.599 27.40 59.40 28.50 53.50 29.50 30.40
20150902140801 9.175 27.40 61.80 28.60 53.50 29.50 30.70
20150902140902 1.589 27.40 62.00 28.60 53.50 29.50 30.70
20150902141001 1.599 27.40 60.70 28.60 53.60 29.50 30.70
20150902141102 1.590 27.40 62.30 28.60 53.40 29.40 30.80
20150902141202 4.117 27.50 61.50 28.60 53.50 29.50 30.70
20150902141301 4.137 27.50 61.10 28.60 53.30 29.50 30.70
20150902141401 4.118 27.50 61.30 28.60 53.40 29.50 30.70
20150902141502 6.648 27.50 61.40 28.60 53.30 29.50 30.70
20150902141602 1.588 27.50 61.60 28.60 53.10 29.50 30.80
20150902141702 1.589 27.50 60.50 28.60 53.10 29.50 30.70
20150902141801 6.650 27.50 60.40 28.70 53.10 29.50 30.70
20150902141901 1.588 27.50 60.50 28.60 53.00 29.50 30.60
20150902142001 6.648 27.50 61.10 28.60 53.10 29.50 30.00
20150902142101 4.120 27.50 61.10 28.70 53.00 29.50 30.00
20150902142202 4.127 27.50 61.50 28.70 52.80 29.50 30.00
20150902142301 4.117 27.60 60.60 28.70 52.90 29.50 29.30
20150902142402 4.121 27.50 61.70 28.70 52.70 29.60 29.30
20150902142502 4.121 27.60 61.30 28.70 52.80 29.50 29.30
20150902142601 4.127 27.60 61.80 28.70 52.70 29.60 29.40
20150902142701 4.117 27.60 60.60 28.70 52.70 29.50 29.30
20150902142801 4.117 27.60 58.80 28.80 52.80 29.50 29.40
20150902142902 1.590 27.60 59.10 28.70 53.10 29.60 29.50
20150902143002 4.120 27.60 60.50 28.80 53.10 29.60 29.40
20150902143102 1.588 27.60 60.50 28.70 52.80 29.60 29.40
20150902143202 1.592 27.60 61.30 28.80 52.70 29.60 29.00
20150902143302 4.129 27.60 59.90 28.80 52.90 29.70 29.00
20150902143402 4.131 27.60 60.70 28.80 52.90 29.70 29.10
20150902143501 4.130 27.70 61.20 28.80 52.80 29.70 29.20
20150902143601 1.588 27.70 60.40 28.80 52.70 29.70 28.90
20150902143701 1.588 27.70 60.10 28.80 52.90 29.60 29.10
20150902143801 1.588 27.70 60.30 28.80 52.90 29.70 28.90
20150902143902 1.588 27.70 61.20 28.80 52.60 29.70 27.00
20150902144002 4.135 27.70 60.40 28.80 51.60 29.80 27.50
20150902144102 1.588 27.70 59.60 28.80 51.50 29.90 25.90
20150902144202 9.182 27.70 56.50 28.80 50.70 30.00 26.90
20150902144301 1.588 27.70 56.70 28.80 50.80 30.00 25.90
20150902144402 4.120 27.70 59.10 28.90 50.70 30.00 26.90
20150902144501 1.602 27.80 59.10 28.80 50.60 30.00 26.80
20150902144601 6.658 27.80 58.60 28.90 50.60 29.90 27.00
20150902144702 4.117 27.80 58.70 28.90 50.90 29.90 27.00
20150902144801 1.607 27.80 58.60 28.90 51.00 29.80 27.40
20150902144901 4.130 27.80 58.80 28.90 51.10 29.80 27.10
20150902145002 4.118 27.80 58.00 28.90 51.20 29.80 27.30
20150902145101 4.120 27.80 58.10 28.90 51.30 29.90 27.40
20150902145202 1.599 27.80 58.90 28.90 51.30 29.80 27.40
20150902145302 1.589 27.80 57.30 28.90 51.10 29.80 26.10
20150902145402 1.589 27.80 58.90 29.00 51.10 29.90 26.90
20150902145502 9.180 27.90 59.30 29.00 51.20 29.90 27.20
20150902145601 4.129 27.80 58.80 28.90 50.90 29.90 27.20
20150902145701 4.116 27.80 59.00 29.00 51.50 29.90 27.40
20150902145802 1.588 27.90 59.00 29.00 51.50 29.90 27.30
20150902145902 4.117 27.90 58.50 29.00 51.20 29.90 27.30
20150902150001 4.120 27.90 58.30 29.00 51.00 29.80 27.20
20150902150102 4.116 27.90 57.80 29.00 51.20 29.80 27.20
20150902150201 1.588 27.90 58.20 29.00 51.10 29.90 27.10
20150902150301 1.589 27.90 60.50 29.00 52.60 29.90 27.10
20150902150401 4.117 27.70 74.40 29.00 56.30 29.90 27.00
20150902150501 1.596 27.70 74.30 29.00 58.60 29.80 27.00
20150902150601 1.591 27.70 76.00 29.00 60.60 29.90 26.90
20150902150701 1.589 27.70 76.60 29.00 62.80 29.90 27.00
20150902150801 9.176 27.70 81.30 29.00 64.10 29.90 27.10
20150902150902 4.129 27.70 79.40 29.10 61.80 29.90 27.20
20150902151002 1.589 27.80 69.70 29.00 61.70 29.90 27.30
20150902151102 1.588 27.80 69.00 29.00 60.00 30.00 27.20
20150902151202 1.591 27.80 66.50 29.00 59.00 30.00 27.40
20150902151302 6.645 27.90 65.20 29.00 58.30 29.90 27.20
20150902151402 1.588 27.90 65.30 29.10 57.70 30.00 27.60
20150902151502 9.177 27.90 64.00 29.10 57.40 29.90 27.20
20150902151601 1.591 27.90 63.60 29.10 56.70 30.00 27.70
20150902151702 6.650 27.90 62.90 29.10 56.60 29.90 27.40
20150902151802 9.202 27.90 63.30 29.10 56.40 29.90 27.30
20150902151902 1.589 27.90 61.30 29.10 56.10 29.90 27.30
20150902152002 1.588 27.90 62.00 29.10 56.20 30.00 27.70
20150902152102 4.117 28.00 63.40 29.10 56.00 30.00 27.80
20150902152201 1.589 27.90 62.70 29.10 55.50 30.00 27.30
20150902152302 1.588 28.00 63.30 29.10 55.40 30.10 27.20
20150902152402 4.125 27.90 62.50 29.10 55.30 30.10 28.40
20150902152501 1.589 28.00 61.60 29.10 55.00 30.10 28.30
20150902152601 1.590 28.00 62.90 29.10 55.00 30.10 27.90
20150902152701 4.131 28.00 60.90 29.20 54.80 30.10 28.00
20150902152801 4.127 28.00 62.30 29.20 54.60 30.10 27.90
20150902152902 6.646 28.00 62.60 29.20 54.50 30.10 28.00
20150902153001 1.598 28.00 62.80 29.20 54.30 30.10 28.00
20150902153101 6.655 28.00 62.60 29.20 53.60 30.10 28.00
20150902153201 1.588 28.00 62.50 29.20 53.60 30.20 28.00
20150902153301 4.120 28.00 60.30 29.20 53.70 30.20 28.00
20150902153401 4.116 28.00 60.80 29.20 53.70 30.10 28.20
20150902153502 4.116 28.10 59.00 29.20 53.70 30.10 28.30
20150902153601 6.645 28.10 60.00 29.20 53.90 30.10 28.90
20150902153701 4.117 28.10 60.00 29.20 53.90 30.00 28.60
20150902153801 1.591 28.10 59.90 29.20 53.80 30.00 28.70
20150902153901 1.588 28.10 61.30 29.20 53.90 30.10 28.70
20150902154001 1.588 28.10 60.50 29.20 53.80 30.00 30.20
20150902154101 1.588 28.10 60.50 29.20 53.90 30.00 29.40
20150902154201 1.588 28.10 60.20 29.20 53.80 30.00 29.40
20150902154302 1.589 28.10 62.00 29.30 53.70 30.00 29.60
20150902154402 4.117 28.10 61.70 29.20 53.60 30.00 30.20
20150902154501 1.590 28.10 61.40 29.20 53.50 30.00 29.70
20150902154601 1.589 28.10 61.30 29.20 53.30 30.00 29.60
20150902154701 4.116 28.10 61.30 29.20 53.20 30.00 29.50
20150902154802 6.646 28.10 60.50 29.20 53.00 30.10 29.50
20150902154902 1.589 28.10 60.60 29.20 53.10 30.10 29.50
20150902155002 4.117 28.10 59.50 29.30 53.00 30.00 29.60
20150902155101 11.707 28.10 60.50 29.20 52.90 30.00 29.60
20150902155202 1.591 28.20 60.70 29.30 53.00 30.10 29.60
20150902155302 4.119 28.10 60.80 29.30 53.10 30.10 29.90
20150902155401 4.120 28.20 61.00 29.30 53.50 30.00 29.80
20150902155502 1.588 28.20 61.70 29.30 53.50 30.10 29.80
20150902155602 6.646 28.10 61.20 29.30 53.90 30.10 30.40
20150902155702 1.588 28.10 61.30 29.30 53.90 30.00 29.90
20150902155801 1.588 28.20 61.40 29.30 53.90 30.10 29.90
20150902155901 1.589 28.20 59.50 29.30 53.50 30.00 30.00
20150902160001 1.589 28.20 59.80 29.30 53.50 30.10 29.90
20150902160101 4.117 28.20 60.10 29.30 53.20 30.10 30.20
20150902160202 4.122 28.20 60.40 29.30 53.20 30.10 29.50
20150902160301 1.588 28.20 60.10 29.30 53.20 30.10 29.60
20150902160401 4.117 28.20 61.10 29.30 53.00 30.10 30.30
20150902160502 1.588 28.20 55.50 29.30 53.00 30.00 29.80
20150902160602 1.590 28.20 56.90 29.30 53.00 30.10 30.00
20150902160701 1.588 28.20 58.70 29.30 52.80 30.10 29.90
20150902160801 4.117 28.20 59.90 29.30 53.00 30.10 30.10
20150902160902 1.608 28.20 59.90 29.30 52.90 30.00 30.00
20150902161002 1.589 28.20 58.80 29.30 52.70 30.10 29.90
20150902161102 1.589 28.20 58.90 29.30 52.60 30.10 29.90
20150902161201 1.598 28.20 59.50 29.30 53.00 30.10 29.70
20150902161301 4.123 28.20 58.40 29.30 52.70 30.10 29.70
20150902161402 1.589 28.20 58.40 29.30 52.70 30.10 29.90
20150902161502 1.588 28.20 59.60 29.30 52.50 30.10 30.00
20150902161602 9.179 28.20 58.50 29.40 52.30 30.10 29.90
20150902161702 1.599 28.20 58.70 29.40 52.20 30.10 29.90
20150902161801 1.589 28.20 59.00 29.40 52.30 30.10 29.50
20150902161901 4.120 28.20 59.30 29.40 52.20 30.10 29.60
20150902162002 1.589 28.20 59.30 29.40 52.20 30.10 29.60
20150902162102 1.588 28.30 59.20 29.40 52.20 30.10 30.10
20150902162202 1.589 28.30 59.90 29.40 52.30 30.10 29.80
20150902162301 1.589 28.30 59.90 29.40 52.20 30.10 29.80
20150902162401 1.588 28.30 60.00 29.40 51.80 30.10 29.60
20150902162501 1.588 28.30 58.70 29.40 51.80 30.20 29.60
20150902162601 1.588 28.30 58.70 29.40 51.80 30.20 29.50
20150902162701 1.588 28.30 59.30 29.40 51.80 30.20 29.40
20150902162802 1.588 28.30 59.10 29.40 51.60 30.20 29.30
20150902162902 4.116 28.30 57.90 29.40 51.60 30.20 29.10
20150902163001 4.120 28.30 58.90 29.40 51.60 30.20 29.10
20150902163101 1.588 28.30 58.00 29.40 51.60 30.20 29.10
20150902163201 4.117 28.30 58.70 29.40 51.50 30.20 29.30
20150902163302 1.589 28.30 58.60 29.40 51.50 30.20 29.20
20150902163402 6.649 28.30 57.70 29.40 51.60 30.20 29.20
20150902163502 4.117 28.30 57.20 29.40 51.50 30.20 29.10
20150902163601 1.588 28.30 58.40 29.50 51.30 30.20 29.20
20150902163701 4.116 28.30 58.00 29.50 51.40 30.20 29.20
20150902163801 1.588 28.30 57.00 29.40 51.40 30.20 29.20
20150902163901 1.590 28.30 58.00 29.40 51.30 30.20 29.20
20150902164002 4.117 28.30 55.60 29.40 51.20 30.20 29.10
20150902164101 1.591 28.30 57.90 29.50 51.10 30.20 29.10
20150902164201 1.589 28.30 57.50 29.50 51.00 30.20 29.10
20150902164301 1.595 28.40 58.20 29.50 50.80 30.20 29.20
20150902164401 1.589 28.40 57.70 29.50 50.90 30.20 29.10
20150902164501 4.119 28.40 58.30 29.50 50.80 30.20 29.10
20150902164602 1.589 28.40 56.10 29.50 50.90 30.20 29.10
20150902164702 1.589 28.40 56.90 29.50 50.90 30.20 29.20
20150902164802 4.117 28.40 58.70 29.50 50.80 30.20 29.10
20150902164901 1.589 28.40 58.70 29.50 50.90 30.20 29.30
20150902165101 1.589 28.40 58.10 29.50 51.00 30.20 29.00
20150902165202 1.589 28.40 58.90 29.50 51.10 30.20 29.20
20150902165302 4.117 28.40 56.90 29.50 50.90 30.20 29.20
20150902165401 4.117 28.40 57.50 29.60 50.90 30.20 28.50
20150902165501 1.593 28.40 57.90 29.50 50.90 30.20 28.40
20150902165601 4.117 28.40 57.30 29.60 50.50 30.30 28.40
20150902165702 6.654 28.50 57.80 29.60 50.50 30.30 28.20
20150902165802 1.589 28.50 57.90 29.60 50.50 30.30 28.20
20150902165902 1.589 28.50 57.90 29.60 50.70 30.30 28.40
20150902170001 1.589 28.50 57.20 29.60 50.60 30.30 28.50
20150902170101 4.127 28.50 58.00 29.60 50.80 30.30 28.60
20150902170202 4.117 28.50 57.40 29.60 51.00 30.30 28.50
20150902170301 4.118 28.50 58.30 29.60 51.00 30.20 28.70
20150902170401 6.651 28.50 58.10 29.60 50.90 30.20 29.20
20150902170501 1.591 28.50 58.00 29.60 50.90 30.20 29.10
20150902170602 1.597 28.50 58.60 29.60 50.80 30.20 29.00
20150902170702 4.117 28.50 58.30 29.60 50.90 30.20 28.80
20150902170801 1.589 28.50 57.10 29.60 51.00 30.20 28.80
20150902170902 4.117 28.50 56.70 29.60 50.70 30.20 28.90
20150902171001 1.589 28.50 57.90 29.60 50.70 30.20 28.70
20150902171102 1.590 28.50 56.70 29.60 50.60 30.20 28.70
20150902171202 1.588 28.50 57.90 29.60 50.60 30.20 28.40
20150902171302 4.117 28.50 57.80 29.60 50.60 30.20 28.90
20150902171402 4.117 28.50 57.20 29.70 50.50 30.20 28.80
20150902171501 1.588 28.50 57.20 29.60 50.80 30.20 28.80
20150902171601 4.117 28.50 56.40 29.60 50.90 30.20 28.80
20150902171702 1.598 28.50 56.20 29.70 50.60 30.20 29.00
20150902171801 6.651 28.50 57.20 29.60 50.60 30.20 29.10
20150902171901 4.120 28.50 58.00 29.60 50.60 30.20 29.40
20150902172001 1.598 28.50 56.40 29.60 50.50 30.20 29.40
20150902172101 6.655 28.50 57.70 29.70 50.60 30.20 30.00
20150902172201 1.589 28.50 57.50 29.60 50.60 30.20 29.90
20150902172301 6.649 28.50 57.10 29.60 50.70 30.20 29.80
20150902172401 1.595 28.50 57.20 29.60 50.70 30.20 29.80
20150902172501 1.588 28.50 57.70 29.70 50.70 30.20 29.70
20150902172601 1.591 28.50 57.50 29.70 50.90 30.20 29.50
20150902172702 6.647 28.60 57.50 29.70 50.00 30.20 29.60
20150902172802 1.589 28.50 57.50 29.70 50.00 30.20 29.90
20150902172902 1.589 28.50 58.00 29.70 50.00 30.30 29.60
20150902173002 4.120 28.50 58.30 29.70 50.70 30.30 29.80
20150902173102 6.648 28.60 58.00 29.70 50.70 30.30 29.70
20150902173201 1.590 28.60 56.90 29.70 51.60 30.30 29.60
20150902173301 1.588 28.60 58.00 29.70 51.50 30.30 29.70
20150902173401 9.179 28.60 58.20 29.70 51.30 30.30 29.70
20150902173502 4.129 28.60 58.20 29.80 51.20 30.30 29.60
20150902173602 4.120 28.60 58.70 29.80 51.10 30.30 29.70
20150902173701 1.598 28.60 57.60 29.80 51.20 30.30 29.70
20150902173801 1.589 28.60 58.30 29.80 51.00 30.30 29.70
20150902173902 9.176 28.60 56.40 29.80 51.20 30.30 29.80
20150902174001 4.118 28.60 58.60 29.80 51.10 30.40 29.80
20150902174102 1.589 28.60 58.40 29.80 51.00 30.30 30.10
20150902174202 1.588 28.60 58.40 29.80 51.20 30.30 30.10
20150902174302 4.119 28.60 58.30 29.80 51.30 30.30 30.80
20150902174401 4.120 28.60 58.10 29.80 51.60 30.30 31.10
20150902174501 6.648 28.60 58.80 29.90 51.40 30.30 30.50
20150902174601 6.649 28.70 58.80 29.90 51.00 30.30 30.40
20150902174701 1.593 28.70 58.70 29.80 51.10 30.30 30.40
20150902174801 6.649 28.70 58.00 29.90 51.00 30.30 30.30
20150902174901 1.589 28.70 58.30 29.90 51.00 30.30 31.00
20150902175001 1.589 28.70 58.10 29.80 51.10 30.30 30.60
20150902175101 4.117 28.70 58.30 29.90 50.80 30.30 30.70
20150902175201 1.588 28.70 57.80 29.80 50.70 30.30 30.70
20150902175301 4.118 28.60 57.40 29.90 51.10 30.30 31.30
20150902175402 9.177 28.70 57.60 30.00 51.00 30.20 32.50
20150902175501 1.594 28.70 57.50 29.90 50.40 30.30 32.50
20150902175601 1.589 28.70 57.50 30.00 50.80 30.20 31.60
20150902175701 4.119 28.70 57.60 30.00 50.80 30.20 31.50
20150902175801 6.645 28.70 58.20 29.90 50.20 30.30 31.30
20150902175901 6.646 28.70 57.50 30.00 50.60 30.20 31.30
20150902180001 1.589 28.70 57.90 29.90 50.10 30.30 31.40
20150902180101 1.591 28.70 57.70 29.90 50.30 30.30 31.10
20150902180202 4.120 28.70 57.90 30.00 50.80 30.30 31.10
20150902180301 9.178 28.70 58.40 29.90 58.10 30.20 31.00
20150902180402 1.590 28.60 68.20 29.90 58.10 30.30 30.80
20150902180502 1.589 28.60 72.10 29.90 59.30 30.20 30.60
20150902180602 6.645 28.50 78.70 29.90 61.50 30.20 32.10
20150902180702 4.121 28.50 78.70 29.90 66.10 30.30 31.10
20150902180801 4.120 28.50 80.10 30.00 68.20 30.30 31.30
20150902180901 1.591 28.50 80.30 30.00 64.20 30.20 31.20
20150902181001 4.117 28.60 66.00 30.00 57.80 30.20 32.20
20150902181101 1.590 28.60 61.60 29.90 57.20 30.30 31.20
20150902181201 9.180 28.60 59.80 30.00 56.70 30.20 31.50
20150902181302 6.646 28.60 59.70 30.00 56.00 30.20 31.30
20150902181402 4.120 28.60 59.50 30.00 55.30 30.20 31.40
20150902181502 1.589 28.60 59.10 30.00 55.30 30.20 31.60
20150902181602 4.121 28.60 59.50 30.00 55.20 30.20 31.40
20150902181701 1.590 28.60 59.50 29.90 54.50 30.20 31.60
20150902181801 1.589 28.60 59.50 29.90 54.40 30.20 31.30
20150902181901 4.117 28.60 59.50 29.90 54.20 30.20 31.10
20150902182002 11.706 28.60 59.00 29.90 54.10 30.20 31.70
20150902182101 1.588 28.60 58.90 29.90 54.00 30.20 31.90
20150902182201 1.588 28.60 59.70 29.90 54.00 30.20 31.80
20150902182301 1.591 28.70 60.00 29.90 53.90 30.20 31.60
20150902182401 1.593 28.70 59.60 29.90 53.90 30.20 31.00
20150902182501 1.588 28.60 59.30 29.90 54.40 30.20 31.10
20150902182601 9.174 28.70 59.60 30.00 54.60 30.20 31.20
20150902182701 1.589 28.70 59.70 30.00 54.40 30.20 31.20
20150902182801 1.589 28.70 58.90 30.00 54.80 30.20 31.20
20150902182901 4.119 28.70 58.50 30.10 53.90 30.20 31.40
20150902183002 1.593 28.60 59.40 30.10 53.90 30.20 31.30
20150902183101 1.589 28.70 59.20 30.10 53.90 30.20 31.50
20150902183201 1.610 28.70 59.30 30.20 53.50 30.20 31.40
20150902183302 1.609 28.70 58.70 30.20 53.30 30.20 31.80
20150902183402 4.127 28.70 59.30 30.30 52.90 30.20 31.50
20150902183502 4.131 28.70 58.90 30.30 52.70 30.20 31.60
20150902183601 1.588 28.70 59.30 30.30 52.70 30.20 31.50
20150902183701 6.648 28.70 59.30 30.30 52.60 30.20 31.40
20150902183802 1.591 28.70 59.40 30.30 52.40 30.20 31.50
20150902183902 4.118 28.70 59.40 30.30 52.40 30.20 31.70
20150902184001 1.600 28.60 59.50 30.30 52.30 30.20 31.50
20150902184102 1.589 28.70 59.60 30.30 52.30 30.20 31.50
20150902184202 1.591 28.70 59.20 30.30 52.10 30.20 31.60
20150902184302 1.588 28.70 59.40 30.30 52.00 30.20 31.60
20150902184402 1.589 28.60 59.80 30.30 52.00 30.20 31.50
20150902184502 4.121 28.70 59.00 30.40 52.00 30.20 31.70
20150902184602 4.118 28.70 59.60 30.40 51.90 30.20 31.60
20150902184701 1.588 28.70 59.60 30.40 51.80 30.20 31.80
20150902184801 1.588 28.70 59.40 30.40 51.20 30.20 31.80
20150902184901 1.588 28.70 59.50 30.30 51.20 30.20 31.70
20150902185001 6.645 28.70 59.10 30.40 50.40 30.20 31.50
20150902185102 4.127 28.70 59.20 30.40 50.30 30.20 31.50
20150902185201 6.656 28.70 59.30 30.40 50.20 30.20 31.80
20150902185301 4.117 28.70 59.40 30.40 50.10 30.20 32.00
20150902185402 4.127 28.70 58.80 30.30 50.10 30.10 32.00
20150902185502 6.648 28.70 58.80 30.40 50.10 30.20 32.00
20150902185602 1.588 28.70 58.80 30.30 50.10 30.10 32.00
20150902185701 4.121 28.70 58.70 30.30 50.20 30.10 32.40
20150902185802 4.140 28.70 59.00 30.30 51.40 30.10 31.90
20150902185902 4.119 28.70 58.90 30.40 51.10 30.10 32.00
20150902190001 1.589 28.70 58.90 30.40 51.10 30.10 32.00
20150902190101 1.589 28.70 58.30 30.40 51.10 30.10 32.40
20150902190201 4.120 28.70 58.40 30.40 51.00 30.00 32.50
20150902190301 1.589 28.70 57.70 30.40 50.90 30.00 32.50
20150902190401 1.588 28.70 58.20 30.40 50.90 30.00 32.30
20150902190501 6.648 28.70 58.20 30.50 50.80 30.00 32.60
20150902190601 1.588 28.70 58.20 30.40 50.70 30.00 32.60
20150902190701 1.592 28.70 57.80 30.40 50.60 30.00 32.40
20150902190801 4.120 28.70 57.80 30.50 50.60 30.00 32.70
20150902190902 1.589 28.70 57.90 30.40 50.60 30.00 32.80
20150902191002 4.120 28.70 57.90 30.40 50.50 30.00 32.90
20150902191101 4.117 28.70 57.60 30.50 50.40 30.00 33.10
20150902191201 11.707 28.70 57.60 30.40 50.40 29.90 32.40
20150902191301 1.588 28.70 57.60 30.40 50.40 30.00 32.80
20150902191401 1.588 28.70 57.70 30.40 49.60 30.00 33.30
20150902191501 1.589 28.70 57.60 30.40 49.90 29.90 32.70
20150902191602 4.129 28.70 57.60 30.40 49.60 29.90 33.00
20150902191701 6.646 28.70 57.20 30.30 49.60 29.90 32.60
20150902191801 4.117 28.70 56.70 30.40 49.50 30.00 33.00
20150902191901 4.125 28.70 56.80 30.30 49.50 29.90 32.70
20150902192002 4.128 28.70 57.50 30.40 49.50 29.90 32.60
20150902192102 1.593 28.70 57.40 30.30 49.60 29.90 32.30
20150902192202 6.652 28.70 57.10 30.30 49.40 29.90 32.70
20150902192301 4.128 28.70 57.20 30.30 49.40 29.90 32.70
20150902192402 4.124 28.70 57.10 30.30 49.30 29.90 32.50
20150902192501 4.120 28.70 57.20 30.30 49.40 29.90 32.50
20150902192602 1.591 28.70 57.30 30.30 49.50 29.90 32.80
20150902192701 4.121 28.70 57.30 30.30 49.60 29.90 32.40
20150902192801 4.121 28.70 57.30 30.30 49.40 29.90 32.40
20150902192902 1.609 28.70 58.20 30.30 49.40 29.80 32.80
20150902193002 1.589 28.70 57.40 30.30 49.50 29.80 32.80
20150902193101 6.650 28.70 56.90 30.30 49.50 29.80 32.60
20150902193201 4.120 28.70 56.80 30.30 49.40 29.80 32.90
20150902193302 1.588 28.70 56.90 30.30 49.50 29.80 32.60
20150902193402 1.589 28.70 56.80 30.30 49.50 29.80 32.60
20150902193502 1.591 28.70 57.00 30.30 49.80 29.80 32.40
20150902193602 4.117 28.70 57.40 30.30 49.90 29.80 32.90
20150902193701 1.601 28.70 57.20 30.30 49.90 29.80 32.90
20150902193801 1.589 28.70 56.70 30.20 49.80 29.80 32.90
20150902193902 4.121 28.70 57.10 30.20 49.70 29.80 32.70
20150902194001 1.588 28.70 57.10 30.20 49.70 29.80 32.40
20150902194101 1.588 28.70 57.00 30.20 49.70 29.80 32.60
20150902194201 1.588 28.70 57.00 30.20 49.70 29.80 32.50
20150902194301 1.590 28.70 57.10 30.20 49.60 29.80 32.60
20150902194401 4.128 28.70 57.10 30.20 49.50 29.80 32.50
20150902194501 4.120 28.70 57.00 30.20 49.60 29.70 32.50
20150902194602 4.118 28.70 57.00 30.20 49.70 29.80 32.50
20150902194701 1.589 28.60 57.00 30.20 49.60 29.80 32.50
20150902194801 1.589 28.70 57.00 30.20 49.70 29.70 32.60
20150902194901 4.126 28.70 56.90 30.10 49.50 29.80 32.60
20150902195002 4.121 28.70 57.30 30.20 49.80 29.70 32.60
20150902195101 4.117 28.70 57.20 30.20 49.80 29.70 32.50
20150902195202 4.117 28.70 57.00 30.20 49.70 29.70 32.60
20150902195301 1.591 28.70 57.00 30.10 49.70 29.70 32.60
20150902195401 4.117 28.60 56.80 30.20 49.60 29.70 32.60
20150902195501 1.588 28.60 56.80 30.20 49.70 29.70 32.60
20150902195601 1.588 28.70 56.70 30.20 49.70 29.70 32.60
20150902195701 6.651 28.70 56.90 30.20 49.80 29.70 32.80
20150902195801 1.589 28.70 56.90 30.20 49.60 29.70 32.90
20150902195901 1.588 28.70 56.70 30.20 49.70 29.70 32.70
20150902200001 4.127 28.70 56.80 30.20 49.60 29.70 32.90
20150902200101 4.118 28.60 56.90 30.20 49.70 29.60 32.80
20150902200202 1.612 28.60 57.00 30.20 49.70 29.60 32.80
20150902200302 1.589 28.60 56.60 30.10 49.60 29.60 32.90
20150902200401 1.589 28.60 56.70 30.10 49.70 29.60 32.90
20150902200501 6.652 28.60 56.60 30.10 49.60 29.70 33.00
20150902200601 4.127 28.60 56.50 30.10 49.80 29.60 33.00
20150902200702 1.589 28.60 56.80 30.10 49.80 29.60 33.10
20150902200801 9.174 28.60 56.90 30.20 49.70 29.60 33.10
20150902200902 1.599 28.60 57.00 30.10 49.70 29.60 33.10
20150902201002 4.117 28.60 57.20 30.10 49.60 29.60 33.00
20150902201101 4.132 28.60 57.20 30.10 49.50 29.60 33.10
20150902201202 1.589 28.60 57.20 30.10 49.40 29.60 33.20
20150902201302 1.589 28.60 56.90 30.10 49.40 29.60 33.10
20150902201402 1.589 28.60 57.20 30.10 49.20 29.60 33.30
20150902201502 1.588 28.60 57.00 30.10 49.30 29.60 33.20
20150902201601 4.125 28.60 57.20 30.10 49.30 29.60 33.30
20150902201702 1.589 28.60 57.10 30.10 49.20 29.60 33.30
20150902201802 1.589 28.60 57.10 30.10 49.10 29.60 33.40
20150902201902 1.589 28.60 57.20 30.10 49.10 29.60 33.60
20150902202002 4.130 28.60 57.10 30.10 49.70 29.60 33.50
20150902202101 1.589 28.60 56.90 30.10 50.20 29.50 33.50
20150902202201 4.127 28.60 57.10 30.10 55.30 29.50 33.60
20150902202301 1.589 28.60 57.00 30.10 59.10 29.50 33.60
20150902202401 1.602 28.60 56.90 30.20 58.50 29.50 33.70
20150902202501 1.589 28.60 57.50 30.20 58.60 29.50 33.70
20150902202601 1.588 28.60 57.50 30.20 58.80 29.60 33.70
20150902202701 1.588 28.60 57.50 30.20 58.50 29.50 33.70
20150902202801 1.588 28.60 57.50 30.20 58.00 29.50 33.70
20150902202901 1.590 28.60 57.50 30.20 57.30 29.50 33.70
20150902203001 1.588 28.60 57.30 30.20 58.20 29.50 33.70
20150902203102 1.591 28.60 57.30 30.20 58.10 29.50 34.00
20150902203202 4.117 28.60 56.40 30.20 57.70 29.50 34.80
20150902203301 9.177 28.60 56.60 30.20 57.60 29.50 34.90
20150902203402 1.588 28.60 56.60 30.10 57.80 29.50 34.70
20150902203502 1.588 28.60 56.10 30.20 57.20 29.50 35.30
20150902203601 1.588 28.60 56.80 30.20 57.20 29.50 34.50
20150902203701 4.125 28.60 56.30 30.10 57.10 29.40 34.10
20150902203802 6.652 28.50 56.40 30.10 57.00 29.40 34.60
20150902203903 4.127 28.50 56.10 30.10 58.00 29.40 34.60
20150902204002 6.656 28.50 56.90 30.10 58.00 29.30 34.60
20150902204102 6.645 28.50 56.80 30.10 58.20 29.30 34.70
20150902204202 4.132 28.60 56.70 30.10 59.00 29.40 34.60
20150902204302 6.652 28.50 56.40 30.10 59.00 29.30 34.40
20150902204402 6.659 28.50 56.20 30.10 59.00 29.30 34.30
20150902204501 4.117 28.50 56.20 30.10 59.00 29.30 34.30
20150902204602 1.589 28.50 56.50 30.10 59.10 29.30 34.80
20150902204702 1.589 28.50 55.80 30.10 59.10 29.20 33.70
20150902204802 1.588 28.50 56.30 30.00 59.50 29.30 34.50
20150902204902 1.588 28.50 55.20 30.00 59.20 29.30 35.30
20150902205002 4.119 28.50 51.30 30.00 59.50 29.50 42.30
20150902205101 1.594 28.50 55.60 30.00 59.50 29.50 41.30
20150902205201 4.118 28.50 55.80 30.00 59.80 29.40 34.90
20150902205302 1.601 28.50 55.40 30.00 59.80 29.40 35.40
20150902205401 6.650 28.50 55.90 30.00 59.80 29.30 35.30
20150902205501 6.650 28.50 55.80 30.00 60.40 29.30 35.30
20150902205601 1.588 28.50 55.60 30.00 60.30 29.20 35.30
20150902205701 1.590 28.50 56.40 30.00 60.40 29.20 35.40
20150902205801 1.588 28.50 55.70 30.00 60.30 29.20 34.80
20150902205901 1.599 28.50 56.40 29.90 60.00 29.20 34.90
20150902210001 6.651 28.50 56.40 29.90 59.80 29.20 35.20
20150902210102 4.138 28.50 56.60 29.90 60.40 29.30 35.00
20150902210201 4.121 28.40 56.00 29.90 60.10 29.20 34.90
20150902210302 1.589 28.40 58.30 29.90 60.10 29.20 34.90
20150902210401 1.590 28.40 66.20 29.80 62.10 29.20 35.30
20150902210501 14.234 28.30 72.90 29.80 63.70 29.20 34.50
20150902210602 4.120 28.30 72.50 29.80 66.50 29.20 34.70
20150902210701 4.120 28.30 74.00 29.80 66.50 29.20 35.00
20150902210801 1.593 28.20 73.80 29.80 67.50 29.20 33.70
20150902210902 1.589 28.30 77.50 29.80 68.10 29.10 34.50
20150902211002 1.589 28.30 77.40 29.80 68.90 29.10 34.30
20150902211102 4.123 28.20 79.90 29.70 69.50 29.10 34.20
20150902211201 1.589 28.30 79.60 29.70 70.10 29.10 33.70
20150902211301 1.589 28.20 78.50 29.70 70.90 29.00 33.50
20150902211402 1.598 28.20 78.00 29.70 70.40 29.10 34.70
20150902211502 4.119 28.20 67.80 29.70 67.90 29.10 34.80
20150902211602 1.589 28.30 63.90 29.70 67.90 29.10 35.40
20150902211702 1.591 28.30 61.60 29.70 67.30 29.20 33.70
20150902211802 4.120 28.30 61.50 29.70 67.30 29.10 34.10
20150902211901 4.130 28.30 62.90 29.70 67.10 29.10 33.70
20150902212001 1.588 28.30 62.60 29.70 67.10 29.10 33.70
20150902212101 4.117 28.30 60.90 29.70 67.00 29.10 34.20
20150902212202 4.128 28.30 60.10 29.70 66.80 29.10 34.80
20150902212301 1.588 28.30 60.20 29.70 66.90 29.10 34.60
20150902212401 1.589 28.30 61.50 29.60 66.80 29.10 34.60
20150902212501 4.117 28.30 61.60 29.60 66.80 29.20 34.70
20150902212602 1.589 28.30 61.30 29.60 66.90 29.20 34.70
20150902212702 1.589 28.30 61.00 29.60 66.80 29.20 34.40
20150902212801 4.126 28.30 60.80 29.60 66.80 29.20 33.70
20150902212902 4.117 28.30 60.50 29.60 66.70 29.20 33.70
20150902213001 1.588 28.30 60.50 29.60 66.70 29.20 34.00
20150902213101 1.588 28.30 60.30 29.60 66.60 29.20 34.50
20150902213201 1.589 28.30 59.80 29.60 66.50 29.10 34.10
20150902213301 1.589 28.30 59.50 29.60 66.50 29.10 33.60
20150902213401 1.589 28.20 60.30 29.60 66.50 29.10 33.60
20150902213501 1.589 28.30 59.30 29.60 66.40 29.10 33.40
20150902213602 6.648 28.20 59.60 29.50 66.20 29.10 33.70
20150902213702 6.645 28.20 59.50 29.50 66.20 29.10 33.20
20150902213802 1.588 28.20 58.50 29.60 66.00 29.10 33.30
20150902213902 1.594 28.20 59.20 29.50 66.20 29.10 33.70
20150902214001 1.588 28.30 59.10 29.50 66.20 29.10 33.70
20150902214101 4.117 28.20 58.50 29.50 66.20 29.10 33.70
20150902214201 1.588 28.20 58.30 29.50 66.20 29.10 33.30
20150902214301 1.588 28.20 58.70 29.50 66.20 29.10 33.50
20150902214401 1.599 28.20 58.10 29.50 66.00 29.10 33.70
20150902214501 1.591 28.20 58.30 29.50 65.80 29.00 33.30
20150902214601 1.590 28.20 58.50 29.50 66.00 29.00 33.70
20150902214701 1.589 28.20 58.30 29.50 65.90 29.10 33.30
20150902214801 1.589 28.20 58.30 29.50 65.90 29.00 33.40
20150902214901 4.117 28.20 58.40 29.40 65.90 29.00 33.70
20150902215001 1.599 28.20 58.50 29.50 65.90 29.10 33.70
20150902215101 4.119 28.20 58.00 29.40 65.90 29.10 33.70
20150902215202 1.600 28.20 58.30 29.40 65.70 29.00 33.70
20150902215301 1.588 28.20 58.10 29.40 65.80 29.00 33.60
20150902215401 1.590 28.20 58.40 29.40 65.70 29.00 33.70
20150902215501 1.589 28.20 58.10 29.40 65.70 29.00 33.50
20150902215601 1.589 28.20 58.10 29.40 65.70 29.00 33.70
20150902215701 1.592 28.20 57.90 29.40 65.50 29.10 33.70
20150902215801 6.651 28.20 58.20 29.40 65.50 29.00 33.60
20150902215901 6.648 28.20 57.40 29.40 65.50 29.00 33.70
20150902220001 1.598 28.20 57.50 29.40 65.50 29.00 33.70
20150902220102 6.663 28.20 57.70 29.40 65.40 29.00 33.70
20150902220202 4.116 28.10 57.60 29.30 65.40 29.00 33.70
20150902220301 4.117 28.20 56.90 29.30 65.40 29.00 33.70
20150902220401 1.591 28.20 58.00 29.30 65.30 28.90 33.20
20150902220501 1.588 28.20 57.30 29.30 65.20 29.00 33.70
20150902220601 4.117 28.20 56.70 29.30 65.10 29.00 34.00
20150902220701 4.117 28.20 57.50 29.30 65.20 29.00 33.70
20150902220801 1.588 28.10 56.50 29.30 65.10 29.00 33.70
20150902220902 1.588 28.20 56.50 29.30 65.10 28.90 32.90
20150902221002 1.588 28.10 56.90 29.30 65.20 28.90 33.30
20150902221102 1.588 28.10 57.20 29.30 65.10 28.90 33.20
20150902221202 1.588 28.10 57.20 29.30 65.10 28.90 33.50
20150902221302 1.588 28.10 56.80 29.30 65.10 29.00 34.70
20150902221402 4.127 28.10 56.60 29.30 65.00 29.00 34.10
20150902221502 4.116 28.10 56.80 29.30 64.90 29.00 34.10
20150902221601 4.137 28.10 56.70 29.20 64.90 29.00 34.20
20150902221701 1.588 28.10 56.90 29.30 64.80 29.00 34.60
20150902221802 1.589 28.10 56.90 29.20 64.80 29.00 33.70
20150902221902 9.177 28.10 56.80 29.30 64.70 29.00 34.50
20150902222001 1.590 28.10 56.70 29.20 64.60 29.00 33.90
20150902222101 4.120 28.10 57.50 29.20 48.00 29.00 34.50
20150902222202 4.119 28.10 58.30 29.10 42.80 29.00 35.70
20150902222301 1.591 28.10 56.30 29.10 43.90 29.00 34.50
20150902222401 1.592 28.10 56.20 29.10 42.60 29.10 36.00
20150902222502 6.646 28.10 51.50 29.00 53.50 29.00 34.90
20150902222602 4.117 28.10 51.20 29.00 55.80 29.00 34.40
20150902222701 4.118 28.10 55.20 29.00 57.30 29.00 34.80
20150902222802 4.130 28.00 53.00 29.10 57.40 29.00 35.00
20150902222902 1.589 28.00 55.10 29.10 58.30 29.00 35.00
20150902223002 1.589 28.00 56.00 29.00 58.60 29.10 34.40
20150902223102 4.120 28.00 56.40 29.00 59.60 29.20 34.20
20150902223201 4.120 28.00 56.70 29.00 59.70 29.10 35.50
20150902223301 1.588 28.00 57.10 29.00 60.00 29.10 35.20
20150902223401 1.589 28.00 57.30 29.00 60.60 29.10 34.00
20150902223501 1.588 28.00 56.00 29.00 59.20 29.00 34.10
20150902223601 1.588 28.00 51.00 29.00 58.40 29.00 35.40
20150902223701 9.209 28.00 55.50 29.00 59.40 28.90 34.30
20150902223801 1.589 28.00 55.60 29.00 59.70 28.90 34.30
20150902223902 1.589 28.00 56.40 29.00 60.00 28.90 34.10
20150902224002 4.118 28.00 56.70 29.00 60.00 28.90 34.30
20150902224101 1.589 28.00 56.80 29.00 60.10 28.90 34.20
20150902224201 1.588 28.00 55.30 29.00 59.90 28.90 34.60
20150902224301 1.589 28.00 56.40 29.00 60.00 28.90 35.10
20150902224401 1.589 28.00 57.70 29.00 60.30 28.90 34.50
20150902224502 1.589 28.00 57.20 29.00 60.50 28.90 34.50
20150902224602 1.592 28.00 57.50 29.00 60.40 28.90 34.70
20150902224702 4.125 28.00 57.60 29.00 60.60 28.90 35.20
20150902224801 1.598 28.00 57.70 29.00 60.70 29.00 34.60
20150902224901 1.589 28.00 57.00 29.00 61.00 28.90 34.80
20150902225001 1.588 28.00 57.50 29.00 61.00 28.90 35.00
20150902225101 4.117 28.00 57.70 29.00 61.00 28.90 34.80
20150902225201 6.648 28.00 57.30 29.00 61.00 28.90 35.10
20150902225301 1.589 27.90 56.50 29.00 61.00 28.90 35.20
20150902225401 4.117 28.00 57.90 28.90 60.20 28.90 35.30
20150902225501 1.590 28.00 58.00 28.90 60.20 28.90 35.20
20150902225601 4.117 28.00 57.50 29.00 60.90 28.90 35.00
20150902225702 1.588 28.00 57.40 29.00 61.00 28.90 34.30
20150902225802 6.649 28.00 57.40 28.90 60.20 28.90 34.60
20150902225902 1.589 28.00 57.50 29.00 60.80 28.90 34.40
20150902230001 1.589 27.90 56.90 29.00 60.70 28.90 34.40
20150902230101 1.606 27.90 56.80 28.90 60.20 28.90 33.90
20150902230201 4.118 27.90 56.80 28.90 60.20 28.90 34.40
20150902230302 1.588 27.90 56.70 28.90 60.20 28.90 34.50
20150902230402 4.121 27.90 56.60 28.90 60.00 28.90 33.90
20150902230501 1.591 27.90 56.80 28.90 60.10 28.90 34.00
20150902230601 4.122 27.90 56.80 28.90 60.10 28.90 33.70
20150902230701 1.588 27.90 56.80 28.90 59.90 28.90 33.80
20150902230801 9.179 27.90 56.70 28.90 59.80 28.90 33.80
20150902230903 1.588 27.90 56.70 28.90 59.80 28.90 33.70
20150902231002 6.662 27.90 56.80 28.90 59.70 28.90 33.70
20150902231101 11.707 27.90 56.50 28.90 59.70 28.90 33.70
20150902231201 1.598 27.90 56.70 28.90 59.70 28.90 33.70
20150902231301 1.589 27.90 56.70 28.90 59.70 28.90 33.60
20150902231402 1.593 27.90 56.70 28.90 59.60 28.90 33.40
20150902231502 4.118 27.90 56.50 28.90 59.60 28.90 33.80
20150902231601 4.119 27.90 56.80 28.90 59.40 28.90 33.80
20150902231701 1.588 27.90 56.80 28.90 59.40 28.90 33.40
20150902231801 6.655 27.80 56.70 28.90 59.40 28.90 33.80
20150902231901 4.120 27.90 56.60 28.90 59.20 28.90 33.70
20150902232001 1.588 27.80 56.40 28.90 59.20 28.90 33.50
20150902232101 1.590 27.80 56.50 28.90 59.10 28.90 33.50
20150902232201 4.117 27.80 56.70 28.90 59.20 28.90 33.90
20150902232302 1.589 27.90 56.80 28.90 59.00 28.90 33.90
20150902232402 4.119 27.90 56.60 28.90 58.80 28.90 33.50
20150902232501 6.647 27.80 56.80 28.90 58.80 28.90 33.50
20150902232601 1.588 27.80 56.80 28.90 58.80 28.80 33.80
20150902232701 4.119 27.80 56.80 28.90 58.80 28.80 33.60
20150902232802 4.117 27.80 56.90 28.80 58.80 28.90 33.90
20150902232901 1.589 27.80 56.60 28.90 58.60 28.90 33.90
20150902233001 6.661 27.80 56.80 28.80 58.50 28.80 33.70
20150902233102 1.591 27.80 56.80 28.80 58.50 28.90 33.80
20150902233202 1.588 27.80 56.90 28.90 58.50 28.90 33.70
20150902233302 1.588 27.80 56.70 28.80 58.30 28.90 33.70
20150902233402 4.117 27.80 56.60 28.90 58.50 28.90 34.60
20150902233501 1.588 27.80 57.00 28.90 58.40 28.90 34.70
20150902233601 1.590 27.80 57.00 28.80 58.20 28.90 34.30
20150902233701 1.588 27.80 57.10 28.90 58.20 28.90 34.00
20150902233801 1.590 27.80 57.10 28.80 58.20 28.90 34.10
20150902233902 1.588 27.80 57.10 28.90 58.00 28.90 33.70
20150902234002 1.589 27.80 57.00 28.90 58.10 28.90 33.70
20150902234101 1.596 27.80 56.60 28.80 57.90 28.80 33.90
20150902234201 1.588 27.80 56.40 28.90 58.00 28.90 34.30
20150902234301 4.134 27.80 55.50 28.90 57.80 28.80 33.80
20150902234401 1.588 27.80 57.00 28.90 57.80 28.80 34.40
20150902234501 6.645 27.80 57.20 28.80 57.70 28.80 34.10
20150902234601 1.599 27.80 57.10 28.90 57.70 28.80 34.00
20150902234701 6.651 27.80 54.60 28.90 56.50 28.80 33.70
20150902234801 4.117 27.80 54.60 28.80 56.60 28.80 33.60
20150902234901 1.589 27.80 54.60 28.80 56.60 28.80 33.90
20150902235001 1.588 27.80 55.20 28.80 56.70 28.80 33.40
20150902235101 1.588 27.80 54.80 28.80 56.70 28.70 33.70
20150902235201 1.593 27.80 54.90 28.80 56.70 28.70 33.20
20150902235302 1.601 27.70 55.40 28.80 56.90 28.70 33.30
20150902235402 1.589 27.70 55.90 28.80 56.60 28.70 33.70
20150902235502 1.590 27.70 56.10 28.80 56.40 28.70 33.60
20150902235602 4.129 27.70 56.00 28.80 56.50 28.70 33.60
20150902235702 4.137 27.70 55.90 28.80 56.30 28.70 33.60
20150902235802 4.129 27.70 55.40 28.80 56.40 28.70 33.60
20150902235901 4.117 27.70 55.40 28.80 56.30 28.70 33.60
