20150901000001 1.063 27.30 61.30 27.60 52.60
20150901000102 1.062 27.30 61.50 27.60 52.60
20150901000201 6.121 27.20 68.50 27.60 52.70
20150901000302 1.062 27.20 68.50 27.60 59.90
20150901000401 1.062 27.10 73.10 27.60 64.40
20150901000502 1.062 27.10 77.50 27.60 68.70
20150901000601 3.595 27.10 80.00 27.60 72.60
20150901000701 1.063 27.00 82.30 27.60 72.10
20150901000802 6.122 27.00 82.70 27.60 65.40
20150901000902 1.062 27.00 82.40 27.60 64.70
20150901001001 3.591 27.10 70.80 27.60 61.50
20150901001101 3.591 27.10 67.30 27.60 59.60
20150901001201 8.653 27.10 65.70 27.70 58.70
20150901001301 1.062 27.10 65.60 27.70 58.60
20150901001401 1.062 27.10 64.80 27.60 58.30
20150901001501 8.650 27.10 65.00 27.60 57.20
20150901001602 3.590 27.10 64.80 27.60 56.70
20150901001702 1.062 27.10 64.70 27.70 57.00
20150901001801 1.062 27.10 63.10 27.70 57.20
20150901001902 3.594 27.10 64.20 27.70 56.90
20150901002002 1.065 27.10 62.60 27.70 56.90
20150901002101 6.119 27.10 62.00 27.70 56.40
20150901002202 1.062 27.10 62.00 27.70 56.40
20150901002301 1.062 27.10 61.80 27.70 56.00
20150901002402 3.591 27.10 63.40 27.70 56.30
20150901002502 3.594 27.10 61.50 27.60 56.10
20150901002601 1.062 27.10 61.30 27.70 56.10
20150901002701 3.593 27.10 61.00 27.70 55.70
20150901002801 3.590 27.10 61.10 27.60 56.10
20150901002902 1.062 27.10 60.60 27.60 56.10
20150901003001 1.062 27.10 60.60 27.70 55.90
20150901003102 1.065 27.10 60.30 27.60 55.60
20150901003201 1.062 27.10 59.80 27.60 55.60
20150901003302 1.062 27.00 60.70 27.60 55.40
20150901003401 1.062 27.00 60.90 27.60 55.30
20150901003502 3.592 27.00 61.50 27.60 55.30
20150901003602 1.062 27.00 61.20 27.60 55.30
20150901003701 3.591 27.00 59.60 27.60 55.10
20150901003801 1.062 27.00 60.30 27.60 55.10
20150901003902 1.062 27.00 60.50 27.60 55.10
20150901004002 3.590 27.00 60.60 27.60 55.00
20150901004102 3.590 27.00 60.70 27.50 55.00
20150901004202 1.062 27.00 61.60 27.60 55.00
20150901004301 3.594 27.00 61.30 27.50 54.90
20150901004402 3.590 27.00 61.20 27.60 54.90
20150901004502 1.062 27.00 61.00 27.60 55.00
20150901004601 1.065 27.00 60.30 27.60 54.90
20150901004702 1.062 27.00 59.60 27.50 55.00
20150901004801 1.062 27.00 60.90 27.50 55.00
20150901004902 6.123 27.00 60.10 27.50 55.10
20150901005001 8.650 26.90 60.30 27.50 55.20
20150901005101 3.593 26.90 60.20 27.50 55.30
20150901005201 3.590 26.90 59.20 27.50 55.30
20150901005301 1.066 26.90 59.20 27.50 55.40
20150901005402 1.063 26.90 59.40 27.50 55.30
20150901005501 1.063 26.90 59.40 27.50 55.30
20150901005601 1.062 26.90 60.20 27.50 55.30
20150901005701 1.064 26.90 59.30 27.50 55.30
20150901005801 8.647 26.90 59.70 27.50 55.30
20150901005901 1.064 26.90 59.70 27.50 55.40
20150901010002 3.590 26.90 60.30 27.50 55.40
20150901010102 3.594 26.90 60.40 27.50 55.40
20150901010202 3.590 26.90 60.00 27.50 55.40
20150901010302 1.062 26.90 59.90 27.50 55.50
20150901010401 1.062 26.90 60.30 27.50 55.50
20150901010502 1.062 26.90 59.30 27.50 55.50
20150901010601 3.590 26.90 60.00 27.50 55.50
20150901010701 6.121 26.90 60.30 27.50 55.50
20150901010801 3.593 26.90 61.00 27.40 55.50
20150901010901 1.064 26.90 60.90 27.50 55.50
20150901011002 1.062 26.90 60.30 27.50 55.60
20150901011101 3.590 26.80 58.40 27.40 55.50
20150901011201 1.063 26.80 58.30 27.40 55.40
20150901011301 1.061 26.80 59.00 27.40 55.30
20150901011401 1.062 26.80 58.70 27.40 55.30
20150901011501 1.063 26.80 58.90 27.40 55.20
20150901011601 3.591 26.80 58.90 27.40 55.10
20150901011702 1.062 26.80 58.00 27.40 55.10
20150901011801 1.064 26.80 58.30 27.40 55.10
20150901011902 1.062 26.80 57.90 27.40 55.10
20150901012001 3.593 26.70 58.10 27.40 55.00
20150901012101 1.064 26.70 58.10 27.40 55.10
20150901012202 1.064 26.70 59.40 27.30 55.30
20150901012301 1.061 26.70 59.40 27.30 55.30
20150901012402 1.065 26.70 59.20 27.30 55.30
20150901012501 1.062 26.70 59.10 27.30 55.20
20150901012602 3.591 26.70 58.90 27.30 55.20
20150901012702 3.593 26.70 58.80 27.30 55.30
20150901012802 1.064 26.70 58.90 27.30 55.30
20150901012901 3.591 26.70 59.10 27.30 55.30
20150901013001 1.064 26.70 60.10 27.30 55.30
20150901013102 1.062 26.70 60.30 27.30 55.30
20150901013201 3.593 26.70 60.30 27.30 55.30
20150901013301 1.062 26.70 60.10 27.30 55.40
20150901013402 1.062 26.70 59.30 27.30 55.40
20150901013501 1.062 26.70 59.10 27.30 55.20
20150901013601 1.062 26.70 59.40 27.30 55.30
20150901013701 3.594 26.70 59.40 27.30 55.40
20150901013802 3.593 26.60 59.60 27.30 55.30
20150901013902 1.063 26.70 59.70 27.20 55.30
20150901014001 1.062 26.70 59.70 27.30 55.40
20150901014101 1.064 26.60 59.40 27.20 55.40
20150901014201 1.062 26.60 59.40 27.30 55.40
20150901014301 3.593 26.60 59.90 27.20 55.40
20150901014401 1.062 26.60 60.50 27.20 55.40
20150901014501 3.591 26.60 60.40 27.20 55.40
20150901014602 1.062 26.60 60.40 27.20 55.50
20150901014701 1.062 26.60 60.30 27.20 55.40
20150901014802 3.591 26.60 60.10 27.20 55.30
20150901014902 3.598 26.60 60.10 27.20 55.40
20150901015001 1.062 26.60 60.00 27.20 55.40
20150901015101 1.062 26.60 59.70 27.20 55.30
20150901015201 1.063 26.60 59.90 27.20 55.30
20150901015301 1.062 26.60 59.40 27.20 55.20
20150901015401 1.062 26.60 59.80 27.20 55.30
20150901015501 3.590 26.60 58.60 27.20 55.20
20150901015601 1.064 26.60 58.80 27.20 55.20
20150901015701 1.062 26.60 59.20 27.20 55.30
20150901015802 1.063 26.60 59.10 27.20 55.30
20150901015901 1.062 26.60 58.70 27.20 55.20
20150901020002 3.594 26.50 59.00 27.10 55.20
20150901020102 1.062 26.60 58.60 27.20 55.20
20150901020201 1.062 26.50 59.50 27.10 55.20
20150901020302 1.062 26.50 59.20 27.10 55.20
20150901020401 3.591 26.50 59.80 27.10 55.30
20150901020501 3.591 26.50 59.60 27.10 55.40
20150901020601 3.590 26.50 60.20 27.10 55.40
20150901020701 1.062 26.50 60.20 27.10 55.30
20150901020802 1.062 26.50 60.20 27.10 55.30
20150901020902 1.062 26.50 60.30 27.10 55.40
20150901021001 6.118 26.50 59.20 27.10 55.30
20150901021102 1.063 26.50 59.10 27.10 55.20
20150901021201 1.064 26.50 59.40 27.10 55.20
20150901021302 8.650 26.50 59.60 27.00 55.30
20150901021402 1.062 26.50 59.60 27.10 55.30
20150901021501 1.062 26.50 59.90 27.10 55.40
20150901021602 1.063 26.50 60.20 27.10 55.30
20150901021701 1.062 26.50 60.00 27.10 55.20
20150901021801 6.119 26.40 59.90 27.10 55.30
20150901021902 3.590 26.50 60.10 27.00 55.20
20150901022002 1.062 26.50 59.50 27.00 55.20
20150901022101 1.062 26.40 59.10 27.00 55.20
20150901022202 3.598 26.40 58.80 27.10 55.20
20150901022302 1.062 26.40 58.60 27.00 55.20
20150901022401 1.062 26.40 59.30 27.00 55.10
20150901022502 1.066 26.40 59.70 27.00 55.20
20150901022601 1.062 26.40 60.10 27.00 55.30
20150901022702 1.062 26.40 60.30 27.00 55.30
20150901022801 1.064 26.40 60.20 27.00 55.20
20150901022902 1.062 26.40 59.40 27.00 55.30
20150901023001 3.590 26.40 59.20 27.00 55.30
20150901023101 6.125 26.40 60.50 27.00 55.30
20150901023202 1.062 26.40 60.50 27.00 55.30
20150901023301 1.062 26.40 60.40 27.00 55.30
20150901023402 3.594 26.40 58.30 27.00 55.40
20150901023501 1.069 26.40 53.00 27.00 55.20
20150901023601 1.062 26.40 53.20 27.00 55.30
20150901023701 1.061 26.40 53.20 27.00 55.30
20150901023802 1.062 26.40 52.30 27.00 55.40
20150901023901 1.062 26.40 52.10 26.90 54.60
20150901024002 1.062 26.40 52.70 26.90 54.70
20150901024101 3.597 26.40 52.80 26.90 54.70
20150901024201 1.062 26.40 53.30 26.90 54.70
20150901024301 3.593 26.40 53.90 26.90 54.70
20150901024401 1.064 26.40 53.80 26.90 54.80
20150901024502 1.065 26.40 53.80 26.90 54.80
20150901024601 1.062 26.40 53.40 26.90 54.70
20150901024702 1.062 26.30 53.40 26.90 54.70
20150901024801 1.062 26.30 53.60 26.90 54.70
20150901024902 1.062 26.30 53.90 26.90 54.60
20150901025001 1.062 26.30 53.80 26.90 54.60
20150901025102 1.062 26.30 53.60 26.90 54.60
20150901025201 1.062 26.30 53.00 26.90 54.50
20150901025302 1.062 26.30 52.90 26.90 54.50
20150901025401 1.061 26.30 53.00 26.90 54.40
20150901025502 1.062 26.30 53.30 26.90 54.40
20150901025601 3.590 26.30 52.90 26.90 54.50
20150901025701 1.061 26.30 53.60 26.90 54.50
20150901025801 3.590 26.30 54.50 26.90 54.50
20150901025901 6.118 26.30 54.70 26.90 54.60
20150901030002 1.062 26.30 54.60 26.80 54.60
20150901030101 3.591 26.30 55.30 26.90 54.80
20150901030201 1.061 26.30 56.60 26.90 54.80
20150901030302 1.063 26.30 62.90 26.90 60.10
20150901030401 1.062 26.20 71.40 26.90 64.50
20150901030502 3.591 26.20 74.60 26.90 69.00
20150901030602 1.062 26.10 78.00 26.80 68.90
20150901030701 1.062 26.10 78.40 26.90 70.70
20150901030801 1.063 26.20 83.10 26.90 73.20
20150901030902 6.119 26.10 85.50 26.80 64.30
20150901031001 6.119 26.20 72.90 26.80 62.00
20150901031101 1.062 26.20 70.30 26.80 61.90
20150901031201 1.062 26.20 67.70 26.90 60.20
20150901031301 1.062 26.20 64.90 26.90 58.90
20150901031401 3.595 26.20 64.30 26.80 57.60
20150901031502 1.065 26.20 63.30 26.80 57.50
20150901031601 16.236 26.20 62.90 26.80 57.20
20150901031702 1.062 26.20 62.80 26.80 56.80
20150901031801 3.590 26.20 62.20 26.80 56.70
20150901031901 1.062 26.20 62.10 26.80 56.60
20150901032002 1.062 26.20 62.00 26.80 56.40
20150901032101 6.118 26.20 62.20 26.80 56.10
20150901032201 1.062 26.20 62.30 26.80 56.10
20150901032301 1.062 26.20 62.10 26.80 56.10
20150901032401 3.590 26.20 62.60 26.80 56.10
20150901032501 3.590 26.20 62.10 26.80 56.00
20150901032601 1.062 26.20 60.50 26.70 56.00
20150901032702 1.063 26.20 61.00 26.80 56.00
20150901032801 1.062 26.20 61.30 26.80 55.80
20150901032902 1.062 26.20 61.40 26.70 55.70
20150901033001 1.062 26.20 61.50 26.70 55.60
20150901033102 1.062 26.20 60.10 26.70 55.70
20150901033201 3.590 26.20 61.80 26.70 55.50
20150901033301 1.062 26.20 61.60 26.70 55.50
20150901033402 1.063 26.20 61.00 26.70 55.40
20150901033501 1.062 26.20 61.80 26.70 55.40
20150901033602 6.121 26.20 61.30 26.70 55.40
20150901033701 1.062 26.20 61.40 26.70 55.30
20150901033802 3.591 26.20 61.40 26.70 55.30
20150901033902 1.062 26.20 61.40 26.70 55.30
20150901034002 3.593 26.20 60.20 26.70 55.20
20150901034102 3.594 26.20 60.60 26.70 55.20
20150901034202 3.590 26.20 60.60 26.70 55.20
20150901034302 1.062 26.20 61.20 26.70 55.20
20150901034401 1.062 26.20 61.10 26.70 55.10
20150901034502 1.062 26.10 60.50 26.70 55.10
20150901034601 1.062 26.20 60.70 26.70 55.10
20150901034702 3.593 26.20 61.20 26.70 55.10
20150901034802 1.071 26.10 61.20 26.70 55.10
20150901034901 1.062 26.20 61.80 26.70 55.20
20150901035001 8.650 26.20 61.90 26.60 55.10
20150901035101 1.062 26.20 61.60 26.60 55.10
20150901035202 3.590 26.20 61.70 26.60 55.20
20150901035302 1.061 26.10 62.00 26.70 55.20
20150901035401 1.062 26.20 61.80 26.70 55.20
20150901035502 3.593 26.20 61.30 26.70 55.10
20150901035602 1.062 26.10 61.00 26.60 55.10
20150901035701 3.591 26.20 61.00 26.60 54.90
20150901035801 3.590 26.20 60.80 26.60 54.90
20150901035901 1.062 26.20 61.10 26.60 55.00
20150901040002 3.601 26.20 62.10 26.60 55.00
20150901040102 1.071 26.10 62.00 26.60 54.80
20150901040202 3.603 26.20 62.00 26.60 54.80
20150901040302 3.600 26.10 61.80 26.60 54.70
20150901040402 3.603 26.10 61.50 26.60 54.70
20150901040502 3.599 26.10 61.80 26.60 54.80
20150901040602 1.074 26.10 61.90 26.60 54.90
20150901040702 1.073 26.10 62.10 26.60 54.90
20150901040803 1.079 26.10 61.80 26.60 54.90
20150901040903 1.082 26.10 62.00 26.60 54.90
20150901041002 1.072 26.10 61.80 26.60 54.90
20150901041102 3.590 26.10 62.10 26.60 54.90
20150901041202 1.062 26.20 62.10 26.60 54.80
20150901041301 1.062 26.20 61.90 26.60 54.70
20150901041401 1.064 26.20 61.60 26.60 54.70
20150901041501 1.062 26.20 61.30 26.60 54.60
20150901041601 1.062 26.20 61.30 26.60 54.70
20150901041702 3.594 26.10 61.40 26.60 54.70
20150901041802 1.063 26.10 61.40 26.60 54.70
20150901041901 1.064 26.10 61.70 26.60 54.80
20150901042002 1.062 26.10 61.50 26.60 54.80
20150901042101 3.590 26.10 61.50 26.60 54.70
20150901042201 1.062 26.10 61.70 26.60 54.70
20150901042302 1.062 26.10 61.40 26.60 54.70
20150901042401 6.118 26.10 61.40 26.60 54.70
20150901042502 1.062 26.10 61.40 26.60 54.60
20150901042601 1.062 26.10 61.50 26.60 54.70
20150901042702 1.061 26.10 61.60 26.60 54.70
20150901042801 1.061 26.10 61.60 26.60 54.50
20150901042902 3.590 26.10 61.40 26.60 54.60
20150901043002 1.062 26.10 61.30 26.60 54.60
20150901043101 3.593 26.10 61.60 26.60 54.50
20150901043201 1.062 26.10 61.60 26.60 54.40
20150901043302 1.062 26.10 61.50 26.60 54.40
20150901043401 1.062 26.10 61.30 26.60 54.40
20150901043502 1.062 26.10 60.90 26.60 54.30
20150901043601 1.062 26.10 61.10 26.50 54.30
20150901043701 1.062 26.10 61.50 26.50 54.30
20150901043801 1.062 26.10 61.10 26.60 54.50
20150901043901 3.593 26.10 61.50 26.50 54.40
20150901044001 3.590 26.10 61.60 26.60 54.50
20150901044101 3.590 26.10 61.10 26.50 54.50
20150901044201 1.065 26.10 61.60 26.60 54.50
20150901044302 6.119 26.10 61.40 26.60 54.40
20150901044401 1.061 26.10 60.80 26.50 54.50
20150901044501 1.066 26.10 60.90 26.50 54.40
20150901044601 1.062 26.10 60.90 26.60 54.30
20150901044701 3.591 26.10 61.10 26.50 54.30
20150901044801 1.062 26.10 61.10 26.50 54.30
20150901044901 1.062 26.10 60.70 26.50 54.30
20150901045001 1.062 26.10 60.90 26.50 54.30
20150901045102 1.062 26.10 61.20 26.50 54.30
20150901045201 1.062 26.10 60.90 26.50 54.20
20150901045302 1.064 26.10 60.60 26.50 54.20
20150901045401 1.062 26.10 60.70 26.50 54.20
20150901045502 1.062 26.10 60.70 26.50 54.20
20150901045601 3.590 26.10 60.80 26.50 54.20
20150901045701 8.651 26.10 60.90 26.50 54.10
20150901045801 3.591 26.10 60.50 26.50 54.10
20150901045901 1.064 26.00 60.50 26.50 54.10
20150901050001 1.061 26.00 60.60 26.50 54.10
20150901050101 1.063 26.00 60.50 26.50 54.10
20150901050201 1.061 26.00 60.70 26.40 54.10
20150901050301 1.064 26.10 60.40 26.50 54.10
20150901050401 1.067 26.10 61.10 26.50 54.10
20150901050501 3.590 26.00 61.00 26.50 54.10
20150901050602 1.062 26.10 60.90 26.50 54.10
20150901050701 1.062 26.00 60.70 26.50 54.00
20150901050802 3.590 26.00 60.50 26.40 54.00
20150901050902 3.590 26.00 60.20 26.50 54.00
20150901051001 3.590 26.00 60.30 26.50 54.00
20150901051101 1.061 26.00 60.40 26.40 53.90
20150901051201 1.063 26.00 60.60 26.40 53.90
20150901051301 1.062 26.00 60.60 26.40 53.90
20150901051401 1.062 26.00 60.40 26.50 53.90
20150901051501 1.062 26.00 61.00 26.50 53.90
20150901051601 3.590 26.00 60.50 26.40 53.90
20150901051702 1.062 26.00 60.40 26.40 53.90
20150901051801 1.062 26.00 60.50 26.40 53.90
20150901051902 1.062 26.00 60.30 26.40 53.90
20150901052001 1.062 26.00 60.40 26.40 54.00
20150901052102 3.593 26.00 60.20 26.40 54.00
20150901052202 1.062 25.90 59.70 26.40 54.00
20150901052301 1.062 26.00 60.20 26.40 54.00
20150901052402 1.061 25.90 60.30 26.40 54.00
20150901052501 1.062 25.90 60.40 26.40 53.90
20150901052602 1.062 26.00 60.40 26.40 53.90
20150901052701 1.061 25.90 60.50 26.40 53.90
20150901052802 1.062 25.90 60.30 26.40 53.90
20150901052901 1.064 25.90 59.90 26.40 53.90
20150901053002 1.062 25.90 59.60 26.40 53.80
20150901053101 1.062 25.90 59.80 26.40 53.80
20150901053202 1.062 25.90 59.30 26.40 53.80
20150901053301 3.590 25.90 60.00 26.40 53.70
20150901053401 1.062 25.90 60.10 26.30 53.70
20150901053502 1.062 25.90 59.60 26.40 53.70
20150901053601 1.064 25.90 59.00 26.30 53.70
20150901053702 1.062 25.90 59.20 26.40 53.70
20150901053801 6.122 25.90 59.20 26.30 53.70
20150901053901 6.121 25.80 59.50 26.30 53.70
20150901054002 1.062 25.80 59.50 26.30 53.70
20150901054101 1.062 25.90 59.30 26.30 53.70
20150901054202 1.062 25.80 59.60 26.30 53.70
20150901054301 3.593 25.80 59.60 26.30 53.60
20150901054401 1.062 25.80 59.70 26.30 53.70
20150901054501 1.062 25.80 59.70 26.30 53.80
20150901054601 1.062 25.80 59.80 26.30 53.80
20150901054701 3.590 25.80 60.00 26.30 53.60
20150901054801 1.062 25.80 59.40 26.30 53.70
20150901054902 1.061 25.80 59.30 26.30 53.70
20150901055001 3.590 25.80 59.90 26.30 53.70
20150901055101 1.062 25.80 59.90 26.20 53.60
20150901055202 1.064 25.80 59.90 26.20 53.70
20150901055301 1.063 25.80 59.80 26.20 53.60
20150901055402 1.062 25.80 59.80 26.20 53.60
20150901055501 1.063 25.80 59.60 26.20 53.60
20150901055602 1.064 25.80 59.80 26.20 53.60
20150901055701 1.062 25.80 59.70 26.20 53.60
20150901055802 1.062 25.70 59.90 26.20 53.60
20150901055901 1.062 25.70 60.20 26.20 53.60
20150901060002 3.592 25.70 59.90 26.20 53.60
20150901060102 3.590 25.70 60.40 26.20 53.60
20150901060202 1.062 25.70 60.30 26.20 53.60
20150901060301 1.062 25.70 66.90 26.20 58.70
20150901060402 1.063 25.60 74.10 26.20 64.30
20150901060501 11.180 25.50 81.10 26.20 67.60
20150901060601 1.062 25.50 80.90 26.20 70.70
20150901060702 1.062 25.50 82.40 26.20 72.50
20150901060801 1.062 25.50 84.30 26.20 74.20
20150901060902 3.592 25.50 84.40 26.10 63.80
20150901061001 1.062 25.50 71.40 26.20 63.70
20150901061102 1.062 25.60 68.00 26.20 61.00
20150901061201 1.062 25.60 65.00 26.20 59.50
20150901061302 1.064 25.60 63.90 26.10 58.40
20150901061401 1.061 25.60 63.30 26.10 57.60
20150901061502 1.062 25.60 62.80 26.10 57.00
20150901061601 3.594 25.60 63.40 26.10 56.40
20150901061701 1.061 25.60 62.30 26.10 56.40
20150901061802 1.062 25.60 62.40 26.10 56.10
20150901061901 1.061 25.60 62.20 26.10 56.00
20150901062002 3.590 25.60 62.20 26.10 55.70
20150901062102 1.062 25.60 62.00 26.10 55.70
20150901062201 1.063 25.60 62.10 26.00 55.50
20150901062302 1.062 25.60 62.20 26.10 55.50
20150901062401 1.062 25.60 61.90 26.10 55.40
20150901062502 1.073 25.60 62.20 26.10 55.30
20150901062602 3.603 25.60 61.40 26.10 55.20
20150901062701 3.590 25.60 61.70 26.10 55.10
20150901062801 1.064 25.60 61.70 26.00 55.10
20150901062902 1.062 25.60 61.80 26.10 55.10
20150901063001 1.062 25.60 61.50 26.00 55.00
20150901063102 1.062 25.50 61.70 26.00 55.00
20150901063201 3.591 25.50 61.20 26.00 54.90
20150901063301 1.063 25.50 61.20 26.00 54.90
20150901063402 1.063 25.50 61.70 26.00 54.90
20150901063501 1.062 25.50 61.30 26.00 54.90
20150901063602 1.062 25.50 61.10 26.00 54.80
20150901063701 3.598 25.50 61.30 26.00 54.80
20150901063801 1.062 25.50 61.30 26.00 54.80
20150901063902 3.591 25.50 62.20 26.00 54.90
20150901064001 1.062 25.50 62.20 26.00 55.00
20150901064102 3.591 25.50 61.30 26.00 55.00
20150901064202 1.062 25.50 61.30 26.00 54.90
20150901064301 1.063 25.50 61.20 26.00 54.80
20150901064402 1.062 25.50 61.00 26.00 54.70
20150901064501 1.062 25.50 61.10 26.00 54.70
20150901064601 3.594 25.50 60.80 26.00 54.60
20150901064702 1.062 25.50 60.80 26.00 54.60
20150901064801 3.594 25.50 61.20 25.90 54.10
20150901064901 1.065 25.50 61.20 25.90 54.10
20150901065002 3.594 25.50 61.00 25.90 54.00
20150901065102 1.062 25.50 61.00 25.90 54.00
20150901065201 3.590 25.50 61.00 25.90 54.00
20150901065301 1.062 25.40 61.00 25.90 54.00
20150901065402 6.119 25.40 60.60 25.90 54.00
20150901065501 3.594 25.40 60.60 25.90 54.00
20150901065601 1.062 25.40 60.70 25.90 54.00
20150901065702 1.065 25.50 60.60 25.90 54.00
20150901065801 3.593 25.40 60.70 25.90 54.00
20150901065901 8.650 25.40 60.60 25.90 54.00
20150901070001 1.066 25.40 60.60 25.90 54.00
20150901070102 1.062 25.40 60.60 25.90 54.00
20150901070201 6.119 25.40 60.60 25.90 53.90
20150901070302 1.062 25.40 60.50 25.90 53.90
20150901070401 1.062 25.40 60.70 25.90 53.90
20150901070502 3.600 25.40 60.20 25.90 53.90
20150901070602 1.062 25.40 60.60 25.90 53.90
20150901070701 6.120 25.40 60.70 25.90 53.90
20150901070802 1.068 25.40 60.70 25.90 53.80
20150901070902 1.062 25.40 60.80 25.80 53.90
20150901071001 1.062 25.40 60.70 25.80 53.80
20150901071102 1.062 25.40 60.70 25.80 53.80
20150901071201 1.062 25.40 61.10 25.80 53.80
20150901071302 6.120 24.70 99.90 25.70 84.90
20150901071401 6.120 24.70 99.90 25.40 84.90
20150901071502 1.064 24.40 99.90 25.40 84.70
20150901071601 1.064 24.20 99.90 25.40 81.90
20150901071702 1.063 24.30 99.90 25.30 78.90
20150901071801 1.069 24.20 99.90 25.40 77.30
20150901071902 1.062 24.20 99.90 25.40 72.40
20150901072001 1.063 24.20 99.90 25.40 70.10
20150901072102 1.064 24.20 99.90 25.50 69.60
20150901072201 1.064 24.20 99.90 25.50 68.60
20150901072301 1.063 24.10 99.90 25.50 66.40
20150901072401 1.062 24.00 99.90 25.50 64.50
20150901072501 3.592 24.00 99.90 25.50 61.30
20150901072601 1.062 24.00 98.60 25.50 61.30
20150901072701 1.062 24.00 99.90 25.50 59.70
20150901072801 3.594 24.00 99.50 25.50 59.30
20150901072901 1.062 24.00 99.60 25.50 58.80
20150901073001 1.065 24.10 99.50 25.50 58.30
20150901073101 1.062 24.00 89.60 25.50 55.90
20150901073202 1.062 24.00 96.00 25.50 55.70
20150901073301 1.063 24.10 97.10 25.50 55.70
20150901073402 1.065 24.20 95.90 25.50 55.50
20150901073501 8.648 24.20 94.70 25.50 55.70
20150901073601 1.063 24.20 93.80 25.50 55.70
20150901073702 3.593 24.30 92.30 25.50 55.90
20150901073802 1.066 24.30 91.90 25.50 55.20
20150901073901 3.591 24.30 91.00 25.50 56.50
20150901074002 1.062 24.30 91.20 25.50 56.50
20150901074101 1.063 24.30 87.10 25.50 56.30
20150901074201 1.062 24.30 87.20 25.50 56.10
20150901074301 1.063 24.40 85.80 25.50 56.20
20150901074401 3.593 24.40 84.50 25.50 56.30
20150901074501 8.650 24.40 83.70 25.50 56.10
20150901074602 1.062 24.40 81.80 25.50 56.10
20150901074701 1.062 24.50 81.60 25.50 56.10
20150901074802 3.591 24.60 82.20 25.50 56.20
20150901074902 3.592 24.60 82.30 25.50 56.30
20150901075002 1.062 24.60 82.40 25.50 56.40
20150901075101 1.062 24.70 82.60 25.50 56.70
20150901075202 1.062 24.70 82.50 25.50 57.10
20150901075301 1.062 24.80 82.50 25.60 57.40
20150901075401 1.062 24.80 82.30 25.60 57.60
20150901075501 1.064 24.80 82.30 25.60 58.20
20150901075601 1.062 24.80 82.00 25.70 58.20
20150901075701 1.062 24.80 81.40 25.70 58.10
20150901075801 3.593 24.90 79.90 25.80 58.10
20150901075901 1.062 24.90 79.80 25.80 58.10
20150901080001 3.593 24.90 79.30 25.90 59.30
20150901080101 1.063 24.90 78.60 25.90 59.30
20150901080201 1.063 24.90 77.90 25.90 59.70
20150901080301 1.062 24.90 77.50 26.00 60.90
20150901080401 1.062 24.90 77.20 26.00 61.60
20150901080501 1.062 24.90 76.30 26.10 62.50
20150901080601 3.593 24.90 75.40 26.20 62.40
20150901080701 1.065 25.00 75.30 26.20 63.30
20150901080801 1.062 24.90 75.40 26.20 63.70
20150901080902 1.064 25.00 75.40 26.30 63.60
20150901081001 3.591 25.00 74.20 26.40 64.60
20150901081101 1.063 25.00 74.10 26.40 64.60
20150901081202 1.062 25.00 73.30 26.40 63.90
20150901081301 1.063 25.00 73.00 26.50 65.10
20150901081401 1.062 25.00 71.90 26.50 65.30
20150901081501 1.063 25.00 71.90 26.60 65.80
20150901081601 3.591 25.00 70.20 26.70 66.00
20150901081701 1.062 25.00 70.10 26.70 66.00
20150901081802 1.062 25.00 69.60 26.70 66.10
20150901081901 1.063 25.00 70.90 26.80 64.70
20150901082002 1.062 25.00 69.20 26.80 65.50
20150901082101 3.591 25.00 69.00 26.90 64.00
20150901082201 1.062 25.00 68.90 26.90 64.10
20150901082301 3.597 25.00 69.00 27.00 66.40
20150901082402 3.592 25.00 68.10 27.00 65.20
20150901082502 3.594 25.00 68.00 27.00 65.30
20150901082602 1.062 25.00 68.10 27.10 64.80
20150901082701 3.593 25.00 68.30 27.10 65.60
20150901082801 1.063 25.00 68.30 27.10 65.30
20150901082902 3.590 25.00 68.00 27.20 64.60
20150901083002 3.593 25.10 68.50 27.20 64.60
20150901083102 1.062 25.10 68.40 27.20 64.80
20150901083201 1.062 25.10 67.50 27.30 63.50
20150901083302 1.062 25.10 68.80 27.30 64.20
20150901083401 1.062 25.10 67.30 27.30 64.80
20150901083502 1.062 25.10 66.40 27.40 64.50
20150901083601 6.119 25.10 66.20 27.40 64.50
20150901083702 1.062 25.10 66.30 27.40 64.80
20150901083801 1.062 25.10 66.70 27.50 64.40
20150901083902 3.601 25.10 67.70 27.50 63.80
20150901084001 1.062 25.10 67.80 27.50 64.10
20150901084102 1.064 25.10 66.50 27.50 63.30
20150901084201 3.591 25.10 66.60 27.60 63.90
20150901084301 3.591 25.10 65.60 27.60 63.00
20150901084401 3.591 25.10 66.00 27.70 63.30
20150901084501 1.062 25.10 66.00 27.60 62.50
20150901084602 1.062 25.10 66.00 27.70 62.00
20150901084701 1.072 25.10 66.20 27.70 61.60
20150901084801 1.064 25.00 65.80 27.60 61.00
20150901084902 1.062 25.10 65.60 27.60 60.90
20150901085001 6.122 25.10 66.20 27.60 60.60
20150901085102 1.062 25.10 66.20 27.60 60.70
20150901085201 1.062 25.10 66.40 27.60 60.00
20150901085302 3.591 25.10 66.40 27.50 59.60
20150901085402 1.064 25.20 66.20 27.50 59.60
20150901085501 1.063 25.10 66.00 27.50 59.30
20150901085602 3.594 25.20 66.90 27.50 59.00
20150901085702 1.064 25.10 66.90 27.50 59.00
20150901085801 1.062 25.20 67.20 27.40 58.80
20150901085902 1.589 25.20 66.80 27.40 58.60 27.80 45.20
20150901090001 1.588 25.20 66.40 27.40 58.70 27.40 43.40
20150901090101 4.121 25.20 66.40 27.40 58.40 27.30 43.80
20150901090202 4.119 25.20 66.40 27.40 60.90 27.20 44.00
20150901090301 1.593 25.20 69.00 27.30 61.00 27.10 44.30
20150901090401 4.121 25.10 80.90 27.30 63.10 27.00 45.00
20150901090502 4.117 25.10 81.20 27.30 66.90 26.90 44.70
20150901090601 4.118 25.10 83.60 27.30 68.30 26.90 44.60
20150901090702 1.589 25.10 86.40 27.30 68.20 26.90 44.60
20150901090802 1.589 25.10 86.60 27.30 68.90 26.80 44.50
20150901090901 1.590 25.10 87.40 27.30 68.60 26.80 45.00
20150901091001 11.706 25.10 72.20 27.20 64.70 26.70 45.00
20150901091101 6.646 25.10 71.90 27.20 62.40 26.70 45.40
20150901091202 1.589 25.20 70.40 27.20 61.40 26.70 45.30
20150901091302 6.652 25.20 69.50 27.20 60.40 26.50 44.90
20150901091402 4.117 25.20 69.00 27.10 59.50 26.50 45.30
20150901091501 1.591 25.20 66.50 27.10 59.50 26.50 45.20
20150901091601 4.117 25.20 65.30 27.10 59.30 26.50 45.40
20150901091701 1.588 25.20 65.40 27.10 59.00 26.50 45.20
20150901091801 1.591 25.20 65.70 27.10 58.80 26.50 45.00
20150901091901 1.589 25.20 66.80 27.00 58.70 26.50 45.40
20150901092001 1.590 25.20 66.80 27.00 58.90 26.50 45.40
20150901092101 4.118 25.20 68.00 27.00 59.10 26.50 45.40
20150901092201 1.588 25.20 68.00 27.00 59.30 26.50 45.60
20150901092301 1.588 25.20 66.60 26.90 58.60 26.50 45.80
20150901092401 1.589 25.20 68.20 26.90 58.50 26.60 45.50
20150901092501 1.590 25.20 68.50 26.90 58.50 26.50 45.60
20150901092601 1.590 25.20 67.50 26.90 58.70 26.50 45.50
20150901092701 1.592 25.20 68.10 26.90 58.70 26.60 45.60
20150901092801 1.588 25.20 67.20 26.90 58.80 26.60 44.90
20150901092901 1.593 25.20 67.90 26.80 58.80 26.60 45.00
20150901093001 1.589 25.20 67.10 26.80 58.80 26.60 44.90
20150901093101 1.588 25.30 66.90 26.80 58.70 26.60 44.80
20150901093201 1.589 25.30 67.50 26.80 58.70 26.60 44.70
20150901093301 1.588 25.30 67.30 26.80 58.60 26.60 45.10
20150901093401 1.588 25.30 66.90 26.80 58.50 26.60 44.90
20150901093501 1.588 25.30 66.10 26.80 58.50 26.60 44.80
20150901093601 4.122 25.30 66.90 26.80 58.40 26.70 44.70
20150901093701 4.120 25.30 66.80 26.80 58.40 26.70 44.60
20150901093802 1.591 25.30 66.90 26.80 58.30 26.70 44.60
20150901093902 1.589 25.30 66.40 26.80 58.30 26.70 44.50
20150901094001 1.589 25.30 66.50 26.80 58.20 26.70 44.60
20150901094101 1.591 25.30 66.10 26.70 58.10 26.70 44.50
20150901094201 1.588 25.40 66.10 26.80 58.00 26.70 44.40
20150901094301 4.117 25.40 65.50 26.70 58.00 26.70 44.30
20150901094402 1.588 25.40 65.60 26.70 58.00 26.70 44.30
20150901094502 4.117 25.40 64.10 26.70 58.00 26.70 44.40
20150901094601 1.589 25.40 64.10 26.70 58.10 26.70 44.40
20150901094701 1.588 25.40 64.00 26.70 57.80 26.70 44.50
20150901094801 6.648 25.40 65.00 26.70 57.60 26.70 44.40
20150901094902 9.174 25.40 65.50 26.70 57.60 26.70 44.30
20150901095001 4.123 25.40 65.50 26.70 57.60 26.70 44.40
20150901095102 1.589 25.40 66.30 26.70 57.60 26.70 44.30
20150901095202 4.117 25.40 65.20 26.70 57.50 26.70 44.20
20150901095301 4.119 25.40 65.00 26.70 57.30 26.70 44.30
20150901095402 1.589 25.40 64.10 26.70 57.30 26.60 44.30
20150901095501 1.589 25.40 65.00 26.70 57.20 26.70 44.30
20150901095601 4.120 25.40 64.90 26.70 57.00 26.70 44.20
20150901095702 1.589 25.40 65.70 26.60 57.10 26.70 44.20
20150901095802 4.117 25.40 65.90 26.60 57.20 26.70 44.20
20150901095901 4.122 25.50 66.20 26.60 57.20 26.80 44.10
20150901100002 1.588 25.50 66.30 26.60 57.10 26.80 44.10
20150901100102 9.180 25.50 65.70 26.60 57.10 26.70 44.00
20150901100202 1.588 25.50 65.70 26.60 57.00 26.80 44.00
20150901100302 4.120 25.50 66.10 26.60 57.00 26.80 43.80
20150901100401 1.588 25.50 65.20 26.60 56.90 26.80 43.90
20150901100501 1.588 25.50 65.40 26.60 56.80 26.80 43.90
20150901100601 1.589 25.50 65.80 26.60 56.70 26.80 43.80
20150901100701 9.180 25.50 65.70 26.60 56.70 26.90 43.60
20150901100801 1.589 25.50 65.70 26.60 56.60 26.80 43.60
20150901100902 4.122 25.50 65.90 26.60 56.50 26.80 43.50
20150901101001 1.589 25.50 66.10 26.60 56.50 26.90 43.50
20150901101101 4.117 25.60 66.70 26.60 56.50 26.80 43.40
20150901101201 4.117 25.60 66.70 26.60 56.50 26.90 43.50
20150901101302 4.116 25.60 66.60 26.60 56.40 26.90 43.60
20150901101401 4.117 25.60 66.70 26.60 56.40 26.90 43.50
20150901101502 6.644 25.60 67.00 26.60 56.40 26.90 43.50
20150901101602 4.116 25.60 67.30 26.60 56.40 26.90 43.40
20150901101701 4.116 25.60 67.30 26.60 56.40 26.90 43.40
20150901101801 9.185 25.60 67.30 26.60 56.30 26.90 43.40
20150901101901 1.601 25.60 67.30 26.60 56.30 26.90 43.40
20150901102002 9.185 25.60 66.90 26.60 56.20 26.90 43.40
20150901102102 6.655 25.60 66.20 26.60 56.20 26.90 43.40
20150901102201 1.606 25.70 66.60 26.60 56.20 26.90 43.40
20150901102302 4.127 25.70 67.80 26.60 56.20 27.00 44.00
20150901102401 1.589 25.70 67.80 26.60 56.10 27.00 44.00
20150901102501 4.119 25.70 67.40 26.60 56.10 27.00 44.00
20150901102601 1.588 25.70 67.60 26.60 56.00 27.00 44.00
20150901102701 4.116 25.70 67.60 26.60 55.90 27.00 44.00
20150901102802 4.120 25.70 67.80 26.60 55.90 27.00 44.00
20150901102901 1.588 25.70 68.10 26.60 55.90 27.10 44.00
20150901103001 4.117 25.80 67.90 26.60 55.90 27.10 43.90
20150901103102 1.591 25.80 67.90 26.60 55.80 27.10 43.90
20150901103202 1.588 25.80 68.30 26.60 55.80 27.10 43.80
20150901103301 1.588 25.80 68.30 26.60 55.80 27.10 43.80
20150901103401 1.590 25.80 68.10 26.60 55.80 27.10 43.80
20150901103501 1.588 25.80 68.10 26.60 55.70 27.10 43.80
20150901103601 1.589 25.80 68.40 26.60 55.70 27.10 43.70
20150901103701 4.116 25.80 68.50 26.60 55.70 27.20 43.60
20150901103801 1.589 25.80 68.70 26.60 55.60 27.10 43.60
20150901103901 4.120 25.80 68.30 26.60 55.70 27.20 43.60
20150901104001 4.117 25.80 68.00 26.70 55.60 27.20 43.40
20150901104102 1.589 25.80 67.90 26.60 55.60 27.20 43.50
20150901104202 4.117 25.90 68.00 26.70 55.50 27.20 43.40
20150901104301 6.646 25.90 68.00 26.70 55.50 27.20 43.20
20150901104401 6.662 25.90 68.30 26.70 55.40 27.20 43.10
20150901104501 1.590 25.90 67.80 26.60 55.40 27.20 43.10
20150901104602 1.592 25.90 67.80 26.70 55.40 27.30 43.30
20150901104702 4.118 25.90 67.50 26.70 55.40 27.20 43.60
20150901104801 6.650 25.90 67.60 26.60 55.30 27.30 43.30
20150901104901 1.589 25.90 68.50 26.60 55.30 27.30 43.30
20150901105001 1.589 25.90 68.20 26.70 55.30 27.30 43.10
20150901105101 4.117 25.90 67.80 26.70 55.30 27.30 43.20
20150901105201 4.119 26.00 68.20 26.70 55.20 27.30 43.00
20150901105301 4.116 26.00 67.80 26.70 55.20 27.30 43.00
20150901105401 1.588 26.00 67.90 26.70 55.30 27.30 43.00
20150901105501 4.120 26.00 67.90 26.70 55.20 27.30 43.00
20150901105602 1.588 26.00 68.60 26.70 55.20 27.30 43.10
20150901105702 4.131 26.00 68.60 26.70 55.20 27.30 43.10
20150901105801 1.588 26.00 68.00 26.70 55.20 27.30 43.00
20150901105901 4.117 26.00 67.00 26.70 55.20 27.30 43.00
20150901110001 4.122 26.00 67.50 26.70 55.10 27.30 43.00
20150901110102 1.588 26.00 67.40 26.70 55.10 27.20 43.00
20150901110202 1.599 26.00 67.80 26.70 55.10 27.30 42.90
20150901110301 1.588 26.00 68.10 26.70 55.10 27.30 42.90
20150901110401 1.588 26.00 67.70 26.70 55.10 27.30 43.70
20150901110501 1.588 26.10 67.90 26.70 55.10 27.40 43.50
20150901110601 1.588 26.10 68.40 26.70 55.10 27.40 42.80
20150901110701 4.117 26.10 69.20 26.70 55.10 27.40 42.90
20150901110801 6.651 26.10 69.90 26.70 55.20 27.40 42.70
20150901110902 4.117 26.10 69.80 26.70 55.10 27.40 42.80
20150901111001 1.588 26.10 69.50 26.70 55.10 27.40 42.80
20150901111102 1.599 26.10 69.50 26.70 55.10 27.40 42.80
20150901111202 1.588 26.10 70.10 26.70 55.10 27.50 42.80
20150901111302 6.650 26.10 69.60 26.70 55.20 27.50 43.00
20150901111401 6.651 26.20 69.90 26.70 55.20 27.50 42.50
20150901111501 1.589 26.10 70.00 26.70 55.20 27.50 42.50
20150901111601 4.120 26.20 70.10 26.70 55.10 27.50 42.80
20150901111702 1.589 26.20 69.70 26.70 55.10 27.50 42.80
20150901111802 4.125 26.20 69.70 26.80 55.10 27.50 42.90
20150901111901 1.588 26.20 69.50 26.70 55.20 27.60 43.20
20150901112001 1.588 26.20 69.60 26.80 55.20 27.60 42.80
20150901112102 1.591 26.20 69.40 26.90 55.40 27.60 43.00
20150901112202 4.120 26.20 69.30 26.90 55.80 27.60 43.00
20150901112301 4.117 26.20 69.50 26.90 56.00 27.60 42.50
20150901112402 4.124 26.20 67.70 26.90 56.10 27.60 42.50
20150901112501 1.599 26.20 69.50 27.00 57.00 27.60 42.60
20150901112601 4.118 26.20 70.00 27.00 57.20 27.60 42.50
20150901112701 9.176 26.30 70.00 27.10 57.90 27.60 42.60
20150901112802 1.590 26.30 70.00 27.10 57.90 27.60 42.60
20150901112902 1.589 26.30 69.10 27.20 58.10 27.60 42.00
20150901113002 1.591 26.30 70.10 27.20 58.40 27.60 41.90
20150901113102 4.116 26.30 69.00 27.30 58.60 27.60 42.00
20150901113201 1.591 26.30 69.50 27.30 58.60 27.60 42.20
20150901113301 16.758 26.30 70.00 27.40 59.20 27.70 42.20
20150901113402 1.588 26.30 70.00 27.40 59.20 27.70 42.20
20150901113502 1.591 26.30 68.90 27.50 59.40 27.70 42.20
20150901113602 1.588 26.40 69.40 27.60 59.60 27.70 41.50
20150901113702 6.649 26.30 69.60 27.60 59.70 27.70 42.10
20150901113802 1.588 26.40 70.10 27.70 60.40 27.80 42.10
20150901113902 1.589 26.40 68.90 27.80 60.30 27.70 41.80
20150901114001 6.651 26.40 69.40 27.80 60.80 27.70 41.70
20150901114101 1.589 26.40 69.60 27.80 61.20 27.70 41.70
20150901114201 1.591 26.40 69.50 27.90 61.20 27.70 41.80
20150901114301 4.121 26.40 69.70 27.90 61.30 27.70 41.80
20150901114401 1.589 26.40 69.60 28.00 62.20 27.80 41.80
20150901114501 1.600 26.40 70.10 28.00 62.20 27.80 41.70
20150901114602 1.590 26.40 69.60 28.10 62.50 27.80 41.90
20150901114702 9.181 26.50 69.70 28.20 62.60 27.80 41.80
20150901114801 1.588 26.50 69.70 28.20 62.60 27.80 41.80
20150901114901 4.119 26.50 69.80 28.30 62.90 27.80 41.80
20150901115001 1.589 26.50 69.80 28.30 62.70 27.80 41.80
20150901115101 1.590 26.50 69.30 28.30 63.10 27.80 41.90
20150901115201 1.589 26.50 69.60 28.40 62.80 27.80 41.20
20150901115301 6.656 26.50 69.60 28.50 63.10 27.80 41.40
20150901115401 4.118 26.50 69.60 28.50 63.00 27.90 41.10
20150901115501 6.649 26.50 70.20 28.50 62.70 27.90 41.30
20150901115601 6.647 26.50 70.10 28.60 62.70 27.90 41.20
20150901115701 1.588 26.50 70.00 28.60 62.80 27.90 41.20
20150901115801 6.651 26.60 69.90 28.70 63.20 28.00 41.90
20150901115902 6.661 26.60 69.30 28.70 63.20 28.00 41.80
20150901120002 1.590 26.60 69.20 28.80 63.20 28.00 41.50
20150901120102 1.588 26.60 69.50 28.80 63.00 28.00 41.80
20150901120202 1.588 26.60 70.00 28.80 62.70 28.00 41.80
20150901120301 4.121 26.60 72.90 28.90 65.80 28.00 40.80
20150901120401 1.592 26.50 78.40 28.90 65.80 28.10 41.00
20150901120501 1.592 26.50 81.40 28.90 68.30 28.10 41.10
20150901120602 4.119 26.50 83.90 28.90 69.50 28.20 41.70
20150901120701 4.117 26.50 86.80 28.90 71.70 28.20 41.60
20150901120802 1.590 26.40 85.70 29.00 72.60 28.20 41.00
20150901120902 1.588 26.50 86.90 29.00 73.40 28.20 41.10
20150901121001 6.646 26.50 78.80 29.10 69.80 28.20 41.10
20150901121102 6.644 26.60 73.80 29.20 68.90 28.20 41.40
20150901121202 9.177 26.60 72.90 29.30 68.50 28.20 41.40
20150901121301 1.591 26.60 73.60 29.30 68.50 28.20 41.70
20150901121402 4.118 26.60 72.00 29.40 67.70 28.30 41.50
20150901121501 4.119 26.70 73.00 29.30 66.00 28.30 41.10
20150901121601 1.588 26.70 74.00 29.30 65.40 28.30 41.10
20150901121701 6.645 26.70 72.20 29.40 64.80 28.30 41.20
20150901121801 1.588 26.70 71.90 29.30 64.00 28.30 41.20
20150901121901 1.589 26.70 71.10 29.30 64.30 28.30 41.50
20150901122001 1.589 26.70 70.90 29.40 63.30 28.30 41.50
20150901122101 6.647 26.70 70.50 29.30 63.30 28.30 41.30
20150901122202 1.588 26.70 72.20 29.40 62.80 28.30 41.30
20150901122302 1.588 26.70 72.10 29.30 62.50 28.30 41.00
20150901122402 1.589 26.70 72.80 29.30 62.10 28.40 41.10
20150901122502 4.118 26.80 71.90 29.30 61.90 28.40 41.10
20150901122601 1.589 26.80 71.90 29.30 61.70 28.40 41.10
20150901122701 1.589 26.80 72.70 29.30 61.40 28.40 41.20
20150901122801 11.711 26.80 71.90 29.30 60.60 28.40 41.10
20150901122902 4.124 26.80 71.70 29.30 60.60 28.50 41.50
20150901123001 4.118 26.90 71.20 29.30 59.80 28.50 39.70
20150901123102 11.713 26.80 63.40 29.20 59.00 28.50 40.10
20150901123201 4.121 26.80 63.30 29.10 58.50 28.50 40.10
20150901123302 4.131 26.80 71.40 29.20 58.40 28.60 40.30
20150901123402 4.117 26.80 71.20 29.10 58.10 28.60 41.80
20150901123502 4.141 26.80 69.90 29.10 58.00 28.60 40.20
20150901123601 1.589 26.80 71.20 29.10 58.00 28.50 40.90
20150901123702 1.598 26.80 72.30 29.10 58.10 28.50 40.70
20150901123802 4.118 26.80 74.00 29.10 58.00 28.50 40.70
20150901123902 1.608 26.80 74.40 29.00 58.00 28.50 40.70
20150901124002 1.591 26.80 74.50 29.00 58.00 28.50 40.60
20150901124102 4.121 26.80 75.70 28.90 57.40 28.50 40.90
20150901124201 1.591 26.80 74.60 28.90 57.40 28.50 41.20
20150901124301 1.598 26.80 76.50 28.90 57.60 28.60 41.20
20150901124401 4.131 26.90 77.60 28.90 57.70 28.60 40.90
20150901124501 1.589 26.90 77.40 28.80 57.70 28.60 40.60
20150901124602 1.598 26.90 76.20 28.80 57.70 28.60 40.40
20150901124702 1.588 26.90 77.30 28.80 57.90 28.60 40.50
20150901124802 1.589 26.90 77.50 28.80 58.00 28.60 39.70
20150901124901 1.588 26.90 78.40 28.80 58.20 28.70 39.60
20150901125001 1.589 26.90 78.10 28.80 58.30 28.70 39.90
20150901125101 1.591 26.90 77.30 28.80 58.40 28.70 39.40
20150901125201 1.588 26.90 78.50 28.80 58.50 28.80 39.30
20150901125301 1.589 26.90 78.50 28.70 58.60 28.80 39.30
20150901125401 1.588 26.90 79.10 28.70 58.60 28.80 39.10
20150901125501 1.589 27.00 79.80 28.70 58.70 28.80 39.30
20150901125601 4.119 26.90 78.30 28.60 58.80 28.80 38.90
20150901125701 1.588 27.00 79.00 28.60 58.80 28.90 39.00
20150901125801 4.118 27.00 78.20 28.70 59.00 28.90 39.20
20150901125902 1.588 27.00 78.10 28.60 59.10 28.90 38.80
20150901130002 4.118 27.00 76.60 28.60 59.20 28.90 38.50
20150901130101 1.588 27.00 76.70 28.60 58.90 29.00 38.60
20150901130201 6.654 27.00 77.40 28.60 58.90 29.00 38.30
20150901130302 6.647 27.00 77.50 28.60 58.80 29.00 38.30
20150901130402 4.123 27.00 77.50 28.60 58.80 29.00 38.50
20150901130501 1.589 27.00 77.80 28.60 58.80 29.00 38.50
20150901130601 4.117 27.00 77.30 28.60 58.80 29.10 38.70
20150901130701 1.590 27.10 76.70 28.60 58.70 29.10 38.50
20150901130801 11.705 27.10 74.00 28.60 58.70 29.10 38.50
20150901130902 1.589 27.10 73.60 28.60 58.70 29.10 38.60
20150901131002 4.121 27.10 77.10 28.60 58.60 29.10 38.50
20150901131102 1.600 27.10 75.50 28.60 58.60 29.10 38.80
20150901131202 1.590 27.10 77.50 28.60 58.60 29.10 38.80
20150901131302 1.589 27.10 77.10 28.60 58.70 29.10 38.80
20150901131402 1.588 27.10 76.90 28.60 58.60 29.10 39.20
20150901131502 1.589 27.10 76.90 28.50 58.60 29.20 38.80
20150901131602 1.592 27.10 77.20 28.50 58.50 29.10 39.00
20150901131702 1.591 27.20 77.10 28.60 58.10 29.20 39.20
20150901131801 6.648 27.20 77.20 28.50 57.90 29.10 39.00
20150901131901 1.588 27.20 76.20 28.50 57.90 29.10 38.00
20150901132001 1.588 27.20 75.00 28.50 57.80 29.20 37.30
20150901132101 6.645 27.20 75.90 28.50 57.90 29.20 37.30
20150901132201 1.588 27.20 75.90 28.50 57.90 29.20 37.20
20150901132301 4.116 27.20 75.80 28.50 58.00 29.30 37.60
20150901132401 4.117 27.20 75.80 28.50 57.70 29.30 37.60
20150901132502 4.117 27.20 75.90 28.50 57.80 29.20 37.80
20150901132601 1.589 27.20 75.90 28.50 57.70 29.20 37.70
20150901132701 11.708 27.20 76.20 28.50 57.60 29.20 38.20
20150901132801 4.118 27.30 76.30 28.50 57.60 29.20 38.20
20150901132901 1.590 27.30 76.30 28.50 57.60 29.20 38.10
20150901133001 4.120 27.30 75.90 28.40 57.60 29.20 38.50
20150901133102 4.117 27.30 76.00 28.50 57.60 29.20 38.50
20150901133201 1.588 27.30 76.00 28.40 57.60 29.20 38.50
20150901133301 4.119 27.30 75.90 28.40 57.60 29.20 38.80
20150901133401 1.589 27.30 75.90 28.40 57.60 29.20 38.80
20150901133501 4.121 27.30 75.60 28.40 57.50 29.20 38.20
20150901133602 1.589 27.30 75.60 28.40 57.50 29.20 38.20
20150901133702 1.588 27.30 75.40 28.40 57.60 29.20 38.70
20150901133802 4.121 27.30 75.40 28.40 57.50 29.30 38.30
20150901133902 1.591 27.30 75.20 28.40 57.50 29.20 38.40
20150901134002 1.589 27.30 75.00 28.40 57.50 29.30 38.30
20150901134102 1.588 27.30 75.10 28.40 57.40 29.20 38.10
20150901134202 4.122 27.30 75.20 28.40 57.70 29.20 38.40
20150901134301 1.590 27.30 74.90 28.40 57.60 29.30 38.40
20150901134401 4.120 27.30 74.60 28.40 57.40 29.30 38.40
20150901134501 4.122 27.30 74.00 28.40 57.40 29.40 37.80
20150901134602 1.589 27.30 73.90 28.40 57.40 29.40 37.80
20150901134702 1.589 27.40 74.30 28.40 57.30 29.40 37.80
20150901134802 4.117 27.30 74.30 28.40 57.20 29.40 38.40
20150901134901 1.591 27.40 74.30 28.40 57.20 29.40 38.10
20150901135001 4.127 27.40 74.40 28.40 57.20 29.40 38.00
20150901135101 1.590 27.40 73.40 28.40 57.20 29.40 38.20
20150901135201 1.588 27.40 74.20 28.40 57.20 29.40 38.10
20150901135301 4.117 27.40 73.50 28.40 57.10 29.40 38.10
20150901135402 1.590 27.40 74.00 28.40 57.10 29.40 38.00
20150901135502 4.118 27.40 72.20 28.40 57.10 29.50 37.10
20150901135602 4.120 27.40 72.90 28.40 57.00 29.50 37.20
20150901135701 1.590 27.40 72.80 28.40 57.00 29.50 37.50
20150901135801 4.119 27.50 73.40 28.40 57.00 29.50 37.40
20150901135902 1.591 27.40 73.10 28.40 57.00 29.50 37.40
20150901140002 4.122 27.50 73.40 28.40 56.90 29.50 37.50
20150901140101 1.599 27.50 73.60 28.40 57.00 29.40 37.80
20150901140201 1.588 27.50 73.50 28.40 56.90 29.40 38.00
20150901140302 1.594 27.50 73.50 28.40 56.90 29.50 37.90
20150901140402 1.590 27.50 73.20 28.40 56.80 29.50 38.20
20150901140502 1.590 27.50 73.10 28.40 56.80 29.40 38.60
20150901140601 6.646 27.50 72.70 28.40 56.90 29.60 37.30
20150901140701 6.646 27.50 72.70 28.40 56.80 29.60 37.30
20150901140801 1.589 27.50 72.80 28.40 56.80 29.60 37.50
20150901140902 6.651 27.50 73.30 28.40 56.80 29.60 37.80
20150901141002 6.652 27.50 73.30 28.40 56.80 29.60 37.90
20150901141101 1.589 27.50 73.30 28.40 56.80 29.60 37.80
20150901141201 4.117 27.50 73.40 28.40 56.70 29.60 38.10
20150901141302 4.118 27.50 73.30 28.40 56.70 29.60 38.30
20150901141401 1.588 27.60 73.30 28.40 56.80 29.60 38.20
20150901141501 1.589 27.60 73.30 28.40 56.80 29.60 38.60
20150901141601 6.644 27.60 71.10 28.40 56.90 29.60 38.10
20150901141701 1.589 27.60 71.20 28.40 56.80 29.70 37.70
20150901141801 1.591 27.60 71.90 28.40 56.70 29.70 37.60
20150901141901 9.174 27.60 72.20 28.40 56.70 29.70 37.70
20150901142001 4.121 27.60 72.20 28.40 56.60 29.80 37.20
20150901142102 1.589 27.60 71.00 28.40 56.70 29.80 36.70
20150901142202 1.589 27.70 69.70 28.40 56.70 29.90 37.10
20150901142302 4.117 27.70 71.80 28.40 56.60 29.90 37.10
20150901142401 1.589 27.70 71.80 28.40 56.60 29.90 37.00
20150901142502 6.645 27.70 71.30 28.50 56.40 29.90 36.40
20150901142602 1.589 27.70 71.40 28.50 56.40 29.90 36.70
20150901142702 1.591 27.70 72.20 28.50 56.00 29.90 36.90
20150901142802 6.645 27.70 72.30 28.50 56.40 29.90 37.00
20150901142902 1.589 27.70 72.50 28.50 56.40 29.90 37.10
20150901143002 4.118 27.70 72.70 28.50 56.50 29.80 37.80
20150901143101 1.591 27.70 72.60 28.50 56.40 29.80 37.80
20150901143201 1.591 27.80 72.50 28.50 56.30 29.80 37.70
20150901143301 1.589 27.80 72.60 28.50 56.30 29.80 38.00
20150901143402 1.588 27.80 71.60 28.50 56.30 29.80 38.10
20150901143502 6.650 27.80 72.20 28.50 56.40 29.80 37.70
20150901143602 1.589 27.80 72.20 28.50 56.40 29.80 37.70
20150901143702 1.588 27.80 71.50 28.50 56.40 29.80 37.40
20150901143801 4.117 27.80 72.00 28.50 56.30 29.90 37.00
20150901143902 1.591 27.80 71.90 28.50 56.30 29.90 37.40
20150901144002 1.589 27.80 71.80 28.50 56.30 29.90 37.30
20150901144102 1.589 27.80 71.80 28.50 56.20 29.90 37.10
20150901144201 6.647 27.80 71.90 28.50 56.30 29.90 37.00
20150901144301 1.589 27.80 71.90 28.50 56.30 29.90 36.90
20150901144401 1.588 27.80 71.50 28.50 56.30 29.90 36.60
20150901144501 1.596 27.80 71.70 28.50 56.30 29.90 36.60
20150901144601 1.589 27.80 71.90 28.50 56.20 29.90 36.10
20150901144701 1.589 27.80 71.90 28.50 56.30 29.90 36.20
20150901144801 1.588 27.80 72.10 28.50 56.40 29.90 36.50
20150901144901 6.648 27.80 72.10 28.50 56.20 29.90 36.10
20150901145001 4.118 27.90 72.00 28.50 56.30 29.90 36.00
20150901145101 4.118 27.90 71.50 28.50 56.30 29.90 36.00
20150901145202 1.589 27.90 71.30 28.50 56.30 29.90 36.00
20150901145302 1.592 27.90 72.30 28.50 56.30 29.90 36.30
20150901145402 4.117 27.90 71.70 28.50 56.30 29.90 36.50
20150901145501 1.588 27.90 71.70 28.60 56.30 29.90 36.10
20150901145601 4.117 27.90 71.50 28.60 56.20 29.90 36.10
20150901145702 1.589 27.90 71.50 28.60 56.10 29.90 36.00
20150901145802 4.117 27.90 71.00 28.50 56.10 29.90 35.60
20150901145901 1.588 27.90 71.00 28.50 56.10 30.00 35.50
20150901150001 4.118 27.90 71.50 28.50 56.10 29.90 35.60
20150901150101 4.118 27.90 71.70 28.60 56.10 29.90 35.00
20150901150201 6.646 27.90 71.70 28.60 56.00 29.90 35.20
20150901150301 1.589 27.90 73.20 28.60 58.70 30.00 35.70
20150901150401 4.122 27.80 78.10 28.50 62.70 30.00 34.20
20150901150502 1.588 27.80 81.70 28.60 64.40 29.90 33.70
20150901150602 1.592 27.80 83.60 28.60 65.20 30.00 34.30
20150901150702 4.117 27.70 84.90 28.60 66.50 30.10 35.00
20150901150802 1.592 27.70 86.10 28.60 66.80 30.10 35.00
20150901150902 1.589 27.70 86.10 28.60 65.30 30.10 34.80
20150901151001 1.588 27.80 77.40 28.60 61.60 30.10 34.90
20150901151101 4.117 27.90 72.00 28.60 59.90 30.10 34.80
20150901151202 6.649 27.90 70.50 28.60 58.90 30.10 35.10
20150901151302 4.117 27.90 70.50 28.60 57.90 30.10 35.00
20150901151401 4.120 27.90 71.40 28.60 57.80 30.10 34.60
20150901151501 6.656 27.90 71.50 28.60 57.50 30.10 34.70
20150901151601 1.589 27.90 73.80 28.60 57.30 30.10 34.60
20150901151702 1.588 28.00 75.30 28.60 57.30 30.10 33.60
20150901151802 1.589 28.00 73.80 28.60 57.00 30.20 32.70
20150901151901 1.588 28.00 74.00 28.60 56.80 30.20 32.70
20150901152001 4.127 28.00 75.20 28.60 56.70 30.20 33.50
20150901152102 4.131 28.00 71.30 28.60 56.60 30.20 33.60
20150901152202 4.117 28.00 74.00 28.60 56.40 30.20 33.30
20150901152301 1.589 28.00 74.00 28.60 56.40 30.20 32.90
20150901152401 4.120 28.00 73.40 28.60 56.30 30.40 31.20
20150901152501 1.589 28.00 71.00 28.60 56.20 30.40 31.20
20150901152601 6.651 28.00 72.40 28.60 55.90 30.40 32.00
20150901152701 1.590 28.00 72.50 28.60 55.90 30.30 32.00
20150901152801 1.591 28.00 73.00 28.60 55.80 30.30 32.00
20150901152901 4.117 28.00 71.10 28.70 56.00 30.40 29.90
20150901153002 1.589 28.00 70.80 28.70 55.80 30.40 30.10
20150901153102 1.589 28.10 71.90 28.70 55.80 30.40 31.10
20150901153201 9.182 28.10 70.40 28.70 55.80 30.30 30.10
20150901153302 6.648 28.10 69.90 28.70 55.90 30.40 29.40
20150901153402 4.119 28.10 70.00 28.70 55.80 30.40 29.60
20150901153501 4.117 28.10 70.40 28.70 55.70 30.40 29.60
20150901153602 1.588 28.10 71.40 28.70 55.60 30.30 30.00
20150901153702 1.590 28.20 70.60 28.70 55.60 30.30 30.00
20150901153802 4.120 28.10 69.30 28.70 55.60 30.20 30.70
20150901153902 1.599 28.10 68.30 28.70 55.60 30.20 30.70
20150901154001 1.588 28.10 70.00 28.70 55.70 30.20 30.90
20150901154101 4.121 28.20 70.40 28.70 55.70 30.20 30.90
20150901154202 4.117 28.20 70.00 28.70 55.70 30.20 30.70
20150901154301 1.599 28.10 69.50 28.70 55.60 30.20 31.10
20150901154401 1.599 28.10 71.20 28.70 55.50 30.10 30.90
20150901154502 1.601 28.10 70.10 28.70 55.50 30.10 30.70
20150901154602 4.119 28.10 71.00 28.70 55.40 30.20 30.50
20150901154701 1.590 28.10 70.40 28.70 55.60 30.20 30.50
20150901154801 1.599 28.10 69.30 28.70 55.70 30.20 29.00
20150901154901 6.652 28.10 69.40 28.70 55.70 30.20 29.10
20150901155001 4.117 28.10 70.00 28.70 55.90 30.20 29.10
20150901155101 1.589 28.20 69.90 28.70 55.90 30.20 28.40
20150901155201 4.123 28.20 70.80 28.70 55.90 30.20 27.90
20150901155302 6.646 28.20 68.60 28.70 56.10 30.20 27.90
20150901155402 1.589 28.20 68.10 28.70 56.10 30.20 28.20
20150901155502 1.589 28.20 66.40 28.70 56.00 30.20 28.00
20150901155602 4.122 28.20 66.40 28.70 56.10 30.20 28.10
20150901155702 1.590 28.20 67.40 28.80 56.10 30.20 28.10
20150901155802 6.645 28.20 66.40 28.80 56.20 30.20 27.90
20150901155902 1.591 28.20 65.90 28.70 56.20 30.20 27.90
20150901160001 1.590 28.20 65.30 28.80 56.30 30.20 27.90
20150901160101 1.589 28.20 65.10 28.80 56.20 30.20 27.60
20150901160201 4.117 28.20 63.50 28.80 56.20 30.30 27.70
20150901160302 1.588 28.20 68.40 28.80 56.30 30.30 27.60
20150901160402 4.121 28.30 64.80 28.80 56.20 30.30 27.90
20150901160501 1.591 28.30 65.90 28.80 56.20 30.30 27.60
20150901160601 4.117 28.30 65.20 28.80 56.20 30.30 27.50
20150901160702 1.588 28.30 63.10 28.80 56.20 30.30 27.70
20150901160802 1.588 28.30 62.80 28.80 56.50 30.30 28.00
20150901160901 4.117 28.30 66.60 28.80 56.40 30.30 27.20
20150901161001 1.588 28.30 66.70 28.80 56.40 30.30 27.30
20150901161101 1.588 28.30 63.40 28.80 56.30 30.30 27.20
20150901161201 6.645 28.30 63.20 28.80 56.50 30.30 27.10
20150901161301 6.656 28.30 63.20 28.80 56.50 30.30 27.00
20150901161401 1.589 28.30 63.40 28.80 56.50 30.30 27.10
20150901161501 4.120 28.30 64.20 28.80 56.50 30.30 27.90
20150901161602 4.117 28.30 64.40 28.80 56.50 30.30 27.10
20150901161701 4.120 28.30 63.00 28.80 56.50 30.30 27.80
20150901161801 1.590 28.30 61.50 28.80 56.50 30.30 27.70
20150901161901 4.117 28.30 59.40 28.80 56.50 30.30 27.40
20150901162002 4.126 28.30 65.70 28.80 56.50 30.30 27.20
20150901162101 4.117 28.40 64.40 28.80 56.50 30.30 27.30
20150901162202 6.648 28.30 64.20 28.90 56.50 30.30 27.60
20150901162301 1.590 28.40 62.90 28.80 56.50 30.30 27.60
20150901162401 4.120 28.40 60.90 28.90 56.50 30.30 27.50
20150901162502 1.588 28.40 60.50 28.80 56.50 30.20 27.90
20150901162602 9.174 28.40 60.30 28.90 56.40 30.20 27.50
20150901162701 4.118 28.40 62.90 28.90 56.50 30.30 27.10
20150901162801 1.599 28.40 61.50 28.90 56.50 30.30 27.40
20150901162901 1.598 28.30 64.80 28.80 56.60 30.30 27.10
20150901163001 4.125 28.40 66.00 28.80 56.70 30.30 26.60
20150901163102 4.134 28.40 65.40 28.90 56.70 30.40 27.10
20150901163202 1.589 28.40 60.40 28.80 56.50 30.30 27.00
20150901163302 4.119 28.40 59.90 28.90 56.40 30.30 26.80
20150901163402 1.590 28.40 61.90 28.90 56.40 30.40 27.00
20150901163502 1.601 28.40 63.40 28.90 56.40 30.30 26.70
20150901163602 4.118 28.40 62.50 28.90 56.60 30.30 27.30
20150901163701 1.588 28.40 60.00 28.90 56.60 30.30 27.40
20150901163801 9.177 28.40 61.70 28.90 56.70 30.30 27.70
20150901163901 6.651 28.40 58.90 28.90 56.60 30.30 28.20
20150901164001 1.590 28.40 58.90 28.90 56.50 30.30 28.20
20150901164101 9.182 28.40 59.40 28.90 56.40 30.30 27.40
20150901164201 4.117 28.40 59.40 28.90 56.40 30.30 27.40
20150901164302 1.588 28.40 59.20 28.90 56.40 30.30 27.10
20150901164402 1.592 28.40 61.00 28.90 56.40 30.20 27.00
20150901164502 4.117 28.40 60.20 28.90 56.40 30.20 26.50
20150901164601 1.589 28.40 59.80 28.90 56.40 30.20 26.50
20150901164701 4.117 28.40 59.80 28.90 56.30 30.20 27.50
20150901164802 1.589 28.40 60.00 28.90 56.40 30.20 27.50
20150901164902 1.589 28.40 57.90 28.90 56.30 30.20 27.20
20150901165001 4.122 28.40 59.30 28.90 56.30 30.20 27.00
20150901165102 4.117 28.40 59.20 28.90 56.30 30.20 26.60
20150901165201 4.117 28.40 61.00 28.90 56.30 30.30 26.60
20150901165302 4.125 28.40 62.10 28.90 56.30 30.30 27.00
20150901165401 1.589 28.40 60.70 28.90 56.40 30.30 27.00
20150901165502 1.589 28.40 59.20 28.90 56.40 30.30 26.80
20150901165602 1.588 28.40 58.50 28.90 56.40 30.30 27.30
20150901165702 6.645 28.40 60.60 28.90 56.40 30.20 27.70
20150901165802 1.588 28.40 60.20 28.90 56.50 30.20 27.10
20150901165902 1.588 28.40 61.00 28.90 56.50 30.20 27.40
20150901170002 6.644 28.40 59.90 28.90 56.50 30.20 27.60
20150901170102 4.119 28.40 60.20 28.90 56.50 30.20 27.50
20150901170201 1.589 28.40 60.40 28.90 56.40 30.30 27.50
20150901170301 1.608 28.40 58.80 28.90 56.30 30.30 27.90
20150901170402 1.589 28.40 59.50 28.90 56.30 30.20 28.00
20150901170502 4.120 28.40 58.40 28.90 56.30 30.20 29.10
20150901170601 9.173 28.40 57.90 28.90 56.30 30.20 28.40
20150901170702 1.598 28.40 57.90 28.90 56.30 30.20 28.40
20150901170802 1.592 28.40 58.40 28.90 56.20 30.20 28.10
20150901170901 6.647 28.40 59.50 28.90 56.20 30.20 28.40
20150901171001 4.116 28.40 59.30 28.90 56.20 30.20 28.20
20150901171101 6.661 28.40 59.50 28.90 56.20 30.20 28.20
20150901171201 1.588 28.40 59.40 28.90 56.20 30.20 28.40
20150901171302 1.592 28.40 60.10 28.90 56.20 30.20 28.90
20150901171402 1.593 28.40 60.40 28.90 56.20 30.20 28.40
20150901171502 4.116 28.40 59.70 28.90 56.20 30.20 28.60
20150901171601 1.588 28.40 60.10 28.90 56.20 30.20 28.70
20150901171702 4.117 28.40 60.20 28.90 56.20 30.20 28.40
20150901171801 1.588 28.40 60.30 28.90 56.20 30.20 28.40
20150901171901 1.588 28.50 59.50 28.90 56.30 30.20 28.30
20150901172001 1.589 28.40 61.80 28.90 56.30 30.20 28.20
20150901172101 4.129 28.40 61.20 28.90 56.30 30.20 28.40
20150901172201 4.117 28.40 61.00 28.90 56.30 30.20 28.30
20150901172302 1.589 28.40 59.00 28.90 56.30 30.20 28.40
20150901172402 1.590 28.40 58.10 28.90 56.20 30.20 28.50
20150901172502 4.117 28.40 58.40 28.90 56.20 30.20 28.10
20150901172601 6.648 28.40 58.50 28.90 56.20 30.20 28.10
20150901172701 1.590 28.40 57.70 28.90 56.20 30.20 28.00
20150901172801 4.117 28.50 58.70 28.90 56.20 30.20 28.20
20150901172901 6.645 28.40 58.20 28.90 56.10 30.20 28.30
20150901173001 4.120 28.40 58.20 28.90 56.10 30.20 28.10
20150901173102 4.123 28.40 57.40 28.90 56.10 30.20 28.00
20150901173201 4.119 28.40 57.00 28.90 56.00 30.20 27.80
20150901173302 1.590 28.40 58.10 28.90 56.00 30.20 27.80
20150901173402 1.588 28.40 58.30 28.90 56.00 30.20 27.50
20150901173502 1.589 28.40 58.10 28.90 56.00 30.20 27.70
20150901173602 6.645 28.40 59.10 28.90 56.00 30.20 27.80
20150901173701 1.588 28.40 58.60 28.90 56.00 30.10 27.90
20150901173801 1.589 28.40 56.40 28.90 55.90 30.20 28.10
20150901173901 1.588 28.40 56.50 28.90 55.90 30.20 28.00
20150901174002 6.654 28.40 55.00 28.90 55.90 30.20 27.80
20150901174102 4.120 28.40 57.90 28.90 55.90 30.10 28.00
20150901174201 6.645 28.40 56.40 28.90 55.90 30.20 28.00
20150901174301 4.117 28.40 56.40 28.90 55.80 30.20 28.20
20150901174401 1.588 28.40 58.50 28.90 55.80 30.10 27.80
20150901174501 1.588 28.40 56.60 28.90 55.90 30.10 27.90
20150901174601 1.591 28.40 56.70 28.90 55.90 30.10 27.90
20150901174701 6.659 28.40 58.60 28.90 55.90 30.10 27.70
20150901174801 1.590 28.40 58.70 28.90 56.00 30.20 28.50
20150901174901 4.124 28.40 56.90 29.00 56.60 30.10 28.40
20150901175002 4.119 28.40 56.80 28.90 55.80 30.10 28.40
20150901175101 1.588 28.40 58.60 28.90 55.80 30.10 28.40
20150901175201 1.589 28.40 58.80 28.90 55.90 30.10 28.70
20150901175302 1.599 28.40 58.20 29.00 56.60 30.10 28.30
20150901175402 1.599 28.50 57.60 28.90 56.00 30.10 28.40
20150901175502 1.589 28.50 58.20 28.90 55.90 30.10 29.00
20150901175601 1.591 28.40 58.50 28.90 55.90 30.10 28.70
20150901175701 1.589 28.40 58.10 28.90 55.90 30.10 29.40
20150901175801 9.177 28.40 57.10 28.90 55.80 30.10 29.10
20150901175902 4.128 28.40 57.60 28.90 55.80 30.10 29.30
20150901180001 6.644 28.40 57.80 28.90 55.80 30.10 29.50
20150901180101 1.588 28.40 56.20 28.90 55.70 30.10 29.10
20150901180201 1.588 28.40 56.60 28.90 55.70 30.00 29.50
20150901180302 1.600 28.40 63.40 29.00 60.00 30.10 29.70
20150901180402 1.588 28.30 72.60 29.00 65.00 30.00 29.50
20150901180502 11.707 28.30 75.10 28.90 67.70 30.00 29.60
20150901180602 4.132 28.30 78.20 29.00 68.40 29.90 28.40
20150901180701 6.658 28.20 84.50 29.00 69.60 30.00 29.40
20150901180802 6.660 28.20 86.40 28.90 69.60 29.90 29.30
20150901180902 1.588 28.20 85.20 28.90 65.60 30.00 29.80
20150901181001 4.122 28.30 67.80 28.90 64.20 29.90 29.20
20150901181102 1.589 28.30 61.70 28.90 62.40 29.90 29.40
20150901181202 1.590 28.30 59.30 28.90 60.60 29.90 29.80
20150901181302 1.588 28.30 58.80 28.90 59.60 29.90 29.50
20150901181402 4.118 28.30 57.50 28.90 58.90 29.90 29.50
20150901181501 4.117 28.30 57.50 28.90 58.00 29.90 30.20
20150901181602 1.591 28.30 58.10 28.90 57.90 29.90 30.00
20150901181702 4.117 28.30 57.90 28.90 57.60 29.90 29.70
20150901181802 1.589 28.40 57.60 28.90 57.60 29.90 29.20
20150901181902 4.117 28.40 57.60 28.90 57.30 29.90 29.70
20150901182001 1.589 28.30 58.80 28.90 57.30 29.90 29.70
20150901182101 4.119 28.30 57.80 28.90 57.30 29.90 29.60
20150901182202 6.645 28.30 56.10 28.90 57.00 29.80 29.60
20150901182301 1.589 28.30 57.00 28.90 57.00 29.80 29.90
20150901182401 4.120 28.40 56.40 28.90 57.00 29.80 30.80
20150901182501 1.589 28.30 57.50 28.90 56.80 29.80 30.60
20150901182602 4.128 28.30 56.30 28.90 56.70 29.80 30.50
20150901182701 1.589 28.30 58.20 28.90 56.80 29.80 30.40
20150901182801 6.646 28.30 57.90 28.90 57.00 29.80 29.70
20150901182901 1.588 28.30 58.00 28.90 56.70 29.80 29.70
20150901183001 4.122 28.40 57.50 28.80 56.70 29.80 29.90
20150901183101 1.600 28.40 56.30 28.90 56.90 29.80 29.90
20150901183201 9.178 28.30 57.60 28.90 56.40 29.80 30.00
20150901183302 9.181 28.40 59.10 28.80 56.50 29.80 29.90
20150901183402 4.120 28.40 58.90 28.90 56.50 29.80 29.80
20150901183501 6.653 28.30 58.10 28.90 56.50 29.80 29.80
20150901183601 6.648 28.40 58.10 28.90 56.60 29.80 29.90
20150901183701 4.116 28.40 58.10 28.90 56.50 29.80 29.80
20150901183802 4.118 28.40 58.90 28.90 56.50 29.80 30.40
20150901183902 1.588 28.40 59.30 28.90 56.50 29.80 30.20
20150901184002 4.117 28.40 58.60 28.90 56.40 29.80 30.20
20150901184101 4.119 28.40 58.20 28.80 56.30 29.80 30.10
20150901184201 1.588 28.40 58.50 28.80 56.30 29.80 29.80
20150901184301 1.589 28.40 58.90 28.80 56.30 29.80 29.90
20150901184401 1.588 28.40 58.20 28.80 56.30 29.80 30.00
20150901184501 4.122 28.40 58.60 28.80 56.20 29.70 30.00
20150901184602 9.179 28.40 57.90 28.90 56.10 29.70 30.50
20150901184701 4.116 28.40 57.60 28.80 56.00 29.70 30.40
20150901184802 9.183 28.40 58.40 28.80 56.00 29.70 30.40
20150901184901 1.589 28.30 58.50 28.80 56.00 29.70 30.30
20150901185001 4.120 28.40 58.10 28.90 56.00 29.70 30.50
20150901185101 4.116 28.40 57.90 28.90 56.00 29.70 30.60
20150901185202 1.591 28.40 57.80 28.80 56.00 29.70 29.80
20150901185302 1.590 28.40 58.30 28.80 56.00 29.70 30.40
20150901185402 1.588 28.40 57.50 28.90 56.00 29.70 30.30
20150901185502 9.173 28.40 58.00 28.80 56.00 29.70 30.30
20150901185601 1.588 28.40 57.80 28.80 56.00 29.70 30.30
20150901185701 4.117 28.40 57.50 28.90 56.00 29.70 30.60
20150901185801 4.117 28.40 57.90 28.80 56.00 29.70 30.10
20150901185902 4.120 28.40 56.80 28.80 56.00 29.60 30.10
20150901190001 1.588 28.40 56.60 28.80 56.00 29.70 29.80
20150901190101 1.589 28.40 56.00 28.80 56.00 29.70 30.30
20150901190201 1.588 28.40 56.10 28.80 56.00 29.60 30.30
20150901190301 1.588 28.40 56.70 28.80 55.90 29.60 30.00
20150901190401 4.120 28.40 57.90 28.80 55.90 29.60 29.90
20150901190502 1.595 28.40 57.10 28.80 55.90 29.60 30.00
20150901190602 6.644 28.40 56.00 28.80 56.30 29.60 30.20
20150901190701 1.620 28.40 57.00 28.80 56.20 29.60 30.20
20150901190801 1.588 28.30 56.80 28.80 56.40 29.60 29.90
20150901190902 1.591 28.30 56.50 28.80 56.40 29.60 29.90
20150901191002 6.645 28.30 56.00 28.80 56.50 29.60 30.20
20150901191102 1.590 28.30 55.90 28.80 56.60 29.60 30.30
20150901191202 4.136 28.40 55.50 28.80 56.50 29.60 30.20
20150901191301 1.589 28.40 56.40 28.80 56.50 29.60 30.50
20150901191401 1.590 28.40 55.90 28.80 56.50 29.50 30.30
20150901191501 1.588 28.30 56.30 28.80 56.40 29.60 30.50
20150901191601 1.588 28.30 56.20 28.80 56.40 29.50 30.20
20150901191702 4.124 28.30 56.20 28.80 56.30 29.50 30.30
20150901191801 6.646 28.30 56.30 28.80 56.20 29.50 30.40
20150901191901 4.119 28.30 56.20 28.80 56.20 29.50 30.60
20150901192002 1.589 28.30 55.60 28.80 56.20 29.50 30.60
20150901192102 6.646 28.30 55.90 28.80 56.20 29.50 30.70
20150901192202 6.646 28.30 55.80 28.80 56.10 29.50 30.70
20150901192301 1.591 28.30 55.50 28.80 56.10 29.40 30.70
20150901192401 1.588 28.30 55.60 28.80 56.00 29.50 31.00
20150901192501 1.588 28.30 54.80 28.80 56.10 29.40 30.80
20150901192601 4.131 28.30 55.80 28.80 56.10 29.40 31.00
20150901192702 4.117 28.30 55.50 28.80 56.00 29.40 31.00
20150901192801 4.117 28.30 55.40 28.80 56.00 29.40 31.10
20150901192902 4.119 28.30 54.60 28.80 56.00 29.40 31.10
20150901193001 1.588 28.30 55.50 28.80 56.00 29.40 31.10
20150901193101 4.116 28.30 54.90 28.80 55.80 29.40 31.30
20150901193201 4.116 28.30 55.10 28.80 55.90 29.40 31.30
20150901193302 6.651 28.30 54.80 28.80 55.90 29.40 31.40
20150901193402 1.589 28.30 55.00 28.80 55.90 29.40 31.40
20150901193502 1.589 28.30 55.10 28.80 55.70 29.40 31.60
20150901193602 1.591 28.30 54.00 28.70 55.70 29.40 31.50
20150901193702 1.590 28.30 55.40 28.70 55.80 29.40 31.30
20150901193802 4.127 28.30 54.50 28.80 55.80 29.40 31.60
20150901193902 1.588 28.30 54.50 28.80 55.70 29.30 31.60
20150901194002 4.117 28.30 53.90 28.70 55.70 29.30 31.70
20150901194102 1.608 28.20 53.90 28.80 55.60 29.30 32.20
20150901194202 4.117 28.30 54.40 28.70 55.40 29.30 31.90
20150901194301 1.588 28.20 54.50 28.80 55.40 29.30 31.90
20150901194401 4.122 28.20 53.60 28.80 55.40 29.30 32.10
20150901194501 1.618 28.20 54.40 28.80 55.40 29.30 31.80
20150901194601 4.117 28.20 54.60 28.80 55.40 29.30 31.90
20150901194702 4.117 28.20 54.00 28.70 55.40 29.30 31.70
20150901194801 1.588 28.20 54.30 28.70 55.40 29.30 32.10
20150901194901 1.599 28.20 53.40 28.70 55.30 29.30 31.90
20150901195001 1.593 28.20 53.10 28.70 55.20 29.20 31.90
20150901195101 4.117 28.20 53.00 28.70 55.10 29.20 31.90
20150901195201 9.177 28.20 53.00 28.70 54.90 29.20 32.10
20150901195302 4.117 28.20 52.90 28.70 54.80 29.20 32.00
20150901195401 1.589 28.20 52.80 28.70 54.80 29.20 32.40
20150901195501 9.177 28.20 52.80 28.70 54.70 29.20 31.70
20150901195601 1.590 28.20 52.30 28.70 54.80 29.20 31.90
20150901195701 1.589 28.20 51.40 28.70 54.70 29.20 32.20
20150901195801 4.117 28.20 52.50 28.70 54.50 29.20 31.20
20150901195902 4.120 28.20 53.30 28.60 54.40 29.10 31.20
20150901200001 4.117 28.20 53.30 28.60 54.10 29.10 31.50
20150901200101 4.117 28.20 52.60 28.60 54.10 29.10 31.40
20150901200202 1.590 28.20 53.20 28.60 54.10 29.10 31.40
20150901200301 1.600 28.10 53.00 28.60 54.00 29.20 32.60
20150901200401 4.119 28.10 53.60 28.60 53.90 29.10 32.90
20150901200502 11.715 28.10 53.80 28.60 53.90 29.10 32.60
20150901200601 1.589 28.20 53.40 28.60 53.90 29.10 32.50
20150901200701 1.588 28.10 52.80 28.60 53.80 29.10 32.50
20150901200801 1.588 28.10 52.80 28.60 53.60 29.10 32.30
20150901200901 1.589 28.10 52.50 28.60 53.60 29.00 32.00
20150901201001 1.588 28.10 53.50 28.60 53.50 29.00 32.20
20150901201101 1.588 28.10 52.40 28.60 53.40 29.10 32.20
20150901201201 1.592 28.00 51.40 28.60 53.40 29.00 32.60
20150901201302 1.589 28.10 51.40 28.60 53.30 28.90 31.30
20150901201402 4.119 28.10 51.90 28.60 53.20 29.00 32.30
20150901201501 4.117 28.00 54.00 28.50 53.20 28.90 32.00
20150901201601 1.588 28.00 53.50 28.60 53.20 29.00 32.20
20150901201701 1.588 28.00 53.50 28.50 53.20 28.90 31.90
20150901201801 1.588 28.00 51.90 28.50 53.10 28.90 31.50
20150901201901 1.588 28.00 51.70 28.50 52.90 28.90 31.60
20150901202001 1.589 28.00 53.80 28.50 53.00 28.90 32.30
20150901202101 1.590 28.00 53.20 28.50 53.10 28.80 31.90
20150901202201 4.127 28.00 53.00 28.50 52.70 28.80 31.70
20150901202301 4.120 28.00 53.00 28.50 52.70 28.80 31.80
20150901202401 4.120 28.00 52.90 28.50 53.00 28.80 31.70
20150901202501 1.588 28.00 51.50 28.50 53.00 28.80 32.20
20150901202601 1.588 28.00 51.70 28.50 52.90 28.80 32.00
20150901202701 1.588 27.90 51.50 28.50 52.90 28.80 31.50
20150901202801 1.599 27.90 52.00 28.40 52.80 28.80 31.90
20150901202901 1.591 27.90 50.20 28.40 52.70 28.80 32.70
20150901203002 4.127 27.90 52.00 28.40 52.70 28.80 31.80
20150901203101 11.707 27.90 52.20 28.40 52.60 28.80 32.10
20150901203202 4.119 27.90 52.40 28.40 52.50 28.80 32.00
20150901203301 6.644 27.90 51.20 28.40 52.50 28.80 32.00
20150901203402 1.588 27.90 51.60 28.40 52.40 28.80 32.00
20150901203502 6.644 27.90 52.90 28.40 52.40 28.80 32.00
20150901203602 1.594 27.90 52.90 28.40 52.40 28.80 31.90
20150901203702 1.588 27.90 49.40 28.40 52.30 28.70 31.30
20150901203802 4.120 27.90 53.40 28.30 52.30 28.70 31.60
20150901203902 4.127 27.90 51.90 28.40 52.30 28.70 31.60
20150901204002 1.587 27.80 51.90 28.40 52.20 28.70 32.00
20150901204102 6.649 27.90 51.40 28.30 52.10 28.60 31.20
20150901204202 1.597 27.80 51.40 28.30 52.10 28.60 31.20
20150901204302 4.117 27.80 51.20 28.30 52.10 28.70 31.50
20150901204401 1.588 27.80 51.20 28.30 52.00 28.60 31.70
20150901204501 1.588 27.80 52.30 28.30 52.00 28.70 32.00
20150901204601 9.179 27.80 51.80 28.30 51.90 28.70 31.70
20150901204701 1.588 27.80 51.50 28.30 51.90 28.60 31.20
20150901204801 4.119 27.80 51.50 28.30 52.00 28.60 31.10
20150901204902 1.588 27.80 51.10 28.30 51.90 28.60 31.00
20150901205002 1.588 27.80 47.70 28.30 51.80 28.60 30.80
20150901205102 1.588 27.80 51.80 28.30 51.80 28.60 31.40
20150901205202 4.118 27.80 50.80 28.30 51.70 28.60 30.90
20150901205301 1.589 27.80 50.60 28.30 51.70 28.60 30.90
20150901205401 1.588 27.80 50.30 28.30 51.60 28.50 31.00
20150901205502 1.588 27.80 50.10 28.20 51.60 28.50 31.30
20150901205602 1.589 27.80 51.70 28.30 51.50 28.60 31.80
20150901205702 1.588 27.80 53.00 28.30 51.70 28.60 31.60
20150901205802 1.589 27.70 53.00 28.20 51.60 28.50 31.40
20150901205902 4.119 27.80 53.10 28.20 51.60 28.50 31.20
20150901210001 1.588 27.70 50.80 28.20 51.70 28.50 30.30
20150901210101 1.589 27.80 51.20 28.30 51.70 28.40 30.90
20150901210201 11.709 27.70 58.80 28.20 52.40 28.50 31.00
20150901210302 1.601 27.70 59.10 28.20 52.50 28.50 31.10
20150901210402 6.673 27.60 67.00 28.30 61.00 28.50 31.30
20150901210501 1.599 27.50 70.90 28.20 61.10 28.40 31.30
20150901210601 1.589 27.50 72.80 28.20 63.50 28.50 31.20
20150901210701 4.118 27.50 74.40 28.20 64.70 28.40 31.00
20150901210802 1.591 27.40 76.70 28.20 66.40 28.40 31.00
20150901210901 1.588 27.40 76.00 28.20 63.60 28.40 31.10
20150901211001 1.590 27.50 61.20 28.20 59.10 28.40 31.30
20150901211101 1.589 27.50 58.00 28.20 56.60 28.40 31.00
20150901211201 4.120 27.50 57.00 28.20 55.40 28.40 30.90
20150901211301 4.117 27.60 57.10 28.20 54.50 28.40 30.90
20150901211401 1.588 27.60 56.70 28.20 53.90 28.30 30.90
20150901211502 1.588 27.60 56.90 28.10 53.50 28.40 31.30
20150901211602 1.588 27.60 56.70 28.20 53.30 28.30 30.70
20150901211702 4.116 27.60 55.40 28.10 53.00 28.40 31.60
20150901211801 1.591 27.60 56.60 28.20 53.00 28.40 32.30
20150901211901 6.646 27.50 53.80 28.10 53.40 28.40 31.90
20150901212001 1.588 27.50 57.20 28.10 53.40 28.40 31.60
20150901212101 1.588 27.50 56.50 28.10 53.20 28.30 31.30
20150901212202 1.588 27.60 54.80 28.10 53.00 28.30 31.80
20150901212302 1.588 27.50 55.50 28.10 52.90 28.30 30.70
20150901212402 1.588 27.50 53.50 28.10 53.00 28.20 31.40
20150901212502 1.588 27.60 53.60 28.10 53.30 28.30 31.50
20150901212602 4.119 27.50 54.20 28.20 53.50 28.30 31.60
20150901212701 1.588 27.50 54.00 28.20 53.60 28.30 31.60
20150901212801 4.117 27.50 53.60 28.20 53.90 28.20 31.40
20150901212901 1.589 27.50 55.30 28.20 54.20 28.30 30.90
20150901213001 1.590 27.50 55.90 28.30 54.40 28.20 31.20
20150901213101 4.120 27.50 54.50 28.30 54.50 28.20 32.40
20150901213202 1.588 27.50 53.30 28.30 54.70 28.20 32.40
20150901213302 1.594 27.50 52.40 28.40 54.00 28.20 31.90
20150901213402 1.589 27.50 56.80 28.40 56.10 28.30 33.20
20150901213502 6.648 27.50 55.00 28.50 56.00 28.30 32.90
20150901213602 6.645 27.50 56.10 28.50 55.90 28.30 32.60
20150901213702 6.646 27.50 57.00 28.50 55.90 28.30 31.60
20150901213801 1.589 27.50 56.00 28.60 56.00 28.30 31.70
20150901213901 4.117 27.50 54.20 28.60 56.30 28.30 32.60
20150901214001 1.597 27.50 54.00 28.70 56.20 28.30 32.10
20150901214101 1.589 27.50 54.30 28.70 56.30 28.30 32.30
20150901214201 1.588 27.50 53.50 28.80 56.30 28.30 32.50
20150901214301 1.589 27.50 52.20 28.80 56.30 28.40 32.50
20150901214401 1.590 27.50 52.70 28.80 56.40 28.30 32.60
20150901214501 1.588 27.50 52.50 28.90 56.70 28.30 32.80
20150901214601 1.588 27.50 52.60 28.90 56.80 28.40 32.90
20150901214701 1.588 27.50 51.80 29.00 57.50 28.40 32.60
20150901214802 1.588 27.50 52.40 29.00 57.60 28.40 32.60
20150901214902 1.588 27.50 52.60 29.10 57.60 28.40 32.90
20150901215002 1.588 27.50 52.80 29.10 57.60 28.40 33.20
20150901215102 4.119 27.50 53.00 29.20 57.40 28.50 33.20
20150901215201 1.591 27.50 53.90 29.20 57.30 28.50 33.20
20150901215301 1.589 27.50 53.60 29.30 57.40 28.50 32.70
20150901215401 4.118 27.50 54.00 29.30 57.50 28.60 33.20
20150901215502 1.591 27.50 53.80 29.30 57.60 28.50 33.20
20150901215602 1.590 27.50 53.60 29.40 57.50 28.50 33.20
20150901215701 6.653 27.50 54.30 29.50 57.50 28.60 32.80
20150901215801 1.590 27.50 54.30 29.50 57.60 28.50 33.00
20150901215901 6.645 27.50 53.70 29.60 57.30 28.60 33.30
20150901220001 6.651 27.50 55.20 29.60 57.30 28.60 34.20
20150901220101 4.120 27.50 55.20 29.70 57.40 28.60 34.20
20150901220202 1.589 27.50 55.00 29.70 57.40 28.60 33.40
20150901220302 1.589 27.50 55.10 29.70 57.10 28.70 33.80
20150901220402 11.705 27.50 53.40 29.80 57.50 28.60 33.60
20150901220501 4.120 27.50 53.40 29.80 57.50 28.60 33.30
20150901220602 1.591 27.50 54.70 29.80 57.20 28.60 33.50
20150901220702 4.132 27.50 54.10 29.90 57.40 28.60 34.00
20150901220802 1.588 27.50 54.10 29.90 57.40 28.60 33.60
20150901220902 1.609 27.50 54.20 30.00 57.40 28.60 33.50
20150901221001 1.590 27.50 54.30 30.00 57.50 28.60 33.70
20150901221101 4.117 27.50 54.20 30.00 58.10 28.60 33.50
20150901221202 4.119 27.50 54.20 30.10 57.50 28.60 33.50
20150901221301 1.589 27.50 54.80 30.10 57.40 28.60 33.90
20150901221402 4.118 27.50 54.20 30.20 56.80 28.60 34.20
20150901221501 4.118 27.50 53.70 30.20 56.90 28.60 34.00
20150901221602 4.128 27.50 54.50 30.20 56.90 28.60 34.00
20150901221701 9.174 27.50 54.20 30.20 56.50 28.60 35.10
20150901221801 4.130 27.50 54.10 30.30 56.00 28.60 34.80
20150901221902 4.123 27.50 54.40 30.30 56.30 28.60 34.20
20150901222001 4.122 27.50 54.30 30.30 56.10 28.60 33.90
20150901222102 4.117 27.50 54.30 30.40 55.80 28.60 33.90
20150901222201 1.590 27.50 54.00 30.40 55.80 28.60 34.40
20150901222301 1.591 27.50 54.80 30.40 55.50 28.60 34.50
20150901222402 1.598 27.50 54.60 30.40 55.50 28.60 34.00
20150901222502 4.127 27.50 54.60 30.50 55.50 28.60 35.00
20150901222601 4.118 27.50 54.50 30.50 55.30 28.60 34.70
20150901222701 1.589 27.50 53.90 30.50 55.20 28.60 34.70
20150901222801 4.117 27.50 55.60 30.50 55.20 28.60 34.90
20150901222902 6.648 27.50 55.00 30.50 55.20 28.60 34.50
20150901223002 6.652 27.50 55.00 30.50 55.10 28.60 34.60
20150901223102 1.600 27.50 54.40 30.60 55.00 28.70 34.60
20150901223201 1.588 27.50 54.40 30.60 54.70 28.70 35.30
20150901223301 1.590 27.50 55.40 30.60 54.60 28.70 35.30
20150901223401 1.590 27.50 56.20 30.60 54.60 28.70 34.90
20150901223501 6.648 27.50 55.30 30.70 54.60 28.60 35.60
20150901223601 1.588 27.50 55.30 30.70 54.50 28.60 35.40
20150901223701 1.589 27.50 54.80 30.70 54.30 28.60 35.00
20150901223801 1.588 27.50 55.90 30.70 54.40 28.60 35.30
20150901223902 1.588 27.50 54.60 30.70 54.40 28.60 35.30
20150901224002 4.117 27.50 54.80 30.80 54.00 28.60 35.40
20150901224102 1.589 27.50 54.80 30.70 54.10 28.60 35.60
20150901224202 4.119 27.50 54.40 30.80 54.00 28.60 35.20
20150901224301 4.118 27.50 55.30 30.80 53.90 28.60 35.30
20150901224402 1.588 27.50 55.00 30.80 54.00 28.60 35.40
20150901224501 4.117 27.50 54.60 30.80 53.90 28.60 36.00
20150901224602 1.588 27.50 54.70 30.90 54.00 28.60 35.60
20150901224702 4.134 27.50 53.80 30.80 53.30 28.50 35.60
20150901224801 6.645 27.50 54.50 30.90 53.20 28.50 35.60
20150901224902 1.598 27.50 54.90 30.90 53.50 28.50 35.70
20150901225002 4.125 27.50 55.30 30.90 53.50 28.50 35.60
20150901225101 1.589 27.50 55.10 30.90 53.70 28.50 35.50
20150901225201 1.588 27.50 54.50 30.90 53.20 28.60 36.20
20150901225302 1.598 27.50 55.00 30.90 53.20 28.60 36.20
20150901225402 1.588 27.50 54.80 30.90 53.50 28.60 35.40
20150901225502 4.117 27.50 54.10 31.00 53.90 28.60 35.30
20150901225601 4.117 27.50 53.50 31.00 53.90 28.60 36.00
20150901225702 1.589 27.50 54.50 31.00 53.40 28.60 36.10
20150901225801 6.651 27.50 54.60 31.00 53.70 28.50 36.30
20150901225901 6.648 27.50 54.80 31.00 53.60 28.50 36.20
20150901230001 4.118 27.40 54.50 31.00 53.40 28.50 36.20
20150901230102 1.588 27.50 54.60 31.00 53.50 28.50 36.00
20150901230202 1.588 27.40 54.70 31.00 53.40 28.50 36.20
20150901230302 1.588 27.40 55.10 31.10 53.10 28.60 36.00
20150901230402 6.647 27.50 55.20 31.10 53.20 28.60 36.10
20150901230502 1.588 27.50 54.90 31.00 53.30 28.60 36.20
20150901230602 1.589 27.50 55.30 31.10 53.20 28.60 35.80
20150901230702 1.589 27.50 54.80 31.10 52.90 28.60 36.10
20150901230801 4.120 27.40 55.00 31.10 53.80 28.60 35.70
20150901230902 1.588 27.40 54.80 31.10 53.00 28.60 35.70
20150901231002 4.125 27.40 55.10 31.10 53.20 28.60 35.90
20150901231101 1.589 27.50 55.00 31.10 52.90 28.60 35.60
20150901231202 1.589 27.50 55.60 31.10 52.60 28.60 35.80
20150901231302 1.589 27.40 54.60 31.10 53.20 28.70 36.80
20150901231402 1.590 27.40 54.40 31.10 52.80 28.60 36.50
20150901231502 11.702 27.40 54.90 31.10 52.50 28.60 36.10
20150901231602 1.588 27.40 55.20 31.10 52.90 28.60 36.20
20150901231702 1.588 27.40 55.10 31.10 52.30 28.60 35.30
20150901231802 1.589 27.40 54.70 31.10 52.00 28.60 35.70
20150901231902 1.589 27.40 55.30 31.10 52.30 28.60 35.10
20150901232001 1.588 27.40 53.90 31.20 52.50 28.60 35.40
20150901232101 1.589 27.40 54.10 31.20 52.10 28.50 35.20
20150901232201 4.118 27.40 53.90 31.20 52.10 28.50 35.60
20150901232302 1.588 27.40 54.40 31.20 52.20 28.40 36.00
20150901232402 9.176 27.40 53.60 31.10 51.90 28.50 35.50
20150901232501 1.588 27.40 52.50 31.20 51.90 28.80 36.10
20150901232601 6.651 27.40 53.10 31.20 51.90 29.00 37.30
20150901232701 1.588 27.40 52.80 31.20 51.50 28.90 38.50
20150901232802 1.588 27.40 52.80 31.20 52.20 29.00 35.30
20150901232902 9.189 27.40 55.00 31.20 51.50 28.80 34.80
20150901233001 1.598 27.40 54.90 31.20 51.60 28.80 34.80
20150901233101 4.119 27.40 52.90 31.20 51.70 28.70 35.20
20150901233201 6.646 27.40 53.80 31.20 51.30 28.60 35.10
20150901233301 1.591 27.40 53.90 31.20 52.00 28.60 35.10
20150901233401 4.117 27.40 53.30 31.20 51.30 28.50 35.10
20150901233502 4.117 27.40 53.10 31.20 51.50 28.50 35.40
20150901233601 1.588 27.40 53.50 31.20 51.50 28.50 35.40
20150901233701 1.588 27.30 52.90 31.20 51.30 28.50 35.50
20150901233801 4.119 27.40 54.40 31.20 51.50 28.40 35.50
20150901233901 4.118 27.40 54.10 31.20 51.00 28.40 35.70
20150901234001 1.589 27.40 53.70 31.20 51.00 28.40 35.60
20150901234101 4.116 27.30 52.80 31.20 51.00 28.30 35.60
20150901234202 1.588 27.30 53.50 31.20 51.00 28.30 35.70
20150901234302 1.591 27.30 53.10 31.20 51.00 28.30 36.00
20150901234402 4.117 27.30 53.40 31.20 51.10 28.20 35.70
20150901234501 1.588 27.30 53.30 31.20 50.60 28.20 35.70
20150901234601 1.588 27.30 53.20 31.20 50.90 28.20 35.80
20150901234701 1.588 27.30 53.50 31.20 51.00 28.20 36.00
20150901234802 1.589 27.30 53.80 31.30 51.10 28.20 35.70
20150901234902 1.589 27.30 53.00 31.20 50.80 28.20 35.80
20150901235002 1.589 27.30 53.30 31.20 50.60 28.20 35.90
20150901235102 4.117 27.30 53.70 31.20 50.70 28.20 35.80
20150901235202 1.588 27.30 53.10 31.30 50.40 28.20 35.90
20150901235302 1.588 27.30 52.90 31.30 50.50 28.20 35.80
20150901235402 1.589 27.30 53.90 31.30 50.40 28.20 35.90
20150901235502 1.589 27.30 53.90 31.30 50.00 28.20 36.20
20150901235602 9.175 27.30 53.50 31.30 50.40 28.20 36.00
20150901235701 4.119 27.30 53.30 31.30 50.50 28.20 36.10
20150901235802 1.589 27.30 53.30 31.30 50.60 28.20 36.20
20150901235902 4.117 27.20 53.90 31.30 50.10 28.20 37.00
