20150831112502 1.062 26.10 59.90 27.10 57.70
20150831112601 11.181 26.10 60.10 27.00 57.70
20150831112701 1.062 26.10 60.10 27.10 57.70
20150831112802 3.590 26.20 60.20 27.10 57.60
20150831112902 1.063 26.10 60.30 27.10 57.60
20150831113001 1.062 26.10 60.40 27.10 57.60
20150831113102 1.064 26.20 60.30 27.10 57.60
20150831113201 1.062 26.10 60.10 27.10 57.60
20150831113302 1.062 26.10 60.00 27.00 57.50
20150831113401 1.062 26.20 60.40 27.10 57.50
20150831113502 1.063 26.20 60.10 27.10 57.50
20150831113601 1.062 26.20 60.30 27.10 57.50
20150831113702 1.062 26.20 60.40 27.10 57.40
20150831113801 1.062 26.20 60.20 27.10 57.30
20150831113902 1.062 26.20 60.50 27.00 57.40
20150831114002 1.062 26.20 60.90 27.00 57.40
20150831114101 1.062 26.20 60.80 27.10 57.20
20150831114202 1.065 26.20 60.60 27.10 57.20
20150831114301 6.122 26.20 60.60 27.10 57.30
20150831114402 1.062 26.20 60.90 27.00 57.20
20150831114501 3.591 26.30 60.40 27.10 57.30
20150831114601 3.590 26.20 60.90 27.10 57.50
20150831114701 3.593 26.30 61.00 27.00 57.50
20150831114801 3.591 26.20 61.00 27.10 57.50
20150831114901 1.062 26.30 60.60 27.10 57.60
20150831115002 6.119 26.30 60.70 27.00 57.40
20150831115101 1.063 26.30 60.70 27.10 57.40
20150831115202 1.062 26.30 61.20 27.10 57.50
20150831115301 3.590 26.30 61.20 27.10 57.70
20150831115401 1.066 26.30 61.20 27.10 57.70
20150831115501 1.062 26.30 61.00 27.10 57.70
20150831115601 1.062 26.30 61.40 27.10 57.70
20150831115701 1.062 26.30 61.30 27.10 57.60
20150831115801 3.593 26.30 60.90 27.10 57.60
20150831115901 1.062 26.30 60.70 27.10 57.60
20150831120001 1.062 26.30 60.80 27.10 57.60
20150831120102 1.064 26.30 61.10 27.10 57.60
20150831120201 1.061 26.40 60.90 27.10 57.60
20150831120302 3.590 26.30 63.90 27.10 64.30
20150831120402 1.064 26.30 68.90 27.10 64.50
20150831120501 1.062 26.30 71.20 27.10 65.30
20150831120601 3.593 26.30 73.80 27.10 69.00
20150831120701 1.062 26.30 76.40 27.10 69.30
20150831120802 1.062 26.30 78.10 27.10 70.10
20150831120902 6.119 26.30 69.80 27.10 68.80
20150831121001 1.062 26.30 69.40 27.10 64.60
20150831121102 1.062 26.30 66.70 27.20 63.00
20150831121201 1.062 26.40 65.60 27.10 61.80
20150831121302 1.063 26.40 64.30 27.10 61.10
20150831121401 6.119 26.40 63.90 27.10 60.50
20150831121502 1.062 26.40 63.80 27.10 60.10
20150831121601 1.062 26.50 62.60 27.10 59.90
20150831121702 1.062 26.40 61.60 27.10 59.80
20150831121801 8.651 26.50 62.10 27.10 59.30
20150831121901 1.062 26.50 62.10 27.10 59.30
20150831122001 3.590 26.50 62.80 27.20 59.20
20150831122101 1.062 26.50 62.40 27.10 59.20
20150831122201 1.062 26.50 62.70 27.10 59.20
20150831122301 1.062 26.50 62.10 27.10 59.10
20150831122401 1.065 26.50 61.50 27.10 59.00
20150831122501 1.062 26.50 61.80 27.10 59.00
20150831122602 6.123 26.50 62.00 27.10 58.90
20150831122701 1.062 26.50 61.80 27.10 58.90
20150831122802 1.062 26.50 62.50 27.10 58.90
20150831122901 1.062 26.50 62.70 27.10 58.90
20150831123002 6.122 26.50 64.00 27.10 58.90
20150831123101 1.062 26.50 64.10 27.10 58.80
20150831123201 1.062 26.60 64.10 27.10 58.80
20150831123301 1.066 26.50 63.90 27.20 58.80
20150831123401 3.596 26.60 63.80 27.20 58.80
20150831123501 6.119 26.60 64.40 27.10 58.70
20150831123602 1.062 26.60 64.00 27.20 58.80
20150831123701 3.590 26.60 63.40 27.20 58.70
20150831123801 1.062 26.60 63.30 27.20 58.60
20150831123902 1.063 26.60 63.50 27.20 58.60
20150831124002 1.061 26.60 64.00 27.20 58.50
20150831124101 3.595 26.60 63.50 27.20 58.60
20150831124201 1.062 26.70 64.10 27.20 58.60
20150831124302 1.062 26.60 63.70 27.20 58.50
20150831124401 1.062 26.60 63.90 27.20 58.50
20150831124502 1.062 26.70 63.80 27.20 58.50
20150831124601 1.062 26.70 63.40 27.20 58.50
20150831124702 1.062 26.70 62.80 27.20 58.50
20150831124801 1.062 26.70 63.20 27.20 58.50
20150831124902 1.062 26.70 63.50 27.20 58.50
20150831125001 1.063 26.70 63.40 27.20 58.40
20150831125102 1.062 26.70 63.50 27.20 58.40
20150831125201 8.647 26.70 63.70 27.20 58.50
20150831125301 1.062 26.70 63.70 27.20 58.50
20150831125401 1.062 26.70 63.60 27.30 58.40
20150831125501 1.062 26.70 63.60 27.30 58.50
20150831125601 1.062 26.80 63.40 27.30 58.50
20150831125701 1.062 26.80 63.10 27.20 58.50
20150831125801 1.062 26.80 63.20 27.20 58.50
20150831125901 1.063 26.80 63.40 27.20 58.50
20150831130001 1.062 26.80 63.30 27.30 58.40
20150831130102 1.062 26.80 63.50 27.30 58.50
20150831130201 3.594 26.80 63.10 27.30 58.50
20150831130301 3.591 26.80 63.50 27.30 58.40
20150831130401 1.062 26.80 63.70 27.30 58.40
20150831130502 1.062 26.80 61.60 27.30 58.30
20150831130601 1.062 26.80 63.20 27.30 58.20
20150831130702 1.064 26.90 62.60 27.30 58.30
20150831130801 1.062 26.90 62.70 27.30 58.30
20150831130902 1.062 26.90 61.90 27.30 58.30
20150831131002 1.062 26.90 61.60 27.30 58.20
20150831131101 1.062 26.80 61.30 27.30 58.00
20150831131202 1.062 26.90 61.70 27.30 58.10
20150831131301 1.064 26.90 62.10 27.40 58.10
20150831131402 1.064 26.90 61.40 27.40 58.00
20150831131501 1.063 26.90 62.00 27.30 58.10
20150831131602 6.122 27.00 62.80 27.40 58.00
20150831131701 6.119 26.90 62.10 27.40 58.20
20150831131802 8.647 27.00 62.60 27.40 58.00
20150831131902 3.591 27.00 60.60 27.40 58.00
20150831132001 3.590 27.00 60.70 27.40 57.80
20150831132101 1.062 27.00 60.30 27.40 57.80
20150831132201 1.062 27.00 60.90 27.50 57.80
20150831132301 3.591 27.10 59.80 27.40 57.90
20150831132401 1.063 27.10 59.90 27.50 57.90
20150831132502 1.061 27.10 60.20 27.50 57.80
20150831132601 1.063 27.10 61.10 27.50 58.00
20150831132702 1.064 27.10 61.30 27.50 58.10
20150831132801 1.062 27.10 61.20 27.60 58.30
20150831132902 1.062 27.10 61.60 27.60 58.50
20150831133001 3.591 27.10 60.60 27.60 58.70
20150831133101 1.062 27.10 60.60 27.70 59.20
20150831133202 3.590 27.10 61.10 27.70 59.60
20150831133302 1.062 27.20 61.20 27.70 59.60
20150831133401 6.123 27.20 61.60 27.70 59.80
20150831133502 1.063 27.20 61.70 27.90 60.10
20150831133601 1.062 27.20 60.50 27.90 60.40
20150831133702 1.062 27.20 61.30 27.90 60.70
20150831133801 1.063 27.20 61.30 28.00 61.40
20150831133902 6.119 27.20 60.40 28.10 61.90
20150831134002 1.063 27.20 60.80 28.00 61.90
20150831134101 1.062 27.30 60.70 28.10 62.10
20150831134202 1.064 27.30 61.30 28.20 62.30
20150831134301 1.062 27.30 61.50 28.20 62.70
20150831134402 1.062 27.30 61.80 28.30 62.90
20150831134501 1.062 27.40 61.70 28.40 63.20
20150831134602 1.062 27.30 61.70 28.50 63.50
20150831134701 1.062 27.30 62.00 28.50 63.50
20150831134802 1.062 27.30 61.70 28.50 63.70
20150831134901 3.594 27.30 62.00 28.60 64.10
20150831135001 3.590 27.40 62.10 28.60 64.00
20150831135101 1.061 27.40 62.10 28.70 64.00
20150831135201 1.062 27.40 62.00 28.70 64.40
20150831135301 1.062 27.40 62.00 28.80 64.40
20150831135401 1.062 27.40 61.90 28.80 64.30
20150831135501 3.590 27.40 62.10 29.00 65.30
20150831135601 1.062 27.40 61.50 28.90 64.70
20150831135701 6.120 27.40 61.50 29.00 65.40
20150831135802 1.064 27.40 61.40 29.10 65.70
20150831135901 1.063 27.40 61.80 29.10 65.70
20150831140002 1.063 27.40 62.10 29.10 65.30
20150831140101 1.062 27.40 61.10 29.10 65.40
20150831140202 1.062 27.40 60.00 29.20 64.80
20150831140301 1.062 27.40 59.60 29.20 65.10
20150831140402 1.062 27.40 60.60 29.30 65.00
20150831140501 1.062 27.40 60.00 29.40 63.10
20150831140602 3.596 27.40 60.50 29.40 63.20
20150831140702 1.062 27.50 59.80 29.40 63.20
20150831140801 1.062 27.50 58.90 29.40 63.70
20150831140901 3.591 27.50 60.50 29.50 63.90
20150831141001 1.062 27.50 60.50 29.50 64.00
20150831141102 1.062 27.50 60.30 29.50 63.90
20150831141201 1.062 27.60 59.70 29.60 63.40
20150831141302 3.591 27.60 60.70 29.60 63.70
20150831141402 1.062 27.60 60.70 29.70 64.10
20150831141501 3.590 27.60 59.30 29.80 64.30
20150831141601 1.062 27.60 58.90 29.70 64.30
20150831141701 1.061 27.60 60.10 29.80 64.00
20150831141801 1.063 27.60 60.10 29.90 63.90
20150831141901 1.062 27.60 57.40 29.90 64.40
20150831142002 1.062 27.60 59.30 30.00 64.90
20150831142101 1.062 27.60 59.50 30.00 64.80
20150831142202 1.062 27.60 60.40 30.00 63.90
20150831142301 6.123 27.60 60.30 30.10 64.40
20150831142402 6.123 27.60 59.90 30.20 64.40
20150831142501 1.062 27.60 60.00 30.20 64.40
20150831142602 1.062 27.60 60.40 30.20 64.70
20150831142701 1.063 27.60 59.50 30.20 64.10
20150831142802 1.068 27.60 59.40 30.20 64.20
20150831142901 1.062 27.60 60.00 30.30 63.90
20150831143002 1.062 27.60 59.40 30.30 64.20
20150831143101 1.063 27.60 59.10 30.30 63.80
20150831143202 1.062 27.60 58.90 30.40 63.80
20150831143301 1.068 27.60 59.60 30.50 63.80
20150831143402 1.062 27.60 59.60 30.50 63.60
20150831143501 3.590 27.70 60.00 30.40 63.50
20150831143601 1.064 27.70 60.10 30.50 63.60
20150831143702 3.591 27.70 60.10 30.50 63.10
20150831143802 1.063 27.60 60.10 30.50 60.70
20150831143902 1.062 27.70 60.00 30.50 61.40
20150831144001 1.062 27.70 57.50 30.50 60.70
20150831144102 1.064 27.70 60.00 30.50 61.20
20150831144201 1.062 27.70 60.40 30.60 61.50
20150831144302 1.062 27.70 59.20 30.60 61.70
20150831144401 1.062 27.70 59.50 30.60 61.60
20150831144502 1.062 27.80 59.80 30.60 61.00
20150831144601 1.062 27.80 59.10 30.70 60.00
20150831144702 3.591 27.80 60.10 30.70 60.20
20150831144802 1.063 27.80 59.50 30.70 60.20
20150831144901 1.062 27.80 60.20 30.70 60.30
20150831145002 1.062 27.80 60.40 30.70 60.00
20150831145101 8.648 27.80 59.80 30.70 59.80
20150831145201 1.063 27.80 60.30 30.70 59.80
20150831145301 3.593 27.80 60.50 30.70 59.20
20150831145401 1.061 27.90 61.00 30.70 59.20
20150831145502 6.123 27.90 61.00 30.70 58.80
20150831145601 3.592 27.90 61.10 30.70 58.90
20150831145701 1.062 27.90 61.10 30.70 58.60
20150831145802 1.062 27.90 60.60 30.60 58.60
20150831145901 1.062 27.90 61.10 30.60 58.10
20150831150002 1.062 27.90 60.10 30.60 57.90
20150831150101 1.062 27.90 61.70 30.60 57.80
20150831150202 1.062 27.90 61.80 30.50 57.50
20150831150301 1.062 27.90 65.00 30.50 59.60
20150831150402 1.062 27.90 68.80 30.40 61.40
20150831150501 1.064 27.80 72.80 30.40 63.20
20150831150602 1.063 27.80 75.10 30.40 64.00
20150831150701 1.062 27.80 76.40 30.30 65.70
20150831150802 1.062 27.90 78.30 30.30 67.20
20150831150902 1.064 27.80 76.30 30.30 66.90
20150831151001 1.062 27.90 68.80 30.30 63.30
20150831151102 1.064 27.90 63.70 30.30 61.90
20150831151201 1.062 28.00 64.50 30.20 60.80
20150831151302 3.592 28.00 67.00 30.20 60.40
20150831151402 1.062 28.00 66.40 30.20 60.50
20150831151501 1.062 28.00 65.30 30.20 60.30
20150831151602 1.062 28.00 64.80 30.20 60.10
20150831151701 1.062 28.00 67.20 30.10 60.00
20150831151802 1.062 28.10 66.10 30.10 59.70
20150831151901 1.064 28.10 66.00 30.10 59.70
20150831152002 1.062 28.10 67.80 30.10 59.40
20150831152101 1.063 28.10 69.00 30.10 59.00
20150831152202 1.062 28.10 68.20 30.00 59.10
20150831152301 6.122 28.10 69.80 30.00 59.20
20150831152401 3.591 28.10 69.90 30.00 59.40
20150831152501 3.598 28.10 68.00 30.00 59.20
20150831152601 3.591 28.20 69.00 30.00 59.10
20150831152701 1.062 28.10 69.20 30.00 59.20
20150831152802 1.062 28.20 68.10 29.90 58.70
20150831152901 1.063 28.20 70.40 29.90 58.50
20150831153002 1.064 28.20 69.70 29.90 58.30
20150831153101 1.062 28.20 69.20 29.90 58.20
20150831153202 1.062 28.20 69.00 29.80 58.40
20150831153301 1.062 28.20 68.90 29.80 58.20
20150831153402 1.063 28.20 67.90 29.80 58.30
20150831153501 6.119 28.20 69.70 29.80 58.00
20150831153602 1.062 28.20 69.10 29.80 58.10
20150831153701 1.062 28.20 70.50 29.80 58.00
20150831153802 1.062 28.20 68.70 29.80 57.90
20150831153902 3.591 28.30 69.20 29.80 58.10
20150831154002 8.650 28.20 68.90 29.80 58.10
20150831154102 1.065 28.30 67.70 29.80 58.10
20150831154201 1.062 28.30 67.40 29.70 58.20
20150831154302 1.062 28.30 67.10 29.80 58.30
20150831154401 1.063 28.30 68.30 29.70 58.30
20150831154502 1.064 28.30 68.20 29.70 58.30
20150831154601 1.062 28.30 68.00 29.70 58.20
20150831154702 1.062 28.30 67.10 29.70 58.30
20150831154801 1.062 28.30 67.80 29.70 58.30
20150831154902 1.062 28.30 67.30 29.70 58.40
20150831155001 3.591 28.30 68.70 29.70 58.50
20150831155101 3.591 28.30 66.50 29.70 58.50
20150831155201 3.593 28.30 67.40 29.70 58.60
20150831155301 1.062 28.30 67.30 29.70 58.50
20150831155401 1.062 28.30 70.90 29.70 58.50
20150831155501 1.063 28.30 68.30 29.60 58.80
20150831155601 3.591 28.30 68.10 29.60 58.50
20150831155701 1.062 28.30 68.40 29.60 58.40
20150831155802 3.590 28.40 68.10 29.60 58.00
20150831155902 1.062 28.30 68.20 29.70 57.70
20150831160001 1.062 28.30 68.40 29.60 58.20
20150831160102 3.591 28.40 68.00 29.60 59.40
20150831160202 1.062 28.40 68.30 29.60 59.40
20150831160301 3.593 28.40 68.20 29.60 58.50
20150831160401 1.062 28.40 68.20 29.60 58.50
20150831160502 1.062 28.40 67.60 29.70 59.80
20150831160601 1.063 28.40 67.10 29.70 60.10
20150831160702 1.062 28.40 67.10 29.60 60.10
20150831160801 1.062 28.40 67.80 29.60 60.20
20150831160902 1.063 28.40 68.50 29.60 60.40
20150831161002 1.062 28.40 68.00 29.60 60.10
20150831161101 1.064 28.40 68.70 29.60 59.70
20150831161202 1.062 28.40 65.30 29.60 59.90
20150831161301 3.593 28.40 69.50 29.60 59.80
20150831161401 1.062 28.40 69.50 29.60 59.20
20150831161502 1.062 28.40 69.10 29.60 59.20
20150831161601 1.062 28.40 68.70 29.60 59.20
20150831161702 1.063 28.40 68.70 29.60 58.90
20150831161801 3.590 28.40 67.40 29.60 59.20
20150831161901 6.124 28.40 67.70 29.60 59.00
20150831162002 1.062 28.40 67.80 29.60 58.90
20150831162101 1.062 28.40 69.30 29.60 58.90
20150831162202 3.590 28.40 69.30 29.60 58.80
20150831162302 1.063 28.40 69.70 29.60 58.60
20150831162401 1.063 28.50 67.30 29.60 58.80
20150831162502 1.063 28.40 69.50 29.60 59.30
20150831162601 1.062 28.40 66.60 29.60 59.30
20150831162701 3.591 28.50 69.90 29.60 58.90
20150831162801 1.062 28.50 69.90 29.60 58.70
20150831162901 1.063 28.50 69.00 29.60 58.60
20150831163001 1.062 28.50 69.10 29.60 58.50
20150831163101 3.590 28.50 67.30 29.60 57.70
20150831163202 3.593 28.50 66.60 29.60 57.60
20150831163302 1.062 28.50 68.00 29.60 57.60
20150831163401 6.119 28.50 65.80 29.60 57.10
20150831163502 3.593 28.50 66.80 29.60 57.20
20150831163602 1.062 28.50 67.30 29.60 57.20
20150831163701 1.064 28.50 68.50 29.50 57.20
20150831163802 1.062 28.50 64.80 29.60 57.30
20150831163902 1.062 28.50 66.60 29.60 57.30
20150831164001 3.590 28.50 66.40 29.60 57.30
20150831164101 1.065 28.50 66.90 29.60 57.30
20150831164202 3.591 28.50 65.90 29.50 57.40
20150831164302 3.590 28.50 66.00 29.60 57.30
20150831164402 1.063 28.50 65.20 29.60 57.30
20150831164501 1.062 28.50 66.00 29.60 57.30
20150831164602 1.062 28.50 66.90 29.60 57.40
20150831164701 1.062 28.50 68.70 29.50 57.50
20150831164802 3.594 28.50 69.10 29.50 57.50
20150831164902 1.062 28.50 68.30 29.50 57.50
20150831165001 1.064 28.50 67.10 29.50 57.50
20150831165102 1.063 28.50 68.10 29.50 57.60
20150831165201 1.063 28.50 66.80 29.50 57.30
20150831165302 3.591 28.50 66.70 29.50 56.80
20150831165402 1.062 28.50 67.10 29.50 56.80
20150831165501 1.064 28.50 68.80 29.50 56.80
20150831165602 1.062 28.50 68.80 29.40 56.60
20150831165701 1.063 28.50 66.90 29.40 56.70
20150831165802 3.594 28.50 69.30 29.40 56.50
20150831165901 3.593 28.50 68.00 29.40 56.50
20150831170001 3.591 28.50 67.80 29.40 56.40
20150831170101 3.591 28.40 68.20 29.40 56.40
20150831170201 1.062 28.50 68.50 29.40 56.40
20150831170302 1.062 28.40 67.80 29.40 56.40
20150831170401 1.063 28.40 67.00 29.40 56.10
20150831170502 1.062 28.50 68.20 29.40 56.00
20150831170601 1.062 28.50 65.00 29.40 56.40
20150831170702 1.062 28.50 66.40 29.40 56.50
20150831170801 1.067 28.50 67.50 29.40 56.50
20150831170902 1.063 28.40 68.00 29.40 56.50
20150831171002 1.062 28.40 64.50 29.40 56.50
20150831171101 1.063 28.40 68.30 29.40 56.40
20150831171202 1.063 28.40 68.60 29.30 56.10
20150831171301 1.062 28.40 68.10 29.30 55.90
20150831171402 1.063 28.40 67.80 29.30 56.00
20150831171501 1.062 28.40 67.70 29.30 56.00
20150831171602 1.062 28.40 67.10 29.30 56.00
20150831171701 1.062 28.50 67.10 29.30 55.90
20150831171802 1.062 28.40 67.30 29.30 56.00
20150831171901 1.065 28.40 67.30 29.30 55.90
20150831172002 1.062 28.40 66.90 29.30 56.10
20150831172101 3.591 28.50 67.40 29.30 56.20
20150831172201 1.062 28.40 67.50 29.30 56.00
20150831172302 1.062 28.40 67.80 29.30 56.00
20150831172401 11.180 28.40 66.70 29.30 56.00
20150831172501 1.062 28.50 66.90 29.30 56.00
20150831172602 1.063 28.40 67.30 29.30 55.70
20150831172701 1.062 28.50 67.80 29.30 55.60
20150831172802 1.062 28.40 65.70 29.30 55.60
20150831172901 1.062 28.40 67.40 29.30 55.50
20150831173002 1.062 28.40 67.00 29.30 55.70
20150831173101 1.064 28.40 63.60 29.30 55.50
20150831173202 1.062 28.40 65.70 29.30 55.70
20150831173301 1.064 28.40 65.70 29.30 55.60
20150831173402 3.592 28.40 66.20 29.20 55.50
20150831173502 1.062 28.40 66.20 29.30 55.50
20150831173601 1.062 28.40 66.00 29.30 55.60
20150831173702 1.062 28.40 58.60 29.30 55.70
20150831173801 1.062 28.40 64.70 29.30 55.70
20150831173902 1.065 28.40 66.50 29.30 55.80
20150831174002 1.063 28.40 66.60 29.30 55.70
20150831174101 6.119 28.50 66.70 29.30 55.80
20150831174202 1.062 28.50 63.10 29.30 55.80
20150831174301 1.062 28.50 67.30 29.30 55.90
20150831174402 3.594 28.50 66.30 29.30 55.90
20150831174502 1.062 28.50 62.60 29.30 55.90
20150831174601 1.062 28.50 64.10 29.30 55.90
20150831174702 1.062 28.50 62.40 29.30 56.00
20150831174801 3.590 28.50 61.90 29.30 56.10
20150831174901 1.062 28.50 66.10 29.30 56.10
20150831175002 1.062 28.50 67.30 29.20 56.00
20150831175101 3.591 28.50 64.00 29.20 56.00
20150831175201 3.591 28.50 63.80 29.30 56.20
20150831175301 1.062 28.50 63.80 29.20 56.20
20150831175402 1.062 28.50 61.70 29.30 56.30
20150831175501 3.590 28.50 62.60 29.30 56.40
20150831175601 1.062 28.50 62.60 29.30 56.40
20150831175701 1.062 28.50 63.60 29.30 56.40
20150831175801 1.062 28.50 63.50 29.30 56.50
20150831175901 1.062 28.50 64.00 29.20 56.50
20150831180001 1.062 28.50 65.20 29.20 56.50
20150831180101 3.592 28.50 63.60 29.20 56.60
20150831180201 1.062 28.50 62.90 29.20 56.70
20150831180302 1.066 28.50 67.80 29.30 59.90
20150831180401 1.062 28.40 75.40 29.20 63.00
20150831180502 1.062 28.30 79.60 29.20 65.10
20150831180601 1.065 28.30 82.40 29.20 68.40
20150831180702 1.063 28.30 84.20 29.20 71.00
20150831180801 1.062 28.30 84.80 29.20 72.40
20150831180902 1.063 28.30 83.80 29.20 70.80
20150831181001 1.062 28.30 72.60 29.20 65.60
20150831181101 6.119 28.40 67.10 29.20 63.50
20150831181202 1.062 28.40 66.70 29.20 62.00
20150831181301 1.062 28.40 67.10 29.20 61.10
20150831181402 1.064 28.40 64.10 29.20 60.50
20150831181501 1.063 28.40 64.60 29.20 60.00
20150831181602 1.062 28.40 65.00 29.20 59.40
20150831181701 1.064 28.40 64.50 29.20 59.00
20150831181802 1.062 28.40 63.20 29.20 59.00
20150831181901 1.062 28.40 64.60 29.20 59.00
20150831182002 3.590 28.40 64.30 29.10 58.60
20150831182102 1.062 28.30 65.00 29.10 58.60
20150831182201 1.062 28.40 65.20 29.20 58.50
20150831182302 1.062 28.40 64.40 29.10 58.40
20150831182401 1.062 28.40 65.80 29.10 58.30
20150831182502 1.062 28.40 63.60 29.10 58.30
20150831182601 1.062 28.40 64.10 29.10 58.20
20150831182702 1.062 28.40 63.80 29.10 58.30
20150831182801 1.062 28.40 65.10 29.10 58.50
20150831182902 1.064 28.40 65.70 29.10 58.30
20150831183001 1.062 28.40 65.20 29.10 58.20
20150831183102 1.062 28.30 65.30 29.10 58.00
20150831183201 1.062 28.40 63.80 29.10 58.00
20150831183302 1.062 28.40 63.80 29.00 57.90
20150831183401 1.062 28.40 63.10 29.10 57.80
20150831183502 1.062 28.40 64.00 29.00 57.80
20150831183601 1.062 28.40 66.40 29.10 57.80
20150831183702 1.062 28.30 64.90 29.00 57.80
20150831183801 1.062 28.40 64.00 29.00 57.90
20150831183902 3.593 28.40 64.40 29.10 57.90
20150831184001 1.062 28.40 64.80 29.00 57.90
20150831184102 1.062 28.40 64.00 29.00 58.00
20150831184201 3.590 28.40 63.50 29.10 58.00
20150831184301 3.593 28.30 64.10 29.10 58.00
20150831184401 1.061 28.40 65.30 29.00 58.00
20150831184502 3.591 28.40 64.20 29.00 58.00
20150831184601 6.118 28.30 64.30 29.00 58.00
20150831184701 6.119 28.40 63.80 29.00 58.00
20150831184801 1.063 28.40 62.60 29.00 58.00
20150831184902 1.064 28.40 63.30 29.00 57.90
20150831185001 1.062 28.40 63.10 29.00 57.90
20150831185102 1.064 28.30 64.00 29.00 58.00
20150831185201 1.064 28.40 64.70 29.00 58.00
20150831185302 3.594 28.40 63.60 29.00 58.00
20150831185402 3.590 28.40 63.80 29.00 58.00
20150831185502 1.062 28.40 63.80 29.10 58.00
20150831185601 1.062 28.40 63.90 29.00 57.90
20150831185702 1.062 28.40 63.30 29.00 57.90
20150831185801 1.063 28.30 63.10 29.00 57.90
20150831185902 1.062 28.40 63.10 29.00 57.90
20150831190001 1.061 28.30 64.00 29.00 58.00
20150831190102 1.062 28.30 63.30 29.00 57.90
20150831190201 1.062 28.30 63.90 29.00 57.80
20150831190302 1.064 28.30 62.20 29.00 57.80
20150831190401 3.594 28.30 63.20 29.00 57.80
20150831190501 1.063 28.30 63.40 29.00 57.70
20150831190602 3.590 28.30 63.40 29.00 57.70
20150831190702 1.062 28.30 63.40 29.00 57.90
20150831190801 1.062 28.30 63.10 29.00 57.90
20150831190902 1.062 28.30 63.10 29.00 58.00
20150831191002 1.063 28.30 62.90 29.00 57.90
20150831191101 1.062 28.30 63.10 29.00 57.90
20150831191202 1.063 28.30 62.50 29.00 57.90
20150831191301 6.118 28.30 62.10 28.90 57.20
20150831191402 1.062 28.30 62.20 28.90 57.20
20150831191501 1.062 28.30 62.60 29.00 57.80
20150831191602 1.062 28.30 61.30 29.00 57.80
20150831191701 1.062 28.30 61.70 29.00 57.70
20150831191801 1.062 28.30 62.30 29.00 57.70
20150831191901 1.062 28.30 62.10 29.00 57.70
20150831192001 3.590 28.30 62.70 28.90 57.10
20150831192101 6.119 28.30 62.30 29.00 57.70
20150831192202 1.062 28.30 62.20 28.90 57.10
20150831192301 1.063 28.30 61.40 28.90 57.00
20150831192402 1.064 28.30 61.60 28.90 57.00
20150831192501 1.062 28.30 62.00 28.90 57.00
20150831192602 1.062 28.30 61.80 28.90 57.00
20150831192701 1.062 28.30 61.00 28.90 56.90
20150831192802 1.062 28.30 61.80 28.90 56.90
20150831192901 3.594 28.20 61.00 28.90 56.90
20150831193001 1.062 28.20 61.90 28.90 56.90
20150831193102 1.063 28.20 61.50 28.90 56.90
20150831193201 1.062 28.20 60.50 28.90 56.80
20150831193302 3.590 28.20 61.10 28.90 56.80
20150831193402 1.064 28.20 60.40 28.90 56.80
20150831193501 1.062 28.20 61.50 28.90 56.70
20150831193602 3.591 28.20 60.60 28.90 56.70
20150831193702 1.062 28.20 60.80 28.90 56.70
20150831193801 1.062 28.20 60.50 28.90 56.80
20150831193902 1.063 28.20 60.00 28.90 57.00
20150831194002 1.062 28.20 60.40 28.90 57.20
20150831194101 3.591 28.20 60.40 28.90 57.30
20150831194202 1.062 28.20 60.60 28.80 57.40
20150831194301 1.062 28.20 59.90 28.80 57.40
20150831194402 8.650 28.20 59.70 28.90 57.30
20150831194502 1.062 28.10 59.70 28.80 57.30
20150831194601 1.062 28.10 59.60 28.80 57.30
20150831194702 1.064 28.10 60.10 28.80 57.30
20150831194801 1.062 28.10 59.70 28.80 57.00
20150831194902 6.119 28.10 59.10 28.80 56.90
20150831195001 3.590 28.10 59.60 28.80 56.80
20150831195101 6.119 28.10 59.80 28.80 56.80
20150831195202 1.064 28.10 59.70 28.80 56.80
20150831195301 1.062 28.10 59.20 28.80 56.40
20150831195402 3.593 28.10 60.10 28.80 56.30
20150831195502 1.063 28.10 60.20 28.80 56.40
20150831195601 3.591 28.10 60.40 28.80 56.40
20150831195701 3.593 28.10 59.80 28.80 56.30
20150831195801 3.593 28.10 59.80 28.80 55.90
20150831195901 1.063 28.10 59.40 28.80 55.80
20150831200001 1.062 28.10 58.10 28.80 56.10
20150831200102 3.592 28.10 58.70 28.80 56.10
20150831200202 1.061 28.10 58.60 28.80 56.10
20150831200301 1.062 28.00 58.90 28.80 55.90
20150831200402 1.064 28.00 58.80 28.80 55.20
20150831200501 1.062 28.00 58.40 28.80 55.20
20150831200602 1.062 28.00 59.40 28.80 55.80
20150831200701 1.064 28.00 59.80 28.80 55.90
20150831200802 3.591 28.00 58.80 28.70 55.70
20150831200902 3.593 28.00 58.10 28.70 55.70
20150831201001 1.062 28.00 58.10 28.70 55.00
20150831201102 1.063 28.00 58.50 28.70 54.50
20150831201201 1.062 28.00 57.30 28.70 54.60
20150831201302 1.062 28.00 58.80 28.70 54.90
20150831201401 3.591 28.00 58.80 28.70 55.90
20150831201501 1.062 28.00 58.20 28.70 55.80
20150831201602 1.062 28.00 58.00 28.70 55.70
20150831201701 1.063 28.00 58.00 28.70 55.70
20150831201802 1.062 27.90 57.00 28.70 55.60
20150831201901 1.062 27.90 57.10 28.70 55.50
20150831202002 1.062 27.90 57.60 28.70 55.40
20150831202101 1.062 28.00 57.70 28.70 55.40
20150831202202 6.125 27.90 59.10 28.70 55.10
20150831202301 1.062 27.90 58.90 28.70 53.10
20150831202401 1.062 27.90 58.80 28.60 54.10
20150831202501 1.062 27.90 58.90 28.60 54.40
20150831202601 1.062 27.90 58.90 28.60 54.60
20150831202701 1.062 27.90 59.10 28.60 54.30
20150831202801 1.062 27.90 57.90 28.60 52.90
20150831202901 1.062 27.90 59.40 28.60 53.90
20150831203001 1.062 27.90 56.90 28.60 54.20
20150831203101 1.062 27.90 58.90 28.60 54.60
20150831203201 3.590 27.90 58.60 28.50 54.40
20150831203301 3.594 27.90 58.00 28.50 54.20
20150831203401 1.063 27.80 58.20 28.50 54.20
20150831203502 1.064 27.90 58.00 28.50 53.80
20150831203601 3.591 27.80 55.80 28.50 53.60
20150831203701 1.062 27.80 55.60 28.50 52.90
20150831203802 1.062 27.80 58.90 28.50 53.90
20150831203902 3.593 27.80 59.30 28.50 52.70
20150831204002 1.062 27.80 59.40 28.50 53.80
20150831204101 1.062 27.80 58.20 28.40 53.80
20150831204202 1.062 27.80 57.60 28.50 53.60
20150831204301 1.062 27.70 58.80 28.40 52.60
20150831204402 1.067 27.80 60.90 28.50 52.80
20150831204501 1.062 27.80 58.10 28.40 53.20
20150831204602 3.594 27.70 56.00 28.50 53.50
20150831204702 3.596 27.70 56.20 28.40 52.80
20150831204802 1.062 27.70 60.50 28.40 52.90
20150831204901 1.064 27.70 58.10 28.40 53.80
20150831205002 1.066 27.70 61.90 28.40 53.80
20150831205102 1.075 27.70 59.80 28.40 53.80
20150831205202 8.652 27.70 56.30 28.40 54.10
20150831205302 6.130 27.70 58.40 28.40 54.20
20150831205402 3.617 27.70 58.80 28.40 54.20
20150831205501 3.591 27.70 58.10 28.40 54.30
20150831205601 3.591 27.70 61.00 28.40 54.30
20150831205702 6.120 27.70 60.50 28.40 54.20
20150831205802 1.074 27.70 60.00 28.40 54.30
20150831205902 1.076 27.70 54.90 28.30 54.30
20150831210002 3.593 27.70 51.60 28.40 54.40
20150831210102 8.652 27.70 56.20 28.30 54.50
20150831210202 1.066 27.70 55.50 28.30 54.50
20150831210301 1.062 27.70 60.10 28.30 57.20
20150831210402 1.062 27.50 67.00 28.30 60.50
20150831210501 1.062 27.50 70.10 28.40 63.40
20150831210602 1.062 27.50 73.40 28.40 66.40
20150831210701 11.182 27.50 76.60 28.30 68.20
20150831210802 3.591 27.50 77.30 28.30 68.80
20150831210902 8.653 27.50 64.40 28.30 62.80
20150831211001 1.062 27.50 64.20 28.30 62.70
20150831211102 1.062 27.50 60.40 28.30 60.70
20150831211201 6.119 27.50 59.40 28.30 58.00
20150831211302 1.062 27.50 58.90 28.30 58.00
20150831211401 1.064 27.60 57.60 28.30 56.10
20150831211501 1.062 27.50 57.50 28.30 56.70
20150831211601 3.595 27.50 57.50 28.30 56.50
20150831211702 3.591 27.50 57.50 28.30 56.00
20150831211802 1.062 27.50 57.30 28.20 56.00
20150831211901 1.062 27.60 57.60 28.20 55.90
20150831212002 1.062 27.60 58.10 28.20 55.70
20150831212101 3.593 27.50 57.20 28.30 55.60
20150831212201 6.119 27.50 57.20 28.20 55.30
20150831212302 3.593 27.50 57.00 28.20 55.40
20150831212402 1.062 27.50 57.00 28.20 55.40
20150831212501 1.062 27.50 57.20 28.20 55.30
20150831212602 1.062 27.50 59.10 28.20 55.30
20150831212701 3.590 27.60 58.70 28.20 55.30
20150831212801 1.062 27.50 58.60 28.20 55.40
20150831212902 1.062 27.50 58.00 28.20 55.40
20150831213001 1.062 27.50 58.00 28.20 55.40
20150831213102 3.590 27.50 57.80 28.20 55.40
20150831213202 3.593 27.50 58.10 28.20 55.40
20150831213302 1.062 27.50 58.10 28.20 55.40
20150831213401 3.593 27.50 58.20 28.20 55.40
20150831213501 1.062 27.50 58.50 28.20 55.40
20150831213601 3.591 27.60 59.10 28.20 55.40
20150831213701 1.062 27.60 59.20 28.20 55.30
20150831213801 1.064 27.50 58.70 28.20 55.40
20150831213901 3.591 27.60 59.80 28.20 55.40
20150831214001 1.062 27.60 59.90 28.20 55.40
20150831214102 1.062 27.60 62.60 28.20 53.20
20150831214201 1.063 27.60 61.40 28.20 54.20
20150831214302 3.593 27.60 62.00 28.10 56.00
20150831214401 3.591 27.60 61.50 28.10 55.20
20150831214501 6.121 27.60 59.50 28.10 54.80
20150831214602 6.118 27.60 59.50 28.10 55.00
20150831214701 3.594 27.60 59.60 28.10 55.00
20150831214801 1.061 27.60 59.50 28.10 54.90
20150831214902 3.591 27.60 59.80 28.10 55.10
20150831215002 1.062 27.60 59.70 28.10 55.10
20150831215101 3.590 27.60 59.40 28.10 54.90
20150831215201 3.594 27.60 59.50 28.10 54.70
20150831215301 1.062 27.60 59.50 28.10 54.60
20150831215402 1.062 27.60 58.90 28.10 54.50
20150831215501 1.062 27.60 58.90 28.10 54.40
20150831215602 1.062 27.60 59.40 28.10 54.70
20150831215701 1.062 27.60 59.60 28.10 54.70
20150831215802 1.062 27.60 59.70 28.10 54.70
20150831215901 1.062 27.60 59.40 28.10 54.60
20150831220002 1.062 27.60 59.40 28.10 54.60
20150831220101 1.063 27.60 59.20 28.10 54.50
20150831220202 1.062 27.60 59.10 28.10 54.40
20150831220301 1.062 27.60 58.90 28.10 54.40
20150831220401 3.590 27.60 59.00 28.10 54.20
20150831220501 1.066 27.60 59.00 28.10 54.40
20150831220601 1.062 27.60 59.30 28.10 54.40
20150831220701 1.062 27.60 58.80 28.10 54.20
20150831220801 1.062 27.60 58.60 28.00 54.10
20150831220901 3.593 27.60 60.10 28.00 54.40
20150831221001 3.598 27.60 62.20 28.00 50.50
20150831221101 1.062 27.60 62.20 28.00 52.50
20150831221201 1.062 27.60 62.20 28.00 52.10
20150831221301 1.062 27.60 64.10 28.10 52.00
20150831221401 1.062 27.60 59.90 28.00 51.90
20150831221502 1.083 27.60 62.80 28.00 52.30
20150831221602 3.600 27.60 62.40 28.00 52.50
20150831221702 6.156 27.60 61.60 28.00 53.20
20150831221802 3.594 27.60 61.90 28.00 53.20
20150831221902 1.062 27.50 61.80 28.10 53.50
20150831222001 3.593 27.60 59.50 28.00 53.60
20150831222101 1.062 27.50 59.70 28.10 53.70
20150831222201 1.062 27.60 61.50 28.00 53.70
20150831222301 1.063 27.60 60.40 28.00 53.80
20150831222401 3.591 27.50 60.20 28.00 54.00
20150831222501 1.062 27.60 60.30 28.00 54.10
20150831222602 3.590 27.50 60.30 28.00 54.20
20150831222702 3.596 27.60 60.20 28.00 54.20
20150831222802 1.063 27.50 59.90 28.00 54.20
20150831222901 1.063 27.50 59.80 28.00 54.20
20150831223002 1.067 27.50 60.30 28.00 54.20
20150831223101 6.121 27.50 59.60 28.00 54.20
20150831223202 1.062 27.50 59.70 28.00 54.20
20150831223301 3.593 27.50 59.80 28.00 54.20
20150831223401 1.062 27.50 59.70 28.00 54.20
20150831223502 1.062 27.50 60.20 28.00 54.20
20150831223601 3.590 27.50 60.30 28.00 54.20
20150831223701 3.590 27.50 60.40 28.00 54.20
20150831223801 3.591 27.50 60.10 28.00 54.10
20150831223902 1.062 27.50 62.30 28.00 54.10
20150831224001 1.069 27.50 60.10 28.00 54.00
20150831224102 1.063 27.50 61.10 28.00 54.00
20150831224202 1.062 27.50 61.30 28.00 54.10
20150831224301 1.062 27.50 60.70 28.00 54.10
20150831224402 3.590 27.50 60.40 28.00 54.00
20150831224502 1.062 27.50 60.40 28.00 54.00
20150831224601 1.062 27.50 61.00 28.00 54.00
20150831224702 1.062 27.50 60.60 27.90 53.40
20150831224801 1.062 27.50 60.40 28.00 53.90
20150831224902 1.064 27.50 60.40 27.90 53.30
20150831225001 3.591 27.50 60.60 28.00 53.80
20150831225101 1.062 27.50 60.50 28.00 53.70
20150831225202 1.062 27.50 60.50 27.90 53.20
20150831225301 1.062 27.50 60.90 27.90 53.10
20150831225402 3.591 27.50 60.60 28.00 53.50
20150831225502 8.648 27.50 61.20 28.00 53.50
20150831225602 3.591 27.50 60.90 27.90 52.90
20150831225701 1.062 27.50 60.90 27.90 52.90
20150831225801 1.065 27.50 60.30 27.90 52.90
20150831225901 1.062 27.50 60.60 27.90 52.80
20150831230001 1.063 27.50 60.50 27.90 52.80
20150831230101 1.064 27.50 60.60 27.90 52.80
20150831230201 3.590 27.50 60.00 27.90 52.80
20150831230302 6.125 27.50 60.10 27.90 52.80
20150831230401 3.594 27.50 62.60 27.90 52.80
20150831230501 6.124 27.50 61.90 27.90 52.80
20150831230602 1.064 27.50 62.50 27.90 52.80
20150831230701 1.063 27.50 61.50 27.90 52.90
20150831230802 3.593 27.40 61.80 27.90 52.90
20150831230902 1.065 27.40 61.00 27.90 52.90
20150831231002 1.063 27.40 61.90 27.90 52.90
20150831231101 3.594 27.40 60.80 27.90 52.90
20150831231201 1.062 27.40 62.80 27.90 52.80
20150831231302 1.062 27.40 62.70 27.90 52.90
20150831231401 3.594 27.40 61.60 27.90 52.90
20150831231501 3.590 27.40 62.00 27.90 52.90
20150831231601 1.062 27.40 62.30 27.80 52.90
20150831231702 1.062 27.40 61.60 27.90 52.80
20150831231801 1.062 27.40 61.50 27.90 52.80
20150831231901 3.591 27.40 61.70 27.90 52.80
20150831232001 1.062 27.40 62.50 27.80 52.80
20150831232101 1.062 27.40 62.60 27.80 52.80
20150831232201 1.062 27.40 62.10 27.80 52.80
20150831232301 3.591 27.40 61.60 27.80 52.70
20150831232402 1.062 27.40 63.30 27.80 52.70
20150831232501 3.593 27.40 63.10 27.80 52.80
20150831232601 3.590 27.40 62.90 27.80 52.70
20150831232701 1.062 27.40 62.70 27.80 52.80
20150831232802 1.064 27.40 61.80 27.80 52.80
20150831232901 1.062 27.40 62.70 27.80 52.80
20150831233002 1.063 27.40 61.30 27.80 52.80
20150831233101 1.062 27.40 60.40 27.80 52.80
20150831233202 1.062 27.40 62.10 27.80 52.80
20150831233301 1.062 27.30 61.50 27.80 52.70
20150831233402 1.062 27.30 62.10 27.70 52.80
20150831233501 1.062 27.30 61.20 27.80 52.80
20150831233602 1.063 27.30 61.70 27.80 52.80
20150831233701 1.065 27.30 61.10 27.80 52.70
20150831233802 6.124 27.30 61.50 27.70 52.70
20150831233902 1.062 27.30 61.80 27.70 52.60
20150831234001 1.065 27.30 61.40 27.70 52.70
20150831234102 1.062 27.30 60.30 27.70 52.70
20150831234201 3.590 27.30 61.50 27.70 52.70
20150831234301 3.591 27.30 61.20 27.70 52.70
20150831234401 3.591 27.30 62.60 27.70 52.70
20150831234501 6.125 27.30 62.90 27.70 52.60
20150831234602 1.062 27.30 62.70 27.70 52.60
20150831234701 3.590 27.30 63.70 27.70 52.60
20150831234801 1.061 27.30 62.70 27.70 52.60
20150831234901 6.118 27.30 63.60 27.70 52.60
20150831235002 1.062 27.30 63.30 27.70 52.60
20150831235101 3.590 27.30 62.40 27.70 52.60
20150831235201 3.590 27.30 63.90 27.70 52.60
20150831235301 1.061 27.30 63.60 27.70 52.60
20150831235402 1.062 27.30 61.80 27.70 52.60
20150831235501 1.063 27.30 61.90 27.70 52.60
20150831235602 1.063 27.30 63.00 27.70 52.60
20150831235701 1.061 27.30 62.80 27.60 52.60
20150831235802 3.591 27.30 61.40 27.60 52.60
20150831235902 1.062 27.20 61.40 27.60 52.50
