20150904000002 1.592 27.50 55.00 29.00 41.70 28.70 31.40
20150904000102 4.117 27.50 55.00 29.00 41.70 28.80 33.60
20150904000201 1.590 27.50 49.00 29.00 40.70 28.70 33.20
20150904000301 1.589 27.50 59.10 29.00 46.30 28.70 32.40
20150904000401 4.117 27.30 71.30 29.00 52.70 28.80 33.20
20150904000501 1.588 27.30 71.30 29.00 57.20 28.70 32.60
20150904000601 1.588 27.20 74.20 29.00 57.10 28.80 32.70
20150904000701 4.118 27.20 78.80 29.00 57.70 28.70 33.30
20150904000802 1.589 27.20 78.80 29.00 59.60 28.70 32.60
20150904000902 9.182 27.20 82.20 29.00 61.00 28.70 32.80
20150904001001 1.589 27.20 82.50 29.00 61.70 28.70 32.70
20150904001101 4.120 27.20 83.60 29.00 65.00 28.70 33.20
20150904001202 9.174 27.10 86.20 29.00 64.90 28.70 33.90
20150904001301 4.117 27.20 87.00 29.00 61.20 28.70 33.80
20150904001402 1.588 27.20 86.00 29.00 61.00 28.80 33.20
20150904001502 1.588 27.20 70.00 29.00 55.30 28.70 34.00
20150904001602 1.588 27.30 66.00 29.00 53.90 28.70 32.60
20150904001702 6.645 27.30 65.70 29.00 52.20 28.80 33.10
20150904001801 4.116 27.30 63.20 29.00 52.20 28.80 33.20
20150904001902 1.589 27.30 63.20 29.00 51.60 28.80 33.20
20150904002002 1.588 27.30 63.30 29.00 51.30 28.80 33.50
20150904002102 1.599 27.30 62.10 29.00 50.80 28.80 33.20
20150904002202 1.588 27.30 62.00 29.00 50.30 28.80 33.20
20150904002301 1.593 27.30 62.30 29.00 50.00 28.80 33.10
20150904002401 1.589 27.30 62.10 29.00 49.60 28.80 32.40
20150904002501 1.589 27.30 60.50 29.00 49.30 28.80 32.50
20150904002601 4.117 27.40 61.80 29.00 48.90 28.90 32.60
20150904002702 1.588 27.40 61.30 29.00 48.90 28.90 32.70
20150904002802 1.589 27.40 61.30 29.00 48.60 28.90 32.70
20150904002902 4.117 27.40 61.10 29.00 48.50 28.90 33.20
20150904003002 6.645 27.40 61.10 29.00 48.10 28.90 33.20
20150904003102 1.588 27.40 60.40 29.00 48.10 28.90 33.20
20150904003202 4.127 27.40 60.00 29.00 48.10 28.90 33.40
20150904003301 1.589 27.40 60.00 29.00 48.00 28.90 33.50
20150904003401 6.649 27.40 60.60 29.00 47.90 28.90 33.20
20150904003502 1.588 27.40 60.60 29.00 47.80 28.90 33.20
20150904003602 1.597 27.40 60.10 29.00 47.60 28.90 33.40
20150904003702 1.588 27.40 59.90 29.00 47.60 28.90 33.90
20150904003802 1.589 27.40 59.50 29.00 47.60 28.90 33.20
20150904003902 1.589 27.40 58.80 29.00 47.60 28.90 33.20
20150904004001 11.716 27.40 60.00 29.00 47.60 28.80 33.40
20150904004101 1.588 27.40 59.90 29.00 47.60 28.90 33.50
20150904004201 1.593 27.40 59.10 29.00 47.50 28.90 33.20
20150904004301 4.133 27.40 59.40 29.00 47.10 28.90 33.00
20150904004401 1.610 27.40 60.00 29.00 47.10 28.80 32.70
20150904004501 1.590 27.40 59.90 28.90 46.20 28.80 33.00
20150904004602 1.592 27.40 57.70 29.00 46.70 28.80 33.00
20150904004702 4.119 27.40 58.60 29.00 46.70 28.80 33.20
20150904004801 1.598 27.40 56.70 28.90 46.30 28.90 33.20
20150904004902 6.652 27.40 58.70 29.00 46.80 28.90 33.20
20150904005002 1.589 27.40 58.90 29.00 46.70 28.80 33.20
20150904005102 4.127 27.40 57.90 29.00 46.70 28.80 33.00
20150904005202 4.120 27.40 58.60 28.90 46.10 28.80 33.20
20150904005301 1.589 27.40 59.00 28.90 46.00 28.80 33.20
20150904005402 1.588 27.40 57.50 29.00 46.50 28.90 33.20
20150904005502 6.651 27.40 58.10 29.00 46.50 28.80 32.60
20150904005602 1.590 27.40 58.00 28.90 45.80 28.80 32.70
20150904005702 6.649 27.40 59.20 29.00 46.30 28.80 32.90
20150904005801 1.590 27.40 58.50 28.90 45.70 28.80 32.90
20150904005901 4.117 27.40 58.10 29.00 46.30 28.80 32.70
20150904010001 1.589 27.30 58.30 28.90 45.70 28.80 33.00
20150904010101 4.119 27.30 56.80 28.90 45.70 28.80 32.60
20150904010201 4.119 27.30 58.40 29.00 46.10 28.70 32.70
20150904010302 4.117 27.40 58.30 28.90 45.40 28.70 32.50
20150904010401 4.117 27.40 56.90 28.90 45.40 28.70 32.50
20150904010501 4.117 27.40 58.10 28.90 45.40 28.70 32.60
20150904010602 1.588 27.40 58.20 28.90 45.40 28.70 32.50
20150904010702 1.609 27.40 58.50 28.90 45.40 28.70 32.80
20150904010801 4.118 27.30 57.90 28.90 45.30 28.70 32.80
20150904010902 4.118 27.40 55.80 28.90 45.40 28.70 32.20
20150904011002 1.591 27.30 56.70 28.90 45.50 28.70 32.30
20150904011102 1.596 27.30 56.60 28.90 45.40 28.70 32.50
20150904011202 1.588 27.30 57.20 28.90 45.40 28.70 32.00
20150904011302 1.588 27.30 56.70 28.90 45.50 28.70 32.10
20150904011402 4.117 27.30 56.20 28.90 45.40 28.60 31.60
20150904011501 4.120 27.30 56.70 28.90 45.40 28.60 31.90
20150904011601 1.588 27.30 56.00 28.90 45.40 28.60 31.80
20150904011701 4.117 27.30 56.10 28.90 45.40 28.50 31.50
20150904011801 1.588 27.30 56.20 28.90 45.30 28.50 31.40
20150904011901 6.653 27.30 56.60 28.90 45.50 28.50 31.50
20150904012002 4.117 27.30 56.70 28.90 45.20 28.50 31.40
20150904012101 1.590 27.30 56.60 28.90 45.20 28.40 31.50
20150904012201 1.588 27.30 56.60 28.80 45.20 28.40 31.40
20150904012301 1.588 27.30 57.60 28.80 45.10 28.40 31.80
20150904012401 1.588 27.30 57.40 28.80 45.10 28.40 31.80
20150904012501 1.588 27.30 57.20 28.80 45.00 28.40 31.90
20150904012602 1.608 27.30 57.40 28.80 45.00 28.40 32.20
20150904012702 4.121 27.30 57.00 28.80 44.90 28.40 32.10
20150904012801 1.591 27.30 57.00 28.90 44.90 28.40 32.40
20150904012902 1.598 27.30 57.70 28.80 44.90 28.40 32.30
20150904013002 1.590 27.30 56.90 28.80 44.80 28.40 32.70
20150904013102 1.588 27.20 57.00 28.80 44.80 28.40 33.20
20150904013202 4.122 27.20 55.40 28.80 44.80 28.40 33.10
20150904013301 1.588 27.20 57.00 28.80 44.80 28.40 33.10
20150904013401 1.591 27.20 57.50 28.80 44.90 28.40 33.20
20150904013502 4.120 27.20 55.30 28.80 44.90 28.40 33.20
20150904013601 4.117 27.20 56.60 28.80 44.90 28.40 33.00
20150904013702 6.651 27.20 57.30 28.80 44.90 28.50 33.20
20150904013802 1.588 27.20 57.40 28.80 44.80 28.50 33.20
20150904013902 1.589 27.20 55.90 28.80 44.60 28.50 33.20
20150904014001 1.588 27.20 56.30 28.80 44.80 28.50 33.50
20150904014101 4.117 27.20 55.30 28.80 44.90 28.50 33.40
20150904014201 1.589 27.20 55.60 28.80 45.10 28.50 33.50
20150904014301 4.117 27.20 56.60 28.80 45.10 28.40 33.20
20150904014402 4.119 27.20 55.90 28.80 45.00 28.40 33.20
20150904014501 9.180 27.20 57.30 28.80 44.90 28.50 33.60
20150904014601 4.119 27.10 57.40 28.70 45.00 28.40 33.50
20150904014702 6.651 27.20 56.20 28.70 45.00 28.40 33.40
20150904014802 4.125 27.10 56.30 28.70 45.00 28.50 33.70
20150904014901 1.591 27.20 57.10 28.80 45.00 28.50 33.70
20150904015001 1.588 27.20 57.20 28.80 45.00 28.50 33.70
20150904015101 1.600 27.20 56.70 28.70 45.10 28.50 33.60
20150904015201 1.588 27.20 56.90 28.80 45.00 28.50 33.70
20150904015302 1.588 27.20 56.10 28.80 45.00 28.40 33.70
20150904015402 1.590 27.20 56.30 28.70 45.00 28.50 33.70
20150904015502 1.611 27.20 56.50 28.70 44.90 28.40 33.90
20150904015602 4.137 27.20 56.80 28.70 44.80 28.50 33.80
20150904015702 1.599 27.20 57.10 28.70 44.80 28.50 33.90
20150904015802 1.588 27.20 55.90 28.70 45.20 28.50 34.10
20150904015902 1.588 27.10 55.10 28.70 45.20 28.40 34.00
20150904020002 1.589 27.10 55.30 28.70 45.40 28.40 34.10
20150904020101 1.588 27.10 55.00 28.70 45.50 28.40 34.60
20150904020201 1.589 27.10 55.90 28.70 45.40 28.40 34.10
20150904020302 4.137 27.10 56.40 28.70 45.50 28.30 34.00
20150904020401 6.653 27.10 55.90 28.70 45.50 28.40 34.70
20150904020501 6.649 27.10 55.90 28.70 45.60 28.30 34.60
20150904020601 6.645 27.10 56.80 28.70 45.60 28.30 34.30
20150904020701 1.589 27.10 56.80 28.70 45.40 28.30 34.30
20150904020801 1.589 27.10 56.60 28.70 45.40 28.30 34.30
20150904020902 6.646 27.10 56.60 28.70 45.40 28.30 34.90
20150904021001 1.588 27.10 57.20 28.70 45.50 28.30 35.00
20150904021101 1.588 27.10 55.60 28.70 45.50 28.40 34.90
20150904021201 4.117 27.10 53.40 28.70 45.40 28.30 34.50
20150904021302 1.591 27.10 53.00 28.70 45.40 28.40 34.70
20150904021402 4.122 27.10 53.40 28.70 45.30 28.40 35.00
20150904021501 1.589 27.10 53.30 28.60 45.30 28.40 35.00
20150904021601 1.588 27.10 53.50 28.70 45.30 28.40 34.70
20150904021701 1.590 27.10 53.80 28.60 45.30 28.40 34.70
20150904021801 1.588 27.10 53.50 28.70 45.30 28.40 34.80
20150904021901 1.592 27.10 53.80 28.60 45.30 28.40 34.80
20150904022001 1.589 27.10 54.00 28.60 45.40 28.40 34.80
20150904022102 6.649 27.10 53.70 28.60 45.50 28.40 34.70
20150904022202 1.589 27.10 53.20 28.60 45.50 28.40 35.00
20150904022302 1.590 27.10 53.40 28.60 45.40 28.40 35.10
20150904022402 6.647 27.10 53.70 28.60 45.50 28.40 34.70
20150904022502 1.589 27.00 53.30 28.60 45.40 28.40 34.70
20150904022602 1.589 27.10 53.60 28.60 45.40 28.30 34.70
20150904022702 4.120 27.10 53.90 28.60 45.40 28.30 34.60
20150904022801 1.592 27.00 53.40 28.60 45.30 28.40 35.00
20150904022901 1.588 27.00 53.20 28.60 45.30 28.40 34.70
20150904023001 1.588 27.00 53.20 28.60 45.40 28.40 34.90
20150904023101 6.651 27.00 52.40 28.60 45.30 28.40 34.80
20150904023202 4.120 27.00 52.30 28.60 45.30 28.30 34.60
20150904023301 1.589 27.00 53.20 28.60 45.40 28.30 34.80
20150904023401 4.117 27.00 53.20 28.60 45.30 28.30 34.60
20150904023502 6.646 27.00 53.10 28.60 45.40 28.40 34.80
20150904023602 4.121 27.00 53.00 28.50 45.40 28.30 34.80
20150904023701 4.119 27.00 52.80 28.60 45.40 28.30 34.90
20150904023801 4.117 27.00 52.60 28.60 45.50 28.30 34.90
20150904023902 1.589 27.00 52.50 28.60 45.40 28.30 34.70
20150904024001 1.588 27.00 52.90 28.60 45.50 28.30 34.60
20150904024101 1.589 27.00 52.70 28.60 45.50 28.30 34.50
20150904024201 1.588 27.00 52.60 28.50 45.50 28.30 34.60
20150904024301 1.589 27.00 52.30 28.50 45.60 28.30 34.10
20150904024401 1.588 27.00 51.10 28.50 45.50 28.30 34.40
20150904024501 1.589 27.00 52.20 28.50 45.50 28.30 34.60
20150904024601 1.589 27.00 52.20 28.50 45.50 28.30 34.70
20150904024701 1.589 26.90 51.90 28.50 45.50 28.30 34.20
20150904024801 4.125 26.90 50.40 28.50 45.50 28.30 34.30
20150904024902 1.590 26.90 50.30 28.50 45.50 28.30 34.50
20150904025002 1.589 26.90 51.00 28.50 45.50 28.20 34.30
20150904025102 6.649 26.90 51.10 28.50 45.50 28.20 34.70
20150904025202 4.120 26.90 51.60 28.50 45.50 28.20 34.80
20150904025301 4.117 26.90 51.60 28.50 45.40 28.20 34.20
20150904025401 1.588 26.90 51.60 28.50 45.40 28.30 34.40
20150904025501 1.588 26.90 51.20 28.50 45.40 28.30 34.60
20150904025601 1.588 26.90 50.70 28.50 45.40 28.20 34.50
20150904025701 6.647 26.90 50.10 28.50 45.40 28.20 34.90
20150904025801 1.588 26.90 50.20 28.50 45.40 28.20 35.30
20150904025901 4.121 26.90 51.10 28.50 45.40 28.20 35.20
20150904030002 4.118 26.80 51.30 28.50 45.30 28.20 35.00
20150904030101 4.117 26.90 51.30 28.50 45.30 28.20 34.90
20150904030201 4.119 26.80 51.30 28.50 51.50 28.10 35.00
20150904030302 1.591 26.80 57.40 28.50 52.30 28.20 34.90
20150904030402 4.117 26.80 62.10 28.40 55.50 28.20 34.80
20150904030501 1.588 26.70 68.20 28.40 55.70 28.10 35.10
20150904030601 4.118 26.70 69.40 28.40 58.40 28.00 35.30
20150904030702 4.121 26.60 73.90 28.40 58.40 28.00 35.70
20150904030801 6.643 26.60 77.30 28.40 61.10 27.90 35.30
20150904030902 1.589 26.50 81.60 28.40 61.40 27.90 35.60
20150904031001 1.588 26.50 81.60 28.40 62.80 27.90 34.80
20150904031101 1.600 26.50 83.50 28.40 64.70 28.00 36.60
20150904031201 4.122 26.50 86.00 28.40 64.80 28.00 35.80
20150904031302 4.118 26.50 85.60 28.40 62.10 28.00 35.70
20150904031401 1.589 26.50 84.60 28.30 61.40 28.00 36.10
20150904031501 4.122 26.60 63.80 28.40 57.30 28.10 36.50
20150904031601 1.588 26.60 63.60 28.40 55.70 28.00 36.00
20150904031701 1.592 26.60 62.00 28.40 54.90 28.00 35.50
20150904031801 4.117 26.60 59.70 28.40 54.20 28.00 35.30
20150904031902 1.590 26.60 59.70 28.40 53.70 28.10 35.80
20150904032002 1.589 26.60 58.50 28.40 53.20 28.00 35.50
20150904032102 6.648 26.60 57.40 28.40 52.70 28.00 35.50
20150904032201 4.120 26.60 56.90 28.40 52.00 28.00 35.50
20150904032302 4.117 26.60 55.10 28.30 52.00 28.00 36.00
20150904032401 4.116 26.60 56.40 28.30 51.40 28.00 36.20
20150904032502 1.593 26.60 56.50 28.30 51.40 28.00 35.60
20150904032602 1.588 26.60 56.30 28.30 51.20 28.00 35.90
20150904032702 6.649 26.60 55.60 28.30 51.10 28.00 35.70
20150904032802 4.118 26.60 56.10 28.30 50.60 28.00 35.70
20150904032901 1.588 26.60 53.80 28.30 50.60 28.00 36.00
20150904033001 1.588 26.60 54.10 28.30 50.50 28.00 36.80
20150904033101 1.589 26.60 55.10 28.30 50.20 28.00 35.80
20150904033201 1.589 26.60 54.80 28.30 50.10 28.00 36.00
20150904033302 4.117 26.60 53.30 28.30 50.10 28.00 36.20
20150904033401 4.117 26.60 53.30 28.30 49.70 28.00 36.30
20150904033502 1.589 26.60 52.90 28.30 49.70 28.00 36.30
20150904033602 1.588 26.60 52.50 28.20 49.70 28.00 36.30
20150904033702 1.588 26.60 53.40 28.20 49.50 28.00 36.30
20150904033802 1.589 26.50 52.40 28.20 49.50 28.00 36.10
20150904033902 9.181 26.50 53.20 28.20 49.50 27.90 35.80
20150904034002 1.588 26.50 53.20 28.20 49.40 27.90 35.70
20150904034102 4.117 26.50 54.30 28.20 49.30 27.90 35.90
20150904034201 6.652 26.50 54.20 28.20 49.30 27.90 36.10
20150904034301 6.651 26.50 54.30 28.20 49.30 27.90 36.20
20150904034402 1.588 26.50 54.30 28.20 49.30 27.90 36.10
20150904034502 1.588 26.50 54.10 28.20 49.20 27.90 36.20
20150904034602 1.589 26.50 54.20 28.20 49.20 27.90 36.40
20150904034702 4.117 26.50 54.50 28.20 49.10 27.90 36.50
20150904034801 1.589 26.50 54.20 28.10 49.10 27.90 36.40
20150904034901 1.589 26.50 54.70 28.10 49.10 27.90 36.80
20150904035001 4.120 26.50 54.90 28.10 48.90 27.90 37.00
20150904035102 1.595 26.50 55.00 28.10 48.90 27.90 37.00
20150904035201 1.588 26.50 54.80 28.20 48.90 27.90 36.30
20150904035301 6.649 26.50 54.90 28.10 48.90 27.90 36.30
20150904035401 4.118 26.50 54.30 28.10 48.80 27.90 36.20
20150904035502 1.589 26.50 54.40 28.10 48.80 27.90 36.80
20150904035602 1.589 26.50 54.10 28.10 48.80 27.90 36.40
20150904035702 1.589 26.50 53.30 28.10 48.80 27.90 36.20
20150904035802 1.591 26.50 54.20 28.10 48.70 27.90 36.90
20150904035902 1.590 26.50 54.30 28.10 48.70 27.90 36.50
20150904040002 4.141 26.50 54.50 28.10 48.70 27.90 36.70
20150904040102 1.598 26.50 54.70 28.10 48.70 27.90 36.60
20150904040202 4.123 26.50 54.60 28.10 48.60 27.90 36.70
20150904040302 6.664 26.50 54.70 28.10 48.50 27.90 36.80
20150904040404 1.588 26.50 53.90 28.10 48.60 27.90 36.70
20150904040502 6.658 26.50 53.30 28.10 48.60 27.90 36.70
20150904040602 1.598 26.50 53.80 28.10 48.50 27.90 36.70
20150904040701 1.616 26.50 54.30 28.10 48.60 27.90 36.50
20150904040802 1.598 26.50 54.00 28.10 48.50 27.90 36.80
20150904040902 4.151 26.50 54.70 28.10 48.50 27.90 36.80
20150904041009 6.658 26.50 54.70 28.10 48.50 27.90 37.00
20150904041102 1.591 26.50 52.30 28.10 48.40 27.90 37.00
20150904041202 1.590 26.50 52.50 28.10 48.30 27.80 37.20
20150904041302 4.118 26.40 52.70 28.10 48.40 27.80 37.10
20150904041401 4.118 26.40 53.40 28.00 48.30 27.80 36.90
20150904041501 1.590 26.40 53.70 28.00 48.30 27.80 36.80
20150904041601 1.589 26.40 52.40 28.10 48.30 27.80 36.90
20150904041701 1.588 26.40 52.80 28.00 48.30 27.70 37.30
20150904041801 1.588 26.40 53.00 28.00 48.30 27.70 36.90
20150904041901 1.588 26.40 53.50 28.00 48.20 27.80 37.20
20150904042001 1.588 26.40 52.90 28.00 48.30 27.80 37.00
20150904042101 1.588 26.40 51.30 28.00 48.20 27.70 37.10
20150904042201 1.588 26.40 52.30 28.00 48.20 27.70 37.20
20150904042301 6.646 26.40 53.60 28.00 48.20 27.70 36.90
20150904042402 1.588 26.40 54.20 28.00 48.20 27.70 36.90
20150904042502 1.588 26.40 52.70 28.00 48.20 27.70 37.10
20150904042602 4.120 26.40 53.50 28.00 48.20 27.70 37.50
20150904042701 4.121 26.40 54.40 28.00 48.20 27.70 37.30
20150904042802 6.647 26.40 55.00 28.00 48.10 27.70 37.40
20150904042902 1.589 26.40 54.90 28.00 48.10 27.70 37.40
20150904043002 1.589 26.40 54.00 28.00 48.10 27.70 37.20
20150904043102 1.589 26.40 54.90 28.00 48.00 27.70 37.40
20150904043201 1.588 26.40 54.40 28.00 48.10 27.70 37.10
20150904043301 4.117 26.40 54.60 28.00 48.00 27.70 37.40
20150904043402 4.117 26.40 54.70 28.00 48.00 27.70 37.30
20150904043501 4.127 26.40 54.70 28.00 48.00 27.70 37.80
20150904043602 1.588 26.30 54.30 28.00 48.00 27.80 37.30
20150904043702 4.118 26.30 54.70 27.90 47.60 27.70 37.20
20150904043801 4.119 26.40 54.80 27.90 47.50 27.70 37.40
20150904043902 4.117 26.40 54.50 27.90 47.50 27.70 37.20
20150904044002 6.649 26.30 54.30 27.90 47.50 27.70 37.50
20150904044102 6.669 26.30 53.90 27.90 47.50 27.70 37.40
20150904044201 1.589 26.30 53.90 27.90 47.50 27.70 37.70
20150904044301 1.591 26.30 54.20 27.90 47.50 27.70 37.40
20150904044401 1.589 26.30 52.80 27.90 47.50 27.70 37.50
20150904044501 4.119 26.30 53.20 27.90 47.50 27.60 37.20
20150904044602 1.602 26.30 53.20 27.90 47.50 27.70 37.50
20150904044701 6.646 26.30 54.10 27.90 47.40 27.60 37.70
20150904044801 4.117 26.30 54.50 27.90 47.40 27.60 37.80
20150904044902 1.592 26.30 54.50 27.90 47.30 27.70 37.60
20150904045001 1.598 26.30 53.80 27.90 47.30 27.70 37.30
20150904045101 1.588 26.30 53.70 27.90 47.30 27.70 37.20
20150904045201 1.588 26.30 53.70 27.90 47.30 27.70 36.90
20150904045301 1.588 26.30 54.00 27.90 47.30 27.70 37.30
20150904045401 1.589 26.30 52.90 27.90 47.20 27.70 36.90
20150904045501 4.117 26.30 52.70 27.80 47.20 27.60 36.50
20150904045602 1.588 26.30 53.50 27.80 47.20 27.60 36.50
20150904045702 6.646 26.20 53.60 27.80 47.10 27.60 36.20
20150904045801 1.590 26.30 53.40 27.80 47.10 27.60 36.20
20150904045901 1.588 26.20 53.50 27.80 47.20 27.60 36.30
20150904050001 1.589 26.30 53.80 27.80 47.20 27.60 36.40
20150904050101 1.588 26.30 53.70 27.80 47.30 27.70 36.10
20150904050201 1.589 26.20 53.80 27.80 47.10 27.60 36.30
20150904050301 1.588 26.20 53.50 27.80 47.00 27.60 36.30
20150904050401 4.120 26.30 53.80 27.80 47.10 27.60 36.50
20150904050502 6.646 26.20 53.60 27.80 47.10 27.60 36.30
20150904050602 1.591 26.20 53.00 27.80 47.10 27.60 36.20
20150904050702 1.588 26.20 52.50 27.80 47.00 27.60 35.80
20150904050802 4.117 26.20 52.10 27.80 47.00 27.60 35.70
20150904050902 1.589 26.20 51.10 27.80 47.00 27.50 35.70
20150904051002 4.116 26.20 51.70 27.80 46.90 27.60 35.90
20150904051101 1.590 26.20 51.90 27.80 46.90 27.50 35.90
20150904051201 1.589 26.20 53.10 27.70 46.90 27.50 36.20
20150904051301 1.589 26.20 53.10 27.80 46.80 27.50 35.60
20150904051401 1.589 26.20 53.20 27.70 46.80 27.50 35.80
20150904051501 1.588 26.10 53.50 27.70 46.80 27.50 36.00
20150904051602 1.588 26.20 53.30 27.70 46.80 27.50 35.90
20150904051702 1.589 26.20 53.40 27.70 46.80 27.50 35.80
20150904051802 1.589 26.20 53.60 27.70 46.70 27.50 36.10
20150904051902 1.588 26.20 53.30 27.70 46.70 27.50 36.10
20150904052002 4.120 26.10 52.10 27.70 46.70 27.50 36.10
20150904052102 4.126 26.10 52.10 27.70 46.60 27.50 35.50
20150904052201 6.646 26.10 51.90 27.70 46.60 27.50 35.90
20150904052301 4.119 26.10 52.00 27.70 46.60 27.50 35.50
20150904052402 6.645 26.10 51.70 27.70 46.60 27.50 34.80
20150904052502 1.589 26.10 51.40 27.70 46.50 27.40 34.70
20150904052602 1.589 26.10 51.00 27.70 46.50 27.40 34.50
20150904052702 1.588 26.10 51.80 27.70 46.50 27.40 35.00
20150904052802 1.591 26.10 52.40 27.70 46.50 27.40 34.80
20150904052902 1.589 26.10 52.00 27.60 46.50 27.40 34.90
20150904053002 1.589 26.10 52.00 27.70 46.40 27.40 34.60
20150904053101 1.589 26.10 52.30 27.70 46.30 27.40 34.60
20150904053201 1.588 26.00 52.50 27.70 46.30 27.40 34.20
20150904053301 1.589 26.00 52.30 27.70 46.30 27.40 34.20
20150904053401 1.598 26.00 52.30 27.60 46.30 27.40 34.40
20150904053502 4.126 26.00 52.50 27.60 46.30 27.40 34.60
20150904053601 1.589 26.00 52.30 27.60 46.20 27.40 34.90
20150904053701 4.121 26.00 52.30 27.60 46.20 27.40 34.80
20150904053802 1.592 26.00 51.80 27.60 46.20 27.40 34.60
20150904053902 6.650 26.00 52.40 27.60 46.10 27.40 34.50
20150904054001 6.651 26.00 51.90 27.60 46.10 27.40 34.50
20150904054102 4.120 26.00 51.60 27.60 46.10 27.40 34.60
20150904054201 1.588 26.00 51.60 27.60 46.00 27.40 34.30
20150904054301 4.117 26.00 51.60 27.60 46.00 27.40 34.30
20150904054402 1.589 26.00 51.60 27.60 46.00 27.40 34.00
20150904054502 1.590 26.00 50.70 27.60 46.00 27.40 34.30
20150904054602 1.588 26.00 51.60 27.60 45.90 27.40 34.40
20150904054702 4.117 25.90 51.40 27.60 45.90 27.40 34.20
20150904054801 1.589 25.90 51.30 27.60 45.90 27.40 33.80
20150904054901 1.588 25.90 51.70 27.60 45.90 27.40 34.30
20150904055001 11.707 26.00 51.50 27.60 45.90 27.40 34.30
20150904055102 1.589 25.90 51.00 27.50 45.90 27.30 34.10
20150904055202 4.119 26.00 51.90 27.50 45.90 27.30 33.80
20150904055301 1.589 25.90 50.30 27.50 45.80 27.30 33.80
20150904055401 1.589 25.90 49.70 27.50 45.80 27.30 33.40
20150904055502 1.593 25.90 49.90 27.50 45.70 27.30 33.50
20150904055602 4.118 25.90 50.70 27.50 45.70 27.30 33.70
20150904055701 4.126 25.90 51.50 27.50 45.70 27.30 33.70
20150904055802 4.116 25.90 51.50 27.50 45.70 27.30 33.70
20150904055901 4.126 25.90 51.40 27.50 45.70 27.30 33.80
20150904060001 1.588 25.90 51.10 27.50 45.70 27.30 33.70
20150904060101 1.588 25.90 51.10 27.50 45.60 27.30 33.80
20150904060201 1.590 25.90 51.30 27.50 45.60 27.30 33.60
20150904060301 1.588 25.90 54.90 27.50 49.00 27.30 33.80
20150904060402 6.656 25.70 68.60 27.50 54.50 27.30 34.40
20150904060502 1.590 25.70 69.20 27.50 57.70 27.30 34.60
20150904060602 1.588 25.70 74.90 27.50 58.20 27.30 34.70
20150904060702 1.588 25.60 78.70 27.50 60.40 27.30 34.30
20150904060802 4.120 25.60 80.60 27.40 61.50 27.30 34.50
20150904060902 1.588 25.60 81.90 27.40 62.60 27.30 34.60
20150904061002 4.120 25.60 83.40 27.50 64.60 27.30 34.70
20150904061101 1.591 25.60 85.10 27.40 64.50 27.30 34.80
20150904061201 1.588 25.60 84.40 27.40 64.80 27.30 34.70
20150904061301 1.589 25.60 85.00 27.50 65.20 27.30 36.00
20150904061401 1.590 25.60 84.60 27.40 63.50 27.20 35.50
20150904061501 6.649 25.60 59.50 27.40 55.80 27.20 35.50
20150904061602 1.588 25.60 59.30 27.40 55.80 27.20 35.30
20150904061701 1.588 25.60 57.30 27.40 54.40 27.20 35.10
20150904061801 1.589 25.60 58.10 27.40 53.60 27.20 36.00
20150904061901 1.591 25.60 56.10 27.40 53.10 27.10 34.90
20150904062002 1.588 25.70 58.00 27.40 52.70 27.10 35.20
20150904062102 4.120 25.70 57.40 27.40 52.30 27.20 35.30
20150904062201 1.588 25.70 57.70 27.40 51.90 27.10 35.30
20150904062301 1.588 25.70 57.30 27.40 51.70 27.10 34.90
20150904062401 1.588 25.70 56.10 27.40 51.40 27.20 35.30
20150904062502 4.129 25.70 57.30 27.40 51.20 27.20 35.50
20150904062602 1.605 25.70 56.70 27.30 51.00 27.10 35.50
20150904062702 4.117 25.70 56.80 27.30 50.80 27.20 35.50
20150904062802 4.117 25.70 56.90 27.40 50.60 27.20 35.30
20150904062901 4.117 25.70 56.00 27.40 50.30 27.20 35.40
20150904063002 1.588 25.70 56.00 27.30 50.30 27.20 35.30
20150904063102 4.116 25.70 55.80 27.30 50.20 27.20 35.20
20150904063201 9.178 25.70 56.40 27.30 50.00 27.10 35.40
20150904063301 1.589 25.70 56.10 27.30 50.00 27.10 35.40
20150904063401 1.590 25.70 56.00 27.30 49.80 27.20 36.20
20150904063501 4.117 25.70 56.30 27.30 49.70 27.20 35.60
20150904063601 4.117 25.70 55.90 27.30 49.60 27.20 35.50
20150904063701 1.589 25.60 53.70 27.30 49.50 27.10 35.80
20150904063801 4.117 25.60 53.70 27.30 49.40 27.10 36.00
20150904063902 4.139 25.60 53.80 27.30 49.30 27.00 35.50
20150904064001 1.590 25.60 55.70 27.30 49.30 27.00 35.80
20150904064101 1.591 25.60 56.00 27.20 49.30 27.00 36.20
20150904064201 1.589 25.60 56.10 27.20 49.30 27.00 36.00
20150904064302 4.116 25.60 55.70 27.20 49.20 27.00 36.20
20150904064401 1.589 25.60 55.80 27.20 49.10 27.00 35.80
20150904064501 1.589 25.60 53.90 27.30 49.10 27.00 36.40
20150904064601 1.589 25.60 54.90 27.20 49.00 27.00 36.20
20150904064701 9.173 25.60 56.10 27.20 49.00 27.00 36.10
20150904064802 1.590 25.60 56.20 27.20 48.90 27.00 36.10
20150904064902 4.117 25.60 56.00 27.20 48.90 27.00 36.20
20150904065002 1.590 25.60 56.00 27.20 49.00 27.00 36.50
20150904065102 1.592 25.60 56.20 27.20 48.90 27.00 36.20
20150904065202 1.592 25.60 55.60 27.20 48.90 27.00 36.50
20150904065302 1.588 25.60 55.90 27.20 48.80 27.00 36.50
20150904065402 1.589 25.50 53.90 27.20 48.70 27.00 36.40
20150904065502 4.120 25.50 55.00 27.20 48.60 27.00 36.50
20150904065601 1.588 25.50 53.50 27.20 48.60 27.00 36.20
20150904065701 1.589 25.50 53.80 27.20 48.60 26.90 36.30
20150904065801 1.589 25.50 53.40 27.20 48.50 26.90 36.60
20150904065901 1.588 25.50 53.40 27.10 48.50 26.90 36.40
20150904070001 1.590 25.50 54.50 27.10 48.50 26.80 36.40
20150904070101 4.117 25.50 54.60 27.10 48.50 26.80 36.60
20150904070201 4.117 25.50 55.50 27.10 48.50 26.90 36.60
20150904070302 4.118 25.50 55.40 27.10 48.50 26.90 36.60
20150904070401 1.589 25.50 55.50 27.10 48.40 26.90 36.20
20150904070501 6.649 25.50 56.00 27.10 48.40 26.90 36.10
20150904070601 9.175 25.50 55.80 27.10 48.40 27.00 37.10
20150904070702 6.649 25.50 54.60 27.10 48.40 26.90 36.50
20150904070802 1.589 25.50 54.50 27.10 48.40 26.90 36.70
20150904070902 1.591 25.50 54.10 27.10 48.30 26.90 36.70
20150904071002 4.118 25.50 53.20 27.10 48.20 26.80 36.80
20150904071101 1.589 25.40 54.30 27.00 48.30 26.90 37.00
20150904071201 1.588 25.50 54.50 27.10 48.20 26.90 36.90
20150904071301 1.592 25.50 54.20 27.00 48.20 26.90 37.10
20150904071401 6.652 25.40 53.10 27.10 48.20 26.80 37.20
20150904071502 4.117 25.40 53.10 27.00 48.10 26.70 37.20
20150904071601 6.649 25.30 53.10 27.00 48.10 26.60 37.80
20150904071701 1.589 25.40 53.80 27.00 48.10 26.60 37.70
20150904071801 4.117 25.40 55.60 27.00 48.10 26.70 37.60
20150904071902 1.588 25.40 54.60 27.00 48.10 26.70 37.80
20150904072002 1.588 25.40 54.90 27.00 48.20 26.70 37.70
20150904072102 6.648 25.30 55.40 27.00 48.20 26.70 37.50
20150904072201 4.117 25.40 56.20 27.00 48.20 26.80 37.40
20150904072301 1.588 25.30 56.20 27.00 48.20 26.80 37.60
20150904072401 4.120 25.40 54.90 26.90 47.50 26.80 37.80
20150904072501 1.593 25.40 54.30 26.90 47.50 26.80 37.50
20150904072601 1.589 25.30 53.80 26.90 47.50 26.80 37.50
20150904072701 1.588 25.30 53.70 26.90 47.50 26.70 37.50
20150904072801 1.588 25.30 54.00 27.00 48.10 26.70 37.80
20150904072901 1.590 25.30 54.00 26.90 47.50 26.70 37.60
20150904073001 4.117 25.30 54.80 26.90 47.50 26.70 37.70
20150904073102 6.647 25.30 54.80 26.90 47.40 26.70 37.90
20150904073202 1.589 25.30 55.60 26.90 47.40 26.70 37.90
20150904073302 4.120 25.30 56.20 26.90 47.50 26.70 38.00
20150904073401 1.589 25.30 56.00 26.90 47.50 26.80 37.70
20150904073501 4.117 25.30 54.60 26.90 47.50 26.80 37.80
20150904073601 1.589 25.30 56.00 26.90 47.40 26.80 37.70
20150904073701 1.589 25.30 55.80 26.90 47.40 26.80 37.60
20150904073801 1.588 25.30 55.90 26.90 47.40 26.80 37.90
20150904073901 4.120 25.30 56.30 26.90 47.40 26.80 37.70
20150904074001 1.589 25.30 56.30 26.90 47.40 26.80 37.80
20150904074101 6.645 25.30 56.10 26.90 47.30 26.80 37.80
20150904074201 4.117 25.30 56.00 26.90 47.30 26.80 37.80
20150904074302 1.591 25.30 55.10 26.90 47.30 26.80 38.00
20150904074402 9.175 25.30 54.90 26.90 47.30 26.80 38.30
20150904074501 1.589 25.30 54.70 26.90 47.30 26.80 38.30
20150904074601 1.589 25.30 55.00 26.90 47.30 26.80 38.20
20150904074701 1.588 25.30 56.30 26.90 47.30 26.80 37.80
20150904074801 1.588 25.30 56.50 26.90 47.30 26.80 38.30
20150904074901 1.588 25.30 56.90 26.90 47.30 26.80 38.10
20150904075001 6.647 25.30 55.80 26.90 47.30 26.90 38.10
20150904075101 6.651 25.30 55.70 26.90 47.20 26.90 38.10
20150904075201 6.652 25.30 56.50 26.90 47.20 26.80 38.20
20150904075301 1.588 25.30 56.30 26.90 47.20 26.80 38.20
20150904075401 4.117 25.30 55.90 26.90 45.50 26.80 38.40
20150904075501 1.589 25.30 56.00 26.90 45.50 26.80 38.30
20150904075601 4.119 25.30 56.60 26.80 46.50 26.80 38.70
20150904075702 1.591 25.30 56.50 26.90 46.70 26.80 38.60
20150904075802 1.589 25.30 56.80 26.90 46.80 26.70 39.00
20150904075902 1.588 25.30 57.30 26.80 46.80 26.80 38.80
20150904080002 1.591 25.30 56.20 26.80 46.90 26.80 38.90
20150904080102 4.118 25.30 55.90 26.80 46.90 26.80 38.80
20150904080201 6.649 25.30 55.40 26.80 46.90 26.80 38.90
20150904080301 4.117 25.30 55.50 26.90 47.00 26.80 38.80
20150904080402 1.588 25.30 55.50 26.80 47.00 26.70 38.80
20150904080502 1.590 25.30 56.30 26.80 47.00 26.70 38.60
20150904080602 1.588 25.30 57.10 26.90 47.00 26.70 38.90
20150904080702 9.177 25.30 56.40 26.90 47.00 26.70 38.80
20150904080801 1.588 25.30 56.40 26.80 47.00 26.70 38.80
20150904080902 4.118 25.30 57.20 26.90 47.00 26.70 38.80
20150904081001 1.588 25.30 56.20 26.80 47.00 26.70 38.80
20150904081101 1.588 25.30 56.20 26.80 47.00 26.60 38.80
20150904081201 1.591 25.30 56.60 26.90 47.00 26.70 38.70
20150904081301 1.589 25.30 56.30 26.90 47.00 26.70 38.60
20150904081401 1.590 25.30 56.50 26.90 46.90 26.60 38.80
20150904081501 1.591 25.30 57.10 26.80 46.90 26.60 38.80
20150904081601 6.646 25.30 56.90 26.90 46.90 26.60 38.80
20150904081702 6.647 25.30 56.90 26.80 46.90 26.60 38.80
20150904081802 4.117 25.30 57.00 26.80 46.90 26.60 38.90
20150904081901 1.590 25.30 57.00 26.90 46.90 26.60 39.00
20150904082001 6.662 25.30 56.20 26.90 46.90 26.70 39.00
20150904082101 4.120 25.30 56.20 26.80 46.90 26.60 39.10
20150904082201 1.588 25.30 56.30 26.90 46.90 26.60 39.10
20150904082301 1.591 25.30 56.80 26.90 46.90 26.70 39.20
20150904082401 4.117 25.30 56.90 26.80 46.90 26.70 39.00
20150904082502 9.176 25.30 56.20 26.80 47.00 26.70 39.00
20150904082601 1.588 25.30 55.20 26.80 47.00 26.70 39.00
20150904082701 4.120 25.30 55.30 26.80 46.30 26.70 39.10
20150904082802 1.589 25.30 56.80 26.80 46.30 26.60 39.00
20150904082902 4.117 25.30 56.90 26.80 46.40 26.70 39.10
20150904083001 1.589 25.30 57.40 26.90 46.50 26.70 39.10
20150904083102 1.589 25.30 56.30 26.80 46.50 26.70 39.00
20150904083202 4.117 25.30 57.00 26.90 46.60 26.70 39.10
20150904083301 4.120 25.30 57.10 26.90 46.60 26.70 39.00
20150904083402 1.589 25.30 57.00 26.80 46.60 26.70 39.00
20150904083502 9.180 25.30 55.50 26.90 46.60 26.50 39.00
20150904083601 4.117 25.30 55.40 26.80 46.60 26.50 39.00
20150904083701 9.179 25.30 56.30 26.80 46.60 26.50 39.00
20150904083802 1.588 25.30 56.30 26.80 46.70 26.50 38.90
20150904083902 1.589 25.30 55.90 26.80 46.70 26.50 39.60
20150904084001 1.588 25.30 56.90 26.80 46.60 26.50 39.20
20150904084101 1.589 25.30 56.60 26.80 46.60 26.50 39.10
20150904084201 6.648 25.30 56.40 26.80 46.60 26.50 39.90
20150904084301 1.589 25.30 56.80 26.80 46.60 26.60 40.70
20150904084401 1.588 25.20 55.30 26.80 46.60 26.90 39.30
20150904084501 4.119 25.20 54.50 26.80 46.60 27.20 43.00
20150904084602 1.592 25.20 56.30 26.80 46.60 26.90 38.50
20150904084702 4.117 25.20 54.20 26.80 46.40 26.80 39.20
20150904084801 4.117 25.20 55.40 26.80 46.40 26.80 38.80
20150904084901 1.589 25.20 55.10 26.80 46.40 26.70 39.20
20150904085001 4.120 25.20 54.90 26.80 46.50 26.70 38.90
20150904085102 1.588 25.20 55.80 26.80 46.50 26.60 39.00
20150904085202 1.591 25.20 55.90 26.80 46.50 26.60 39.20
20150904085302 1.589 25.20 56.90 26.80 46.60 26.60 39.30
20150904085402 1.588 25.20 56.60 26.80 46.50 26.50 39.20
20150904085502 4.116 25.20 56.10 26.80 46.60 26.40 39.80
20150904085601 1.589 25.20 56.20 26.80 46.60 26.40 39.90
20150904085701 4.117 25.20 55.60 26.80 46.60 26.40 39.80
20150904085802 6.645 25.20 55.70 26.70 46.60 26.40 40.20
20150904085901 1.589 25.20 56.20 26.80 46.60 26.30 40.00
20150904090001 4.117 25.20 56.90 26.80 46.60 26.40 40.30
20150904090101 1.589 25.20 56.90 26.80 46.70 26.50 40.40
20150904090201 4.118 25.20 58.00 26.80 46.70 26.80 44.50
20150904090302 4.121 25.10 69.50 26.80 50.10 26.80 43.70
20150904090401 4.117 25.00 74.10 26.70 54.60 27.00 39.90
20150904090501 1.588 25.00 74.10 26.70 57.70 26.90 38.90
20150904090601 4.123 25.00 80.50 26.70 59.90 26.80 38.90
20150904090702 1.588 25.00 84.10 26.70 61.70 26.80 38.90
20150904090802 1.590 25.00 87.20 26.70 63.50 26.80 38.90
20150904090902 4.117 25.00 88.20 26.70 65.00 26.70 39.10
20150904091002 6.651 24.90 90.00 26.70 66.50 26.70 39.10
20150904091102 1.588 24.90 90.10 26.70 66.70 26.70 38.90
20150904091202 1.594 24.90 91.10 26.80 65.60 26.70 38.90
20150904091302 9.176 24.90 87.50 26.70 66.90 26.60 38.70
20150904091402 4.118 25.00 74.20 26.80 61.40 26.50 39.80
20150904091501 1.589 25.00 73.50 26.80 59.10 26.50 39.80
20150904091601 4.118 25.00 66.40 26.80 57.60 26.40 39.00
20150904091702 4.117 25.00 69.20 26.80 56.40 26.50 39.00
20150904091801 4.120 25.10 67.70 26.80 55.80 26.50 39.70
20150904091901 4.118 25.10 63.20 26.80 55.40 26.50 39.40
20150904092002 1.593 25.10 62.90 26.80 55.30 26.50 39.70
20150904092102 6.651 25.10 65.20 26.80 54.70 26.50 38.70
20150904092202 4.117 25.10 65.20 26.80 54.40 26.60 39.10
20150904092301 1.588 25.10 66.00 26.80 54.40 26.60 39.20
20150904092401 1.591 25.10 65.90 26.80 54.10 26.70 39.00
20150904092501 1.589 25.20 65.30 26.80 53.80 26.70 39.00
20150904092601 1.589 25.20 64.50 26.80 53.40 26.80 39.10
20150904092702 4.119 25.20 65.60 26.80 53.30 26.80 39.00
20150904092801 1.589 25.20 65.60 26.80 53.00 26.90 39.00
20150904092901 1.589 25.20 64.60 26.80 52.80 26.90 39.40
20150904093001 4.118 25.20 64.60 26.80 52.70 27.00 39.10
20150904093102 1.589 25.20 64.90 26.80 52.30 27.00 39.10
20150904093202 9.178 25.30 57.10 26.80 52.10 27.00 39.40
20150904093301 4.120 25.30 57.20 26.80 52.00 27.10 39.20
20150904093401 9.174 25.30 57.30 26.80 52.00 27.10 38.40
20150904093502 4.117 25.30 57.30 26.90 51.70 27.10 38.40
20150904093601 4.122 25.30 57.60 26.90 51.60 27.10 38.40
20150904093702 6.652 25.30 57.70 26.90 51.50 27.10 38.20
20150904093801 1.589 25.30 57.80 26.90 51.50 27.10 38.10
20150904093901 1.588 25.30 57.90 26.90 51.30 27.10 38.30
20150904094001 1.590 25.30 58.30 26.90 51.20 27.10 37.80
20150904094101 4.117 25.40 58.00 26.90 51.20 27.20 38.10
20150904094201 4.118 25.40 57.40 26.90 51.10 27.10 38.00
20150904094302 1.589 25.40 57.40 26.90 51.00 27.20 37.70
20150904094402 4.117 25.40 58.00 26.90 50.90 27.20 37.80
20150904094501 1.588 25.40 58.00 26.90 50.80 27.20 38.50
20150904094601 4.117 25.40 58.00 26.90 50.70 27.20 38.00
20150904094701 1.589 25.40 58.00 26.90 50.50 27.20 38.20
20150904094801 1.589 25.40 57.10 26.90 50.40 27.20 38.10
20150904094901 9.175 25.40 57.40 27.00 50.90 27.20 37.80
20150904095002 1.589 25.50 57.50 27.00 50.90 27.20 37.80
20150904095102 1.589 25.50 57.20 27.00 50.80 27.20 37.80
20150904095202 6.646 25.50 58.10 26.90 50.10 27.20 38.00
20150904095302 4.118 25.50 58.50 27.00 50.70 27.20 37.70
20150904095401 4.118 25.50 59.20 27.00 50.70 27.30 37.50
20150904095501 4.117 25.50 59.20 27.00 50.60 27.30 37.40
20150904095602 6.648 25.50 59.60 27.00 50.40 27.20 37.70
20150904095702 1.591 25.50 59.60 27.00 50.40 27.30 37.40
20150904095802 1.588 25.50 59.30 27.00 50.40 27.30 37.30
20150904095902 1.589 25.50 59.50 27.00 50.40 27.30 37.40
20150904100002 1.589 25.50 59.20 27.00 50.30 27.30 37.50
20150904100102 1.596 25.50 59.50 27.00 50.30 27.30 37.50
20150904100202 6.649 25.50 59.90 27.00 50.20 27.30 37.70
20150904100301 1.588 25.60 59.90 27.10 50.10 27.30 37.70
20150904100401 4.128 25.60 60.60 27.10 50.10 27.30 38.30
20150904100502 4.117 25.60 60.90 27.00 50.10 27.40 38.00
20150904100601 4.127 25.60 61.00 27.10 50.00 27.40 37.80
20150904100701 1.589 25.60 60.90 27.10 50.00 27.40 37.70
20150904100801 9.197 25.70 60.70 27.10 49.80 27.40 37.70
20150904100902 4.118 25.70 60.70 27.10 49.80 27.40 37.90
20150904101002 1.588 25.60 60.60 27.10 49.90 27.40 38.00
20150904101102 1.589 25.70 60.80 27.10 49.80 27.40 37.70
20150904101201 1.589 25.70 61.10 27.10 49.70 27.40 37.70
20150904101301 1.588 25.70 60.50 27.10 49.70 27.50 38.00
20150904101401 6.651 25.70 61.00 27.10 49.60 27.50 37.70
20150904101501 6.648 25.70 60.80 27.20 49.60 27.50 37.80
20150904101601 4.117 25.70 60.30 27.20 49.50 27.50 37.50
20150904101702 1.591 25.80 60.50 27.20 49.50 27.40 37.40
20150904101802 1.589 25.80 59.60 27.20 49.50 27.40 37.50
20150904101901 9.178 25.80 60.10 27.20 49.50 27.50 37.70
20150904102002 1.591 25.80 60.00 27.20 49.50 27.40 37.70
20150904102102 6.645 25.80 60.60 27.20 49.40 27.40 37.70
20150904102202 1.589 25.80 60.60 27.20 49.50 27.50 37.80
20150904102302 4.120 25.80 60.30 27.20 49.40 27.50 37.80
20150904102401 6.646 25.80 60.00 27.20 49.50 27.50 37.60
20150904102501 1.589 25.80 60.30 27.20 49.40 27.50 37.70
20150904102601 4.124 25.90 60.10 27.20 49.30 27.50 37.50
20150904102701 4.120 25.90 60.10 27.20 49.30 27.50 37.70
20150904102802 4.119 25.90 60.40 27.20 49.40 27.60 37.50
20150904102901 1.588 25.90 60.50 27.30 49.40 27.60 37.50
20150904103001 1.589 25.90 60.20 27.30 49.40 27.60 37.40
20150904103102 1.596 25.90 60.20 27.20 49.40 27.60 37.40
20150904103202 1.590 25.90 60.50 27.30 49.30 27.60 37.40
20150904103302 1.588 25.90 60.40 27.30 49.30 27.60 37.50
20150904103402 1.596 25.90 60.30 27.30 49.30 27.60 37.20
20150904103502 1.588 25.90 59.80 27.30 49.20 27.70 37.10
20150904103602 6.652 26.00 60.40 27.30 49.10 27.70 37.10
20150904103701 6.649 26.00 60.10 27.30 49.10 27.70 37.10
20150904103801 1.589 26.00 59.90 27.30 49.10 27.70 37.50
20150904103901 1.588 26.00 60.70 27.30 49.10 27.70 37.10
20150904104002 1.589 26.00 60.80 27.30 49.10 27.70 37.00
20150904104102 1.589 26.00 60.90 27.30 49.10 27.80 36.90
20150904104202 1.588 26.00 61.10 27.40 49.10 27.80 36.70
20150904104302 1.589 26.00 61.10 27.40 49.10 27.80 36.70
20150904104402 4.118 26.00 60.90 27.40 49.10 27.80 36.80
20150904104501 1.588 26.10 60.70 27.40 49.10 27.90 36.70
20150904104601 4.124 26.10 60.60 27.40 49.10 27.90 36.40
20150904104701 4.118 26.10 60.60 27.40 49.10 27.90 36.60
20150904104802 4.120 26.10 61.00 27.40 49.10 27.90 36.60
20150904104901 1.589 26.10 60.80 27.40 49.10 28.00 36.70
20150904105001 1.591 26.10 60.90 27.50 49.10 27.90 36.10
20150904105101 1.588 26.20 60.80 27.40 49.10 28.00 36.60
20150904105201 4.130 26.20 60.80 27.50 49.00 27.90 35.70
20150904105301 1.589 26.20 60.60 27.50 49.00 28.00 36.40
20150904105401 1.589 26.20 60.20 27.50 49.00 28.00 35.70
20150904105501 4.121 26.20 60.00 27.50 48.90 27.90 35.20
20150904105602 6.649 26.20 60.20 27.50 48.90 27.90 35.60
20150904105702 1.588 26.20 60.20 27.50 48.80 28.00 35.80
20150904105802 1.588 26.20 60.00 27.50 48.80 28.00 35.40
20150904105902 6.652 26.20 59.00 27.50 48.70 28.00 35.10
20150904110001 1.589 26.20 59.10 27.50 48.70 27.90 34.80
20150904110101 1.589 26.20 59.60 27.50 48.60 27.90 34.90
20150904110201 6.646 26.20 59.90 27.50 48.50 28.00 35.30
20150904110301 4.123 26.30 59.70 27.50 48.50 28.00 35.30
20150904110402 9.175 26.30 59.70 27.50 48.50 28.00 35.30
20150904110501 4.117 26.30 59.90 27.60 48.50 28.00 35.20
20150904110602 4.118 26.30 59.80 27.60 48.50 28.00 35.60
20150904110701 4.121 26.30 59.60 27.60 48.50 28.10 35.40
20150904110801 1.589 26.30 59.80 27.60 48.50 28.10 35.20
20150904110901 4.117 26.30 59.80 27.60 48.50 28.10 35.50
20150904111001 4.118 26.40 60.00 27.60 48.50 28.10 35.50
20150904111102 1.588 26.40 59.90 27.60 48.50 28.10 35.40
20150904111202 4.119 26.40 59.80 27.60 48.50 28.10 35.40
20150904111301 1.591 26.40 59.80 27.60 48.50 28.10 35.40
20150904111401 9.180 26.40 59.90 27.70 48.50 28.20 35.90
20150904111502 1.588 26.40 59.80 27.60 48.50 28.20 35.70
20150904111602 4.118 26.40 60.10 27.70 48.50 28.20 35.80
20150904111702 1.592 26.40 60.10 27.70 48.50 28.30 35.40
20150904111802 1.588 26.40 60.30 27.70 48.50 28.30 35.20
20150904111902 4.120 26.40 60.20 27.70 48.50 28.30 35.20
20150904112001 4.117 26.50 60.40 27.70 48.50 28.30 35.20
20150904112101 1.591 26.50 60.20 27.70 48.50 28.40 35.20
20150904112201 1.590 26.50 60.70 27.70 48.50 28.40 34.90
20150904112301 4.119 26.50 60.40 27.70 48.60 28.40 34.70
20150904112402 1.589 26.50 60.40 27.70 48.60 28.40 35.20
20150904112502 1.589 26.50 60.40 27.70 48.60 28.40 35.00
20150904112602 1.590 26.50 60.80 27.80 48.60 28.50 35.10
20150904112702 1.589 26.50 60.60 27.80 48.60 28.50 34.80
20150904112802 4.118 26.60 60.30 27.70 48.60 28.50 34.70
20150904112901 1.589 26.60 60.70 27.80 48.60 28.50 34.70
20150904113001 4.122 26.60 60.60 27.80 48.60 28.50 34.70
20150904113101 4.118 26.60 60.70 27.80 48.60 28.60 34.20
20150904113202 1.589 26.60 60.70 27.80 48.70 28.60 34.50
20150904113302 11.705 26.60 59.50 27.90 48.70 28.60 34.60
20150904113402 9.175 26.60 60.90 27.90 48.70 28.70 34.00
20150904113501 1.592 26.60 60.70 27.90 48.70 28.60 34.00
20150904113601 4.118 26.70 61.10 27.90 48.70 28.70 33.90
20150904113701 1.591 26.70 61.20 27.90 48.60 28.70 34.00
20150904113801 1.590 26.70 61.00 27.90 48.60 28.70 33.90
20150904113902 1.592 26.70 60.70 27.90 48.70 28.70 34.00
20150904114002 1.589 26.70 60.60 27.90 48.60 28.70 33.80
20150904114102 1.589 26.70 60.90 27.90 48.60 28.80 34.00
20150904114202 4.121 26.70 60.70 28.00 49.20 28.80 33.80
20150904114301 4.117 26.80 60.90 28.00 49.10 28.80 33.80
20150904114401 1.588 26.80 60.90 28.00 49.10 28.80 33.70
20150904114501 1.588 26.80 60.80 28.00 49.20 28.80 33.80
20150904114601 1.588 26.80 60.60 28.00 49.20 28.90 33.60
20150904114701 1.588 26.80 60.70 28.00 49.20 28.90 33.20
20150904114801 4.118 26.80 61.30 28.00 49.10 28.90 33.10
20150904114902 1.588 26.80 61.10 28.00 49.10 28.90 33.40
20150904115002 1.592 26.80 60.20 28.10 49.10 28.90 33.60
20150904115102 4.118 26.90 61.10 28.10 49.20 28.90 33.30
20150904115201 6.650 26.80 61.10 28.00 49.10 28.90 33.30
20150904115301 6.648 26.90 60.90 28.10 49.10 29.00 33.60
20150904115401 4.120 26.90 60.90 28.10 49.10 29.00 33.60
20150904115502 1.590 26.90 61.10 28.10 49.00 29.00 33.20
20150904115602 4.119 26.90 61.10 28.10 49.10 29.00 33.70
20150904115701 4.118 26.90 61.10 28.10 49.10 29.10 33.40
20150904115801 1.589 26.90 60.70 28.10 49.10 29.00 33.50
20150904115901 4.120 27.00 61.70 28.20 49.10 29.10 33.50
20150904120002 1.589 27.00 61.30 28.10 49.20 29.10 33.80
20150904120102 1.591 27.00 61.40 28.10 49.10 29.10 34.00
20150904120202 1.590 27.00 61.20 28.20 49.20 29.10 33.70
20150904120302 1.591 27.00 64.00 28.20 52.20 29.10 33.80
20150904120402 6.646 26.90 69.40 28.20 56.30 29.10 33.70
20150904120502 1.589 26.90 74.60 28.10 58.80 29.10 33.70
20150904120602 1.591 26.80 77.90 28.20 60.30 29.20 33.70
20150904120701 1.590 26.80 79.70 28.20 62.40 29.20 33.70
20150904120801 1.588 26.80 82.10 28.20 64.80 29.20 33.50
20150904120901 4.117 26.80 84.60 28.20 66.10 29.10 34.20
20150904121001 1.588 26.80 86.50 28.30 67.30 29.10 34.10
20150904121101 9.174 26.80 88.90 28.30 68.20 29.10 33.90
20150904121202 1.589 26.80 89.30 28.30 68.50 29.10 33.90
20150904121302 9.178 26.80 92.70 28.30 67.80 29.10 33.80
20150904121401 1.589 26.80 92.20 28.30 67.70 29.10 33.70
20150904121501 1.589 26.90 79.10 28.30 62.30 29.10 33.90
20150904121601 4.120 26.90 75.30 28.30 60.60 29.10 34.20
20150904121701 1.589 27.00 74.70 28.40 60.00 29.10 34.30
20150904121801 1.589 27.00 74.70 28.40 59.10 29.10 34.20
20150904121901 4.118 27.00 72.90 28.40 58.70 29.20 33.70
20150904122002 1.589 27.00 73.80 28.40 58.30 29.10 33.70
20150904122102 4.118 27.10 72.40 28.40 57.90 29.10 34.20
20150904122201 1.589 27.10 71.80 28.40 57.60 29.10 34.50
20150904122301 4.118 27.10 71.00 28.50 57.40 29.20 33.90
20150904122402 6.646 27.10 70.80 28.40 57.30 29.20 34.20
20150904122501 1.588 27.20 70.50 28.50 57.10 29.20 34.10
20150904122601 4.120 27.20 70.40 28.50 56.60 29.20 33.70
20150904122702 1.592 27.20 69.80 28.40 56.50 29.20 33.70
20150904122802 4.120 27.20 69.60 28.50 56.30 29.20 33.70
20150904122901 1.588 27.20 69.40 28.50 56.00 29.20 33.70
20150904123001 1.589 27.20 69.30 28.50 55.70 29.20 33.70
20150904123102 6.648 27.20 68.60 28.50 55.50 29.20 34.00
20150904123202 6.652 27.30 67.80 28.50 55.30 29.30 34.70
20150904123302 1.590 27.30 67.80 28.50 55.10 29.20 34.60
20150904123402 4.117 27.30 67.80 28.50 55.00 29.20 34.60
20150904123501 6.649 27.30 67.10 28.50 54.80 29.30 34.20
20150904123601 1.589 27.30 67.10 28.50 54.60 29.30 34.20
20150904123701 1.589 27.30 67.20 28.50 54.40 29.30 34.20
20150904123802 6.650 27.30 67.00 28.60 54.10 29.30 34.30
20150904123902 1.589 27.40 66.80 28.60 54.10 29.30 34.60
20150904124001 6.649 27.30 66.80 28.60 53.90 29.30 34.10
20150904124101 1.590 27.40 66.30 28.60 53.90 29.30 34.90
20150904124201 4.118 27.40 66.10 28.60 53.80 29.40 33.90
20150904124302 1.589 27.40 66.10 28.60 53.70 29.40 34.90
20150904124402 6.645 27.40 65.60 28.70 53.60 29.40 34.00
20150904124501 1.589 27.40 65.60 28.70 53.50 29.40 34.10
20150904124601 1.591 27.40 65.60 28.70 53.50 29.30 33.80
20150904124701 1.591 27.40 65.60 28.70 53.30 29.40 33.90
20150904124801 6.647 27.50 65.40 28.70 53.10 29.40 33.70
20150904124901 4.120 27.50 65.30 28.70 53.10 29.40 33.60
20150904125002 1.590 27.50 65.40 28.70 52.90 29.40 33.50
20150904125102 1.588 27.50 65.80 28.70 52.80 29.40 33.50
20150904125202 1.588 27.50 65.40 28.70 52.80 29.40 33.10
20150904125301 4.120 27.50 65.10 28.70 52.80 29.50 33.30
20150904125402 1.589 27.60 65.20 28.70 52.80 29.50 33.30
20150904125502 4.118 27.60 65.40 28.70 52.70 29.50 33.10
20150904125601 1.589 27.60 65.70 28.70 52.70 29.50 33.10
20150904125701 1.591 27.60 65.40 28.70 52.60 29.50 33.10
20150904125801 1.589 27.60 65.40 28.80 52.50 29.50 33.20
20150904125902 1.590 27.60 65.20 28.80 52.50 29.60 33.30
20150904130002 4.119 27.60 65.10 28.80 52.50 29.60 33.60
20150904130101 1.589 27.60 65.00 28.80 52.50 29.60 33.10
20150904130201 1.589 27.70 65.20 28.80 52.40 29.60 33.10
20150904130301 9.181 27.60 64.90 28.80 52.40 29.60 33.20
20150904130401 1.593 27.60 65.00 28.80 52.40 29.60 33.00
20150904130501 1.589 27.70 65.10 28.90 52.40 29.60 33.60
20150904130601 1.588 27.70 64.80 28.90 52.40 29.60 33.20
20150904130701 4.116 27.70 65.20 28.90 52.10 29.70 32.80
20150904130801 1.589 27.70 64.90 28.90 52.10 29.60 32.80
20150904130901 4.117 27.70 65.10 28.90 52.20 29.70 32.50
20150904131001 4.118 27.70 65.10 28.90 52.20 29.70 32.50
20150904131102 6.649 27.80 64.90 28.90 52.20 29.70 32.50
20150904131202 4.117 27.80 64.60 28.90 52.20 29.70 32.70
20150904131301 1.592 27.80 64.70 28.90 52.10 29.70 32.70
20150904131401 1.588 27.80 64.70 28.90 52.20 29.70 32.90
20150904131501 4.120 27.80 64.50 29.00 52.70 29.70 32.30
20150904131601 1.588 27.80 64.20 29.00 52.70 29.70 32.30
20150904131701 1.589 27.80 64.80 29.00 52.50 29.80 32.00
20150904131801 1.589 27.80 64.40 29.00 52.30 29.80 31.70
20150904131901 6.648 27.90 65.10 29.00 52.40 29.90 31.50
20150904132001 4.117 27.90 65.00 29.00 52.30 29.90 31.80
20150904132102 1.589 27.90 64.70 29.00 52.20 29.80 31.80
20150904132202 6.648 27.90 64.60 29.10 52.30 29.90 31.90
20150904132301 6.649 27.90 64.50 29.10 52.30 29.80 31.90
20150904132401 1.589 27.90 64.50 29.10 52.30 29.90 32.00
20150904132501 1.591 27.90 64.50 29.10 52.30 29.90 32.00
20150904132601 1.591 28.00 64.80 29.10 52.30 29.90 31.90
20150904132701 1.588 28.00 65.30 29.10 52.30 29.90 32.50
20150904132801 1.589 28.00 65.20 29.10 52.30 29.90 32.50
20150904132901 6.649 28.00 64.90 29.10 52.30 29.90 32.50
20150904133001 6.649 28.00 64.30 29.10 52.30 29.90 31.40
20150904133101 1.591 28.00 64.20 29.20 52.20 29.90 31.40
20150904133202 1.589 28.00 65.20 29.20 51.80 30.00 32.10
20150904133302 6.646 28.10 64.90 29.20 51.90 30.00 32.20
20150904133402 4.121 28.00 64.90 29.20 52.00 30.00 32.30
20150904133501 4.118 28.00 64.40 29.20 52.10 29.90 31.90
20150904133602 1.589 28.00 64.30 29.20 52.00 29.90 31.80
20150904133701 1.589 28.10 64.10 29.20 52.00 29.90 31.70
20150904133801 6.649 28.10 63.50 29.20 52.00 29.90 31.90
20150904133901 1.589 28.10 63.10 29.20 51.90 29.90 31.90
20150904134002 1.588 28.10 63.40 29.20 51.80 29.90 32.40
20150904134102 1.590 28.10 63.20 29.20 51.80 29.90 32.10
20150904134202 1.588 28.10 63.00 29.20 51.70 29.90 32.10
20150904134302 6.651 28.10 63.10 29.20 51.70 29.90 32.60
20150904134402 6.648 28.10 63.10 29.20 51.60 29.90 32.70
20150904134501 1.589 28.10 63.00 29.20 51.60 29.90 32.70
20150904134601 1.591 28.10 62.80 29.20 51.50 30.00 33.30
20150904134701 4.123 28.10 62.90 29.30 51.50 30.00 32.70
20150904134802 4.122 28.10 62.00 29.20 51.50 29.90 32.20
20150904134901 4.117 28.10 62.10 29.20 51.40 29.90 33.00
20150904135002 4.120 28.10 62.50 29.30 51.30 29.90 32.50
20150904135101 1.588 28.10 61.70 29.30 51.20 30.00 32.90
20150904135201 1.589 28.10 62.30 29.30 51.20 30.00 32.70
20150904135301 1.588 28.10 62.30 29.30 51.10 30.00 33.00
20150904135402 1.590 28.10 62.30 29.30 51.10 30.00 32.60
20150904135502 6.650 28.10 62.20 29.30 51.10 30.10 31.40
20150904135602 1.590 28.10 62.30 29.30 50.70 30.10 31.40
20150904135702 1.589 28.10 61.70 29.30 50.50 30.20 31.40
20150904135802 4.117 28.20 62.50 29.30 50.70 30.10 31.80
20150904135901 9.175 28.20 61.90 29.30 50.80 30.10 31.90
20150904140001 4.118 28.20 62.50 29.40 50.80 30.20 31.90
20150904140102 4.119 28.10 62.50 29.40 50.90 30.10 31.70
20150904140201 1.589 28.20 62.30 29.30 50.90 30.10 31.70
20150904140301 1.589 28.20 62.30 29.40 50.90 30.10 31.70
20150904140401 4.120 28.20 61.60 29.40 50.90 30.20 31.80
20150904140501 1.589 28.20 61.50 29.40 50.80 30.20 31.80
20150904140601 4.117 28.20 62.00 29.40 50.70 30.10 31.80
20150904140702 1.589 28.20 61.90 29.40 50.70 30.20 32.10
20150904140802 4.122 28.20 61.80 29.40 50.70 30.20 32.00
20150904140902 1.589 28.20 62.00 29.40 50.70 30.20 31.80
20150904141002 1.591 28.20 61.60 29.40 50.70 30.20 31.70
20150904141102 1.592 28.20 60.80 29.40 50.60 30.20 31.60
20150904141202 4.117 28.20 61.20 29.40 50.60 30.30 30.30
20150904141301 1.589 28.30 60.40 29.40 50.10 30.30 30.40
20150904141401 1.593 28.30 61.40 29.40 49.70 30.40 30.60
20150904141501 1.588 28.30 61.50 29.40 49.70 30.50 30.20
20150904141601 1.588 28.30 61.60 29.50 49.80 30.40 30.60
20150904141702 1.588 28.30 60.60 29.50 50.00 30.40 30.70
20150904141802 4.120 28.40 61.20 29.50 50.10 30.40 30.70
20150904141901 4.120 28.30 61.30 29.50 50.10 30.30 30.80
20150904142002 1.588 28.30 61.20 29.50 50.10 30.40 30.70
20150904142102 6.654 28.40 60.30 29.50 50.00 30.30 31.00
20150904142201 1.591 28.40 60.30 29.50 49.90 30.30 31.00
20150904142301 1.589 28.40 61.20 29.50 50.00 30.30 30.90
20150904142401 4.117 28.40 61.00 29.50 50.00 30.30 31.10
20150904142502 1.589 28.40 61.20 29.60 50.00 30.30 31.10
20150904142602 4.122 28.40 61.50 29.60 50.00 30.30 30.90
20150904142701 1.591 28.40 61.20 29.60 50.00 30.30 30.90
20150904142801 9.174 28.40 61.10 29.60 50.00 30.30 31.30
20150904142902 6.652 28.40 60.60 29.50 50.00 30.30 31.20
20150904143001 1.589 28.40 60.70 29.60 50.00 30.30 31.20
20150904143101 4.117 28.40 60.30 29.60 49.90 30.50 29.50
20150904143202 1.589 28.40 58.10 29.60 48.90 30.40 29.50
20150904143302 9.184 28.40 60.10 29.60 49.00 30.50 29.30
20150904143401 4.119 28.40 60.20 29.60 49.00 30.50 29.70
20150904143502 1.588 28.40 60.50 29.60 49.10 30.50 29.70
20150904143602 1.588 28.50 59.80 29.60 49.20 30.50 29.80
20150904143701 4.117 28.50 60.80 29.60 49.20 30.50 29.80
20150904143801 4.117 28.50 60.00 29.60 49.20 30.50 30.00
20150904143901 1.590 28.50 60.50 29.60 49.20 30.50 30.00
20150904144001 1.591 28.50 60.30 29.60 49.30 30.50 29.90
20150904144102 4.117 28.50 59.20 29.60 49.30 30.40 30.00
20150904144201 9.175 28.50 59.90 29.60 49.30 30.50 30.10
20150904144302 4.119 28.50 59.80 29.70 49.20 30.50 30.20
20150904144401 1.588 28.50 60.00 29.70 49.20 30.40 30.20
20150904144502 4.118 28.50 59.40 29.70 49.10 30.50 29.80
20150904144601 1.589 28.50 59.20 29.70 48.90 30.50 29.90
20150904144701 1.590 28.50 59.60 29.70 48.80 30.50 29.90
20150904144801 4.121 28.50 59.90 29.70 48.90 30.50 29.80
20150904144902 1.589 28.60 60.20 29.70 49.00 30.50 29.80
20150904145002 1.589 28.60 59.30 29.70 49.00 30.50 29.80
20150904145102 1.588 28.60 59.20 29.70 49.00 30.50 30.30
20150904145202 1.590 28.60 60.10 29.70 49.10 30.50 30.00
20150904145302 4.118 28.60 59.70 29.70 49.10 30.50 29.90
20150904145401 1.589 28.50 59.70 29.70 49.10 30.50 30.00
20150904145501 1.592 28.60 60.10 29.70 49.10 30.50 30.20
20150904145602 4.119 28.60 59.70 29.70 49.00 30.50 30.20
20150904145701 4.121 28.60 59.30 29.80 49.00 30.50 30.10
20150904145802 1.588 28.60 59.60 29.80 49.00 30.50 30.00
20150904145902 1.593 28.60 59.80 29.80 49.00 30.50 30.30
20150904150002 1.589 28.60 59.80 29.80 49.00 30.50 30.30
20150904150102 4.118 28.60 60.00 29.80 49.00 30.50 29.90
20150904150201 4.117 28.60 58.90 29.80 48.90 30.50 30.00
20150904150301 4.119 28.50 68.60 29.80 51.60 30.50 30.00
20150904150402 1.589 28.50 68.60 29.80 55.70 30.50 29.80
20150904150502 1.591 28.40 72.10 29.80 57.20 30.50 29.60
20150904150602 1.589 28.40 74.60 29.80 58.90 30.60 29.30
20150904150702 1.590 28.40 77.90 29.80 60.70 30.60 29.20
20150904150802 1.589 28.40 80.30 29.80 62.40 30.60 29.60
20150904150902 4.120 28.40 80.40 29.80 63.10 30.70 28.90
20150904151002 4.120 28.40 82.60 29.80 64.30 30.70 29.40
20150904151101 4.118 28.40 84.80 29.90 66.90 30.70 29.40
20150904151202 1.591 28.40 86.20 29.90 66.70 30.70 29.50
20150904151302 1.588 28.40 86.50 29.90 65.60 30.80 28.20
20150904151401 11.708 28.40 73.10 29.90 64.40 30.80 28.60
20150904151501 4.117 28.40 73.20 29.90 59.80 30.80 28.70
20150904151602 6.650 28.50 71.70 29.90 58.40 30.80 28.70
20150904151702 1.589 28.50 71.80 29.90 56.90 30.80 28.60
20150904151802 6.651 28.60 67.80 29.90 56.10 30.80 27.40
20150904151901 6.650 28.60 68.00 29.90 55.00 30.80 27.40
20150904152001 4.119 28.60 69.40 30.00 55.40 30.90 28.10
20150904152102 1.589 28.70 68.60 29.90 54.90 30.80 27.70
20150904152202 1.590 28.70 66.20 29.90 54.70 30.90 28.20
20150904152302 4.120 28.70 65.70 30.00 55.00 30.80 28.00
20150904152401 4.118 28.70 66.20 30.00 54.80 30.80 28.30
20150904152502 4.120 28.70 66.90 30.00 54.70 30.80 28.10
20150904152601 9.174 28.70 65.00 30.00 54.40 30.80 28.00
20150904152701 1.589 28.70 65.20 30.00 54.00 30.80 28.00
20150904152801 1.593 28.70 64.60 30.00 53.90 30.80 28.10
20150904152901 4.117 28.70 64.60 30.00 53.80 30.80 28.10
20150904153002 4.117 28.70 63.20 30.00 53.50 30.80 28.10
20150904153101 1.588 28.70 63.10 30.00 53.40 30.80 28.20
20150904153201 4.122 28.80 64.50 30.00 53.30 30.80 28.20
20150904153301 1.588 28.70 64.40 30.00 53.10 30.90 28.20
20150904153401 1.590 28.80 62.70 30.00 52.90 30.90 28.10
20150904153501 1.594 28.70 63.40 30.00 52.80 30.80 28.30
20150904153601 1.588 28.70 62.20 30.00 52.60 30.90 28.20
20150904153701 1.588 28.80 63.30 30.00 52.60 30.90 28.30
20150904153801 1.588 28.80 61.80 30.00 52.50 30.90 28.70
20150904153902 1.591 28.80 62.30 30.10 52.40 30.90 29.00
20150904154002 1.592 28.80 62.70 30.10 52.20 30.90 29.00
20150904154102 4.120 28.80 60.50 30.10 52.10 30.90 30.70
20150904155401 6.651 28.90 61.10 30.10 51.90 30.90 31.00
20150904155501 1.594 28.90 61.20 30.10 51.00 30.80 28.30
20150904155601 1.594 28.90 60.50 30.10 50.90 30.80 28.10
20150904155702 1.594 28.90 59.70 30.10 50.90 30.80 27.80
20150904155802 4.124 28.90 61.00 30.10 50.80 30.80 27.80
20150904155901 1.594 28.90 58.90 30.10 50.50 30.80 27.70
20150904160001 1.594 28.90 60.10 30.20 50.50 30.80 27.80
20150904160102 1.594 28.90 61.40 30.10 50.70 30.90 27.80
20150904160202 11.709 28.90 60.40 30.20 50.80 30.90 27.60
20150904160302 4.125 28.90 61.00 30.10 50.80 30.80 27.70
20150904160401 1.594 28.90 61.20 30.20 50.80 30.90 28.20
20150904160502 4.124 29.00 60.70 30.20 50.80 30.90 28.00
20150904160601 4.124 28.90 61.20 30.20 50.80 30.90 28.00
20150904160702 6.658 29.00 61.70 30.20 50.80 30.90 27.80
20150904160801 1.594 29.00 61.60 30.20 50.80 30.90 27.80
20150904160902 1.595 29.00 62.20 30.20 50.80 30.90 27.90
20150904161002 1.595 29.00 62.00 30.20 50.80 31.00 29.00
20150904161102 1.595 29.00 62.00 30.20 50.80 30.90 28.10
20150904161202 1.595 29.00 61.90 30.20 50.80 30.90 28.30
20150904161302 1.595 29.00 61.60 30.20 50.70 30.90 27.80
20150904161401 1.596 29.00 61.80 30.30 50.70 30.90 27.60
20150904161501 1.594 29.00 59.90 30.30 50.60 30.90 27.80
20150904161601 1.596 29.00 61.30 30.20 50.50 30.90 27.80
20150904161701 9.186 29.00 61.40 30.30 50.40 30.90 28.30
20150904161801 1.595 29.10 60.90 30.30 50.40 30.90 28.20
20150904161901 1.595 29.10 60.70 30.30 50.40 30.90 28.20
20150904162001 1.595 29.10 61.30 30.30 50.40 30.90 29.10
20150904162102 1.599 29.10 59.70 30.30 50.40 30.90 28.30
20150904162202 1.595 29.10 59.30 30.30 50.40 30.80 27.90
20150904162302 1.594 29.10 60.20 30.30 50.30 30.90 28.10
20150904162402 9.183 29.10 57.90 30.40 50.40 30.90 27.70
20150904162502 1.594 29.10 57.90 30.30 50.40 30.90 27.60
20150904162602 4.126 29.10 58.40 30.30 50.50 30.90 27.50
20150904162701 4.124 29.10 58.20 30.40 50.50 30.90 27.50
20150904162802 4.129 29.20 59.40 30.40 50.50 30.90 27.20
20150904162902 1.601 29.10 60.90 30.40 50.40 30.90 27.20
20150904163002 1.595 29.10 60.80 30.40 50.40 30.90 27.20
20150904163102 4.124 29.20 60.20 30.40 50.20 30.90 27.20
20150904163202 6.673 29.20 60.60 30.40 50.30 30.90 27.60
20150904163302 4.135 29.20 60.20 30.40 50.30 30.90 27.60
20150904163401 6.655 29.20 61.30 30.40 50.30 30.90 27.30
20150904163502 4.125 29.20 60.90 30.40 50.20 30.90 27.30
20150904163601 4.126 29.20 61.00 30.40 50.10 30.90 27.80
20150904163702 1.598 29.20 60.60 30.40 50.10 30.80 27.80
20150904163801 1.597 29.20 60.90 30.40 50.00 30.90 27.60
20150904163901 4.129 29.20 60.20 30.40 50.10 30.90 27.70
20150904164001 6.656 29.20 59.40 30.40 50.00 30.90 27.70
20150904164101 1.596 29.20 59.20 30.40 49.90 30.90 28.00
20150904164201 4.131 29.20 60.50 30.40 49.90 30.90 28.20
20150904164301 1.600 29.20 59.60 30.40 49.90 30.90 28.40
20150904164401 1.599 29.20 60.60 30.40 49.90 30.80 28.30
20150904164501 4.130 29.20 60.40 30.40 49.80 30.80 28.40
20150904164602 4.128 29.20 59.90 30.50 49.80 30.80 28.40
20150904164702 1.600 29.20 60.30 30.40 49.80 30.90 29.30
20150904164802 1.599 29.20 60.10 30.40 49.80 30.90 28.80
20150904164902 4.128 29.20 59.90 30.40 49.80 30.90 28.60
20150904165001 1.601 29.20 59.60 30.40 49.80 30.80 28.60
20150904165102 1.600 29.20 59.90 30.40 49.80 30.90 28.70
20150904165202 4.130 29.20 60.20 30.40 49.80 30.90 28.80
20150904165301 1.600 29.20 60.20 30.40 49.80 30.90 28.80
20150904165401 1.600 29.20 59.00 30.40 49.80 30.90 28.70
20150904165502 1.600 29.20 59.70 30.40 49.70 30.90 28.90
20150904165602 1.601 29.20 60.00 30.50 49.70 30.90 29.10
20150904165702 1.600 29.20 59.90 30.50 49.80 30.90 29.00
20150904165802 4.129 29.20 59.90 30.50 49.80 30.90 29.60
20150904165902 1.600 29.20 59.70 30.50 49.80 30.90 29.40
20150904170002 1.600 29.20 60.50 30.50 49.70 30.90 29.00
20150904170102 4.132 29.20 60.20 30.50 49.70 30.90 29.20
20150904170202 4.128 29.20 60.30 30.50 49.70 30.90 29.20
20150904170301 4.131 29.20 60.20 30.50 49.70 30.90 29.50
20150904170402 1.600 29.20 60.00 30.50 49.70 30.90 29.30
20150904170502 1.600 29.30 60.40 30.50 49.70 30.90 29.30
20150904170601 1.601 29.30 59.30 30.50 49.70 30.90 29.60
20150904170701 1.605 29.30 59.90 30.50 49.70 30.90 29.40
20150904170801 1.602 29.30 60.60 30.50 49.70 30.90 29.50
20150904170902 1.600 29.30 60.40 30.50 49.70 31.00 30.20
20150904171002 1.608 29.30 60.40 30.50 49.70 30.90 30.00
20150904171101 4.129 29.30 60.70 30.50 49.70 30.90 29.90
20150904171202 1.603 29.30 58.80 30.50 49.70 31.00 30.30
20150904171302 1.604 29.30 60.50 30.50 49.70 31.00 30.30
20150904171402 1.601 29.30 60.30 30.50 49.70 31.00 30.60
20150904171501 4.129 29.30 59.70 30.60 49.60 30.90 30.80
20150904171602 1.600 29.30 59.80 30.50 49.60 30.90 30.70
20150904171702 1.601 29.30 59.90 30.50 49.40 30.90 31.10
20150904171801 1.599 29.30 60.00 30.50 49.40 30.80 31.50
20150904171901 4.133 29.30 59.90 30.50 49.30 30.80 30.80
20150904172002 1.602 29.30 59.80 30.50 49.20 30.80 30.40
20150904172102 6.658 29.30 59.80 30.50 49.30 30.90 30.70
20150904172201 4.132 29.30 59.50 30.50 49.30 30.90 30.70
20150904172302 1.600 29.30 59.40 30.50 49.30 30.90 30.40
20150904172402 4.131 29.30 59.10 30.50 49.20 30.90 30.00
20150904172501 1.601 29.30 59.10 30.50 49.30 30.80 30.00
20150904172602 1.600 29.30 59.30 30.50 49.30 30.80 30.20
20150904172702 1.601 29.30 59.90 30.50 49.30 30.80 30.20
20150904172802 4.137 29.30 60.20 30.60 49.20 30.80 30.60
20150904172902 4.133 29.30 60.10 30.50 49.20 30.90 30.30
20150904173001 1.600 29.30 60.10 30.60 49.20 30.90 30.30
20150904173102 1.601 29.30 58.80 30.60 49.20 30.90 30.20
20150904173202 1.600 29.30 59.40 30.60 49.20 30.80 30.20
20150904173302 1.601 29.30 59.50 30.60 49.10 30.90 30.10
20150904173402 1.601 29.30 59.40 30.60 49.20 30.90 30.10
20150904173501 1.600 29.30 59.00 30.50 49.20 30.80 30.00
20150904173601 4.132 29.30 59.80 30.50 49.20 30.90 29.90
20150904173701 1.600 29.30 59.80 30.60 49.20 30.90 29.90
20150904173801 6.667 29.30 59.90 30.60 49.20 30.80 29.90
20150904173902 1.603 29.30 59.90 30.60 49.10 30.80 29.90
20150904174002 4.132 29.30 59.00 30.60 49.10 30.90 29.80
20150904174101 1.601 29.30 59.80 30.60 49.10 30.80 29.80
20150904174202 4.129 29.30 59.90 30.60 49.10 30.90 29.80
20150904174301 4.131 29.30 59.70 30.60 49.10 30.80 29.90
20150904174402 9.189 29.30 59.70 30.60 49.10 30.80 30.10
20150904174502 4.131 29.30 59.70 30.60 49.00 30.80 30.00
20150904174601 6.657 29.30 59.40 30.60 49.00 30.80 30.40
20150904174701 1.603 29.30 59.10 30.60 49.00 30.80 30.50
20150904174802 1.601 29.30 58.70 30.60 48.90 30.90 30.30
20150904174902 6.663 29.30 59.00 30.60 48.90 30.90 30.10
20150904175002 1.600 29.30 59.00 30.60 48.80 30.90 30.20
20150904175102 1.600 29.30 59.00 30.60 48.80 30.80 29.90
20150904175201 1.604 29.30 58.80 30.60 48.80 30.80 29.60
20150904175301 1.600 29.30 59.10 30.60 48.80 30.80 29.80
20150904175401 1.600 29.30 59.00 30.60 48.80 30.80 29.90
20150904175501 1.600 29.30 59.30 30.60 48.80 30.80 29.80
20150904175602 1.600 29.30 59.20 30.60 48.80 30.80 29.90
20150904175702 4.131 29.30 58.50 30.60 48.80 30.80 29.60
20150904175801 4.131 29.30 58.70 30.60 48.80 30.80 29.60
20150904175902 1.600 29.30 58.80 30.60 48.70 30.80 29.50
20150904180001 1.602 29.30 59.40 30.60 48.70 30.90 29.70
20150904180101 6.661 29.30 58.70 30.60 48.70 30.80 29.60
20150904180201 4.133 29.30 57.90 30.60 48.70 30.80 29.70
20150904180301 1.601 29.30 60.20 30.60 51.50 30.80 29.70
20150904180401 1.600 29.20 68.20 30.60 55.70 30.80 29.80
20150904180501 1.601 29.10 72.80 30.60 58.30 30.80 29.40
20150904180601 6.660 29.10 77.20 30.60 60.80 30.80 29.20
20150904180702 1.600 29.10 80.40 30.60 61.90 30.80 29.30
20150904180802 1.599 29.10 82.50 30.60 65.60 30.80 29.50
20150904180902 6.664 29.10 85.10 30.60 65.70 30.80 29.50
20150904181001 6.655 29.10 87.40 30.70 68.80 30.80 29.60
20150904181102 1.603 29.00 91.20 30.70 68.60 30.80 29.70
20150904181202 1.602 29.00 92.20 30.70 68.00 30.80 29.50
20150904181302 1.601 29.00 93.60 30.70 68.90 30.80 29.50
20150904181402 1.600 29.00 93.20 30.70 69.00 30.80 29.50
20150904181501 4.129 29.10 74.00 30.70 62.50 30.80 29.60
20150904181602 1.600 29.10 73.80 30.70 60.50 30.80 29.70
20150904181702 1.600 29.10 72.40 30.70 58.90 30.80 29.70
20150904181801 4.134 29.20 71.20 30.70 57.70 30.70 30.20
20150904181902 6.663 29.20 70.20 30.70 56.90 30.70 30.20
20150904182002 6.658 29.20 69.10 30.70 56.90 30.70 29.90
20150904182101 4.132 29.20 69.20 30.70 56.90 30.70 29.90
20150904182202 4.133 29.20 68.10 30.70 56.60 30.70 29.90
20150904182301 1.601 29.20 67.90 30.70 56.50 30.70 30.20
20150904182401 4.129 29.20 68.30 30.70 56.00 30.70 30.20
20150904182501 1.601 29.20 67.90 30.70 56.00 30.70 30.00
20150904182601 4.130 29.20 66.50 30.70 55.80 30.70 30.20
20150904182702 16.775 29.20 66.60 30.70 55.20 30.70 30.20
20150904182801 4.130 29.20 66.20 30.70 55.20 30.60 30.50
20150904182902 1.602 29.20 64.70 30.70 55.00 30.60 30.50
20150904183002 4.132 29.20 63.50 30.70 54.80 30.60 30.50
20150904183102 1.602 29.20 63.90 30.70 54.70 30.60 30.30
20150904183202 6.657 29.20 64.60 30.70 54.50 30.60 30.40
20150904183302 4.132 29.20 63.70 30.70 54.30 30.60 30.60
20150904183401 1.601 29.20 64.00 30.70 54.10 30.60 30.60
20150904183502 4.131 29.20 63.30 30.70 53.90 30.60 30.40
20150904183601 1.600 29.20 63.60 30.70 53.80 30.60 30.40
20150904183701 4.132 29.20 60.60 30.70 53.60 30.60 30.30
20150904183801 6.657 29.20 60.60 30.70 53.30 30.60 30.20
20150904183902 1.600 29.20 61.50 30.70 53.30 30.60 30.50
20150904184002 1.601 29.20 61.20 30.70 53.20 30.60 30.30
20150904184102 1.600 29.20 60.40 30.60 53.00 30.50 30.40
20150904184202 1.603 29.20 62.00 30.70 52.90 30.50 30.50
20150904184301 1.600 29.20 60.30 30.70 52.80 30.50 31.20
20150904184401 4.129 29.20 61.30 30.60 52.60 30.50 30.90
20150904184502 1.601 29.20 60.60 30.60 52.50 30.50 30.90
20150904184601 1.600 29.20 60.30 30.70 52.50 30.50 30.80
20150904184701 1.600 29.20 60.60 30.70 52.40 30.50 31.00
20150904184801 6.662 29.20 60.40 30.70 52.20 30.50 31.30
20150904184901 4.132 29.20 60.90 30.60 52.20 30.50 31.70
20150904185001 1.600 29.20 60.20 30.70 52.10 30.40 31.70
20150904185101 1.604 29.20 59.80 30.70 52.00 30.50 31.20
20150904185201 4.134 29.20 61.00 30.70 51.90 30.40 31.30
20150904185302 1.600 29.20 60.10 30.60 51.90 30.40 31.30
20150904185401 4.129 29.20 59.60 30.60 51.70 30.40 31.00
20150904185502 1.601 29.20 59.70 30.70 51.70 30.40 31.20
20150904185602 6.660 29.20 61.10 30.70 51.50 30.40 31.30
20150904185701 4.132 29.20 61.10 30.60 51.50 30.40 31.40
20150904185802 1.601 29.20 60.80 30.60 51.50 30.40 31.10
20150904185902 4.126 29.20 60.60 30.60 51.40 30.40 31.50
20150904190001 1.601 29.20 60.40 30.60 51.40 30.40 31.40
20150904190102 1.601 29.20 59.40 30.60 51.30 30.40 31.90
20150904190202 4.132 29.20 60.40 30.60 51.20 30.40 31.10
20150904190301 4.132 29.20 59.50 30.60 51.20 30.40 32.20
20150904190401 1.601 29.20 60.30 30.60 51.10 30.40 32.10
20150904190502 11.745 29.20 59.20 30.70 51.00 30.40 32.10
20150904190602 1.602 29.20 59.80 30.60 51.00 30.40 32.00
20150904190702 6.661 29.20 59.90 30.60 50.90 30.30 32.40
20150904190801 1.600 29.20 60.00 30.60 50.90 30.40 32.10
20150904190902 4.130 29.20 59.40 30.60 50.80 30.40 31.90
20150904191001 4.136 29.20 60.00 30.60 50.80 30.30 31.60
20150904191102 4.131 29.20 59.90 30.60 50.70 30.30 31.60
20150904191202 1.601 29.20 59.50 30.60 50.70 30.30 31.90
20150904191302 1.601 29.20 59.20 30.60 50.70 30.30 31.80
20150904191402 1.602 29.20 60.10 30.60 50.70 30.30 32.10
20150904191502 1.600 29.20 59.30 30.60 50.70 30.40 31.90
20150904191601 1.602 29.20 59.80 30.60 50.50 30.40 31.80
20150904191701 4.132 29.20 59.30 30.60 50.50 30.40 31.80
20150904191802 1.600 29.20 59.80 30.60 50.50 30.30 31.80
20150904191901 1.600 29.20 59.30 30.60 50.40 30.30 32.20
20150904192001 4.129 29.20 59.00 30.60 50.40 30.30 31.70
20150904192102 1.604 29.20 60.20 30.60 50.30 30.30 31.70
20150904192202 4.130 29.20 59.70 30.60 50.30 30.30 31.70
20150904192302 6.658 29.20 59.70 30.60 50.20 30.30 31.70
20150904192402 9.186 29.20 58.40 30.60 50.10 30.30 31.90
20150904192501 4.132 29.20 59.20 30.60 50.20 30.30 31.90
20150904192601 4.128 29.20 59.00 30.60 50.10 30.30 32.10
20150904192702 4.131 29.20 59.30 30.60 50.10 30.30 32.00
20150904192801 1.600 29.20 59.30 30.60 50.10 30.30 32.30
20150904192902 6.659 29.20 59.70 30.60 50.00 30.30 32.20
20150904193002 1.628 29.20 59.70 30.60 50.00 30.30 32.20
20150904193102 1.599 29.10 58.80 30.60 50.00 30.30 32.20
20150904193201 6.663 29.20 59.90 30.50 49.90 30.30 31.90
20150904193301 1.601 29.20 59.10 30.50 49.90 30.30 31.90
20150904193401 1.602 29.10 59.40 30.50 49.80 30.30 32.00
20150904193501 1.601 29.10 60.10 30.50 49.80 30.30 32.20
20150904193602 4.131 29.10 59.80 30.50 49.80 30.30 32.00
20150904193701 4.134 29.20 59.80 30.60 49.80 30.20 32.00
20150904193802 1.602 29.10 59.80 30.60 49.80 30.30 32.00
20150904193902 1.600 29.10 59.10 30.50 49.80 30.30 32.00
20150904194001 1.601 29.10 59.60 30.60 49.70 30.30 32.40
20150904194102 1.600 29.10 59.20 30.60 49.70 30.30 32.10
20150904194202 1.600 29.10 58.90 30.60 50.00 30.20 32.00
20150904194302 1.601 29.10 59.50 30.60 49.60 30.20 32.20
20150904194402 6.659 29.10 59.50 30.60 49.60 30.20 32.10
20150904194501 1.601 29.10 59.60 30.60 49.60 30.20 32.10
20150904194601 1.601 29.20 59.90 30.60 49.60 30.30 32.10
20150904194701 4.128 29.10 59.30 30.60 49.60 30.20 32.10
20150904194801 1.601 29.10 59.20 30.50 49.60 30.20 32.20
20150904194901 4.129 29.10 58.90 30.50 49.50 30.20 33.00
20150904195002 1.600 29.20 59.00 30.60 49.50 30.20 32.70
20150904195102 1.602 29.10 59.60 30.50 49.50 30.20 32.20
20150904195201 1.600 29.10 59.50 30.50 49.50 30.20 32.20
20150904195301 4.128 29.10 59.30 30.60 49.40 30.20 32.20
20150904195402 4.132 29.10 59.20 30.50 49.50 30.20 32.20
20150904195502 1.602 29.10 58.70 30.60 49.50 30.20 32.20
20150904195602 4.132 29.10 59.10 30.50 49.40 30.10 32.60
20150904195701 1.600 29.10 60.00 30.50 49.30 30.20 32.60
20150904195801 1.600 29.10 59.70 30.50 49.30 30.20 32.60
20150904195902 11.717 29.10 59.70 30.50 49.20 30.20 32.30
20150904200002 4.128 29.10 59.60 30.50 49.20 30.20 32.80
20150904200101 1.600 29.10 58.60 30.50 49.20 30.10 32.80
20150904200202 6.666 29.10 59.50 30.50 49.20 30.20 32.40
20150904200302 1.600 29.10 59.60 30.50 49.20 30.20 32.50
20150904200402 6.665 29.10 59.50 30.50 49.10 30.10 32.70
20150904200501 1.600 29.10 59.60 30.50 49.20 30.10 32.40
20150904200601 1.600 29.10 59.00 30.50 49.10 30.20 32.40
20150904200701 4.131 29.10 59.80 30.50 49.00 30.10 32.50
20150904200802 1.601 29.10 59.70 30.50 49.00 30.10 32.60
20150904200901 1.600 29.10 59.20 30.50 48.90 30.10 32.70
20150904201001 1.602 29.10 59.40 30.50 48.90 30.10 32.50
20150904201102 1.600 29.10 59.40 30.50 48.90 30.10 32.60
20150904201202 1.600 29.10 59.60 30.60 48.90 30.10 32.70
20150904201302 1.600 29.10 59.20 30.50 48.90 30.10 32.70
20150904201402 1.600 29.10 59.60 30.50 48.90 30.10 32.70
20150904201501 4.128 29.10 59.30 30.50 48.90 30.10 32.70
20150904201602 1.601 29.10 60.00 30.50 48.90 30.10 32.80
20150904201702 4.129 29.10 60.10 30.50 48.90 30.10 32.90
20150904201802 6.657 29.10 60.00 30.50 48.80 30.10 32.90
20150904201902 1.603 29.10 59.90 30.50 48.80 30.10 32.90
20150904202002 6.658 29.10 59.70 30.50 48.90 30.10 32.90
20150904202101 1.601 29.00 59.60 30.50 48.90 30.10 33.00
20150904202201 1.601 29.00 59.30 30.50 48.80 30.10 32.90
20150904202301 1.600 29.00 60.20 30.50 48.80 30.10 33.10
20150904202401 1.601 29.00 59.50 30.50 48.70 30.10 33.10
20150904202502 1.601 29.00 59.70 30.50 48.70 30.10 33.00
20150904202602 1.600 29.00 59.60 30.50 48.70 30.10 33.00
20150904202702 1.600 29.00 59.50 30.50 48.70 30.10 33.10
20150904202802 1.603 29.00 59.40 30.50 48.70 30.10 33.10
20150904202901 1.600 29.00 59.30 30.50 48.70 30.10 33.20
20150904203001 4.132 29.00 59.70 30.50 48.80 30.10 33.20
20150904203102 1.600 29.00 59.50 30.50 48.70 30.10 33.20
20150904203202 1.601 29.00 59.40 30.50 48.70 30.10 33.30
20150904203301 1.601 29.00 59.40 30.50 48.70 30.10 33.30
20150904203401 1.601 29.00 58.90 30.50 48.70 30.10 33.40
20150904203501 1.600 29.00 59.50 30.50 48.60 30.10 33.50
20150904203601 1.603 29.00 58.80 30.50 48.60 30.10 33.40
20150904203702 1.600 29.00 59.70 30.50 48.70 30.10 33.50
20150904203802 6.660 29.00 59.70 30.50 48.70 30.10 33.60
20150904203902 6.664 29.00 59.80 30.50 48.80 30.10 33.60
20150904204001 4.131 29.00 59.50 30.50 48.80 30.10 33.60
20150904204101 1.600 29.00 59.40 30.50 48.80 30.00 33.70
20150904204201 1.601 29.00 59.40 30.50 48.70 30.00 33.60
20150904204301 4.129 29.00 59.60 30.50 48.70 30.00 33.70
20150904204402 4.129 29.00 59.20 30.50 48.60 30.00 33.90
20150904204502 1.601 29.00 59.10 30.50 48.60 30.00 33.80
20150904204602 1.603 29.00 59.40 30.50 48.70 30.00 33.80
20150904204702 1.600 29.00 59.70 30.50 48.70 30.00 34.20
20150904204801 1.601 29.00 59.50 30.50 48.70 30.00 34.10
20150904204901 4.129 29.00 59.80 30.50 48.70 30.00 34.00
20150904205002 1.601 29.00 59.70 30.50 48.70 30.00 34.10
20150904205102 4.129 29.00 59.50 30.50 48.70 30.00 34.20
20150904205202 1.600 29.00 59.30 30.50 48.60 30.00 34.20
20150904205302 9.189 29.00 59.00 30.50 48.60 30.00 34.20
20150904205401 6.660 29.00 59.10 30.50 48.60 30.00 34.20
20150904205501 4.129 29.00 59.50 30.50 48.60 30.00 34.20
20150904205601 9.192 29.00 59.60 30.50 48.50 30.00 34.20
20150904205702 1.601 29.00 59.40 30.50 48.50 30.00 34.20
20150904205801 1.600 29.00 59.00 30.50 48.70 30.00 34.20
20150904205901 1.602 29.00 59.10 30.50 48.50 30.00 34.20
20150904210001 1.601 29.00 59.40 30.50 48.50 30.00 34.20
20150904210101 6.658 29.00 59.40 30.50 48.50 30.00 34.20
20150904210202 4.129 29.00 61.50 30.50 48.50 30.00 34.20
20150904210301 4.129 28.90 68.00 30.50 51.10 30.00 34.20
20150904210402 4.129 28.90 71.40 30.40 55.50 30.00 34.20
20150904210501 6.662 28.90 71.50 30.50 60.60 30.00 34.20
20150904210602 1.600 28.80 75.50 30.40 60.30 30.00 34.20
20150904210702 4.129 28.80 78.50 30.40 64.20 30.00 34.30
20150904210801 1.600 28.70 82.70 30.40 64.50 30.00 34.40
20150904210902 4.132 28.70 88.40 30.40 66.20 30.00 34.50
20150904211002 1.600 28.70 88.40 30.40 66.90 30.00 34.50
20150904211102 9.186 28.60 90.00 30.40 69.50 29.90 34.10
20150904211201 6.657 28.60 89.60 30.40 70.80 30.00 34.70
20150904211302 6.658 28.60 91.70 30.40 69.60 29.90 34.20
20150904211402 1.601 28.60 92.50 30.40 68.60 30.00 34.60
20150904211502 1.601 28.70 76.50 30.40 62.50 30.00 34.70
20150904211602 4.131 28.70 71.30 30.40 60.30 30.00 34.70
20150904211702 1.601 28.70 71.30 30.50 58.70 30.00 34.80
20150904211802 1.601 28.80 70.90 30.50 57.40 30.00 35.00
20150904211902 1.603 28.80 70.80 30.50 56.70 30.00 35.00
20150904212001 1.600 28.80 69.20 30.50 56.10 30.00 35.00
20150904212101 1.600 28.80 68.80 30.50 56.20 30.00 35.20
20150904212201 4.129 28.80 68.70 30.50 56.00 30.00 35.00
20150904212302 1.600 28.80 68.40 30.50 56.00 30.00 35.00
20150904212401 1.601 28.80 68.10 30.50 55.80 30.00 35.00
20150904212501 1.600 28.80 68.00 30.40 55.70 29.90 34.80
20150904212601 9.188 28.80 67.70 30.40 55.50 30.00 35.20
20150904212701 1.600 28.80 67.10 30.40 55.30 30.00 35.20
20150904212801 6.660 28.80 67.00 30.40 55.00 29.90 34.90
20150904212901 4.132 28.80 67.00 30.40 55.00 29.90 34.80
20150904213002 6.666 28.80 66.60 30.40 54.70 29.90 35.00
20150904213101 1.604 28.80 66.00 30.40 54.70 29.90 35.00
20150904213201 1.601 28.80 65.90 30.40 54.40 29.90 35.10
20150904213301 1.600 28.80 65.40 30.40 54.20 29.90 35.00
20150904213401 1.600 28.80 65.70 30.40 53.90 29.90 35.20
20150904213502 1.600 28.80 65.20 30.40 53.70 29.90 35.20
20150904213602 1.600 28.80 64.70 30.40 53.50 29.90 35.10
20150904213702 6.661 28.80 63.40 30.40 53.30 30.00 35.50
20150904213801 6.660 28.80 63.50 30.40 53.00 29.90 35.10
20150904213902 1.601 28.80 63.70 30.40 52.80 29.90 35.10
20150904214002 6.658 28.80 63.20 30.40 52.70 29.90 35.30
20150904214102 1.600 28.80 63.20 30.40 52.60 29.90 35.30
20150904214202 1.600 28.80 62.90 30.40 52.50 29.90 35.30
20150904214301 4.129 28.80 63.90 30.40 52.50 29.90 35.30
20150904214402 4.132 28.80 63.80 30.40 52.50 29.90 35.40
20150904214501 6.655 28.80 64.10 30.40 52.50 29.90 35.40
20150904214602 1.600 28.80 64.10 30.40 52.50 29.90 35.30
20150904214702 4.133 28.80 63.80 30.40 52.40 29.90 35.30
20150904214801 4.129 28.80 61.80 30.40 52.40 29.90 35.30
20150904214902 1.600 28.80 61.90 30.40 52.10 29.90 35.30
20150904215001 1.601 28.80 63.40 30.40 51.90 29.90 35.50
20150904215101 4.134 28.80 62.20 30.40 51.90 29.90 35.50
20150904215201 1.600 28.80 62.00 30.40 51.70 29.90 35.40
20150904215301 1.600 28.80 62.70 30.40 51.60 29.90 35.50
20150904215401 1.600 28.80 62.70 30.40 51.50 29.80 35.50
20150904215501 1.600 28.80 62.40 30.40 51.50 29.90 35.50
20150904215602 4.132 28.80 62.50 30.30 51.50 29.80 35.60
20150904215701 1.600 28.80 62.60 30.30 51.40 29.80 35.50
20150904215801 1.600 28.80 62.70 30.40 51.50 29.80 35.60
20150904215901 1.603 28.70 62.70 30.30 51.60 29.80 35.90
20150904220002 4.133 28.70 62.60 30.40 51.50 29.80 35.90
20150904220101 9.185 28.70 62.60 30.30 51.50 29.80 35.70
20150904220202 1.600 28.70 62.60 30.30 51.60 29.80 35.70
20150904220301 1.600 28.70 62.20 30.30 51.50 29.80 35.70
20150904220401 4.131 28.80 62.10 30.30 51.40 29.80 35.70
20150904220502 4.128 28.80 62.10 30.30 51.40 29.80 35.80
20150904220601 1.600 28.80 61.30 30.30 51.40 29.80 35.90
20150904220702 1.601 28.80 61.30 30.30 51.20 29.80 35.70
20150904220802 1.600 28.70 60.60 30.30 51.10 29.80 35.70
20150904220902 1.600 28.70 61.40 30.30 51.00 29.80 35.80
20150904221001 6.657 28.70 61.30 30.30 50.90 29.80 35.70
20150904221101 4.130 28.70 61.30 30.30 50.80 29.70 35.70
20150904221201 1.601 28.70 61.90 30.30 50.80 29.70 35.70
20150904221301 1.601 28.70 62.20 30.30 50.80 29.70 35.80
20150904221401 4.130 28.70 61.20 30.20 50.70 29.70 35.70
20150904221502 1.601 28.70 61.30 30.20 50.80 29.70 35.80
20150904221601 6.663 28.70 60.10 30.30 50.60 29.70 35.70
20150904221701 1.601 28.70 61.20 30.30 50.60 29.70 35.70
20150904221801 4.128 28.70 61.50 30.20 50.40 29.70 35.80
20150904221901 6.658 28.70 61.80 30.20 50.60 29.70 35.90
20150904222001 6.660 28.70 61.80 30.20 50.60 29.70 35.80
20150904222101 1.601 28.70 61.70 30.20 50.70 29.70 35.80
20150904222202 1.601 28.70 61.50 30.30 50.70 29.70 35.90
20150904222302 1.600 28.70 61.90 30.30 50.80 29.70 35.80
20150904222402 9.186 28.70 60.30 30.20 50.70 29.70 36.00
20150904222501 1.601 28.70 61.00 30.20 50.80 29.70 36.00
20150904222602 1.599 28.70 61.70 30.20 51.30 29.70 36.00
20150904222702 1.600 28.70 60.90 30.20 50.10 29.70 36.10
20150904222802 4.130 28.70 60.00 30.20 50.30 29.70 36.10
20150904222901 1.601 28.70 59.90 30.20 50.40 29.70 36.10
20150904223002 1.600 28.70 60.70 30.20 50.50 29.70 36.00
20150904223102 1.600 28.70 60.40 30.20 50.60 29.70 36.10
20150904223202 1.599 28.70 59.90 30.20 50.40 29.60 36.10
20150904223302 6.660 28.60 61.40 30.20 50.40 29.70 36.10
20150904223401 1.603 28.60 61.50 30.10 50.30 29.60 36.10
20150904223501 1.601 28.60 61.20 30.10 50.20 29.60 36.10
20150904223601 4.132 28.60 61.00 30.10 50.20 29.70 36.10
20150904223701 9.193 28.60 60.90 30.10 50.20 29.60 36.10
20150904223802 4.129 28.60 60.10 30.10 50.20 29.60 36.10
20150904223902 1.602 28.60 59.80 30.10 50.10 29.60 36.00
20150904224002 1.600 28.60 60.20 30.10 50.00 29.60 36.10
20150904224102 1.600 28.60 60.50 30.10 50.10 29.60 36.00
20150904224201 1.600 28.60 59.80 30.10 50.20 29.60 35.90
20150904224301 1.602 28.60 59.70 30.10 50.20 29.60 35.90
20150904224401 4.134 28.60 60.00 30.10 50.20 29.60 35.80
20150904224501 4.128 28.60 59.20 30.10 50.20 29.60 35.80
20150904224602 4.131 28.60 60.30 30.10 50.20 29.60 36.50
20150904224701 4.130 28.50 58.50 30.10 48.60 29.60 36.10
20150904224802 1.601 28.50 58.00 30.10 48.30 29.50 36.80
20150904224901 4.131 28.50 57.70 30.00 48.60 29.50 36.70
20150904225002 4.129 28.50 59.00 30.10 48.80 29.50 36.60
20150904225101 4.132 28.50 56.40 30.00 48.90 29.50 38.10
20150904225201 1.600 28.50 58.60 30.10 48.20 29.50 39.40
20150904225301 4.128 28.50 57.10 30.10 48.70 29.50 37.90
20150904225402 6.661 28.50 56.70 30.00 49.20 29.50 37.30
20150904225501 1.603 28.50 57.90 30.00 49.30 29.50 37.30
20150904225601 9.192 28.50 57.90 30.00 49.40 29.60 37.30
20150904225702 1.602 28.50 57.80 30.00 49.40 29.50 37.40
20150904225802 6.658 28.50 57.40 30.00 49.40 29.40 37.70
20150904225901 1.602 28.50 57.50 30.00 49.60 29.40 37.70
20150904230001 1.600 28.50 57.90 30.00 49.80 29.40 37.70
20150904230101 1.600 28.50 57.20 30.10 49.70 29.40 37.80
20150904230201 1.601 28.50 57.30 30.00 49.80 29.40 38.40
20150904230302 1.600 28.50 56.50 30.00 49.90 29.40 38.20
20150904230402 1.600 28.50 55.60 30.00 49.90 29.40 38.10
20150904230502 4.129 28.50 58.00 30.10 50.00 29.40 38.30
20150904230601 4.131 28.50 57.00 30.10 49.90 29.40 38.20
20150904230701 1.604 28.50 57.20 30.10 49.80 29.40 38.20
20150904230801 1.600 28.50 56.80 30.00 49.80 29.40 38.10
20150904230902 4.132 28.50 57.20 30.00 49.90 29.40 38.10
20150904231001 1.600 28.50 56.10 30.00 50.00 29.40 37.90
20150904231101 1.600 28.50 56.20 30.10 49.90 29.40 38.40
20150904231202 1.600 28.50 57.20 30.10 49.90 29.40 38.50
20150904231302 4.129 28.50 57.10 30.00 49.90 29.40 38.40
20150904231401 1.600 28.50 56.70 30.10 49.90 29.40 38.00
20150904231501 4.132 28.60 55.90 30.10 49.80 29.40 38.20
20150904231601 4.129 28.50 57.60 30.10 49.80 29.50 38.10
20150904231702 4.130 28.50 57.90 30.00 49.90 29.50 38.10
20150904231802 9.186 28.50 57.90 30.10 49.90 29.50 38.20
20150904231901 6.657 28.50 56.10 30.10 49.90 29.40 38.10
20150904232001 1.601 28.50 57.70 30.10 49.80 29.40 38.10
20150904232102 11.717 28.50 57.30 30.10 49.70 29.50 38.00
20150904232202 6.658 28.50 56.00 30.10 49.70 29.40 38.00
20150904232301 1.600 28.50 56.90 30.10 49.70 29.40 38.20
20150904232401 6.661 28.50 56.70 30.10 49.60 29.40 38.20
20150904232501 1.600 28.50 56.60 30.10 49.60 29.50 38.00
20150904232602 4.130 28.50 57.60 30.10 49.60 29.40 38.20
20150904232701 9.189 28.50 57.30 30.10 49.70 29.50 38.20
20150904232802 1.601 28.50 57.40 30.10 49.70 29.40 38.30
20150904232901 1.600 28.50 56.70 30.10 49.60 29.40 38.10
20150904233001 4.129 28.50 56.80 30.10 49.60 29.40 38.30
20150904233102 1.601 28.50 56.80 30.10 49.60 29.40 38.10
20150904233201 4.130 28.60 58.10 30.10 49.60 29.40 38.60
20150904233302 1.603 28.50 57.50 30.10 49.60 29.50 38.90
20150904233402 6.658 28.50 58.00 30.10 49.60 29.50 38.20
20150904233501 6.661 28.50 56.40 30.10 49.60 29.40 38.30
20150904233601 4.130 28.50 58.00 30.10 49.60 29.40 38.20
20150904233702 1.600 28.50 56.40 30.10 49.60 29.40 38.20
20150904233801 1.600 28.50 57.60 30.10 49.60 29.40 38.40
20150904233902 1.601 28.50 57.30 30.10 49.70 29.40 38.40
20150904234002 6.661 28.50 57.30 30.10 49.60 29.40 38.30
20150904234102 4.131 28.50 57.60 30.10 49.60 29.40 38.40
20150904234201 4.135 28.50 57.30 30.10 49.60 29.40 38.10
20150904234301 1.602 28.50 57.00 30.10 49.70 29.40 38.10
20150904234401 4.130 28.50 56.60 30.10 49.60 29.40 38.50
20150904234502 1.601 28.50 56.50 30.10 49.60 29.40 39.30
20150904234601 1.601 28.50 57.40 30.10 49.50 29.50 43.70
20150904234701 1.603 28.50 54.50 30.10 48.20 29.60 38.90
20150904234801 1.600 28.50 56.50 30.00 47.10 29.60 39.50
20150904234901 9.192 28.50 55.90 30.10 47.80 29.50 38.90
20150904235001 1.602 28.50 56.90 30.10 47.90 29.60 38.90
20150904235101 1.602 28.50 57.60 30.10 48.00 29.60 39.50
20150904235201 1.601 28.50 57.90 30.00 48.00 29.60 39.00
20150904235301 1.600 28.50 58.70 30.10 48.20 29.60 39.20
20150904235402 6.657 28.50 58.40 30.10 48.50 29.60 39.50
20150904235502 1.600 28.50 59.00 30.10 48.50 29.60 39.30
20150904235602 1.602 28.50 59.10 30.10 48.50 29.70 39.10
20150904235702 1.603 28.50 59.20 30.10 48.40 29.60 39.10
20150904235801 1.601 28.50 59.00 30.10 48.40 29.70 39.50
20150904235901 1.600 28.60 59.20 30.10 48.60 29.70 39.40
