20150905000001 1.601 28.60 59.30 30.10 48.50 29.70 39.20
20150905000101 1.602 28.60 59.60 30.10 48.70 29.70 39.20
20150905000201 1.600 28.60 59.60 30.10 48.70 29.70 39.50
20150905000302 1.600 28.60 61.80 30.10 52.90 29.70 39.20
20150905000402 4.131 28.50 67.90 30.10 60.00 29.70 39.40
20150905000501 4.129 28.40 80.00 30.10 63.80 29.70 39.40
20150905000601 4.129 28.40 78.90 30.00 67.60 29.80 39.20
20150905000702 4.129 28.40 78.40 30.00 71.50 29.70 39.50
20150905000801 1.600 28.40 81.00 30.00 71.60 29.70 39.40
20150905000902 1.601 28.40 87.90 30.00 73.60 29.70 39.40
20150905001002 4.128 28.40 84.80 30.00 76.80 29.70 39.50
20150905001101 4.129 28.40 88.80 30.00 76.80 29.70 39.60
20150905001201 4.133 28.40 88.60 30.00 76.20 29.70 39.50
20150905001302 4.132 28.40 90.00 30.00 76.50 29.80 39.50
20150905001401 1.600 28.40 89.90 30.00 77.20 29.70 39.70
20150905001502 4.132 28.40 87.90 29.90 77.00 29.80 39.50
20150905001601 4.132 28.40 89.00 30.00 78.00 29.80 39.70
20150905001702 1.601 28.40 90.00 30.00 79.30 29.80 39.50
20150905001801 1.603 28.30 88.40 30.00 78.70 29.70 39.40
20150905001901 1.604 28.30 87.50 30.00 75.90 29.70 39.60
20150905002001 4.131 28.40 76.90 30.00 68.10 29.70 39.80
20150905002102 1.601 28.50 74.00 30.00 68.10 29.70 39.60
20150905002201 1.600 28.50 74.10 30.10 67.10 29.70 39.80
20150905002301 9.189 28.50 72.50 30.10 65.60 29.70 39.70
20150905002402 1.600 28.50 72.40 30.10 65.30 29.70 39.70
20150905002502 4.130 28.50 71.70 30.10 64.20 29.70 39.80
20150905002602 4.130 28.50 71.20 30.10 63.30 29.70 39.70
20150905002701 1.601 28.60 71.70 30.10 63.20 29.70 39.90
20150905002801 1.603 28.60 70.20 30.10 63.30 29.70 40.20
20150905002901 1.603 28.60 70.60 30.10 62.80 29.70 39.90
20150905003002 1.600 28.60 69.20 30.10 62.60 29.70 40.20
20150905003102 1.601 28.60 68.60 30.10 62.10 29.70 40.50
20150905003202 1.600 28.60 68.70 30.10 61.80 29.80 40.80
20150905003302 6.660 28.60 65.50 30.10 61.50 29.70 39.60
20150905003401 6.656 28.60 64.90 30.10 60.80 29.70 39.60
20150905003501 1.600 28.60 64.00 30.10 60.80 29.60 39.40
20150905003601 4.129 28.60 63.50 30.10 60.30 29.60 39.40
20150905003701 1.603 28.60 63.30 30.10 60.10 29.60 39.30
20150905003801 4.133 28.60 62.90 30.10 59.90 29.50 39.40
20150905003902 1.600 28.60 62.30 30.10 59.60 29.50 39.40
20150905004001 4.131 28.60 61.60 30.10 59.50 29.50 39.50
20150905004102 1.601 28.60 61.10 30.10 59.10 29.50 39.70
20150905004201 1.600 28.60 61.30 30.10 59.00 29.50 39.80
20150905004301 1.605 28.50 60.60 30.10 57.70 29.50 39.70
20150905004401 1.604 28.50 60.60 30.10 55.10 29.50 40.20
20150905004501 1.601 28.50 61.40 30.00 56.00 29.50 39.30
20150905004601 4.129 28.60 61.90 30.00 56.10 29.40 39.20
20150905004701 1.601 28.60 62.00 30.00 56.30 29.40 39.10
20150905004801 1.600 28.60 63.40 30.00 56.30 29.50 39.20
20150905004901 1.600 28.60 65.00 30.00 56.10 29.50 39.30
20150905005001 4.131 28.60 64.20 30.00 56.10 29.40 38.50
20150905005101 4.131 28.60 64.20 30.00 55.90 29.40 38.50
20150905005202 1.601 28.50 64.00 30.00 55.90 29.40 38.50
20150905005302 1.600 28.50 63.90 30.00 55.80 29.50 39.00
20150905005402 1.600 28.50 64.30 30.00 55.60 29.40 38.60
20150905005501 6.660 28.50 63.70 30.00 55.40 29.40 38.60
20150905005601 1.600 28.50 57.80 30.00 55.40 29.40 38.60
20150905005701 1.600 28.50 58.50 30.00 55.40 29.40 38.90
20150905005801 6.658 28.50 60.00 30.00 55.40 29.40 38.70
20150905005902 9.186 28.50 59.80 29.90 54.70 29.40 38.70
20150905010001 1.620 28.50 59.90 29.90 54.70 29.40 38.90
20150905010102 4.128 28.50 60.40 29.90 54.70 29.40 39.10
20150905010201 1.602 28.50 59.70 29.90 54.60 29.40 39.10
20150905010301 1.601 28.50 60.10 29.90 54.50 29.40 39.10
20150905010401 4.129 28.50 60.00 29.90 54.50 29.40 39.30
20150905010501 1.601 28.40 60.30 29.90 54.50 29.40 39.30
20150905010601 1.601 28.40 59.70 29.90 54.40 29.40 39.10
20150905010701 1.601 28.40 60.20 29.90 54.30 29.40 39.40
20150905010801 4.132 28.40 60.40 29.90 54.30 29.40 39.10
20150905010901 1.601 28.40 59.90 29.90 54.40 29.40 39.20
20150905011001 1.601 28.40 59.50 29.90 54.40 29.40 39.40
20150905011102 1.601 28.40 60.10 29.90 54.20 29.40 39.50
20150905011202 6.657 28.40 60.10 29.90 54.10 29.40 39.40
20150905011302 6.657 28.40 59.90 29.80 54.10 29.40 39.40
20150905011401 4.130 28.40 60.70 29.80 54.00 29.40 39.50
20150905011502 6.662 28.40 60.30 29.80 54.00 29.40 39.50
20150905011602 4.133 28.40 59.90 29.80 54.10 29.40 39.50
20150905011702 4.129 28.40 60.40 29.80 54.10 29.40 39.60
20150905011801 1.601 28.30 61.00 29.80 54.20 29.40 39.60
20150905011901 1.600 28.30 61.30 29.80 54.10 29.30 39.60
20150905012001 1.602 28.40 61.50 29.80 54.00 29.30 39.60
20150905012102 4.128 28.40 61.00 29.80 53.90 29.40 39.80
20150905012201 4.130 28.30 61.20 29.80 53.80 29.30 39.80
20150905012302 1.601 28.30 61.20 29.80 53.60 29.40 39.70
20150905012401 1.600 28.30 61.40 29.80 53.60 29.30 39.70
20150905012501 1.600 28.30 60.70 29.70 53.50 29.30 39.70
20150905012601 1.605 28.30 60.40 29.80 53.50 29.30 39.70
20150905012701 1.600 28.30 61.20 29.80 53.30 29.30 39.90
20150905012801 9.188 28.30 61.40 29.70 53.30 29.30 39.90
20150905012901 4.128 28.30 61.40 29.70 53.10 29.30 40.00
20150905013002 1.602 28.30 60.90 29.70 53.10 29.30 39.80
20150905013102 1.600 28.20 60.90 29.70 53.20 29.30 40.00
20150905013202 1.600 28.30 60.80 29.70 53.10 29.30 39.90
20150905013301 4.129 28.20 60.90 29.70 53.00 29.30 39.80
20150905013402 1.600 28.20 61.30 29.70 53.00 29.30 40.00
20150905013502 1.602 28.20 61.00 29.70 52.80 29.30 40.00
20150905013602 1.600 28.20 61.40 29.70 52.80 29.30 40.10
20150905013701 4.128 28.20 61.00 29.70 52.80 29.30 40.10
20150905013802 6.664 28.20 61.30 29.70 52.80 29.30 40.20
20150905013902 4.133 28.20 61.00 29.70 52.80 29.30 40.20
20150905014002 1.601 28.20 61.00 29.70 52.70 29.30 40.30
20150905014102 4.132 28.20 60.70 29.70 52.70 29.30 40.40
20150905014202 1.601 28.20 61.00 29.70 52.80 29.30 40.30
20150905014302 4.129 28.20 61.00 29.70 52.70 29.30 40.20
20150905014401 1.602 28.20 61.00 29.60 52.70 29.30 40.40
20150905014501 1.600 28.20 60.80 29.60 52.70 29.30 40.40
20150905014602 1.600 28.20 60.90 29.60 52.60 29.30 40.20
20150905014702 4.133 28.20 61.00 29.60 52.50 29.30 40.00
20150905014801 9.185 28.20 60.90 29.60 52.50 29.30 39.90
20150905014901 4.130 28.20 60.90 29.60 52.60 29.20 39.90
20150905015002 1.606 28.20 60.60 29.60 52.50 29.30 39.90
20150905015102 1.601 28.10 60.50 29.60 52.60 29.30 39.90
20150905015202 1.602 28.10 60.50 29.60 52.50 29.30 39.80
20150905015301 6.657 28.10 60.50 29.60 52.50 29.20 39.70
20150905015401 1.602 28.10 60.40 29.60 52.50 29.30 39.80
20150905015501 4.128 28.10 60.40 29.60 52.30 29.20 40.00
20150905015601 1.600 28.10 60.50 29.60 52.30 29.20 40.10
20150905015701 1.600 28.10 60.50 29.60 52.30 29.20 40.10
20150905015801 9.188 28.10 60.30 29.60 52.30 29.20 40.10
20150905015902 1.600 28.10 60.20 29.60 52.30 29.20 40.20
20150905020001 1.604 28.10 60.10 29.60 52.20 29.20 40.20
20150905020101 4.129 28.10 60.30 29.60 52.10 29.20 40.40
20150905020202 1.602 28.10 60.70 29.60 52.10 29.20 40.20
20150905020302 1.628 28.10 60.10 29.60 52.10 29.20 40.20
20150905020401 1.600 28.10 60.10 29.60 52.20 29.20 40.30
20150905020501 1.601 28.10 60.50 29.60 52.10 29.20 39.90
20150905020601 1.601 28.10 60.40 29.50 52.20 29.20 39.90
20150905020702 9.188 28.10 60.30 29.60 52.20 29.10 39.80
20150905020801 1.600 28.10 60.30 29.60 52.20 29.20 39.80
20150905020902 4.128 28.00 60.10 29.50 52.20 29.20 40.00
20150905021001 4.129 28.10 60.00 29.50 52.20 29.10 40.20
20150905021101 1.602 28.10 60.00 29.60 52.20 29.10 40.10
20150905021201 6.660 28.00 60.00 29.50 52.10 29.10 40.20
20150905021301 1.605 28.00 60.00 29.50 52.20 29.10 40.20
20150905021402 4.129 28.00 59.90 29.50 52.20 29.10 40.00
20150905021501 1.603 28.00 59.10 29.50 52.10 29.10 40.10
20150905021601 4.129 28.00 59.50 29.50 52.00 29.10 40.10
20150905021702 4.133 28.00 59.40 29.50 52.10 29.10 39.90
20150905021802 1.602 28.00 59.90 29.50 52.10 29.10 40.20
20150905021902 6.658 28.00 59.90 29.50 52.00 29.10 40.10
20150905022002 1.600 28.00 60.10 29.50 52.00 29.10 40.30
20150905022101 1.599 28.00 57.70 29.40 51.90 29.00 40.00
20150905022201 4.131 28.00 56.70 29.40 51.90 29.00 40.00
20150905022302 1.600 27.90 57.30 29.40 51.90 29.00 39.90
20150905022402 4.129 27.90 55.90 29.50 51.80 28.90 39.60
20150905022502 6.662 27.90 55.70 29.40 51.70 28.70 40.10
20150905022602 4.132 27.90 55.60 29.40 51.60 28.70 40.20
20150905022701 4.129 27.80 54.90 29.40 51.60 28.60 40.00
20150905022801 4.133 27.80 56.00 29.40 51.50 28.60 40.60
20150905022902 1.606 27.80 55.90 29.40 51.50 28.60 40.10
20150905023002 1.600 27.80 56.30 29.40 51.50 28.60 40.50
20150905023102 1.602 27.80 57.40 29.40 51.50 28.60 41.20
20150905023201 4.131 27.80 57.50 29.40 51.50 28.70 40.40
20150905023302 6.665 27.80 57.30 29.40 51.50 28.70 40.20
20150905023402 4.132 27.80 57.60 29.40 51.40 28.70 40.40
20150905023502 1.604 27.80 57.40 29.40 51.40 28.70 40.30
20150905023602 6.659 27.70 57.70 29.30 51.40 28.70 40.30
20150905023702 1.600 27.80 57.70 29.30 51.40 28.70 40.40
20150905023802 9.188 27.70 57.30 29.30 51.40 28.70 40.20
20150905023902 1.600 27.70 57.20 29.30 51.30 28.70 40.40
20150905024001 4.128 27.70 58.30 29.30 51.30 28.70 41.00
20150905024102 4.131 27.70 58.30 29.30 51.20 28.70 40.80
20150905024201 1.600 27.70 58.60 29.30 51.20 28.70 40.80
20150905024301 4.134 27.70 58.80 29.30 51.20 28.70 40.70
20150905024401 4.128 27.70 58.60 29.30 51.20 28.80 40.20
20150905024502 1.601 27.70 58.70 29.30 51.30 28.70 40.20
20150905024602 1.599 27.70 57.80 29.30 51.30 28.80 40.40
20150905024701 1.601 27.70 58.00 29.30 51.30 28.70 40.30
20150905024801 1.600 27.70 57.90 29.30 51.30 28.70 40.30
20150905024901 1.600 27.70 57.60 29.20 51.10 28.70 40.30
20150905025001 1.600 27.70 58.20 29.30 51.10 28.70 40.80
20150905025102 4.129 27.70 57.40 29.20 51.10 28.70 40.70
20150905025201 1.600 27.60 57.60 29.20 51.10 28.70 40.70
20150905025301 4.130 27.70 58.70 29.20 51.10 28.70 40.90
20150905025401 1.601 27.70 58.70 29.20 51.10 28.70 41.10
20150905025501 4.130 27.70 58.70 29.20 51.10 28.70 41.00
20150905025602 4.129 27.60 58.70 29.20 51.10 28.70 40.70
20150905025701 1.600 27.60 58.70 29.20 51.20 28.70 40.70
20150905025802 1.601 27.60 59.00 29.20 51.00 28.80 40.40
20150905025902 4.129 27.60 58.90 29.20 51.50 28.80 40.50
20150905030001 4.129 27.60 58.90 29.20 51.00 28.80 40.40
20150905030102 1.602 27.60 58.70 29.20 51.00 28.80 40.00
20150905030201 6.661 27.70 58.40 29.20 51.00 28.80 40.70
20150905030301 1.602 27.60 60.60 29.20 54.90 28.80 40.70
20150905030401 1.601 27.50 69.30 29.10 61.20 28.80 40.80
20150905030501 1.600 27.50 74.00 29.10 64.20 28.80 40.70
20150905030602 9.190 27.50 77.50 29.10 69.70 28.70 41.00
20150905030701 4.129 27.40 79.90 29.10 70.60 28.70 41.00
20150905030802 1.602 27.40 79.00 29.10 71.00 28.60 41.10
20150905030901 6.660 27.40 85.60 29.10 73.10 28.60 41.50
20150905031002 1.601 27.40 85.60 29.10 73.20 28.60 41.30
20150905031102 1.600 27.30 88.50 29.00 73.50 28.60 41.60
20150905031202 6.663 27.30 87.70 29.00 75.70 28.60 41.50
20150905031301 4.128 27.20 91.50 29.00 76.10 28.60 41.60
20150905031402 9.186 27.20 91.50 29.00 76.40 28.50 41.20
20150905031502 4.129 27.20 91.90 29.00 76.70 28.50 41.20
20150905031601 1.600 27.20 92.40 29.00 76.40 28.60 41.20
20150905031701 1.600 27.20 93.00 29.00 77.50 28.50 41.40
20150905031802 1.605 27.10 90.50 28.90 76.10 28.50 41.50
20150905031902 1.602 27.20 93.10 29.00 74.50 28.50 42.10
20150905032002 1.600 27.20 76.10 28.90 68.30 28.50 42.70
20150905032102 4.129 27.20 70.70 29.00 66.30 28.50 42.20
20150905032202 4.130 27.30 68.90 29.00 66.30 28.50 42.20
20150905032301 1.601 27.30 69.30 29.00 65.60 28.50 41.50
20150905032401 1.600 27.30 67.80 29.00 64.90 28.50 41.40
20150905032501 4.128 27.30 66.90 29.00 64.20 28.50 41.80
20150905032601 4.128 27.30 66.80 28.90 62.80 28.40 41.20
20150905032702 4.131 27.30 65.50 28.90 62.20 28.30 41.50
20150905032801 1.599 27.30 64.30 29.00 62.50 28.30 41.50
20150905032901 1.600 27.20 63.50 29.00 61.90 28.30 41.90
20150905033002 1.599 27.20 62.80 28.90 60.90 28.20 42.20
20150905033102 1.601 27.20 62.30 28.90 60.50 28.20 42.30
20150905033202 1.600 27.20 62.60 28.90 60.10 28.20 41.90
20150905033302 1.600 27.20 62.40 28.90 59.80 28.30 41.80
20150905033401 1.599 27.20 63.10 28.90 59.60 28.30 41.70
20150905033501 6.661 27.20 63.80 28.90 59.20 28.30 41.50
20150905033601 1.600 27.20 63.60 28.90 59.00 28.30 41.60
20150905033701 1.600 27.20 62.50 28.90 58.70 28.30 41.30
20150905033801 1.600 27.20 62.50 28.80 58.50 28.30 41.40
20150905033902 6.661 27.20 63.00 28.80 58.10 28.30 41.50
20150905034001 4.131 27.20 62.80 28.80 58.10 28.30 41.40
20150905034102 4.129 27.20 61.60 28.80 58.00 28.30 41.50
20150905034201 1.599 27.20 61.60 28.80 57.80 28.30 41.50
20150905034302 6.660 27.20 61.90 28.80 57.60 28.30 41.30
20150905034402 1.600 27.10 61.90 28.80 57.50 28.30 41.30
20150905034502 4.129 27.20 61.40 28.80 57.30 28.30 41.40
20150905034601 4.131 27.10 60.80 28.80 57.00 28.30 41.40
20150905034701 9.191 27.10 61.60 28.80 56.90 28.30 41.30
20150905034802 4.129 27.10 62.00 28.80 56.90 28.30 41.60
20150905034901 4.129 27.10 61.90 28.80 56.80 28.30 41.40
20150905035001 1.603 27.10 61.60 28.80 56.70 28.30 41.30
20150905035101 4.130 27.10 61.90 28.80 56.60 28.20 41.40
20150905035202 6.659 27.10 61.60 28.70 56.50 28.30 41.40
20150905035301 4.131 27.10 61.30 28.70 56.50 28.30 41.30
20150905035402 1.600 27.10 61.30 28.70 56.40 28.30 41.60
20150905035502 4.130 27.10 60.60 28.70 56.20 28.30 41.30
20150905035601 1.601 27.10 61.70 28.70 56.20 28.30 41.50
20150905035702 4.129 27.10 60.90 28.70 56.10 28.30 41.60
20150905035801 4.131 27.10 62.20 28.70 56.10 28.30 41.50
20150905035902 1.600 27.10 62.30 28.70 56.00 28.20 41.70
20150905040001 1.621 27.10 62.50 28.70 55.90 28.20 41.80
20150905040102 4.163 27.10 61.30 28.70 55.80 28.20 41.90
20150905040202 1.619 27.10 62.20 28.70 55.80 28.20 41.80
20150905040302 1.621 27.00 61.50 28.70 55.70 28.20 41.80
20150905040402 9.211 27.00 61.30 28.70 55.60 28.20 41.90
20150905040502 1.621 27.00 61.30 28.60 55.60 28.20 41.80
20150905040602 6.678 27.00 61.80 28.60 55.40 28.10 42.00
20150905040702 1.629 27.00 62.30 28.70 55.50 28.20 42.00
20150905040802 6.688 27.00 60.10 28.60 55.40 28.20 41.90
20150905040902 1.631 27.00 60.00 28.60 55.30 28.10 41.80
20150905041003 11.720 27.00 60.60 28.60 55.20 28.10 41.70
20150905041101 4.132 27.00 60.40 28.60 55.20 28.10 41.60
20150905041202 6.660 27.00 60.40 28.60 55.10 28.10 41.60
20150905041301 1.604 27.00 60.30 28.60 55.00 28.10 41.70
20150905041401 6.657 26.90 59.50 28.60 55.00 28.10 41.40
20150905041501 4.132 26.90 59.60 28.60 54.90 28.10 41.20
20150905041602 1.603 26.90 60.40 28.50 54.90 28.10 41.20
20150905041701 4.133 26.90 59.30 28.50 54.80 28.10 41.20
20150905041802 1.604 26.90 59.30 28.50 54.80 28.10 41.40
20150905041902 1.600 26.90 60.20 28.50 54.70 28.10 41.70
20150905042001 1.600 26.90 59.60 28.50 54.70 28.10 41.30
20150905042101 1.602 26.90 59.00 28.50 54.60 28.10 41.40
20150905042201 1.599 26.90 60.20 28.50 54.60 28.10 41.10
20150905042301 1.602 26.90 59.40 28.50 54.60 28.10 41.10
20150905042402 1.602 26.90 59.90 28.50 54.50 28.10 41.40
20150905042502 1.601 26.90 59.80 28.50 54.50 28.10 41.20
20150905042602 1.599 26.90 60.00 28.50 54.40 28.00 41.20
20150905042702 1.600 26.90 59.60 28.50 54.40 28.10 40.90
20150905042802 4.129 26.80 59.80 28.40 54.30 28.00 41.70
20150905042902 4.130 26.80 59.90 28.40 54.20 28.00 40.80
20150905043001 1.600 26.80 59.00 28.40 54.20 28.00 40.80
20150905043101 14.245 26.80 58.70 28.40 54.00 28.00 41.40
20150905043201 4.131 26.80 58.90 28.40 54.00 27.90 40.90
20150905043302 1.600 26.80 58.90 28.40 54.00 27.90 40.80
20150905043402 1.601 26.80 59.20 28.40 53.90 27.90 40.60
20150905043501 1.602 26.80 58.50 28.40 53.90 27.90 40.60
20150905043601 4.129 26.80 59.50 28.40 53.90 27.90 40.60
20150905043702 1.600 26.80 59.00 28.40 53.80 27.90 40.70
20150905043802 6.660 26.70 59.80 28.40 53.80 27.90 40.50
20150905043901 1.602 26.70 59.80 28.40 53.70 27.90 40.50
20150905044002 4.129 26.70 59.80 28.30 53.70 27.90 40.60
20150905044101 1.600 26.80 59.90 28.30 53.70 27.90 40.50
20150905044201 1.600 26.80 60.20 28.40 53.70 27.90 40.40
20150905044301 4.129 26.70 59.70 28.40 53.60 27.90 40.50
20150905044401 1.601 26.70 59.90 28.30 53.60 27.90 40.60
20150905044501 4.129 26.70 59.90 28.30 53.60 27.90 40.60
20150905044602 1.601 26.70 60.00 28.30 53.50 27.90 40.80
20150905044702 1.600 26.70 59.30 28.30 53.50 28.00 41.10
20150905044801 1.600 26.70 59.60 28.30 53.50 27.90 40.90
20150905044901 1.600 26.70 59.70 28.30 53.40 27.90 41.30
20150905045001 6.662 26.70 59.90 28.30 53.40 27.90 40.90
20150905045101 4.128 26.70 60.00 28.30 53.40 27.90 40.90
20150905045201 1.600 26.70 59.90 28.30 53.40 27.90 40.90
20150905045301 4.130 26.70 59.90 28.30 53.40 27.90 40.60
20150905045402 1.600 26.70 60.00 28.30 53.30 27.90 40.70
20150905045502 1.601 26.70 58.70 28.30 53.30 27.90 40.60
20150905045601 4.128 26.60 59.60 28.30 53.30 27.90 40.50
20150905045702 4.128 26.70 59.70 28.30 53.30 27.90 40.50
20150905045801 4.128 26.70 59.60 28.20 53.20 27.90 40.50
20150905045901 4.132 26.60 59.30 28.20 53.20 27.90 40.40
20150905050002 1.600 26.60 59.50 28.20 53.10 27.90 40.50
20150905050102 1.600 26.60 59.70 28.20 53.00 27.90 40.60
20150905050202 6.659 26.60 59.70 28.20 53.00 27.90 40.50
20150905050301 6.661 26.60 59.60 28.20 53.00 27.80 40.30
20150905050401 1.601 26.60 59.40 28.20 53.00 27.80 40.30
20150905050501 4.127 26.60 58.90 28.20 52.90 27.80 40.90
20150905050601 1.601 26.60 59.20 28.20 52.90 27.80 40.60
20150905050701 1.601 26.60 59.10 28.20 52.80 27.70 40.90
20150905050801 6.656 26.60 58.50 28.20 52.80 27.70 40.80
20150905050902 9.191 26.60 58.90 28.20 52.80 27.70 40.80
20150905051001 1.600 26.60 59.70 28.20 52.80 27.70 40.80
20150905051102 1.600 26.60 58.90 28.10 52.70 27.80 40.70
20150905051202 1.600 26.60 59.20 28.20 52.70 27.70 40.80
20150905051302 1.600 26.60 59.40 28.20 52.70 27.70 40.80
20150905051402 4.131 26.50 59.00 28.10 52.60 27.70 40.70
20150905051502 6.659 26.50 59.20 28.10 52.60 27.80 40.70
20150905051602 6.662 26.50 59.10 28.10 52.50 27.80 41.10
20150905051702 1.600 26.50 58.90 28.10 52.50 27.70 41.10
20150905051801 4.128 26.50 58.30 28.10 52.50 27.80 40.90
20150905051902 9.190 26.50 58.30 28.10 52.50 27.60 41.30
20150905052001 6.657 26.50 58.10 28.10 52.50 27.60 41.30
20150905052102 1.600 26.50 58.30 28.10 52.40 27.50 41.60
20150905052202 6.658 26.50 58.40 28.00 52.40 27.50 41.70
20150905052302 1.599 26.50 59.20 28.10 52.30 27.50 41.70
20150905052401 1.600 26.40 58.20 28.00 52.30 27.50 41.50
20150905052501 1.600 26.50 57.90 28.10 52.30 27.50 41.60
20150905052601 1.599 26.40 58.50 28.00 52.30 27.50 41.80
20150905052701 4.128 26.40 58.20 28.00 52.30 27.50 41.80
20150905052801 4.128 26.40 58.70 28.00 52.30 27.60 41.40
20150905052902 1.600 26.40 58.40 28.00 52.30 27.60 41.40
20150905053002 4.130 26.40 58.60 28.00 52.30 27.60 41.60
20150905053101 6.657 26.40 58.60 28.00 52.30 27.60 41.40
20150905053202 4.130 26.40 59.50 28.00 52.20 27.60 41.30
20150905053301 1.600 26.40 59.40 28.00 52.20 27.60 41.30
20150905053401 1.599 26.40 58.60 28.00 52.20 27.60 41.40
20150905053502 4.131 26.40 59.30 28.00 52.20 27.60 41.40
20150905053601 1.600 26.40 59.50 28.00 52.20 27.60 41.50
20150905053701 1.599 26.40 59.20 28.00 52.10 27.60 41.60
20150905053801 1.600 26.40 59.40 27.90 51.70 27.60 41.70
20150905053902 4.129 26.40 59.30 27.90 51.60 27.60 41.70
20150905054001 1.600 26.40 59.40 27.90 51.60 27.60 41.70
20150905054102 6.659 26.40 59.20 27.90 51.60 27.60 41.40
20150905054202 4.132 26.40 59.00 27.90 51.60 27.70 41.20
20150905054301 1.600 26.40 59.30 27.90 51.60 27.70 41.30
20150905054402 1.600 26.40 59.00 27.90 51.60 27.70 41.40
20150905054502 1.600 26.40 59.00 27.90 51.60 27.70 41.30
20150905054602 1.605 26.40 59.20 27.90 51.60 27.70 41.20
20150905054702 1.601 26.40 59.40 27.90 51.60 27.80 41.10
20150905054801 1.600 26.40 58.80 27.90 51.60 27.70 41.20
20150905054901 4.130 26.30 59.30 27.90 51.50 27.80 41.30
20150905055002 6.663 26.30 58.50 27.90 51.40 27.80 40.60
20150905055102 1.600 26.30 58.70 27.90 51.40 27.70 40.80
20150905055201 1.600 26.30 58.70 27.90 51.40 27.80 39.80
20150905055301 9.187 26.30 58.30 27.80 51.30 27.70 40.40
20150905055402 6.658 26.30 58.10 27.90 51.30 27.70 39.80
20150905055501 4.128 26.30 57.90 27.90 51.30 27.70 39.80
20150905055602 1.601 26.30 58.50 27.90 51.20 27.80 40.00
20150905055702 4.131 26.30 57.80 27.90 51.20 27.80 39.30
20150905055801 1.603 26.30 58.00 27.80 51.10 27.70 39.70
20150905055902 4.131 26.30 58.30 27.80 51.10 27.70 39.30
20150905060001 1.599 26.20 58.30 27.80 51.00 27.80 39.20
20150905060101 1.600 26.20 57.80 27.80 51.00 27.70 39.20
20150905060201 4.129 26.20 61.70 27.80 51.00 27.70 39.30
20150905060301 1.603 26.20 62.10 27.80 53.30 27.70 39.50
20150905060401 6.657 26.10 77.20 27.80 62.70 27.70 39.40
20150905060501 4.128 26.10 77.10 27.70 65.40 27.70 39.80
20150905060601 4.131 26.00 86.20 27.70 68.60 27.70 39.80
20150905060702 4.132 25.90 86.00 27.70 70.40 27.70 39.80
20150905060801 1.603 25.90 89.20 27.70 72.00 27.70 39.80
20150905060902 1.601 25.90 91.40 27.60 73.10 27.70 39.90
20150905061002 1.600 25.90 93.00 27.60 74.70 27.70 40.00
20150905061101 1.600 25.90 93.20 27.60 73.90 27.70 40.50
20150905061201 4.129 25.90 91.50 27.60 75.40 27.60 40.50
20150905061302 1.600 25.80 93.80 27.60 75.20 27.60 40.40
20150905061402 4.135 25.70 93.20 27.60 75.30 27.60 40.20
20150905061502 4.131 25.70 93.50 27.60 74.40 27.50 40.60
20150905061601 6.658 25.70 91.70 27.60 75.70 27.50 40.60
20150905061701 1.603 25.80 91.50 27.60 76.50 27.50 40.60
20150905061802 1.601 25.80 88.80 27.60 76.00 27.50 41.10
20150905061902 1.602 25.80 85.50 27.50 76.20 27.50 40.60
20150905062002 4.128 25.90 74.00 27.60 70.70 27.50 40.70
20150905062101 1.600 25.90 74.30 27.60 68.80 27.50 41.50
20150905062202 4.142 25.90 70.40 27.60 67.00 27.50 40.50
20150905062301 6.661 25.90 72.00 27.60 65.80 27.40 40.90
20150905062401 1.599 25.90 66.70 27.60 65.80 27.50 41.10
20150905062502 1.609 25.90 68.10 27.60 65.00 27.40 40.90
20150905062602 4.157 25.90 66.80 27.50 64.20 27.40 40.70
20150905062701 1.604 25.90 64.60 27.50 63.50 27.40 40.80
20150905062802 6.663 25.90 66.30 27.60 63.20 27.40 40.80
20150905062902 4.131 25.90 65.10 27.50 62.60 27.30 40.50
20150905063001 1.600 25.90 64.10 27.50 62.40 27.30 40.40
20150905063101 6.663 25.90 62.60 27.50 61.70 27.30 40.50
20150905063202 1.600 25.90 62.90 27.50 61.60 27.30 40.50
20150905063302 9.185 25.90 64.10 27.50 60.80 27.20 40.20
20150905063401 4.131 25.90 63.30 27.50 60.80 27.30 40.20
20150905063501 9.186 25.90 63.30 27.50 60.30 27.30 39.90
20150905063602 1.602 25.80 62.70 27.50 60.30 27.30 39.90
20150905063702 4.131 25.80 62.20 27.50 60.00 27.30 40.40
20150905063801 4.130 25.80 62.00 27.50 59.60 27.20 40.60
20150905063901 4.128 25.80 61.90 27.50 59.60 27.20 40.70
20150905064001 6.660 25.80 63.90 27.50 59.30 27.20 41.00
20150905064101 1.600 25.80 64.00 27.40 59.10 27.20 40.90
20150905064201 1.602 25.80 62.90 27.40 58.90 27.20 40.50
20150905064301 4.131 25.80 62.70 27.50 58.80 27.20 41.00
20150905064401 4.128 25.80 62.80 27.40 58.70 27.20 41.00
20150905064502 1.600 25.80 62.70 27.40 58.50 27.30 40.40
20150905064602 1.601 25.80 63.10 27.40 58.40 27.20 40.50
20150905064702 1.600 25.80 63.30 27.40 58.20 27.30 40.40
20150905064802 1.600 25.80 61.80 27.40 58.20 27.30 40.50
20150905064901 1.600 25.80 62.60 27.40 58.00 27.30 40.80
20150905065001 4.128 25.70 60.90 27.40 57.60 27.20 40.80
20150905065102 6.663 25.70 59.50 27.40 57.40 27.00 41.40
20150905065202 1.603 25.70 60.60 27.40 57.40 27.00 41.40
20150905065301 1.600 25.70 61.60 27.30 57.30 26.90 41.00
20150905065401 1.601 25.70 61.30 27.30 57.30 27.00 41.90
20150905065501 1.600 25.70 61.70 27.30 57.20 27.00 41.30
20150905065601 1.601 25.70 61.70 27.30 57.20 27.00 41.40
20150905065701 1.600 25.70 62.40 27.30 57.10 27.10 41.40
20150905065802 1.601 25.70 61.80 27.30 57.00 27.20 41.40
20150905065902 1.600 25.70 62.40 27.30 57.00 27.20 41.20
20150905070002 1.603 25.70 62.20 27.30 56.90 27.20 41.40
20150905070102 4.129 25.60 61.90 27.30 56.80 27.20 41.20
20150905070201 1.601 25.70 62.60 27.30 56.80 27.20 41.10
20150905070302 6.660 25.70 61.50 27.30 56.70 27.30 40.90
20150905070402 1.600 25.70 61.80 27.30 56.60 27.30 40.80
20150905070502 1.603 25.60 61.10 27.30 56.60 27.30 41.00
20150905070602 1.602 25.60 61.10 27.30 56.50 27.30 40.90
20150905070701 1.600 25.70 62.80 27.20 56.40 27.30 41.00
20150905070801 1.602 25.70 62.20 27.30 56.40 27.30 40.80
20150905070902 1.599 25.70 61.30 27.30 56.20 27.20 40.90
20150905071002 1.602 25.60 62.40 27.30 56.30 27.20 40.70
20150905071102 1.600 25.70 61.70 27.20 56.10 27.20 40.80
20150905071202 4.129 25.70 62.00 27.30 56.10 27.30 40.90
20150905071301 1.602 25.60 62.00 27.20 56.10 27.30 40.60
20150905071402 1.600 25.70 61.90 27.30 56.00 27.30 40.50
20150905071502 1.601 25.60 58.00 27.20 55.90 27.30 40.60
20150905071602 1.600 25.60 54.00 27.20 55.90 27.30 40.20
20150905071702 1.600 25.60 53.70 27.20 55.80 27.30 40.10
20150905071801 1.602 25.60 53.90 27.20 55.70 27.30 40.30
20150905071901 4.129 25.60 53.70 27.20 55.70 27.30 40.60
20150905072002 4.128 25.60 54.10 27.20 55.60 27.30 40.50
20150905072101 4.128 25.60 54.30 27.20 55.60 27.30 40.60
20150905072201 1.600 25.60 54.30 27.20 55.50 27.20 40.40
20150905072301 1.600 25.60 54.10 27.20 55.50 27.20 40.40
20150905072401 1.600 25.60 53.90 27.20 55.40 27.20 40.50
20150905072501 6.662 25.60 54.90 27.20 55.20 27.30 40.40
20150905072601 1.599 25.60 54.40 27.10 55.20 27.20 40.40
20150905072702 4.128 25.60 53.80 27.20 55.30 27.20 40.30
20150905072801 4.128 25.60 53.90 27.20 55.20 27.20 40.10
20150905072902 1.602 25.60 53.90 27.20 55.10 27.20 40.10
20150905073002 4.130 25.60 54.20 27.20 55.10 27.20 40.20
20150905073101 4.136 25.60 54.00 27.20 55.10 27.20 40.00
20150905073201 1.601 25.60 54.60 27.20 55.10 27.20 40.00
20150905073301 4.128 25.60 52.90 27.20 55.00 27.30 40.00
20150905073402 1.603 25.60 52.90 27.20 54.90 27.30 40.50
20150905073502 6.659 25.60 54.00 27.20 54.80 27.30 40.40
20150905073601 6.659 25.60 54.00 27.10 54.80 27.20 40.40
20150905073701 1.601 25.60 54.00 27.20 54.80 27.20 40.40
20150905073801 1.601 25.60 54.30 27.10 54.70 27.20 40.50
20150905073902 1.602 25.60 54.20 27.20 54.70 27.30 40.40
20150905074002 1.602 25.60 53.80 27.10 54.60 27.20 40.60
20150905074101 1.601 25.60 53.90 27.10 54.60 27.20 40.60
20150905074201 4.131 25.60 54.60 27.10 54.50 27.30 40.70
20150905074302 6.664 25.60 54.10 27.10 54.50 27.20 40.80
20150905074402 9.189 25.60 53.90 27.10 54.50 27.20 40.80
20150905074502 1.600 25.60 54.80 27.10 54.40 27.20 40.80
20150905074602 1.601 25.60 54.00 27.10 54.40 27.20 40.80
20150905074702 1.599 25.60 52.80 27.10 54.40 27.30 40.80
20150905074802 4.129 25.60 53.80 27.10 54.30 27.20 40.80
20150905074901 1.600 25.50 53.70 27.10 54.30 27.10 41.00
20150905075002 4.128 25.60 53.80 27.10 54.20 27.30 41.70
20150905075101 1.601 25.60 53.00 27.10 54.20 27.20 41.70
20150905075201 1.600 25.60 53.60 27.10 54.20 27.30 41.20
20150905075301 1.600 25.60 53.60 27.10 54.20 27.30 40.90
20150905075401 1.600 25.60 54.40 27.10 54.10 27.20 41.10
20150905075502 1.600 25.60 53.50 27.10 54.20 27.20 41.10
20150905075602 1.600 25.60 54.00 27.10 54.10 27.20 41.10
20150905075702 1.603 25.60 53.40 27.10 54.10 27.20 41.10
20150905075802 4.129 25.60 53.40 27.10 54.00 27.20 41.10
20150905075902 1.602 25.60 53.00 27.10 54.00 27.10 41.30
20150905080002 4.129 25.50 52.40 27.10 53.90 27.10 41.60
20150905080101 1.600 25.50 51.60 27.10 53.90 27.10 41.60
20150905080201 1.603 25.50 52.60 27.10 53.90 27.10 41.60
20150905080301 6.660 25.50 52.40 27.10 53.80 26.90 41.40
20150905080402 1.600 25.50 52.10 27.10 53.80 26.90 41.40
20150905080502 1.600 25.50 52.10 27.10 53.70 26.90 41.50
20150905080602 6.660 25.50 53.70 27.10 53.60 26.90 41.20
20150905080702 1.601 25.50 53.80 27.10 53.60 27.00 42.10
20150905080801 1.601 25.50 53.60 27.10 53.60 27.00 42.30
20150905080901 1.601 25.50 54.10 27.10 53.60 27.00 42.20
20150905081002 4.129 25.50 53.00 27.10 53.60 27.00 42.00
20150905081101 6.657 25.50 52.90 27.00 53.60 27.00 42.00
20150905081201 4.128 25.50 52.90 27.00 53.60 27.00 42.10
20150905081302 9.186 25.50 54.00 27.00 53.60 27.00 41.70
20150905081402 1.600 25.50 54.00 27.00 53.50 27.10 41.80
20150905081502 1.600 25.50 54.30 27.00 53.50 27.00 41.70
20150905081602 1.603 25.50 53.90 27.00 53.50 27.10 41.80
20150905081702 1.608 25.50 53.50 27.00 53.50 27.10 41.50
20150905081801 1.600 25.50 54.60 27.00 53.50 27.10 41.60
20150905081901 4.133 25.50 54.60 27.00 53.40 27.20 41.80
20150905082001 1.600 25.50 54.40 27.00 53.40 27.20 41.80
20150905082101 4.149 25.50 55.30 27.10 53.30 27.30 41.60
20150905082201 6.689 25.50 54.90 27.00 53.30 27.20 41.60
20150905082302 4.161 25.50 54.90 27.00 53.30 27.20 41.60
20150905082401 1.600 25.50 54.90 27.00 53.30 27.20 41.40
20150905082501 1.601 25.50 54.60 27.00 53.30 27.20 41.90
20150905082602 4.136 25.50 54.90 27.00 53.20 27.30 41.30
20150905082701 9.189 25.50 55.30 27.00 53.20 27.30 41.30
20150905082801 1.600 25.50 55.40 27.00 53.20 27.30 41.20
20150905082901 4.152 25.50 55.50 27.10 53.20 27.30 41.30
20150905083002 4.130 25.50 55.50 27.10 53.20 27.30 41.30
20150905083102 4.145 25.50 55.60 27.10 53.10 27.30 41.60
20150905083201 1.601 25.50 55.70 27.10 53.20 27.30 41.70
20150905083301 6.663 25.60 55.80 27.10 53.10 27.30 41.70
20150905083402 1.601 25.60 55.80 27.10 53.10 27.30 41.20
20150905083502 4.149 25.60 55.80 27.10 53.00 27.30 41.80
20150905083602 1.630 25.60 56.00 27.10 52.90 27.30 41.80
20150905083702 4.129 25.60 56.10 27.10 52.90 27.30 41.60
20150905083802 4.131 25.60 55.60 27.10 52.90 27.40 41.40
20150905083901 1.600 25.60 55.60 27.10 52.90 27.40 41.40
20150905084002 1.599 25.60 56.00 27.10 52.90 27.30 41.60
20150905084102 4.130 25.60 55.90 27.10 52.90 27.30 41.50
20150905084201 1.603 25.60 55.80 27.10 52.90 27.30 41.50
20150905084302 4.129 25.60 56.00 27.10 52.90 27.30 41.70
20150905084401 1.602 25.60 56.00 27.10 53.00 27.40 41.70
20150905084501 4.129 25.60 56.10 27.10 52.90 27.40 41.80
20150905084601 6.655 25.60 56.00 27.10 52.90 27.40 41.80
20150905084701 4.132 25.60 56.00 27.10 52.80 27.40 41.80
20150905084802 1.600 25.60 55.80 27.10 52.80 27.40 41.60
20150905084901 1.602 25.60 55.70 27.10 52.90 27.40 41.60
20150905085001 1.602 25.60 55.80 27.10 52.80 27.40 42.00
20150905085101 1.601 25.60 55.80 27.10 52.80 27.40 41.60
20150905085201 1.600 25.60 55.60 27.10 52.80 27.40 41.50
20150905085302 1.601 25.60 55.80 27.10 52.80 27.40 41.60
20150905085402 1.600 25.70 55.60 27.10 52.80 27.40 41.60
20150905085502 4.128 25.60 55.00 27.10 52.80 27.40 41.90
20150905085601 9.188 25.60 55.00 27.10 52.80 27.30 41.90
20150905085701 1.600 25.70 56.00 27.10 52.70 27.30 41.90
20150905085801 4.133 25.60 55.20 27.10 52.70 27.30 42.10
20150905085902 4.130 25.70 55.20 27.10 52.70 27.30 42.00
20150905090002 1.602 25.70 55.70 27.10 52.60 27.30 42.00
20150905090102 1.600 25.70 54.50 27.10 52.60 27.30 42.60
20150905090202 1.599 25.60 55.10 27.10 52.60 27.20 42.50
20150905090302 4.129 25.60 56.30 27.10 55.90 27.20 42.30
20150905090401 4.133 25.50 71.50 27.10 63.50 27.20 42.40
20150905090501 1.601 25.50 71.70 27.00 67.20 27.20 42.60
20150905090601 4.135 25.50 77.20 27.00 73.40 27.20 42.60
20150905090702 6.658 25.40 79.10 27.00 76.70 27.30 43.00
20150905090801 1.602 25.40 81.70 27.00 76.30 27.30 43.00
20150905090902 1.601 25.40 85.70 27.00 76.30 27.30 42.50
20150905091002 4.133 25.50 63.50 27.00 72.00 27.30 42.90
20150905091101 1.601 25.50 63.30 27.00 68.10 27.20 42.70
20150905091201 1.600 25.50 60.80 27.10 66.70 27.20 42.40
20150905091302 14.249 25.50 62.00 27.10 63.70 27.30 42.60
20150905091402 4.130 25.50 60.20 27.10 63.20 27.30 42.20
20150905091501 1.600 25.50 60.80 27.00 63.30 27.30 42.40
20150905091601 6.688 25.50 61.40 27.10 62.00 27.30 42.10
20150905091702 1.601 25.60 62.10 27.10 61.90 27.30 42.10
20150905091802 1.604 25.60 62.00 27.10 61.40 27.30 42.00
20150905091902 1.600 25.60 62.10 27.10 60.80 27.40 41.80
20150905092002 9.189 25.60 62.70 27.20 59.50 27.40 41.70
20150905092102 1.627 25.70 62.40 27.20 59.50 27.40 41.70
20150905092202 6.662 25.70 62.30 27.20 58.90 27.40 41.70
20150905092301 1.601 25.70 61.80 27.10 58.90 27.40 41.70
20150905092402 4.131 25.70 61.50 27.20 58.60 27.50 41.80
20150905092502 1.603 25.70 61.60 27.20 58.50 27.40 41.80
20150905092602 1.601 25.70 61.40 27.20 58.30 27.50 41.80
20150905092701 1.600 25.80 61.40 27.20 58.10 27.50 41.80
20150905092801 1.603 25.80 61.00 27.20 57.80 27.50 41.80
20150905092901 1.600 25.80 60.70 27.20 57.70 27.50 42.00
20150905093002 4.129 25.80 59.80 27.20 57.50 27.50 41.80
20150905093101 4.133 25.80 60.00 27.20 57.40 27.50 41.90
20150905093202 1.600 25.80 60.20 27.20 57.30 27.50 41.60
20150905093301 1.600 25.80 59.90 27.20 57.10 27.60 42.10
20150905093401 4.129 25.80 60.50 27.20 56.80 27.50 42.20
20150905093502 1.601 25.80 60.20 27.20 56.80 27.50 42.10
20150905093602 1.600 25.80 60.30 27.30 56.70 27.50 42.60
20150905093701 6.660 25.90 59.80 27.30 56.50 27.60 42.30
20150905093801 1.600 25.80 59.90 27.20 56.40 27.60 42.10
20150905093902 1.601 25.90 59.30 27.30 56.20 27.60 41.60
20150905094002 1.600 25.90 59.10 27.30 56.20 27.60 41.30
20150905094102 1.600 25.90 59.40 27.30 56.10 27.60 41.60
20150905094201 1.601 25.90 59.50 27.30 55.90 27.60 41.70
20150905094301 1.601 25.90 59.90 27.30 55.80 27.60 41.60
20150905094401 1.599 25.90 59.40 27.30 55.60 27.60 41.20
20150905094501 6.657 25.90 59.70 27.30 55.40 27.60 41.20
20150905094602 4.129 25.90 59.80 27.30 55.20 27.60 41.30
20150905094701 4.128 26.00 60.10 27.30 55.20 27.60 41.10
20150905094802 4.130 26.00 60.20 27.30 55.20 27.70 41.10
20150905094901 4.155 26.00 59.80 27.30 55.10 27.70 41.10
20150905095001 1.601 26.00 59.80 27.30 55.10 27.70 41.00
20150905095101 1.605 26.00 59.60 27.30 55.10 27.70 40.80
20150905095202 1.601 26.00 59.10 27.40 55.10 27.70 40.60
20150905095302 1.602 26.00 59.30 27.30 55.00 27.70 40.60
20150905095402 4.135 26.00 59.10 27.40 54.90 27.70 40.50
20150905095502 1.614 26.00 59.20 27.30 54.90 27.70 40.60
20150905095602 4.169 26.00 59.10 27.40 54.70 27.80 40.80
20150905095701 4.128 26.00 59.10 27.40 54.40 27.80 40.80
20150905095801 1.605 26.00 59.00 27.40 54.50 27.70 40.70
20150905095901 6.661 26.10 59.40 27.40 54.40 27.80 40.30
20150905100001 1.602 26.10 59.10 27.40 54.30 27.80 40.20
20150905100101 1.600 26.10 59.50 27.40 54.30 27.80 40.20
20150905100202 4.132 26.10 59.40 27.40 54.30 27.80 40.20
20150905100301 1.600 26.10 58.60 27.40 54.30 27.80 40.20
20150905100401 4.129 26.10 58.80 27.40 54.20 27.80 39.90
20150905100501 4.131 26.10 58.90 27.40 54.20 27.80 39.20
20150905100602 6.659 26.10 58.60 27.40 54.20 27.80 39.30
20150905100702 6.657 26.10 58.80 27.40 51.10 27.80 39.80
20150905100801 1.600 26.10 58.80 27.40 50.80 27.80 39.70
20150905100902 6.659 26.20 56.00 27.50 52.10 27.80 39.20
20150905101002 4.128 26.20 56.20 27.50 52.50 27.80 39.20
20150905101101 1.600 26.20 55.90 27.50 52.50 27.80 39.00
20150905101201 1.600 26.20 55.60 27.50 52.40 27.80 38.80
20150905101302 1.600 26.30 55.60 27.50 52.30 27.80 38.70
20150905101402 1.600 26.30 55.30 27.50 52.30 27.80 38.20
20150905101502 4.129 26.20 62.70 27.50 52.10 27.80 38.30
20150905101601 1.600 26.20 62.80 27.50 52.40 27.80 38.20
20150905101702 1.600 26.20 63.30 27.50 52.30 27.80 38.00
20150905101802 1.601 26.20 65.50 27.50 52.50 27.80 38.00
20150905101902 1.620 26.10 65.70 27.60 52.50 27.80 38.00
20150905102001 1.600 26.10 67.20 27.60 52.50 27.90 39.20
20150905102101 1.602 26.10 63.80 27.60 52.50 27.90 38.60
20150905102202 1.600 26.10 65.40 27.60 52.60 27.90 38.60
20150905102302 1.608 26.10 67.00 27.60 52.70 27.90 38.30
20150905102401 1.600 26.10 67.00 27.60 52.80 27.90 38.50
20150905102501 1.603 26.10 66.10 27.60 52.90 28.00 38.80
20150905102602 6.661 26.10 67.20 27.60 53.10 28.00 38.90
20150905102702 4.134 26.10 67.70 27.60 53.20 28.00 38.90
20150905102801 1.601 26.10 68.50 27.60 53.20 28.00 38.90
20150905102901 1.601 26.20 68.50 27.60 53.30 28.10 38.80
20150905103001 6.661 26.20 69.10 27.70 53.40 28.00 38.60
20150905103102 1.605 26.20 68.40 27.70 53.40 28.00 38.70
20150905103202 4.128 26.20 69.10 27.70 53.50 28.10 38.70
20150905103302 4.132 26.20 65.00 27.70 53.50 28.10 37.90
20150905103401 1.600 26.20 68.90 27.70 53.60 28.10 37.90
20150905103502 1.601 26.20 70.00 27.70 53.60 28.10 37.80
20150905103602 1.601 26.20 69.20 27.70 53.60 28.10 37.90
20150905103702 1.601 26.20 67.70 27.70 53.70 28.10 38.20
20150905103801 1.601 26.20 67.50 27.80 53.70 28.10 38.20
20150905103901 4.134 26.20 69.10 27.70 53.80 28.20 38.40
20150905104001 1.600 26.20 66.10 27.70 52.60 28.20 38.40
20150905104102 4.159 26.20 65.80 27.80 52.60 28.20 38.30
20150905104201 4.129 26.30 64.40 27.80 53.00 28.20 38.30
20150905104302 1.600 26.30 68.00 27.80 53.10 28.20 38.30
20150905104401 1.600 26.30 67.50 27.80 53.20 28.20 38.70
20150905104501 1.600 26.30 65.20 27.80 53.20 28.20 38.20
20150905104602 4.132 26.30 66.40 27.80 53.40 28.20 38.60
20150905104702 1.604 26.30 66.80 27.80 53.40 28.30 38.50
20150905104802 1.600 26.30 67.70 27.80 53.40 28.30 38.60
20150905104901 4.129 26.30 65.90 27.90 53.40 28.30 38.90
20150905105002 4.131 26.30 65.60 27.90 53.40 28.30 38.60
20150905105101 1.603 26.30 65.50 27.90 53.50 28.40 38.50
20150905105201 1.600 26.40 65.30 27.90 53.50 28.40 38.30
20150905105302 1.600 26.40 66.30 27.90 53.50 28.40 38.30
20150905105402 1.600 26.40 67.20 27.90 53.60 28.50 38.00
20150905105502 9.189 26.40 67.70 27.90 53.60 28.50 38.30
20150905105602 4.129 26.40 68.00 27.90 53.70 28.50 38.20
20150905105701 1.601 26.40 67.80 27.90 53.60 28.50 38.10
20150905105801 1.600 26.50 67.50 27.90 53.60 28.50 38.40
20150905105901 4.133 26.50 67.50 28.00 54.20 28.50 38.30
20150905110001 1.600 26.50 67.50 28.00 54.10 28.50 38.20
20150905110101 4.129 26.50 68.00 28.00 54.20 28.50 38.10
20150905110202 1.601 26.50 64.20 28.00 54.20 28.60 38.10
20150905110302 4.132 26.50 67.70 28.00 54.20 28.60 38.30
20150905110402 1.602 26.50 67.30 28.00 54.20 28.60 38.30
20150905110502 1.600 26.50 66.50 28.00 54.20 28.60 38.30
20150905110602 4.131 26.50 67.40 28.00 54.20 28.60 38.00
20150905110701 9.186 26.50 67.30 28.00 54.20 28.60 38.10
20150905110801 6.657 26.60 67.10 28.00 54.20 28.60 38.10
20150905110902 4.132 26.60 67.30 28.00 54.20 28.60 38.10
20150905111002 1.602 26.60 67.40 28.10 54.20 28.70 38.10
20150905111102 1.620 26.60 65.80 28.00 54.20 28.60 38.20
20150905111202 1.620 26.60 67.00 28.10 54.20 28.70 38.10
20150905111301 4.131 26.60 64.80 28.10 54.20 28.70 38.00
20150905111402 1.601 26.60 65.10 28.10 54.20 28.70 38.00
20150905111502 6.691 26.60 65.80 28.10 54.20 28.70 38.50
20150905111601 1.600 26.70 66.10 28.10 54.20 28.70 38.50
20150905111701 4.129 26.70 64.20 28.10 53.90 28.70 38.20
20150905111801 4.132 26.70 66.10 28.10 53.90 28.60 38.10
20150905111902 4.140 26.70 66.30 28.10 53.90 28.70 38.20
20150905112002 1.603 26.70 66.20 28.20 53.90 28.60 39.70
20150905112102 6.659 26.70 65.10 28.20 53.90 28.70 38.70
20150905112202 1.604 26.70 64.60 28.10 53.90 28.70 38.70
20150905112302 6.660 26.70 63.70 28.10 53.80 28.70 39.60
20150905112401 1.601 26.70 64.00 28.20 53.80 28.70 39.50
20150905112501 1.600 26.70 64.50 28.20 53.80 28.70 39.30
20150905112601 1.600 26.80 64.90 28.20 53.80 28.80 38.70
20150905112701 1.600 26.80 64.10 28.20 53.80 28.80 38.00
20150905112802 1.600 26.80 64.80 28.20 53.70 28.80 38.40
20150905112902 1.599 26.80 63.60 28.20 53.70 28.90 38.60
20150905113002 1.600 26.80 64.40 28.30 53.70 28.90 38.10
20150905113102 1.600 26.80 63.40 28.20 53.70 28.90 38.30
20150905113201 4.132 26.80 64.00 28.30 53.60 28.90 38.30
20150905113302 1.600 26.90 63.90 28.30 53.60 28.90 38.10
20150905113402 1.600 26.90 64.30 28.30 53.60 29.00 38.40
20150905113502 1.601 26.90 63.50 28.30 53.60 29.00 38.30
20150905113601 1.600 26.90 62.00 28.30 53.70 29.00 38.10
20150905113701 6.657 26.90 64.00 28.30 53.60 29.00 38.10
20150905113801 1.600 26.90 63.40 28.30 53.60 29.00 38.10
20150905113902 6.658 26.90 63.60 28.40 53.60 29.10 37.90
20150905114002 1.601 26.90 63.20 28.30 53.60 29.00 37.90
20150905114101 1.600 27.00 64.10 28.30 53.60 29.00 37.90
20150905114201 4.131 26.90 63.10 28.30 53.60 29.10 38.00
20150905114302 4.129 27.00 62.50 28.40 53.60 29.10 38.00
20150905114401 4.128 27.00 62.80 28.40 53.50 29.10 38.00
20150905114501 1.601 27.00 64.00 28.40 53.50 29.10 38.00
20150905114601 1.600 27.00 63.40 28.40 53.50 29.10 38.30
20150905114702 1.601 27.00 63.60 28.40 53.50 29.20 38.30
20150905114802 1.600 27.00 63.40 28.40 53.50 29.20 38.20
20150905114901 1.601 27.10 64.00 28.40 53.50 29.20 38.40
20150905115002 1.602 27.00 64.10 28.40 53.50 29.20 38.30
20150905115102 4.129 27.10 63.00 28.40 53.50 29.20 38.20
20150905115201 6.668 27.10 63.30 28.40 53.50 29.30 38.30
20150905115302 6.659 27.10 62.30 28.50 53.50 29.30 38.40
20150905115402 4.129 27.10 62.90 28.50 53.50 29.30 38.40
20150905115501 4.129 27.10 63.20 28.50 53.50 29.30 38.80
20150905115601 4.134 27.10 63.30 28.50 53.50 29.30 38.80
20150905115702 6.689 27.10 63.00 28.50 53.50 29.30 38.30
20150905115802 4.130 27.20 63.00 28.50 53.60 29.40 38.60
20150905115902 1.610 27.20 63.00 28.50 53.60 29.40 38.60
20150905120002 9.193 27.20 63.20 28.50 53.50 29.40 38.70
20150905120102 1.600 27.20 63.70 28.50 53.50 29.40 38.00
20150905120202 6.659 27.20 65.80 28.60 54.70 29.40 38.40
20150905120302 1.600 27.20 66.50 28.60 55.30 29.40 37.90
20150905120402 1.600 27.10 73.40 28.60 60.50 29.50 38.00
20150905120501 1.604 27.10 77.30 28.60 63.10 29.40 38.20
20150905120601 1.602 27.10 80.10 28.60 64.60 29.40 37.90
20150905120701 1.600 27.00 82.20 28.60 66.00 29.50 38.00
20150905120802 1.600 27.10 83.60 28.60 66.70 29.50 38.00
20150905120902 1.604 27.10 86.60 28.60 66.60 29.50 38.00
20150905121001 4.129 27.10 87.80 28.70 68.50 29.50 38.20
20150905121101 4.133 27.10 87.50 28.60 68.30 29.60 38.00
20150905121202 4.132 27.10 91.30 28.70 69.00 29.60 38.00
20150905121301 1.601 27.10 91.60 28.70 69.00 29.60 37.80
20150905121401 1.612 27.10 90.90 28.70 70.20 29.60 38.40
20150905121502 9.195 27.10 90.90 28.70 71.00 29.60 37.70
20150905121601 4.129 27.20 90.80 28.70 70.00 29.60 37.60
20150905121702 1.630 27.20 91.10 28.70 69.90 29.60 37.30
20150905121801 1.603 27.10 90.80 28.70 69.80 29.70 37.70
20150905121901 4.130 27.20 82.30 28.70 69.50 29.70 37.60
20150905122001 6.663 27.30 79.00 28.70 67.30 29.80 38.30
20150905122101 6.660 27.30 77.80 28.70 65.90 29.80 38.20
20150905122201 9.192 27.40 77.40 28.80 63.50 29.70 37.50
20150905122301 6.678 27.30 77.40 28.70 63.40 29.80 37.90
20150905122401 4.139 27.40 76.30 28.70 62.70 29.80 37.90
20150905122501 6.663 27.40 76.30 28.80 62.30 29.80 37.60
20150905122601 1.600 27.40 75.30 28.80 62.40 29.80 37.60
20150905122701 6.662 27.40 75.40 28.80 62.50 29.80 37.70
20150905122802 4.129 27.40 74.70 28.80 62.50 29.80 37.90
20150905122902 4.129 27.50 74.80 28.80 62.40 29.80 38.10
20150905123002 4.129 27.50 74.80 28.90 61.90 29.80 37.80
20150905123101 6.662 27.50 74.30 28.80 62.10 29.80 37.40
20150905123201 1.600 27.50 73.80 28.80 62.20 29.90 37.40
20150905123302 1.603 27.50 73.30 28.80 61.90 29.80 37.70
20150905123402 1.608 27.50 71.00 28.90 61.90 29.80 37.20
20150905123502 1.602 27.50 72.40 28.90 61.60 29.90 37.40
20150905123601 1.600 27.50 71.90 28.90 61.30 29.90 37.60
20150905123701 4.130 27.50 71.70 28.90 61.00 29.90 37.50
20150905123802 1.600 27.60 71.10 28.90 61.00 29.90 37.20
20150905123902 4.132 27.60 70.30 28.90 60.80 29.90 37.60
20150905124002 9.196 27.60 70.30 28.90 60.60 29.90 36.80
20150905124102 6.688 27.60 69.50 28.90 60.60 29.90 36.80
20150905124201 1.633 27.60 69.70 28.90 60.40 29.90 36.80
20150905124301 6.658 27.60 70.00 28.90 60.20 30.00 37.10
20150905124401 1.601 27.60 69.80 28.90 60.20 30.00 37.10
20150905124502 1.604 27.70 68.90 28.90 60.10 30.00 37.00
20150905124602 1.600 27.70 69.50 29.00 60.60 30.00 37.20
20150905124702 1.601 27.70 69.10 29.00 60.40 30.00 36.90
20150905124802 1.602 27.70 68.90 29.00 60.30 30.00 37.00
20150905124902 4.159 27.70 68.90 29.00 60.20 30.00 37.00
20150905125002 4.174 27.70 68.90 29.00 60.10 30.10 37.10
20150905125101 1.602 27.70 69.00 29.00 60.00 30.10 37.10
20150905125201 4.128 27.70 67.90 29.10 59.70 30.10 36.50
20150905125301 1.602 27.70 68.40 29.10 59.70 30.10 36.40
20150905125401 1.604 27.80 68.20 29.00 59.70 30.10 36.10
20150905125502 1.600 27.80 68.00 29.10 59.60 30.10 36.20
20150905125602 4.145 27.80 68.70 29.10 59.60 30.20 36.40
20150905125702 1.604 27.80 68.20 29.10 59.50 30.10 36.40
20150905125802 1.603 27.80 67.70 29.10 59.40 30.10 35.80
20150905125902 1.631 27.80 68.00 29.10 59.30 30.20 35.90
20150905130001 9.192 27.90 67.00 29.10 59.20 30.30 35.10
20150905130101 1.601 27.90 67.00 29.10 59.10 30.20 35.10
20150905130201 6.660 27.90 66.80 29.10 58.60 30.30 32.40
20150905130301 1.600 27.90 64.40 29.10 58.60 30.30 32.10
20150905130402 6.665 28.00 66.10 29.10 58.10 30.50 31.70
20150905130502 6.661 27.90 65.70 29.20 57.20 30.50 31.70
20150905130602 4.129 28.00 66.90 29.20 57.30 30.50 30.90
20150905130702 4.137 28.00 67.80 29.20 57.60 30.50 32.00
20150905130801 4.131 28.00 67.60 29.20 57.60 30.50 32.90
20150905130902 4.129 28.00 67.20 29.30 57.80 30.50 33.50
20150905131002 1.601 28.10 66.70 29.30 57.90 30.40 33.50
20150905131101 1.600 28.10 66.90 29.30 57.90 30.50 33.20
20150905131201 1.600 28.10 66.80 29.30 57.90 30.50 33.60
20150905131301 6.674 28.10 66.80 29.30 57.80 30.50 32.90
20150905131401 6.665 28.10 66.80 29.30 57.80 30.50 33.40
20150905131502 4.134 28.10 66.60 29.30 57.80 30.50 33.40
20150905131602 1.600 28.10 66.50 29.30 57.80 30.50 33.50
20150905131702 4.134 28.10 66.20 29.30 57.80 30.50 33.10
20150905131802 1.600 28.10 66.00 29.30 57.70 30.50 32.80
20150905131901 1.603 28.10 66.20 29.30 57.60 30.50 33.30
20150905132001 1.601 28.10 65.50 29.30 57.60 30.50 33.20
20150905132101 1.630 28.10 64.30 29.40 57.50 30.50 32.40
20150905132202 4.129 28.20 64.90 29.40 57.30 30.60 33.00
20150905132302 4.128 28.20 65.00 29.40 57.30 30.60 32.10
20150905132401 1.605 28.20 65.00 29.40 57.20 30.60 32.10
20150905132502 1.601 28.20 64.60 29.40 56.80 30.60 31.50
20150905132602 1.600 28.20 65.80 29.40 56.70 30.60 31.80
20150905132702 1.601 28.30 64.00 29.40 56.70 30.60 31.90
20150905132801 1.600 28.30 65.20 29.40 56.80 30.60 31.90
20150905132901 1.600 28.30 65.00 29.40 56.90 30.60 31.90
20150905133001 1.600 28.30 65.10 29.50 56.90 30.60 31.60
20150905133101 1.600 28.30 65.20 29.50 57.00 30.70 31.90
20150905133202 4.132 28.30 64.80 29.50 56.80 30.70 32.60
20150905133301 4.128 28.30 64.10 29.50 56.80 30.70 32.50
20150905133401 4.132 28.30 65.50 29.50 56.80 30.70 32.50
20150905133502 6.659 28.30 64.60 29.50 56.80 30.70 32.50
20150905133601 1.602 28.30 64.70 29.50 56.70 30.70 31.50
20150905133701 1.600 28.40 64.30 29.50 56.60 30.70 31.90
20150905133801 1.602 28.40 63.30 29.50 56.50 30.70 32.90
20150905133902 1.600 28.40 63.40 29.50 56.50 30.70 31.10
20150905134002 1.600 28.40 65.00 29.50 56.30 30.80 30.90
20150905134102 6.659 28.40 64.00 29.60 56.40 30.80 31.50
20150905134201 1.604 28.40 65.30 29.60 56.40 30.80 31.50
20150905134301 4.135 28.40 64.70 29.60 56.50 30.80 31.60
20150905134401 1.615 28.40 64.90 29.60 56.50 30.90 31.40
20150905134501 1.601 28.40 65.30 29.60 56.50 30.90 32.10
20150905134602 4.164 28.40 65.90 29.60 56.20 31.00 31.40
20150905134702 1.600 28.50 66.00 29.60 55.90 31.00 31.30
20150905134802 1.600 28.50 66.10 29.60 56.10 31.00 31.30
20150905134901 1.605 28.50 65.20 29.70 56.10 30.90 32.70
20150905135001 1.601 28.50 64.50 29.70 56.30 31.00 31.40
20150905135101 1.600 28.60 64.90 29.70 56.30 31.00 32.00
20150905135201 1.600 28.60 65.80 29.70 56.20 31.00 31.40
20150905135302 4.131 28.60 65.30 29.70 56.00 31.00 31.00
20150905135401 1.600 28.60 65.30 29.70 55.90 31.00 31.10
20150905135501 1.601 28.60 64.70 29.70 55.80 31.10 31.10
20150905135601 4.129 28.60 64.20 29.70 55.90 31.00 30.00
20150905135701 6.658 28.70 65.20 29.80 55.60 31.10 30.10
20150905135801 4.166 28.60 65.20 29.80 55.50 31.10 29.50
20150905135901 1.601 28.70 63.30 29.80 55.60 31.10 29.50
20150905140001 1.602 28.70 64.60 29.80 55.40 31.10 30.00
20150905140101 1.612 28.70 63.80 29.80 55.50 31.10 30.00
20150905140202 4.132 28.70 64.50 29.90 55.10 31.10 29.20
20150905140301 4.129 28.70 64.00 29.90 55.10 31.10 28.90
20150905140401 1.621 28.70 63.90 29.90 54.80 31.10 28.80
20150905140502 1.601 28.80 63.80 29.90 54.80 31.10 28.60
20150905140603 4.149 28.80 63.00 29.90 54.70 31.10 28.50
20150905140702 1.631 28.80 62.20 29.90 54.50 31.10 28.50
20150905140802 4.128 28.80 55.00 29.90 54.10 31.10 28.30
20150905140902 4.129 28.80 55.00 29.90 53.30 31.10 28.50
20150905141001 4.129 28.80 59.00 29.90 53.30 31.10 28.30
20150905141102 1.621 28.80 60.30 29.90 53.20 31.10 28.40
20150905141202 4.129 28.80 61.30 29.90 53.10 31.10 28.70
20150905141302 1.599 28.90 60.40 30.00 53.70 31.10 28.70
20150905141402 1.601 28.90 61.10 30.00 53.80 31.10 28.60
20150905141502 1.600 28.80 61.90 30.00 53.70 31.10 28.70
20150905141602 4.132 28.90 60.60 30.00 53.70 31.10 28.40
20150905141702 1.630 28.90 62.50 30.00 53.70 31.10 28.80
20150905141802 6.661 28.90 57.90 30.00 54.00 31.10 27.90
20150905141901 6.661 28.90 62.70 30.10 53.90 31.10 28.10
20150905142002 1.620 28.90 62.50 30.10 53.90 31.10 28.10
20150905142102 1.601 28.90 63.00 30.10 53.80 31.10 28.10
20150905142201 4.129 28.90 62.60 30.10 53.70 31.10 28.20
20150905142301 1.602 28.90 62.40 30.10 53.40 31.10 28.00
20150905142402 9.219 28.90 62.90 30.10 53.40 31.10 28.10
20150905142502 1.618 29.00 63.50 30.10 53.40 31.10 28.60
20150905142602 1.600 29.00 63.00 30.10 53.70 31.10 29.00
20150905142701 1.602 29.00 63.20 30.10 53.80 31.10 28.50
20150905142802 1.600 29.00 62.40 30.20 53.70 31.10 28.20
20150905142902 1.603 29.10 64.00 30.10 53.70 31.10 29.40
20150905143002 4.129 29.00 61.40 30.20 53.60 31.10 28.50
20150905143101 4.129 29.10 60.90 30.20 53.70 31.10 28.90
20150905143201 1.599 29.00 60.60 30.20 53.60 31.10 28.80
20150905143301 1.600 29.10 61.70 30.20 53.70 31.10 28.40
20150905143401 1.602 29.10 63.40 30.20 53.60 31.10 28.50
20150905143501 4.129 29.10 63.10 30.20 53.60 31.10 28.50
20150905143601 1.602 29.10 63.00 30.20 53.60 31.10 28.90
20150905143701 1.602 29.10 63.50 30.20 53.80 31.20 29.00
20150905143801 1.601 29.10 63.90 30.20 53.70 31.10 28.90
20150905143902 1.601 29.10 61.90 30.20 53.70 31.20 28.70
20150905144002 1.607 29.10 62.30 30.20 53.70 31.10 28.50
20150905144101 1.603 29.10 63.80 30.20 53.40 31.20 28.50
20150905144201 4.131 29.20 62.90 30.30 53.40 31.20 28.50
20150905144301 1.600 29.20 63.00 30.30 53.40 31.20 29.00
20150905144401 6.662 29.20 59.70 30.30 53.50 31.30 28.80
20150905144501 1.600 29.20 60.70 30.30 53.50 31.20 28.80
20150905144601 1.602 29.20 60.30 30.40 53.40 31.30 28.80
20150905144702 1.600 29.20 56.60 30.30 53.40 31.20 28.90
20150905144802 1.601 29.20 59.70 30.40 53.10 31.30 28.50
20150905144902 4.129 29.20 57.40 30.40 53.00 31.30 28.70
20150905145001 1.600 29.30 56.50 30.40 53.00 31.20 28.30
20150905145102 6.662 29.30 55.10 30.40 52.80 31.30 28.30
20150905145202 4.131 29.30 55.20 30.40 52.70 31.20 28.20
20150905145302 1.599 29.30 55.40 30.40 52.60 31.30 28.30
20150905145402 4.129 29.30 54.00 30.50 52.20 31.30 28.00
20150905145501 1.599 29.30 55.00 30.50 52.20 31.40 28.00
20150905145602 4.128 29.30 53.80 30.50 51.80 31.40 27.80
20150905145701 4.129 29.30 55.30 30.50 51.50 31.40 27.70
20150905145802 1.606 29.30 58.50 30.50 51.50 31.40 27.90
20150905145901 1.600 29.30 54.80 30.50 51.30 31.40 28.40
20150905150001 1.601 29.30 56.10 30.50 51.20 31.40 28.00
20150905150101 1.621 29.30 53.30 30.50 51.30 31.40 28.30
20150905150202 1.602 29.40 52.30 30.50 51.20 31.40 28.20
20150905150302 1.602 29.40 58.20 30.50 52.80 31.40 28.30
20150905150402 9.189 29.30 67.70 30.60 59.80 31.50 28.10
20150905150502 1.602 29.20 72.90 30.50 59.90 31.50 28.00
20150905150601 4.134 29.10 73.40 30.60 63.50 31.50 27.90
20150905150701 1.600 29.10 75.00 30.50 63.20 31.50 27.90
20150905150801 1.600 29.10 76.90 30.60 64.30 31.50 28.10
20150905150902 6.680 29.10 77.90 30.60 65.60 31.50 27.50
20150905151002 1.600 29.10 78.10 30.60 67.20 31.50 27.50
20150905151101 4.129 29.10 75.80 30.60 68.60 31.60 27.60
20150905151201 1.608 29.10 80.90 30.60 68.90 31.60 27.40
20150905151301 1.604 29.10 79.40 30.60 68.40 31.60 27.80
20150905151401 9.191 29.20 79.40 30.60 68.80 31.60 27.60
20150905151502 1.600 29.20 81.80 30.60 68.90 31.60 27.60
20150905151601 4.129 29.20 85.30 30.70 69.50 31.60 27.80
20150905151702 1.601 29.20 85.10 30.60 69.30 31.60 27.90
20150905151802 4.129 29.20 81.80 30.70 69.60 31.60 27.80
20150905151902 1.600 29.20 81.80 30.60 69.20 31.70 27.50
20150905152002 6.661 29.40 66.40 30.70 64.10 31.70 27.30
20150905152102 4.132 29.50 62.40 30.70 64.00 31.70 27.10
20150905152201 4.132 29.50 62.20 30.70 61.60 31.70 26.90
20150905152301 4.131 29.50 60.80 30.70 61.10 31.90 26.80
20150905152402 1.602 29.60 61.50 30.70 61.10 31.90 27.10
20150905152502 1.600 29.60 61.10 30.70 60.70 31.80 26.90
20150905152601 4.130 29.60 61.30 30.70 60.70 31.80 27.10
20150905152702 1.600 29.60 61.90 30.80 59.90 31.90 27.10
20150905152802 1.601 29.70 58.90 30.80 59.60 31.80 26.70
20150905152902 1.600 29.70 58.40 30.80 59.40 31.90 26.60
20150905153001 6.659 29.70 59.80 30.80 59.20 31.90 26.40
20150905153101 1.600 29.70 59.50 30.80 59.20 31.80 26.50
20150905153201 1.600 29.70 59.90 30.80 58.80 31.80 26.50
20150905153301 6.663 29.80 58.70 30.80 58.30 31.80 26.50
20150905153402 1.600 29.80 60.40 30.80 58.30 31.80 26.50
20150905153502 1.600 29.80 59.30 30.80 58.20 31.80 26.50
20150905153602 6.695 29.80 57.90 30.80 57.70 31.80 26.50
20150905153701 1.602 29.80 60.00 30.90 57.70 31.80 26.50
20150905153801 1.601 29.80 62.00 30.90 57.40 31.90 26.80
20150905153902 1.601 29.80 61.00 30.90 57.30 31.90 26.70
20150905154002 1.600 29.80 57.20 30.90 56.90 31.90 26.60
20150905154102 1.600 29.80 52.30 30.90 56.60 31.90 26.40
20150905154201 4.131 29.80 58.20 30.90 56.70 31.90 26.30
20150905154302 1.601 29.80 56.50 30.90 56.30 31.90 26.30
20150905154402 1.600 29.80 56.80 30.90 56.30 31.90 26.50
20150905154501 1.630 29.90 53.30 30.90 56.10 31.90 26.70
20150905154601 1.630 29.80 54.30 30.90 55.80 31.90 26.60
20150905154701 4.129 29.90 55.80 30.90 55.20 32.00 27.30
20150905154801 1.608 29.90 57.10 30.90 55.10 32.00 27.70
20150905154901 1.600 29.90 54.70 30.90 55.00 32.00 27.60
20150905155002 6.663 29.90 54.80 30.90 54.50 32.00 27.80
20150905155102 1.600 29.90 54.90 30.90 54.40 32.00 27.10
20150905155201 1.600 29.90 54.70 30.90 54.50 31.90 26.50
20150905155301 1.600 29.90 55.30 31.00 54.70 32.00 26.60
20150905155401 1.600 30.00 57.60 31.00 54.40 32.00 26.50
20150905155501 6.659 29.90 56.10 31.00 54.80 31.90 26.30
20150905155602 1.600 29.90 51.30 31.00 54.80 31.90 26.70
20150905155702 1.601 30.00 55.50 31.00 54.90 31.90 26.60
20150905155801 4.130 29.90 53.90 31.00 54.80 31.80 26.90
20150905155902 4.129 29.90 52.20 31.00 55.00 31.70 26.90
20150905160001 1.601 29.90 55.60 31.00 55.00 31.70 27.10
20150905160101 4.129 29.90 54.90 31.00 55.10 31.70 27.10
20150905160201 1.600 30.00 54.70 31.00 55.10 31.60 27.10
20150905160301 4.131 29.90 53.70 31.00 55.20 31.60 27.20
20150905160402 1.600 29.90 54.50 31.00 55.20 31.60 27.50
20150905160502 1.600 29.90 55.00 31.00 55.30 31.60 27.40
20150905160601 4.128 30.00 54.30 31.10 55.30 31.50 27.50
20150905160702 1.600 29.90 53.50 31.00 55.40 31.50 27.60
20150905160801 1.601 30.00 54.70 31.00 55.40 31.50 27.60
20150905160902 1.620 30.00 51.20 31.10 55.40 31.50 27.60
20150905161002 4.133 29.90 52.30 31.10 55.50 31.50 27.60
20150905161101 4.132 29.90 52.40 31.10 55.50 31.50 27.70
20150905161201 4.145 29.90 52.80 31.00 55.50 31.50 27.60
20150905161302 6.662 29.90 53.50 31.00 55.50 31.50 27.80
20150905161402 1.600 30.00 52.90 31.10 55.50 31.50 27.80
20150905161501 1.601 29.90 51.30 31.10 55.60 31.50 27.90
20150905161602 1.600 29.90 51.30 31.10 55.60 31.40 27.80
20150905161702 1.603 29.90 52.40 31.10 55.70 31.40 27.90
20150905161801 1.603 29.90 53.10 31.10 55.60 31.40 27.80
20150905161901 1.600 29.90 51.80 31.10 55.50 31.40 27.90
20150905162001 1.600 29.90 51.20 31.10 55.60 31.40 28.00
20150905162101 9.191 29.90 52.30 31.10 55.60 31.30 28.10
20150905162201 1.599 29.90 52.40 31.10 55.60 31.30 28.10
20150905162301 1.601 29.90 53.70 31.10 55.60 31.40 28.20
20150905162401 1.600 29.90 53.20 31.10 55.50 31.30 28.00
20150905162501 1.601 29.90 52.90 31.10 55.60 31.30 28.10
20150905162602 4.130 29.90 50.70 31.10 55.50 31.30 28.00
20150905162701 1.600 29.90 51.30 31.10 55.50 31.30 28.00
20150905162801 1.600 29.90 50.80 31.10 55.50 31.30 28.10
20150905162901 1.600 29.90 51.80 31.10 55.50 31.20 28.20
20150905163002 6.657 29.90 51.00 31.10 55.50 31.20 28.20
20150905163102 1.602 29.90 51.80 31.10 55.50 31.20 28.10
20150905163202 1.600 29.90 50.60 31.10 55.40 31.20 28.20
20150905163302 1.601 29.90 51.70 31.10 55.40 31.20 28.30
20150905163401 1.602 29.90 51.90 31.20 55.40 31.20 28.30
20150905163501 1.599 29.90 52.80 31.10 55.40 31.20 28.20
20150905163601 1.600 29.90 53.00 31.10 55.40 31.30 28.30
20150905163701 4.128 29.90 52.60 31.20 55.30 31.30 28.10
20150905163801 1.600 29.90 53.00 31.20 55.20 31.30 28.20
20150905163902 1.606 29.90 51.30 31.10 55.20 31.20 28.30
20150905164002 1.600 29.90 52.70 31.20 55.20 31.20 28.30
20150905164102 1.600 29.90 53.30 31.20 55.20 31.20 28.20
20150905164202 4.128 29.90 55.00 31.10 55.10 31.30 28.30
20150905164302 6.657 29.90 55.30 31.10 55.00 31.30 28.20
20150905164402 1.600 29.90 54.10 31.20 55.00 31.20 28.20
20150905164502 4.128 29.90 52.80 31.20 55.00 31.20 28.20
20150905164601 1.600 29.90 52.30 31.20 55.00 31.20 28.20
20150905164702 1.601 29.90 52.10 31.20 55.00 31.20 28.40
20150905164802 1.600 29.90 55.30 31.20 55.00 31.20 28.20
20150905164902 4.129 29.90 53.80 31.20 55.00 31.20 28.20
20150905165001 1.599 29.90 54.40 31.20 54.80 31.20 28.20
20150905165102 1.600 29.90 53.50 31.20 54.80 31.20 28.30
20150905165202 1.600 29.90 53.80 31.20 54.90 31.20 28.30
20150905165302 1.600 29.90 53.90 31.20 54.90 31.20 28.30
20150905165402 1.600 29.90 53.70 31.20 54.90 31.20 28.40
20150905165501 1.600 29.90 53.10 31.20 54.80 31.20 28.30
20150905165601 1.602 29.90 54.20 31.20 54.70 31.20 28.30
20150905165701 1.600 29.90 55.30 31.20 54.70 31.20 28.20
20150905165801 1.600 29.90 54.90 31.30 54.60 31.20 28.30
20150905165902 1.600 29.90 53.90 31.20 54.50 31.20 28.30
20150905170002 1.599 29.90 52.00 31.20 54.50 31.20 28.20
20150905170102 9.188 29.90 55.00 31.20 54.40 31.20 28.30
20150905170202 4.129 29.90 53.20 31.20 54.40 31.20 28.30
20150905170301 1.600 29.90 52.10 31.20 54.40 31.20 28.30
20150905170401 6.658 29.90 53.60 31.20 54.40 31.20 28.10
20150905170501 1.603 29.90 54.10 31.20 54.40 31.20 28.20
20150905170602 1.601 29.90 52.90 31.20 54.40 31.20 28.30
20150905170702 1.602 29.90 54.50 31.20 54.30 31.20 28.30
20150905170801 4.132 29.90 55.70 31.30 54.20 31.20 28.10
20150905170902 1.600 29.90 52.80 31.20 54.20 31.20 28.10
20150905171001 1.600 29.90 54.00 31.30 54.10 31.20 28.20
20150905171102 1.600 29.90 53.90 31.20 54.10 31.20 28.00
20150905171202 1.620 29.90 55.30 31.20 54.00 31.20 28.00
20150905171301 1.600 29.90 54.70 31.20 53.90 31.20 28.00
20150905171401 1.600 29.90 53.80 31.30 54.00 31.20 28.20
20150905171502 1.602 29.90 54.60 31.20 53.90 31.20 28.00
20150905171602 1.603 29.90 53.10 31.30 53.90 31.20 28.00
20150905171702 1.600 29.90 53.40 31.30 53.80 31.10 28.10
20150905171801 1.600 29.90 55.30 31.30 53.80 31.10 28.00
20150905171901 6.660 29.90 54.20 31.30 53.80 31.10 28.10
20150905172002 1.602 29.90 54.20 31.30 53.80 31.10 28.00
20150905172102 1.601 29.80 51.30 31.20 53.80 31.10 28.00
20150905172202 1.601 29.90 53.90 31.30 53.70 31.10 28.10
20150905172302 1.601 29.90 52.80 31.30 53.70 31.10 28.10
20150905172401 1.606 29.90 54.80 31.20 53.70 31.10 28.10
20150905172501 6.663 29.80 53.20 31.20 53.70 31.10 28.20
20150905172601 1.600 29.90 53.30 31.30 53.70 31.10 28.20
20150905172701 4.132 29.90 53.40 31.30 53.60 31.10 28.20
20150905172801 4.130 29.90 53.90 31.20 53.60 31.10 28.20
20150905172901 1.601 29.90 55.10 31.20 53.60 31.10 28.20
20150905173001 4.129 29.90 54.30 31.30 53.50 31.10 28.10
20150905173102 1.600 29.90 53.80 31.30 53.50 31.10 28.10
20150905173201 4.129 29.90 54.10 31.30 53.40 31.10 28.10
20150905173302 4.128 29.90 54.50 31.20 53.40 31.10 28.00
20150905173402 1.602 29.90 54.10 31.30 53.40 31.10 28.00
20150905173502 1.622 29.90 51.80 31.30 53.30 31.10 28.10
20150905173601 1.600 29.90 55.50 31.20 53.30 31.10 28.20
20150905173701 4.131 29.90 55.30 31.30 53.30 31.10 28.10
20150905173802 4.128 29.80 55.10 31.30 53.20 31.10 28.10
20150905173902 4.129 29.90 52.10 31.20 53.20 31.10 28.10
20150905174002 1.600 29.90 53.90 31.30 53.10 31.10 28.10
20150905174102 9.192 29.90 51.80 31.30 53.10 31.10 28.00
20150905174202 1.600 29.90 54.70 31.30 53.10 31.10 28.00
20150905174301 1.601 29.90 54.40 31.20 53.00 31.10 28.00
20150905174402 4.151 29.80 54.30 31.30 52.90 31.10 28.10
20150905174501 1.600 29.90 52.50 31.30 52.90 31.20 28.10
20150905174601 1.600 29.90 54.90 31.30 52.90 31.20 27.90
20150905174702 4.129 29.90 53.70 31.30 52.80 31.20 27.90
20150905174801 4.129 29.90 52.80 31.30 52.80 31.20 27.90
20150905174902 1.601 29.80 53.60 31.20 52.70 31.20 28.10
20150905175002 4.132 29.90 55.30 31.30 52.70 31.10 27.80
20150905175102 11.719 29.90 52.20 31.30 52.70 31.20 27.80
20150905175202 1.600 29.80 54.50 31.30 52.70 31.20 27.80
20150905175302 1.601 29.80 52.70 31.30 52.60 31.20 27.80
20150905175401 4.129 29.80 51.60 31.30 52.50 31.10 27.90
20150905175502 4.128 29.80 51.30 31.20 52.50 31.10 27.70
20150905175601 1.601 29.90 52.10 31.30 52.50 31.10 27.80
20150905175701 1.600 29.90 53.40 31.30 52.50 31.10 27.80
20150905175802 1.600 29.90 53.00 31.30 52.30 31.10 27.80
20150905175902 1.601 29.90 51.30 31.30 52.30 31.10 27.70
20150905180002 4.132 29.90 53.50 31.30 52.30 31.10 27.70
20150905180101 4.129 29.80 52.30 31.30 52.30 31.10 27.90
20150905180201 6.660 29.90 58.90 31.30 52.40 31.10 28.00
20150905180301 1.601 29.80 60.80 31.30 55.70 31.00 27.90
20150905180401 6.660 29.80 65.50 31.20 59.20 31.10 28.00
20150905180502 1.604 29.70 67.60 31.20 62.20 31.10 28.00
20150905180602 1.600 29.70 70.10 31.20 63.10 31.10 28.10
20150905180702 1.600 29.70 78.60 31.20 64.60 31.00 28.20
20150905180801 6.658 29.70 79.50 31.20 64.80 31.00 28.30
20150905180902 4.132 29.60 80.40 31.20 66.40 31.00 28.30
20150905181001 1.600 29.60 83.70 31.20 69.70 31.00 28.30
20150905181101 4.132 29.50 86.00 31.20 67.80 31.00 28.30
20150905181202 4.132 29.50 85.20 31.20 68.10 31.00 28.30
20150905181302 1.600 29.50 84.80 31.20 69.90 31.00 28.30
20150905181402 4.129 29.60 89.50 31.20 71.20 31.00 28.40
20150905181501 4.130 29.50 90.80 31.10 70.90 31.00 28.40
20150905181601 1.600 29.50 90.70 31.20 71.90 30.90 27.90
20150905181701 1.600 29.50 92.70 31.10 73.20 31.00 28.50
20150905181801 1.601 29.50 93.60 31.10 73.30 30.90 27.90
20150905181901 4.130 29.40 93.60 31.10 72.50 30.90 27.90
20150905182001 6.663 29.50 63.00 31.10 66.70 31.00 28.30
20150905182101 1.600 29.50 62.40 31.10 66.60 30.90 27.90
20150905182202 1.621 29.60 62.80 31.10 65.40 30.90 27.80
20150905182302 4.131 29.60 61.20 31.10 64.50 30.90 28.00
20150905182401 4.131 29.60 63.50 31.10 64.00 30.90 27.90
20150905182501 1.603 29.70 59.70 31.10 63.50 30.90 27.90
20150905182601 1.602 29.70 60.70 31.10 63.10 30.90 27.80
20150905182701 1.602 29.70 59.20 31.10 62.90 30.90 27.70
20150905182801 1.601 29.70 56.20 31.10 62.50 30.90 27.90
20150905182902 6.658 29.70 57.70 31.10 62.30 30.90 27.90
20150905183001 4.129 29.70 57.30 31.10 61.70 30.90 28.10
20150905183101 1.605 29.70 58.50 31.10 61.70 30.90 28.10
20150905183201 6.660 29.70 58.20 31.10 61.20 30.90 28.00
20150905183301 4.131 29.70 58.30 31.10 61.20 30.90 28.00
20150905183401 1.601 29.70 58.00 31.10 61.00 30.90 28.00
20150905183501 4.132 29.70 55.50 31.10 60.70 30.90 28.00
20150905183602 4.129 29.70 56.40 31.10 60.50 30.90 28.00
20150905183701 4.129 29.70 55.30 31.00 60.00 30.90 28.10
20150905183801 1.600 29.70 57.00 31.10 60.00 30.90 28.00
20150905183902 1.603 29.70 54.30 31.10 59.90 30.90 27.90
20150905184002 1.602 29.70 54.80 31.10 59.70 30.90 28.10
20150905184102 6.660 29.70 56.00 31.10 59.60 30.90 28.00
20150905184202 1.600 29.70 55.80 31.10 59.40 30.90 28.00
20150905184301 6.657 29.70 56.40 31.10 59.20 30.90 28.10
20150905184401 1.600 29.70 54.20 31.00 59.20 30.90 28.10
20150905184501 4.131 29.70 56.80 31.10 59.10 30.90 28.10
20150905184602 6.663 29.70 56.40 31.10 58.80 30.90 28.00
20150905184701 4.132 29.70 55.30 31.10 58.80 30.90 28.10
20150905184802 1.631 29.70 53.90 31.10 58.70 30.90 28.10
20150905184902 4.137 29.70 55.30 31.10 58.60 30.90 28.10
20150905185001 1.600 29.70 55.40 31.10 58.40 30.90 28.20
20150905185101 1.600 29.70 54.80 31.00 58.30 30.90 28.30
20150905185202 4.128 29.70 57.70 31.00 58.10 30.90 28.40
20150905185301 1.602 29.70 54.10 31.00 58.00 30.90 28.40
20150905185402 1.600 29.70 56.10 31.00 57.90 30.90 28.30
20150905185502 9.189 29.70 53.60 31.00 57.70 30.90 29.10
20150905185602 1.600 29.70 54.40 31.00 57.70 30.90 29.10
20150905185701 6.663 29.70 53.90 31.00 57.50 30.90 29.10
20150905185801 4.135 29.60 55.90 31.00 57.50 30.90 29.20
20150905185902 4.128 29.70 56.40 31.00 57.10 30.90 30.10
20150905190002 6.661 29.60 60.80 31.00 54.00 30.90 29.90
20150905190102 6.660 29.60 54.40 31.00 54.00 30.90 30.00
20150905190201 4.131 29.60 53.20 31.00 54.20 30.90 30.10
20150905190302 4.133 29.60 53.00 31.00 54.40 30.90 30.20
20150905190401 4.129 29.60 53.20 31.00 54.50 30.90 30.80
20150905190502 4.129 29.60 54.00 31.00 54.70 30.90 31.00
20150905190602 6.660 29.70 53.40 31.00 54.70 30.90 30.80
20150905190702 11.719 29.60 54.70 31.00 54.90 30.90 30.90
20150905190801 1.600 29.60 53.70 31.00 54.80 30.90 30.70
20150905190901 4.132 29.70 53.10 31.00 55.00 30.90 31.10
20150905191001 1.604 29.70 53.80 31.00 55.00 30.90 31.10
20150905191101 1.600 29.70 54.60 31.00 55.00 30.90 31.00
20150905191201 9.189 29.60 54.00 31.00 55.10 30.90 31.20
20150905191301 1.600 29.60 53.80 31.00 55.10 30.90 31.20
20150905191401 1.600 29.60 55.30 31.00 55.10 30.90 31.30
20150905191501 4.128 29.60 53.30 31.00 55.10 30.90 31.20
20150905191602 4.128 29.60 52.90 31.00 55.10 30.90 31.30
20150905191702 1.600 29.70 57.00 31.00 55.00 30.90 31.30
20150905191802 4.132 29.60 56.10 31.00 54.80 30.90 31.50
20150905191901 4.134 29.60 56.50 31.00 54.80 30.90 31.40
20150905192001 4.129 29.70 56.80 31.00 54.80 30.90 31.30
20150905192102 4.132 29.70 55.40 31.00 54.80 30.90 31.60
20150905192201 1.600 29.70 53.70 31.00 54.80 30.90 31.50
20150905192301 1.600 29.70 54.60 31.00 54.80 30.90 31.40
20150905192402 1.600 29.70 55.00 31.00 54.70 30.90 31.50
20150905192502 9.191 29.70 53.80 31.00 54.60 30.90 31.60
20150905192601 4.130 29.70 54.40 31.00 54.60 30.90 31.60
20150905192701 4.129 29.70 54.30 31.00 54.60 30.90 31.70
20150905192802 1.601 29.70 54.20 31.00 54.50 30.90 31.80
20150905192902 4.134 29.70 54.40 31.00 54.50 30.90 32.10
20150905193001 1.602 29.70 56.10 31.00 54.40 30.90 32.60
20150905193102 1.600 29.70 54.70 31.00 54.40 30.90 32.60
20150905193202 1.600 29.70 55.90 31.00 54.40 30.90 32.50
20150905193302 6.664 29.70 54.00 31.00 54.00 30.90 32.20
20150905193401 1.605 29.70 54.50 31.00 54.00 30.90 32.20
20150905193501 1.599 29.70 54.40 31.00 53.80 30.90 32.20
20150905193601 1.600 29.70 54.10 31.00 53.60 30.90 32.20
20150905193702 1.600 29.70 53.20 31.00 53.30 30.90 32.10
20150905193802 1.600 29.70 55.20 31.00 53.10 30.90 32.10
20150905193901 4.132 29.70 55.10 31.00 52.80 30.80 32.00
20150905194001 1.602 29.70 54.50 31.00 52.70 30.90 32.00
20150905194102 1.620 29.70 54.50 31.00 52.40 30.80 31.90
20150905194202 1.620 29.70 55.20 31.00 52.20 30.80 31.50
20150905194301 1.601 29.70 54.40 31.00 52.10 30.80 31.40
20150905194401 1.600 29.70 52.30 31.00 51.90 30.80 31.20
20150905194501 1.603 29.70 52.90 31.00 51.80 30.80 30.90
20150905194601 1.602 29.70 55.70 31.00 51.70 30.80 31.10
20150905194702 4.129 29.70 53.80 31.00 51.40 30.80 31.00
20150905194801 1.600 29.70 54.70 31.00 51.40 30.80 31.00
20150905194901 1.622 29.60 54.30 31.00 51.20 30.80 30.80
20150905195002 1.619 29.70 52.40 30.90 50.50 30.70 30.70
20150905195102 1.602 29.70 52.30 30.90 50.40 30.80 30.80
20150905195202 1.600 29.70 52.40 30.90 50.40 30.70 30.80
20150905195302 4.130 29.60 53.70 30.90 50.30 30.70 30.40
20150905195402 4.129 29.60 52.50 30.90 50.10 30.70 30.40
20150905195501 1.600 29.60 51.90 30.90 50.10 30.70 30.10
20150905195601 1.602 29.60 52.80 30.90 50.00 30.70 30.20
20150905195701 1.601 29.60 52.10 30.90 50.00 30.80 30.10
20150905195802 1.600 29.60 51.90 30.90 49.80 30.70 29.80
20150905195902 4.129 29.60 52.70 30.90 49.60 30.80 29.80
20150905200001 1.600 29.60 52.20 30.90 49.70 30.70 29.70
20150905200101 1.600 29.60 51.30 30.90 49.60 30.70 29.60
20150905200202 4.129 29.60 51.20 30.90 49.40 30.80 29.60
20150905200301 4.131 29.60 51.40 30.90 49.40 30.70 29.60
20150905200402 4.131 29.60 50.10 30.90 49.30 30.70 29.50
20150905200502 1.600 29.60 50.60 30.90 49.20 30.70 29.40
20150905200602 1.602 29.60 50.40 30.90 49.20 30.70 29.60
20150905200702 4.145 29.60 50.60 30.90 49.10 30.70 29.50
20150905200801 1.600 29.60 51.00 30.90 49.00 30.70 29.50
20150905200902 4.129 29.60 51.30 30.80 48.80 30.70 29.40
20150905201002 4.159 29.60 51.20 30.80 48.80 30.70 29.30
20150905201101 6.658 29.50 51.50 30.80 48.80 30.70 29.30
20150905201202 4.131 29.60 51.30 30.80 48.80 30.60 29.40
20150905201301 1.600 29.60 50.20 30.80 48.70 30.70 29.40
20150905201402 1.604 29.60 50.80 30.80 48.60 30.70 29.50
20150905201502 1.620 29.60 51.00 30.80 48.60 30.70 29.50
20150905201601 6.659 29.60 51.60 30.80 48.70 30.70 29.40
20150905201701 1.621 29.50 51.40 30.80 48.60 30.70 29.60
20150905201802 4.132 29.60 51.70 30.80 48.60 30.70 29.60
20150905201901 1.606 29.50 51.70 30.70 48.70 30.70 29.90
20150905202001 1.600 29.60 50.90 30.70 48.50 30.70 29.70
20150905202101 6.659 29.60 51.00 30.80 48.60 30.60 29.80
20150905202202 1.605 29.50 51.00 30.80 48.50 30.60 29.80
20150905202302 11.719 29.50 51.60 30.70 48.20 30.60 29.80
20150905202402 4.132 29.60 51.50 30.70 48.20 30.60 29.80
20150905202502 6.660 29.60 51.70 30.70 48.20 30.60 29.90
20150905202601 1.614 29.50 51.80 30.70 48.20 30.60 29.90
20150905202702 6.661 29.50 53.00 30.70 48.20 30.60 30.00
20150905202802 1.601 29.50 52.80 30.70 48.20 30.70 30.10
20150905202901 1.630 29.50 52.10 30.70 48.20 30.60 30.30
20150905203001 6.657 29.50 50.70 30.70 48.10 30.60 30.50
20150905203102 1.600 29.50 50.00 30.70 48.10 30.60 30.50
20150905203202 4.131 29.50 52.30 30.70 48.00 30.60 30.60
20150905203301 4.131 29.50 50.90 30.60 47.90 30.60 30.60
20150905203401 4.133 29.50 50.90 30.70 47.90 30.60 30.70
20150905203502 4.129 29.50 50.90 30.60 47.90 30.70 30.90
20150905203601 1.600 29.50 51.30 30.70 47.90 30.70 30.90
20150905203701 1.600 29.50 51.80 30.70 47.70 30.70 30.90
20150905203801 1.601 29.50 52.00 30.70 47.80 30.70 31.00
20150905203902 1.604 29.50 51.50 30.70 47.60 30.70 31.00
20150905204001 1.603 29.50 51.70 30.60 47.60 30.70 31.20
20150905204101 1.600 29.50 51.10 30.60 47.60 30.70 31.20
20150905204201 1.600 29.50 52.90 30.60 47.70 30.70 31.40
20150905204301 1.600 29.50 52.20 30.60 47.70 30.70 31.40
20150905204402 1.600 29.50 52.40 30.60 47.60 30.70 31.50
20150905204502 9.186 29.50 52.00 30.60 47.30 30.70 31.60
20150905204601 1.599 29.50 52.20 30.60 47.30 30.70 31.80
20150905204701 4.129 29.50 51.80 30.60 47.40 30.70 31.80
20150905204801 6.665 29.50 52.30 30.60 47.10 30.70 31.90
20150905204901 1.601 29.50 52.40 30.60 47.10 30.70 31.90
20150905205001 1.601 29.50 54.00 30.60 47.20 30.70 32.10
20150905205102 1.600 29.50 52.40 30.50 47.10 30.70 32.10
20150905205202 4.132 29.50 53.30 30.50 47.10 30.70 32.30
20150905205301 1.599 29.50 53.60 30.50 47.10 30.70 32.30
20150905205402 4.129 29.50 52.40 30.50 47.00 30.70 32.40
20150905205501 1.601 29.50 52.20 30.50 47.00 30.70 32.50
20150905205601 1.600 29.50 52.40 30.50 47.10 30.70 32.40
20150905205702 1.600 29.50 51.70 30.50 47.10 30.70 32.50
20150905205802 1.601 29.50 52.80 30.60 46.90 30.70 32.60
20150905205902 4.132 29.50 51.70 30.50 46.70 30.70 32.60
20150905210002 1.603 29.50 54.40 30.50 46.80 30.70 32.60
20150905210102 4.128 29.50 52.30 30.50 47.00 30.60 32.70
20150905210201 1.600 29.50 52.30 30.50 47.10 30.70 32.60
20150905210302 1.600 29.50 61.00 30.50 54.00 30.60 32.50
20150905210402 1.600 29.20 72.40 30.50 60.60 30.60 32.40
20150905210502 1.600 29.10 76.00 30.40 62.10 30.60 32.40
20150905210602 1.600 29.10 80.10 30.40 66.60 30.60 32.40
20150905210701 1.600 29.00 83.30 30.40 68.90 30.60 32.70
20150905210801 1.605 29.00 86.00 30.40 71.60 30.60 32.70
20150905210902 1.625 29.00 86.30 30.40 72.20 30.60 32.70
20150905211001 1.633 28.90 87.30 30.30 72.70 30.60 32.70
20150905211101 1.601 28.90 88.80 30.30 76.10 30.60 32.60
20150905211201 1.600 28.90 90.20 30.30 77.10 30.50 33.10
20150905211302 1.603 28.90 90.70 30.20 77.60 30.60 33.00
20150905211402 1.600 28.90 91.40 30.20 79.10 30.60 33.20
20150905211501 1.603 28.90 91.80 30.20 80.00 30.60 33.20
20150905211601 4.129 28.90 93.30 30.10 81.40 30.60 33.30
20150905211702 1.601 28.90 94.00 30.10 81.40 30.60 33.60
20150905211801 1.600 28.90 94.10 30.10 83.80 30.60 33.60
20150905211901 9.188 28.80 93.90 30.00 79.30 30.60 33.70
20150905212002 1.600 28.90 70.40 30.00 72.50 30.60 33.70
20150905212101 1.600 29.10 64.00 30.10 70.00 30.60 33.70
20150905212201 1.600 29.10 68.30 30.20 69.20 30.60 33.60
20150905212301 4.131 29.10 62.00 30.10 68.30 30.60 33.60
20150905212402 6.662 29.20 63.00 30.10 66.60 30.60 33.60
20150905212501 4.132 29.20 60.40 30.10 66.60 30.60 33.80
20150905212602 1.600 29.20 61.20 30.20 65.90 30.60 33.80
20150905212702 6.664 29.20 59.90 30.20 64.80 30.60 34.10
20150905212801 6.660 29.30 59.00 30.20 64.80 30.60 34.10
20150905212901 4.127 29.30 59.80 30.20 64.10 30.60 34.20
20150905213002 6.658 29.30 59.80 30.20 63.00 30.60 34.20
20150905213101 1.600 29.20 54.00 30.10 63.00 30.60 34.20
20150905213201 1.599 29.30 53.60 30.20 62.90 30.60 34.20
20150905213301 1.600 29.30 53.00 30.20 62.50 30.60 34.20
20150905213401 1.601 29.30 55.30 30.20 62.40 30.60 34.20
20150905213502 9.187 29.30 55.00 30.20 62.00 30.60 34.30
20150905213601 4.131 29.30 55.10 30.20 62.00 30.60 34.20
20150905213702 1.601 29.30 53.20 30.10 61.60 30.60 34.20
20150905213801 1.601 29.30 54.00 30.20 61.50 30.60 34.20
20150905213902 4.134 29.30 55.40 30.10 61.30 30.60 34.20
20150905214002 9.213 29.30 55.60 30.20 60.90 30.60 34.20
20150905214101 4.130 29.30 54.90 30.10 60.60 30.60 34.20
20150905214201 4.132 29.30 55.20 30.10 60.60 30.60 34.30
20150905214302 4.129 29.30 55.00 30.10 60.30 30.60 34.40
20150905214401 1.601 29.30 55.00 30.10 60.00 30.60 34.40
20150905214501 1.600 29.30 52.70 30.20 59.70 30.60 34.30
20150905214602 4.128 29.30 52.30 30.20 59.40 30.60 34.40
20150905214701 6.663 29.30 52.40 30.20 59.20 30.60 34.40
20150905214801 6.661 29.30 51.00 30.10 58.80 30.60 34.40
20150905214902 1.600 29.30 50.90 30.10 58.70 30.60 34.20
20150905215002 1.600 29.30 53.80 30.10 58.60 30.60 34.20
20150905215102 1.600 29.30 53.90 30.10 58.30 30.60 33.90
20150905215202 1.600 29.30 51.70 30.10 58.10 30.60 33.80
20150905215301 4.128 29.30 51.40 30.10 57.90 30.50 33.80
20150905215402 1.600 29.30 53.20 30.10 57.70 30.50 33.80
20150905215502 1.601 29.30 52.00 30.10 57.50 30.50 33.70
20150905215601 1.600 29.30 53.50 30.10 57.40 30.50 33.90
20150905215701 1.601 29.30 51.00 30.10 57.30 30.50 33.70
20150905215801 1.600 29.30 53.30 30.10 57.10 30.50 33.60
20150905215901 4.129 29.30 54.70 30.10 56.90 30.50 33.70
20150905220001 4.131 29.30 55.30 30.10 56.90 30.50 33.60
20150905220102 1.600 29.30 53.90 30.10 56.60 30.50 33.60
20150905220202 1.601 29.30 53.10 30.10 56.50 30.50 33.60
20150905220302 4.129 29.30 55.10 30.10 56.40 30.50 33.60
20150905220402 6.662 29.30 55.20 30.00 56.30 30.50 33.60
20150905220502 1.600 29.30 53.00 30.10 56.30 30.50 33.70
20150905220602 11.717 29.30 55.10 30.10 56.10 30.50 33.60
20150905220701 1.600 29.30 53.80 30.10 56.10 30.50 33.70
20150905220801 1.601 29.30 56.80 30.00 56.00 30.50 33.70
20150905220902 1.600 29.30 53.40 30.10 56.00 30.50 33.60
20150905221002 9.188 29.30 56.00 30.00 55.90 30.50 33.30
20150905221102 6.657 29.30 55.10 30.00 55.90 30.50 33.20
20150905221202 1.600 29.30 54.70 30.10 55.70 30.40 33.10
20150905221302 4.129 29.30 53.30 30.10 55.50 30.50 32.90
20150905221401 1.601 29.30 53.10 30.00 55.50 30.40 32.80
20150905221502 1.600 29.30 53.40 30.00 55.40 30.40 32.70
20150905221602 1.600 29.30 53.40 30.00 55.30 30.40 32.60
20150905221702 1.600 29.20 55.90 30.00 55.20 30.40 33.10
20150905221801 1.600 29.30 55.60 30.00 55.00 30.40 33.00
20150905221901 1.600 29.30 55.70 30.00 55.10 30.40 32.90
20150905222001 1.600 29.20 53.20 30.00 55.10 30.40 32.90
20150905222102 4.134 29.20 52.40 30.00 54.90 30.40 32.80
20150905222202 1.601 29.30 52.60 30.00 54.70 30.30 32.90
20150905222302 1.600 29.20 54.20 30.00 54.60 30.30 32.80
20150905222402 1.600 29.20 55.30 30.00 54.60 30.30 32.70
20150905222502 1.620 29.30 55.20 30.00 52.00 30.30 33.00
20150905222601 4.133 29.20 54.90 30.00 52.20 30.30 32.90
20150905222702 1.603 29.20 54.50 29.90 52.10 30.40 32.90
20150905222802 4.137 29.20 54.70 29.90 51.90 30.30 33.00
20150905222901 4.138 29.20 55.20 29.90 52.20 30.30 33.10
20150905223001 1.601 29.20 55.50 29.90 52.10 30.30 32.80
20150905223101 1.600 29.20 56.20 29.90 52.10 30.30 33.10
20150905223201 1.600 29.20 56.00 29.90 52.50 30.30 33.00
20150905223302 1.601 29.20 57.00 29.90 52.70 30.30 33.20
20150905223402 1.600 29.20 56.80 29.90 52.80 30.30 33.10
20150905223502 4.136 29.20 55.40 29.90 53.10 30.30 33.00
20150905223601 1.601 29.20 56.60 29.90 53.00 30.30 33.00
20150905223702 1.600 29.20 56.90 29.90 53.10 30.30 32.80
20150905223802 4.136 29.20 54.00 29.90 53.10 30.40 32.60
20150905223902 4.129 29.20 56.20 29.90 53.10 30.40 32.50
20150905224001 1.600 29.20 56.40 29.90 53.00 30.30 32.70
20150905224101 1.600 29.20 57.60 29.90 53.00 30.30 32.90
20150905224202 6.659 29.20 56.10 29.90 53.00 30.40 32.80
20150905224302 1.599 29.20 56.20 29.90 53.10 30.40 32.80
20150905224402 4.133 29.20 57.30 29.90 53.10 30.40 32.50
20150905224502 1.600 29.20 57.10 29.90 53.20 30.30 32.40
20150905224602 4.129 29.20 55.50 29.90 53.20 30.30 32.30
20150905224701 6.657 29.20 55.50 29.90 53.20 30.30 32.30
20150905224801 4.129 29.20 56.70 29.90 53.20 30.30 32.50
20150905224901 1.603 29.20 56.60 29.90 53.20 30.30 32.60
20150905225001 1.600 29.20 56.70 29.90 53.20 30.30 32.50
20150905225101 1.602 29.20 55.80 29.90 53.10 30.30 32.50
20150905225201 4.128 29.20 56.50 29.90 53.10 30.30 32.70
20150905225301 4.132 29.20 57.10 29.90 53.10 30.30 32.90
20150905225402 1.600 29.20 57.20 29.90 53.00 30.30 33.00
20150905225502 6.662 29.20 58.10 29.90 53.00 30.40 33.20
20150905225601 1.601 29.20 58.00 29.90 53.00 30.40 33.30
20150905225701 4.129 29.20 57.90 29.90 53.00 30.40 33.30
20150905225802 4.129 29.20 56.10 29.90 52.90 30.40 33.40
20150905225902 1.622 29.20 55.80 29.90 53.00 30.40 33.40
20150905230002 1.603 29.20 57.30 29.90 53.00 30.40 33.50
20150905230102 4.133 29.20 57.20 29.90 53.00 30.40 33.70
20150905230201 1.602 29.20 56.70 29.90 53.00 30.40 33.70
20150905230302 1.602 29.20 58.40 29.90 52.90 30.40 33.70
20150905230402 4.131 29.20 58.10 29.90 52.90 30.40 33.90
20150905230501 4.132 29.20 57.70 29.90 52.90 30.40 33.90
20150905230601 1.603 29.20 57.90 29.90 52.90 30.40 34.00
20150905230701 4.133 29.20 58.30 29.90 52.90 30.40 33.90
20150905230802 1.599 29.20 57.70 29.90 52.80 30.50 34.00
20150905230903 1.602 29.20 58.50 29.90 52.80 30.40 34.20
20150905231002 1.600 29.20 58.00 29.90 52.80 30.50 34.20
20150905231101 4.132 29.20 57.10 29.90 52.80 30.40 34.60
20150905231202 1.601 29.20 57.00 29.90 52.80 30.40 34.50
20150905231302 1.600 29.20 57.60 29.80 52.80 30.40 34.50
20150905231401 1.600 29.20 57.70 29.90 52.80 30.40 34.30
20150905231501 1.600 29.20 57.70 29.80 52.80 30.40 34.80
20150905231601 1.600 29.20 58.90 29.80 52.80 30.40 34.40
20150905231701 6.658 29.20 57.70 29.90 52.60 30.40 34.90
20150905231802 1.600 29.20 57.70 29.90 52.60 30.40 34.60
20150905231902 1.603 29.30 58.30 29.90 52.50 30.40 34.80
20150905232001 4.129 29.20 58.90 29.90 52.60 30.40 34.20
20150905232102 1.600 29.20 58.90 29.80 52.60 30.50 34.70
20150905232202 1.620 29.20 58.20 29.90 52.60 30.40 34.40
20150905232302 4.128 29.20 58.30 29.80 52.60 30.40 34.60
20150905232402 1.600 29.20 58.50 29.90 52.50 30.50 34.60
20150905232502 1.600 29.20 58.00 29.90 52.60 30.40 34.80
20150905232602 4.134 29.20 58.20 29.80 52.50 30.40 34.80
20150905232702 1.618 29.20 58.10 29.90 52.50 30.40 34.70
20150905232802 1.602 29.20 57.80 29.80 52.50 30.50 34.70
20150905232902 1.601 29.20 59.00 29.90 52.40 30.40 34.90
20150905233001 1.606 29.20 58.40 29.90 52.40 30.50 34.60
20150905233101 4.129 29.20 58.80 29.90 52.30 30.40 35.10
20150905233201 1.600 29.20 58.10 29.80 52.30 30.50 35.00
20150905233301 4.131 29.20 59.20 29.90 52.50 30.40 35.00
20150905233402 1.601 29.20 58.30 29.90 52.50 30.40 35.00
20150905233502 6.657 29.20 57.30 29.80 52.40 30.40 34.90
20150905233601 1.605 29.20 57.90 29.90 52.50 30.30 34.80
20150905233701 1.600 29.20 57.90 29.90 52.40 30.30 34.60
20150905233801 6.657 29.20 56.70 29.80 52.50 30.20 35.40
20150905233902 1.601 29.20 57.00 29.80 52.50 30.30 35.50
20150905234001 1.600 29.20 56.30 29.80 51.70 30.30 35.10
20150905234101 4.130 29.20 56.90 29.80 51.60 30.20 35.20
20150905234202 1.600 29.20 56.90 29.80 51.80 30.20 36.10
20150905234302 1.602 29.10 56.40 29.80 51.90 30.20 35.80
20150905234401 1.599 29.10 57.00 29.80 51.90 30.20 35.50
20150905234501 6.660 29.10 56.10 29.80 52.00 30.10 35.10
20150905234601 6.658 29.10 56.70 29.80 52.00 30.10 35.20
20150905234702 1.606 29.10 56.60 29.70 52.00 30.10 35.20
20150905234802 1.604 29.10 56.70 29.70 52.10 30.10 35.40
20150905234901 9.188 29.10 55.50 29.70 52.20 30.20 35.20
20150905235002 1.600 29.10 56.80 29.70 52.20 30.10 35.30
20150905235102 4.133 29.10 55.70 29.70 52.20 30.10 34.90
20150905235202 1.600 29.10 55.80 29.70 52.20 30.10 35.10
20150905235302 4.129 29.10 55.30 29.70 52.30 30.10 34.80
20150905235401 1.601 29.10 56.00 29.70 52.20 30.10 34.90
20150905235501 1.600 29.10 55.80 29.70 52.30 30.10 34.80
20150905235602 4.153 29.10 55.50 29.70 52.30 30.10 35.10
20150905235701 4.131 29.00 55.20 29.70 52.30 30.00 35.20
20150905235802 4.129 29.10 55.60 29.70 52.30 30.00 35.60
20150905235902 1.600 29.10 56.20 29.70 52.30 30.00 35.50
