20150903000002 6.656 27.70 55.30 28.80 56.40 28.60 33.60
20150903000101 1.588 27.70 55.30 28.80 56.40 28.60 33.70
20150903000201 4.120 27.70 55.20 28.80 56.20 28.60 33.80
20150903000301 1.608 27.70 59.40 28.80 56.70 28.60 33.70
20150903000401 1.599 27.60 69.40 28.80 60.70 28.60 33.60
20150903000502 4.128 27.40 78.50 28.70 63.20 28.60 33.60
20150903000601 1.590 27.40 77.70 28.70 65.90 28.60 34.30
20150903000701 4.141 27.30 80.60 28.80 66.80 28.50 34.20
20150903000801 4.118 27.30 80.90 28.70 67.80 28.50 34.00
20150903000902 4.134 27.30 86.00 28.70 69.00 28.40 33.90
20150903001002 1.593 27.30 86.70 28.70 69.90 28.50 34.20
20150903001102 1.589 27.20 87.10 28.70 71.00 28.50 34.10
20150903001201 1.589 27.30 87.90 28.70 71.70 28.50 34.10
20150903001301 4.117 27.30 89.80 28.70 71.30 28.50 34.00
20150903001402 11.706 27.30 85.60 28.70 71.20 28.50 34.20
20150903001501 1.589 27.30 68.10 28.70 68.00 28.50 34.20
20150903001601 4.117 27.40 67.00 28.70 65.80 28.50 35.80
20150903001702 1.601 27.40 64.20 28.70 65.80 28.50 34.50
20150903001801 4.120 27.40 63.50 28.70 64.80 28.50 34.60
20150903001902 1.591 27.40 63.50 28.70 64.20 28.50 34.70
20150903002002 1.593 27.40 62.60 28.70 63.60 28.50 34.70
20150903002101 6.656 27.40 62.40 28.70 62.80 28.50 34.30
20150903002201 1.593 27.40 62.10 28.70 62.80 28.50 34.30
20150903002301 4.128 27.40 61.20 28.70 62.40 28.50 34.30
20150903002401 1.591 27.40 61.30 28.80 62.10 28.50 34.30
20150903002501 1.593 27.40 61.00 28.70 61.90 28.50 34.20
20150903002601 1.595 27.40 60.50 28.70 61.50 28.50 34.20
20150903002701 4.127 27.40 60.40 28.70 61.20 28.50 34.40
20150903002801 1.599 27.40 60.30 28.70 61.00 28.50 34.50
20150903002902 1.588 27.40 59.90 28.70 60.80 28.50 34.50
20150903003002 6.657 27.40 59.30 28.70 60.40 28.50 34.50
20150903003101 4.122 27.40 59.20 28.70 60.30 28.50 34.70
20150903003201 6.650 27.40 59.30 28.70 59.90 28.50 34.80
20150903003302 1.589 27.40 59.30 28.70 59.80 28.50 34.80
20150903003402 4.117 27.40 58.90 28.70 59.70 28.50 35.00
20150903003501 1.588 27.40 59.00 28.70 59.10 28.50 35.00
20150903003601 4.117 27.40 59.10 28.60 58.90 28.50 35.00
20150903003701 4.121 27.40 59.30 28.60 58.80 28.50 35.00
20150903003801 4.120 27.40 59.20 28.60 58.80 28.50 34.80
20150903003902 1.589 27.40 59.20 28.60 58.70 28.50 34.80
20150903004001 1.588 27.40 59.20 28.60 58.60 28.50 34.70
20150903004101 1.589 27.40 59.00 28.60 58.50 28.50 34.90
20150903004201 4.117 27.40 58.50 28.60 58.40 28.50 34.90
20150903004302 4.122 27.40 58.80 28.60 58.20 28.50 35.20
20150903004401 1.588 27.40 58.90 28.60 58.20 28.50 35.00
20150903004501 9.178 27.40 58.50 28.60 58.20 28.50 34.90
20150903004601 4.120 27.30 58.50 28.60 57.90 28.50 35.00
20150903004702 1.589 27.30 58.70 28.60 58.00 28.40 35.00
20150903004802 4.117 27.40 58.40 28.60 58.30 28.50 35.00
20150903004901 4.120 27.40 58.00 28.60 58.30 28.40 35.00
20150903005002 4.119 27.30 58.30 28.60 58.20 28.40 35.00
20150903005102 1.591 27.30 58.20 28.60 58.20 28.50 35.00
20150903005202 1.588 27.30 58.30 28.60 58.00 28.40 35.00
20150903005301 9.183 27.30 58.50 28.60 57.90 28.40 35.00
20150903005402 1.592 27.30 58.50 28.60 57.90 28.40 35.00
20150903005502 1.609 27.30 58.40 28.60 57.90 28.40 35.30
20150903005601 6.647 27.30 58.20 28.60 58.00 28.40 35.20
20150903005701 1.589 27.30 58.30 28.60 58.00 28.40 35.40
20150903005801 6.645 27.30 58.10 28.50 57.90 28.40 35.70
20150903005901 1.598 27.30 57.60 28.60 57.70 28.40 35.60
20150903010002 4.117 27.30 58.00 28.50 57.50 28.30 35.30
20150903010101 1.590 27.30 58.00 28.50 57.60 28.30 35.30
20150903010201 4.118 27.30 58.20 28.50 57.40 28.40 35.40
20150903010302 4.117 27.30 57.30 28.50 57.40 28.30 35.60
20150903010401 6.657 27.20 57.80 28.50 57.20 28.30 35.30
20150903010501 1.589 27.30 57.80 28.60 57.30 28.30 35.90
20150903010601 1.594 27.30 57.80 28.50 57.20 28.30 35.20
20150903010702 1.588 27.20 57.80 28.50 57.20 28.30 35.30
20150903010802 1.591 27.20 57.70 28.50 57.20 28.30 35.40
20150903010902 4.120 27.20 57.50 28.50 56.90 28.30 35.30
20150903011002 1.598 27.20 57.40 28.50 56.90 28.30 35.40
20150903011102 1.589 27.20 57.40 28.50 57.00 28.20 35.70
20150903011202 1.588 27.20 57.50 28.50 56.90 28.20 35.40
20150903011301 4.132 27.20 57.00 28.50 56.80 28.20 35.60
20150903011402 1.591 27.20 56.90 28.50 56.80 28.20 35.60
20150903011502 1.591 27.20 57.50 28.50 56.60 28.20 35.50
20150903011602 1.589 27.20 57.00 28.50 56.50 28.20 35.90
20150903011702 4.117 27.20 57.60 28.50 56.50 28.10 36.10
20150903011802 1.588 27.20 57.20 28.50 56.40 28.20 36.10
20150903011902 1.593 27.20 57.00 28.50 56.40 28.20 35.90
20150903012002 1.588 27.20 56.70 28.50 56.40 28.20 35.70
20150903012102 1.597 27.20 57.10 28.50 56.30 28.20 35.60
20150903012202 4.128 27.20 57.40 28.40 56.20 28.20 35.50
20150903012301 4.121 27.20 57.50 28.40 56.20 28.20 35.60
20150903012402 1.609 27.10 57.30 28.40 56.30 28.20 35.60
20150903012502 1.629 27.20 57.40 28.40 56.20 28.20 35.40
20150903012602 6.651 27.10 57.40 28.40 56.20 28.20 35.50
20150903012702 1.605 27.10 57.40 28.40 56.20 28.20 35.60
20150903012802 4.135 27.10 57.30 28.40 56.00 28.20 35.60
20150903012902 1.588 27.20 57.30 28.40 56.10 28.20 35.60
20150903013001 4.120 27.10 57.00 28.40 55.90 28.20 35.60
20150903013102 4.117 27.10 57.30 28.40 56.00 28.20 35.70
20150903013201 1.598 27.10 57.30 28.40 56.00 28.20 35.70
20150903013302 4.120 27.10 57.40 28.40 55.90 28.20 35.70
20150903013401 1.609 27.10 57.60 28.40 55.90 28.20 35.70
20150903013501 4.118 27.10 57.40 28.40 55.80 28.10 35.90
20150903013602 1.590 27.10 58.10 28.40 55.80 28.10 35.90
20150903013702 4.118 27.10 57.40 28.40 55.70 28.20 35.80
20150903013802 4.117 27.10 57.40 28.40 55.70 28.10 36.30
20150903013902 4.120 27.10 57.00 28.40 55.70 28.00 36.30
20150903014001 6.649 27.10 56.70 28.40 55.70 28.00 36.50
20150903014101 1.588 27.10 56.80 28.40 55.70 28.00 36.50
20150903014202 1.592 27.10 56.20 28.30 55.60 28.00 36.50
20150903014302 1.588 27.00 56.70 28.40 55.60 28.00 36.50
20150903014402 1.591 27.00 56.40 28.30 55.50 28.00 36.50
20150903014502 1.594 27.00 56.50 28.30 55.40 27.90 35.80
20150903014602 1.588 27.00 56.90 28.30 55.40 28.00 36.60
20150903014702 1.610 27.00 56.70 28.30 55.40 28.00 36.20
20150903014802 1.618 27.00 57.00 28.30 55.40 28.00 36.30
20150903014901 1.591 27.00 57.20 28.30 55.30 28.00 36.20
20150903015002 1.599 27.00 57.20 28.30 55.30 28.00 36.10
20150903015102 11.727 27.00 57.30 28.30 55.30 28.00 36.20
20150903015202 6.648 27.00 57.30 28.30 55.30 28.00 36.30
20150903015302 1.588 27.00 57.40 28.30 55.20 28.00 36.30
20150903015402 6.656 27.00 57.30 28.30 55.20 28.00 36.40
20150903015501 6.648 27.00 57.20 28.30 55.20 28.00 36.50
20150903015601 1.598 27.00 57.50 28.20 55.10 28.00 36.50
20150903015702 1.594 27.00 57.60 28.30 55.00 28.00 36.50
20150903015802 1.589 27.00 57.70 28.20 55.00 28.10 36.60
20150903015902 11.715 27.00 57.50 28.20 55.00 28.00 36.50
20150903020002 1.588 27.00 57.50 28.30 55.00 28.00 36.60
20150903020102 1.589 27.00 57.60 28.20 55.00 28.00 36.60
20150903020202 4.117 26.90 56.80 28.20 54.90 28.00 36.50
20150903020301 4.117 27.00 57.60 28.20 54.90 28.00 36.50
20150903020401 4.119 26.90 56.90 28.30 54.80 28.00 36.50
20150903020502 6.651 26.90 56.80 28.30 54.80 28.00 36.50
20150903020602 4.127 26.90 57.20 28.20 54.80 28.00 36.50
20150903020701 1.588 26.90 57.20 28.20 54.70 28.00 36.60
20150903020801 1.588 26.90 57.00 28.20 54.80 28.00 36.60
20150903020902 1.588 26.90 56.40 28.20 54.70 28.00 36.60
20150903021002 1.588 26.90 57.00 28.20 54.70 28.00 36.60
20150903021102 1.593 26.90 56.90 28.20 54.60 28.00 36.60
20150903021202 1.588 26.90 56.80 28.20 54.70 28.00 36.60
20150903021301 1.590 26.90 56.40 28.20 54.50 28.00 36.60
20150903021401 1.588 26.90 56.80 28.20 54.60 28.00 36.70
20150903021501 1.588 26.90 56.80 28.20 54.60 28.00 36.60
20150903021601 1.588 26.90 56.50 28.20 54.50 28.00 36.80
20150903021701 1.588 26.90 57.00 28.20 54.40 28.00 36.90
20150903021801 1.588 26.90 57.00 28.20 54.40 27.90 36.50
20150903021901 1.591 26.90 56.80 28.20 54.40 27.90 36.60
20150903022001 4.117 26.90 57.10 28.20 54.40 28.00 37.10
20150903022102 6.646 26.90 57.00 28.20 54.40 27.90 36.80
20150903022201 1.592 26.90 57.10 28.20 54.30 28.00 37.10
20150903022301 1.598 26.90 57.20 28.20 54.30 27.90 36.70
20150903022402 1.588 26.90 57.20 28.20 54.20 27.90 36.90
20150903022502 1.590 26.90 56.90 28.20 54.10 27.90 36.80
20150903022602 1.589 26.90 57.00 28.20 54.10 27.90 36.90
20150903022702 4.127 26.80 56.90 28.20 54.20 27.90 36.90
20150903022801 1.588 26.90 57.00 28.10 54.00 27.90 36.90
20150903022901 1.589 26.80 57.00 28.20 54.00 27.90 37.00
20150903023001 1.588 26.80 56.90 28.10 54.00 27.90 36.90
20150903023102 6.649 26.80 56.80 28.10 53.90 27.90 36.90
20150903023202 1.589 26.90 56.70 28.10 53.90 27.90 37.10
20150903023301 6.654 26.80 56.90 28.10 53.90 27.90 37.00
20150903023401 1.589 26.80 56.80 28.10 53.90 27.90 36.90
20150903023501 1.588 26.80 56.50 28.10 53.80 27.90 37.00
20150903023601 4.117 26.80 56.60 28.10 53.90 27.80 37.00
20150903023702 1.588 26.80 56.90 28.10 53.90 27.90 37.00
20150903023802 4.125 26.80 56.70 28.10 53.90 27.80 37.00
20150903023902 1.589 26.80 56.40 28.10 53.90 27.90 37.00
20150903024002 4.120 26.80 56.70 28.20 53.90 27.80 37.20
20150903024101 4.131 26.80 56.30 28.10 53.90 27.80 37.50
20150903024201 1.588 26.80 56.10 28.10 53.80 27.80 37.50
20150903024301 4.124 26.70 56.10 28.10 53.80 27.80 37.00
20150903024402 1.589 26.80 56.50 28.10 53.80 27.80 37.00
20150903024502 1.588 26.80 56.50 28.10 53.80 27.80 37.10
20150903024601 6.656 26.70 56.80 28.10 53.80 27.80 37.00
20150903024702 1.588 26.70 56.80 28.10 53.70 27.80 37.00
20150903024802 4.120 26.80 57.10 28.10 53.60 27.80 37.10
20150903024901 9.187 26.70 56.80 28.10 53.60 27.80 37.10
20150903025002 1.589 26.80 56.80 28.10 53.60 27.80 37.10
20150903025101 1.590 26.70 56.90 28.10 53.60 27.80 37.10
20150903025201 1.588 26.70 57.10 28.00 53.60 27.80 37.20
20150903025301 1.598 26.70 56.90 28.10 53.50 27.80 37.20
20150903025401 4.119 26.70 57.10 28.10 53.50 27.80 37.20
20150903025501 4.120 26.70 57.10 28.10 53.40 27.80 37.40
20150903025602 4.126 26.70 57.00 28.00 53.40 27.70 37.50
20150903025701 1.588 26.70 57.00 28.10 53.40 27.80 37.40
20150903025801 1.588 26.70 57.10 28.00 53.50 27.80 37.40
20150903025902 1.589 26.70 57.00 28.00 53.40 27.80 37.50
20150903030002 1.598 26.70 56.90 28.00 53.30 27.80 37.40
20150903030102 6.647 26.70 57.00 28.00 53.30 27.70 37.40
20150903030202 1.589 26.60 57.10 28.00 53.30 27.70 37.40
20150903030302 4.120 26.60 70.80 28.00 55.50 27.70 37.40
20150903030401 4.127 26.50 71.40 28.00 62.20 27.70 37.50
20150903030501 4.117 26.40 76.40 28.00 62.40 27.70 37.60
20150903030602 1.588 26.40 79.40 28.00 65.20 27.70 37.50
20150903030702 4.117 26.40 83.00 28.00 68.90 27.70 37.70
20150903030801 1.609 26.30 86.10 27.90 68.70 27.70 37.60
20150903030902 1.588 26.30 87.70 27.90 69.70 27.70 37.60
20150903031002 4.117 26.30 88.80 27.90 70.70 27.70 37.60
20150903031101 4.117 26.30 88.70 28.00 71.60 27.70 37.70
20150903031202 4.121 26.30 91.60 28.00 72.50 27.70 37.70
20150903031301 1.599 26.30 91.90 28.00 72.80 27.70 37.80
20150903031401 1.589 26.30 90.90 28.00 71.50 27.70 37.80
20150903031502 4.119 26.30 75.90 27.90 66.10 27.70 37.80
20150903031601 4.117 26.40 70.50 28.00 64.60 27.70 37.80
20150903031702 6.645 26.40 70.40 28.00 61.80 27.70 38.00
20150903031801 1.590 26.40 68.00 28.00 61.80 27.60 38.00
20150903031901 4.119 26.40 66.20 28.00 60.80 27.70 38.00
20150903032002 1.588 26.40 66.60 28.00 60.00 27.70 38.00
20150903032102 1.588 26.50 65.10 28.00 59.70 27.60 38.00
20150903032202 1.588 26.40 64.50 27.90 59.00 27.60 38.10
20150903032302 6.652 26.50 63.50 27.90 58.60 27.60 38.10
20150903032402 1.588 26.50 63.50 27.90 58.20 27.60 38.00
20150903032502 4.120 26.50 62.60 27.90 57.70 27.60 38.10
20150903032601 1.588 26.40 62.90 27.90 57.60 27.60 38.10
20150903032702 1.590 26.50 62.50 27.90 57.50 27.70 38.10
20150903032802 1.598 26.40 62.20 27.90 57.30 27.60 38.00
20150903032902 1.598 26.40 62.00 27.90 57.20 27.60 38.10
20150903033002 4.119 26.40 61.40 27.90 57.30 27.60 37.90
20150903033102 1.598 26.40 61.60 27.90 57.30 27.60 38.00
20150903033202 1.588 26.40 61.50 27.90 57.20 27.60 38.00
20150903033301 4.122 26.40 61.00 27.90 56.70 27.60 38.00
20150903033402 1.590 26.40 61.10 27.80 56.60 27.60 38.00
20150903033502 6.651 26.40 60.70 27.80 56.40 27.60 38.10
20150903033601 1.588 26.40 60.80 27.90 56.50 27.60 38.10
20150903033702 1.589 26.40 60.80 27.80 56.40 27.50 38.20
20150903033802 4.118 26.40 60.80 27.80 56.30 27.50 38.10
20150903033902 1.595 26.40 60.90 27.80 56.20 27.60 38.20
20150903034002 1.588 26.40 60.70 27.80 56.10 27.60 38.30
20150903034102 1.599 26.40 60.40 27.80 56.00 27.50 38.30
20150903034201 1.589 26.40 60.10 27.80 55.90 27.50 38.40
20150903034301 1.588 26.40 59.90 27.80 55.90 27.50 38.40
20150903034401 1.599 26.40 59.30 27.80 55.80 27.50 38.40
20150903034501 1.588 26.40 59.80 27.80 55.70 27.50 38.30
20150903034601 1.588 26.40 59.80 27.80 55.60 27.50 38.30
20150903034701 1.590 26.40 59.90 27.80 55.50 27.50 38.30
20150903034801 1.588 26.40 60.00 27.80 55.40 27.50 38.40
20150903034902 4.116 26.30 59.80 27.80 55.40 27.40 38.40
20150903035001 1.602 26.30 59.70 27.80 55.30 27.40 38.70
20150903035101 4.120 26.40 59.80 27.80 55.20 27.40 38.70
20150903035202 1.588 26.40 59.40 27.70 55.10 27.40 38.70
20150903035301 1.599 26.40 59.40 27.70 55.00 27.40 38.50
20150903035401 1.591 26.30 58.60 27.70 55.00 27.40 38.50
20150903035501 1.588 26.30 59.20 27.70 54.90 27.40 38.40
20150903035601 6.646 26.30 59.40 27.70 55.00 27.40 38.40
20150903035701 1.588 26.30 59.40 27.70 55.00 27.50 38.50
20150903035802 1.598 26.30 59.70 27.70 54.90 27.40 38.50
20150903035901 1.588 26.30 59.10 27.70 54.80 27.40 38.60
20150903040002 4.129 26.30 59.50 27.70 54.80 27.40 38.80
20150903040102 4.128 26.30 59.50 27.70 54.60 27.40 38.80
20150903040202 1.609 26.30 59.40 27.70 54.60 27.40 38.80
20150903040302 1.599 26.30 59.30 27.70 54.60 27.40 38.70
20150903040402 1.598 26.30 59.10 27.70 54.50 27.40 38.70
20150903040502 6.660 26.30 59.30 27.70 54.50 27.40 38.70
20150903040602 1.599 26.30 59.30 27.70 54.40 27.40 38.80
20150903040702 1.600 26.30 59.30 27.70 54.50 27.40 38.90
20150903040802 1.608 26.30 59.60 27.70 54.40 27.40 38.90
20150903040902 4.129 26.30 59.40 27.70 54.40 27.40 38.80
20150903041002 1.608 26.30 58.80 27.70 54.40 27.40 39.00
20150903041102 1.611 26.30 59.10 27.70 54.30 27.40 38.90
20150903041201 1.605 26.30 59.20 27.60 54.30 27.40 38.80
20150903041301 4.117 26.30 59.30 27.60 54.30 27.40 38.80
20150903041402 4.116 26.30 59.00 27.70 54.30 27.40 38.80
20150903041501 1.598 26.30 59.00 27.60 54.20 27.40 38.80
20150903041602 1.593 26.30 58.30 27.60 54.30 27.40 38.90
20150903041702 1.600 26.20 58.50 27.70 54.20 27.30 39.20
20150903041801 4.117 26.20 58.30 27.60 54.20 27.30 39.20
20150903041902 6.648 26.20 57.80 27.60 54.20 27.30 39.00
20150903042002 4.119 26.20 58.80 27.60 54.10 27.30 39.00
20150903042102 1.591 26.20 58.70 27.60 54.10 27.30 39.00
20150903042202 1.590 26.20 58.10 27.60 54.10 27.30 39.10
20150903042302 6.650 26.20 58.60 27.60 54.10 27.20 39.50
20150903042402 1.589 26.20 57.90 27.60 54.10 27.20 39.10
20150903042501 6.645 26.20 58.10 27.60 54.00 27.20 39.40
20150903042601 4.120 26.20 58.10 27.60 54.00 27.20 39.20
20150903042702 4.116 26.20 58.10 27.60 53.90 27.20 39.80
20150903042801 1.588 26.20 58.30 27.60 53.90 27.20 39.50
20150903042901 4.118 26.10 57.80 27.60 53.90 27.20 39.10
20150903043002 4.116 26.10 57.90 27.50 53.80 27.20 39.10
20150903043101 1.588 26.10 58.70 27.50 53.80 27.20 39.40
20150903043201 1.588 26.10 57.90 27.50 53.80 27.20 39.20
20150903043301 1.589 26.10 58.00 27.50 53.90 27.20 39.30
20150903043401 1.588 26.10 58.70 27.50 53.80 27.20 39.20
20150903043501 1.587 26.10 58.40 27.50 53.80 27.20 39.20
20150903043602 1.588 26.10 59.00 27.50 53.80 27.20 39.10
20150903043702 1.588 26.10 58.90 27.50 53.70 27.20 39.20
20150903043802 1.589 26.10 58.90 27.50 53.60 27.20 39.20
20150903043902 4.117 26.10 59.00 27.50 53.60 27.20 39.20
20150903044002 1.588 26.10 59.00 27.50 53.60 27.20 39.20
20150903044102 1.588 26.10 59.00 27.50 53.60 27.20 39.30
20150903044202 1.588 26.10 59.20 27.50 53.50 27.20 39.30
20150903044302 4.120 26.10 59.00 27.50 53.50 27.20 39.30
20150903044401 1.593 26.10 59.10 27.40 53.50 27.20 39.50
20150903044501 9.177 26.10 59.50 27.50 53.50 27.20 39.70
20150903044602 9.180 26.10 59.50 27.40 53.50 27.20 39.70
20150903044702 1.588 26.10 59.00 27.40 53.50 27.20 39.80
20150903044802 1.588 26.10 59.30 27.50 53.40 27.20 39.90
20150903044902 1.588 26.10 59.20 27.40 53.40 27.20 39.80
20150903045002 1.589 26.10 59.20 27.40 53.40 27.20 39.60
20150903045102 1.588 26.00 59.40 27.50 53.30 27.20 39.60
20150903045202 1.588 26.00 59.30 27.40 53.30 27.20 39.60
20150903045301 4.118 26.10 59.00 27.40 53.30 27.20 39.60
20150903045402 4.117 26.10 59.50 27.40 53.30 27.20 39.60
20150903045501 1.589 26.10 59.10 27.40 53.30 27.20 39.60
20150903045601 1.589 26.00 59.50 27.50 53.20 27.20 39.60
20150903045701 1.588 26.00 58.80 27.40 53.20 27.20 39.50
20150903045801 4.120 26.00 59.10 27.40 53.10 27.20 39.50
20150903045902 9.173 26.00 59.40 27.40 53.20 27.20 39.50
20150903050001 1.588 26.00 59.40 27.40 53.20 27.20 39.60
20150903050101 1.588 26.00 59.20 27.40 53.20 27.20 39.60
20150903050201 1.588 26.00 59.70 27.40 53.10 27.10 39.70
20150903050302 1.589 26.00 59.20 27.40 53.10 27.10 39.80
20150903050402 4.117 26.00 59.50 27.40 53.10 27.10 40.00
20150903050501 4.126 26.00 59.30 27.40 53.00 27.10 40.00
20150903050602 1.588 26.00 59.20 27.40 53.00 27.10 40.10
20150903050702 1.599 26.00 59.30 27.40 53.00 27.10 39.90
20150903050802 6.647 26.00 59.40 27.40 53.00 27.10 40.00
20150903050901 1.598 26.00 59.50 27.40 53.00 27.10 40.10
20150903051001 1.605 26.00 59.30 27.40 52.90 27.10 40.10
20150903051102 6.660 26.00 59.20 27.40 52.90 27.00 40.30
20150903051202 1.591 26.00 59.20 27.40 52.90 27.00 40.30
20150903051302 1.588 26.00 58.90 27.40 52.80 27.00 40.30
20150903051402 6.648 26.00 59.20 27.40 52.80 27.00 40.40
20150903051502 4.119 26.00 58.80 27.40 52.80 27.10 40.30
20150903051601 1.588 26.00 58.40 27.40 52.80 27.10 40.20
20150903051702 1.590 25.90 58.10 27.40 52.90 27.10 40.00
20150903051802 6.658 26.00 59.00 27.40 53.00 27.10 40.30
20150903051902 1.588 25.90 57.70 27.30 52.90 27.00 40.20
20150903052001 1.588 25.90 58.10 27.30 53.00 27.00 40.30
20150903052101 4.123 25.90 57.30 27.40 52.90 27.00 40.30
20150903052202 1.590 25.90 57.30 27.30 52.90 27.00 40.50
20150903052302 1.588 25.90 57.60 27.30 53.00 27.00 40.40
20150903052402 1.588 25.90 57.30 27.30 52.90 26.90 39.80
20150903052502 4.116 25.90 58.00 27.30 52.90 26.90 39.80
20150903052601 1.588 25.90 57.90 27.30 52.90 26.90 40.10
20150903052701 1.588 25.90 57.60 27.30 52.90 26.90 40.20
20150903052801 1.589 25.80 57.50 27.30 52.90 26.90 40.00
20150903052901 1.588 25.80 58.00 27.30 52.90 26.90 39.60
20150903053002 1.588 25.80 58.00 27.30 52.80 26.90 39.60
20150903053102 4.120 25.80 58.00 27.20 52.80 26.90 39.90
20150903053201 1.590 25.80 57.80 27.30 52.80 26.90 39.80
20150903053301 4.117 25.80 57.50 27.20 52.90 26.90 40.00
20150903053402 1.588 25.80 57.40 27.20 52.80 26.80 39.80
20150903053502 1.588 25.80 57.20 27.20 52.90 26.80 39.80
20150903053602 1.588 25.80 57.50 27.20 52.90 26.80 39.70
20150903053702 1.588 25.80 56.80 27.20 52.80 26.80 39.90
20150903053802 1.589 25.80 58.10 27.20 52.80 26.90 39.70
20150903053902 1.588 25.80 58.30 27.20 52.80 26.90 39.70
20150903054001 4.122 25.80 57.90 27.20 52.70 26.90 39.60
20150903054102 6.645 25.80 57.70 27.20 52.70 26.90 39.50
20150903054202 1.588 25.80 58.60 27.20 52.70 26.90 39.50
20150903054301 4.119 25.80 58.30 27.20 52.60 26.90 39.60
20150903054402 1.588 25.80 58.10 27.20 52.60 26.90 39.60
20150903054502 4.117 25.80 58.40 27.20 52.60 26.90 39.60
20150903054601 4.116 25.70 57.70 27.20 52.50 26.90 39.50
20150903054702 1.590 25.70 58.20 27.20 52.60 26.90 39.60
20150903054802 1.588 25.80 58.40 27.10 52.50 26.90 39.70
20150903054902 1.589 25.70 58.00 27.20 52.50 26.90 39.60
20150903055002 1.591 25.70 58.40 27.10 52.50 26.90 39.60
20150903055102 1.589 25.70 57.80 27.10 52.50 26.90 39.60
20150903055201 4.117 25.70 57.90 27.10 52.40 26.90 39.60
20150903055302 4.116 25.70 58.00 27.10 52.40 26.90 39.50
20150903055401 1.588 25.70 58.00 27.10 52.50 26.90 39.50
20150903055501 1.597 25.70 57.90 27.10 52.40 26.90 39.50
20150903055601 1.588 25.70 57.60 27.10 52.40 26.80 39.50
20150903055702 1.588 25.70 57.70 27.10 52.50 26.90 39.50
20150903055802 6.648 25.70 57.80 27.10 52.30 26.80 39.60
20150903055902 1.589 25.70 58.50 27.10 52.30 26.80 39.60
20150903060001 1.588 25.70 57.80 27.10 52.30 26.80 39.70
20150903060101 1.588 25.70 57.80 27.10 52.30 26.80 39.70
20150903060201 9.197 25.70 58.30 27.10 56.80 26.80 39.70
20150903060301 4.129 25.70 61.20 27.10 56.80 26.80 40.00
20150903060402 4.119 25.50 73.80 27.00 62.30 26.80 40.00
20150903060502 4.117 25.40 78.80 27.00 66.20 26.80 40.00
20150903060601 11.705 25.30 86.40 27.10 66.10 26.70 40.10
20150903060701 1.589 25.30 86.30 27.00 69.00 26.80 40.20
20150903060801 1.589 25.30 87.90 27.00 69.30 26.70 40.20
20150903060902 1.588 25.30 90.80 27.00 70.40 26.80 40.20
20150903061002 6.648 25.30 89.90 27.00 71.00 26.70 40.20
20150903061101 4.122 25.30 91.10 27.00 70.80 26.70 40.40
20150903061202 1.589 25.30 90.90 27.00 70.30 26.70 40.40
20150903061302 4.117 25.30 94.00 27.00 69.60 26.70 40.20
20150903061401 1.589 25.20 95.80 27.00 69.70 26.70 40.10
20150903061501 6.666 25.30 78.60 27.00 65.40 26.70 40.10
20150903061602 4.130 25.40 72.60 27.00 63.50 26.70 40.10
20150903061701 1.588 25.40 71.20 27.00 62.70 26.70 40.10
20150903061801 6.659 25.40 69.40 27.00 60.60 26.70 40.20
20150903061901 1.589 25.40 69.20 27.00 60.60 26.70 40.20
20150903062001 1.589 25.40 67.70 27.00 60.00 26.70 40.40
20150903062102 6.651 25.40 67.40 27.00 59.00 26.70 40.40
20150903062202 4.117 25.40 66.30 27.00 59.00 26.70 40.20
20150903062301 1.589 25.50 66.10 27.00 58.70 26.70 40.30
20150903062401 6.648 25.40 64.80 27.00 58.20 26.70 40.10
20150903062502 4.129 25.50 64.90 27.00 58.10 26.60 40.20
20150903062602 1.598 25.40 64.20 27.00 58.00 26.70 40.80
20150903062701 4.118 25.50 64.00 27.00 57.90 26.70 40.20
20150903062801 1.590 25.50 63.50 27.00 57.60 26.70 40.20
20150903062901 1.589 25.40 63.10 26.90 56.80 26.70 40.00
20150903063001 4.121 25.40 62.90 26.90 56.50 26.60 40.30
20150903063102 4.117 25.40 62.00 26.90 56.50 26.60 40.30
20150903063201 1.590 25.40 61.90 26.90 56.30 26.60 40.00
20150903063301 1.592 25.40 62.30 26.90 56.10 26.60 40.20
20150903063401 1.588 25.40 61.70 26.90 56.00 26.50 40.30
20150903063501 1.588 25.40 61.20 26.90 55.90 26.50 40.30
20150903063601 4.119 25.40 60.80 26.90 55.70 26.50 40.40
20150903063702 4.117 25.40 60.80 26.90 55.60 26.40 40.50
20150903063801 1.591 25.40 60.80 26.90 55.40 26.40 40.60
20150903063902 1.599 25.30 60.50 26.90 55.40 26.40 41.00
20150903064002 1.588 25.30 61.00 26.90 55.20 26.40 40.80
20150903064102 4.122 25.30 60.50 26.80 55.00 26.40 40.60
20150903064202 11.704 25.30 60.50 26.80 55.00 26.40 40.40
20150903064302 6.658 25.30 60.70 26.80 54.90 26.40 40.70
20150903064402 1.589 25.30 60.70 26.80 54.80 26.40 40.50
20150903064501 4.118 25.30 60.80 26.80 54.80 26.40 40.80
20150903064602 1.598 25.30 60.40 26.80 54.80 26.40 40.80
20150903064702 9.177 25.30 60.50 26.80 54.80 26.40 41.20
20150903064801 4.118 25.30 60.30 26.80 54.60 26.40 40.40
20150903064902 1.588 25.30 61.50 26.80 54.60 26.40 40.40
20150903065002 1.588 25.20 60.90 26.80 54.50 26.40 40.60
20150903065101 6.649 25.20 60.80 26.80 54.40 26.40 40.90
20150903065201 1.590 25.20 60.60 26.80 54.40 26.40 41.10
20150903065302 1.592 25.20 56.90 26.70 52.10 26.40 42.30
20150903065402 1.589 25.20 59.30 26.70 52.80 26.40 40.80
20150903065502 1.590 25.20 59.20 26.70 53.00 26.30 40.90
20150903065602 6.650 25.20 60.00 26.70 53.20 26.30 41.00
20150903065702 1.598 25.20 60.00 26.70 53.20 26.30 40.80
20150903065801 1.588 25.20 60.00 26.70 53.30 26.30 40.90
20150903065901 1.588 25.20 59.70 26.70 53.40 26.30 40.90
20150903070001 6.649 25.20 60.60 26.70 53.50 26.30 40.70
20150903070101 1.588 25.20 60.60 26.70 53.40 26.40 41.10
20150903070201 4.118 25.20 60.40 26.70 53.40 26.40 41.10
20150903070302 4.119 25.20 60.20 26.70 53.50 26.40 40.80
20150903070402 6.661 25.20 60.20 26.70 53.50 26.30 40.70
20150903070502 4.117 25.20 60.30 26.70 53.50 26.30 40.80
20150903070601 1.589 25.20 60.00 26.70 53.50 26.30 40.80
20150903070702 1.589 25.20 60.20 26.70 53.50 26.30 40.70
20150903070802 1.588 25.20 60.30 26.70 53.50 26.30 40.50
20150903070902 1.610 25.20 61.00 26.60 53.50 26.30 40.80
20150903071001 1.599 25.20 60.90 26.60 53.40 26.30 40.70
20150903071101 4.117 25.20 60.50 26.60 53.40 26.30 40.60
20150903071201 1.590 25.10 60.40 26.60 53.40 26.30 40.40
20150903071301 1.588 25.20 60.50 26.60 53.40 26.30 40.50
20150903071401 1.588 25.10 60.30 26.60 53.30 26.30 40.60
20150903071501 4.117 25.20 59.80 26.60 53.30 26.30 40.70
20150903071602 1.591 25.20 60.60 26.60 53.30 26.30 40.70
20150903071702 1.591 25.10 59.70 26.60 53.30 26.30 40.60
20150903071801 14.237 25.10 60.30 26.60 53.30 26.30 40.40
20150903071902 1.588 25.10 60.30 26.60 53.30 26.30 40.50
20150903072002 4.117 25.10 60.10 26.60 53.20 26.30 40.40
20150903072101 1.588 25.10 60.30 26.60 53.20 26.30 40.40
20150903072201 1.588 25.10 60.80 26.60 53.10 26.30 40.30
20150903072301 4.120 25.10 60.10 26.60 53.00 26.30 40.40
20150903072402 1.588 25.10 60.00 26.60 53.00 26.30 40.40
20150903072501 1.588 25.10 60.20 26.60 53.00 26.30 40.40
20150903072601 1.589 25.10 60.10 26.60 53.10 26.30 40.30
20150903072701 9.174 25.10 59.80 26.60 53.00 26.30 40.50
20150903072802 1.590 25.10 59.90 26.60 53.00 26.30 40.40
20150903072902 6.645 25.10 60.10 26.60 53.00 26.30 40.30
20150903073002 6.646 25.10 60.10 26.60 53.00 26.30 40.40
20150903073101 1.590 25.10 60.00 26.60 52.90 26.30 40.40
20150903073201 4.117 25.10 60.00 26.60 52.90 26.30 40.50
20150903073302 6.644 25.10 59.90 26.60 52.90 26.30 40.40
20150903073401 9.174 25.00 59.70 26.50 52.90 26.30 40.50
20150903073502 1.588 25.00 59.80 26.60 52.80 26.30 40.50
20150903073602 4.117 25.00 60.00 26.50 52.90 26.30 40.70
20150903073701 1.588 25.00 60.00 26.50 52.80 26.30 40.60
20150903073801 1.591 25.10 60.10 26.50 52.70 26.30 40.70
20150903073902 6.646 25.10 59.90 26.50 52.80 26.30 40.60
20150903074002 6.645 25.10 61.10 26.50 52.60 26.30 40.90
20150903074102 6.645 25.00 61.00 26.50 52.60 26.40 41.00
20150903074201 1.589 25.00 61.00 26.50 52.60 26.30 41.00
20150903074301 1.589 25.10 61.20 26.50 52.70 26.40 40.70
20150903074401 1.589 25.00 61.00 26.50 52.70 26.40 41.00
20150903074501 1.591 25.10 61.40 26.50 52.60 26.40 41.30
20150903074601 1.588 25.00 61.30 26.50 52.60 26.40 41.20
20150903074701 4.117 25.10 61.30 26.50 52.60 26.40 40.80
20150903074802 1.589 25.10 60.30 26.50 52.60 26.50 41.40
20150903074902 1.588 25.00 61.20 26.50 52.60 26.50 40.90
20150903075002 4.117 25.10 62.20 26.50 52.60 26.50 41.10
20150903075101 4.121 25.10 62.20 26.50 52.50 26.50 40.70
20150903075201 6.651 25.10 62.50 26.50 52.50 26.50 40.60
20150903075301 1.590 25.10 62.50 26.50 52.50 26.50 40.60
20150903075401 1.588 25.10 61.80 26.50 52.60 26.60 40.50
20150903075501 4.117 25.10 61.70 26.50 52.50 26.50 40.40
20150903075602 1.588 25.10 62.00 26.50 52.50 26.60 40.10
20150903075702 1.588 25.10 62.00 26.50 52.50 26.60 40.20
20150903075802 1.589 25.10 61.50 26.50 52.40 26.60 40.10
20150903075902 4.119 25.10 61.70 26.50 52.40 26.60 40.00
20150903080001 1.591 25.10 62.20 26.50 52.40 26.60 40.00
20150903080101 6.643 25.10 62.30 26.50 52.40 26.60 40.00
20150903080202 4.120 25.10 62.30 26.60 52.40 26.60 40.10
20150903080301 4.119 25.10 62.40 26.50 52.30 26.60 40.10
20150903080402 1.592 25.20 62.30 26.50 52.30 26.60 40.00
20150903080502 1.589 25.20 61.90 26.50 52.30 26.60 39.90
20150903080602 1.588 25.20 61.90 26.60 52.30 26.60 39.90
20150903080702 4.119 25.20 61.70 26.60 52.20 26.60 39.90
20150903080801 4.117 25.20 61.30 26.60 52.20 26.60 39.90
20150903080902 1.589 25.20 61.60 26.60 52.10 26.60 39.90
20150903081001 1.589 25.20 60.40 26.60 52.10 26.60 40.20
20150903081101 4.119 25.20 61.20 26.60 52.10 26.60 39.90
20150903081202 4.121 25.20 61.10 26.60 52.00 26.60 39.90
20150903081302 6.649 25.20 61.30 26.50 52.00 26.50 39.90
20150903081402 1.589 25.20 61.30 26.60 51.90 26.50 39.90
20150903081501 1.588 25.20 60.40 26.60 51.90 26.50 40.30
20150903081601 1.599 25.20 60.40 26.60 51.90 26.60 39.90
20150903081702 4.126 25.20 61.20 26.60 51.80 26.50 39.90
20150903081801 1.589 25.20 61.20 26.60 51.90 26.60 39.90
20150903081901 4.118 25.20 60.30 26.60 51.90 26.60 40.40
20150903082001 1.589 25.20 60.30 26.60 51.90 26.60 40.40
20150903082101 1.588 25.20 60.20 26.60 51.70 26.60 40.20
20150903082201 4.119 25.20 60.00 26.60 51.70 26.60 40.10
20150903082302 1.599 25.20 60.30 26.50 51.70 26.60 40.00
20150903082402 4.117 25.20 59.80 26.50 51.70 26.60 40.10
20150903082502 6.648 25.20 59.10 26.60 51.70 26.70 40.50
20150903082602 9.174 25.20 59.70 26.60 51.70 26.60 40.20
20150903082701 9.174 25.20 59.60 26.60 51.60 26.60 40.30
20150903082802 9.179 25.20 60.10 26.50 51.60 26.60 40.20
20150903082901 1.588 25.20 60.10 26.60 51.60 26.60 40.20
20150903083002 1.590 25.20 60.00 26.60 51.50 26.60 40.20
20150903083102 1.589 25.20 59.80 26.50 51.50 26.60 40.30
20150903083202 1.590 25.20 60.10 26.60 51.50 26.60 40.40
20150903083302 1.590 25.20 60.40 26.60 51.50 26.60 40.90
20150903083402 6.651 25.20 60.80 26.50 51.40 26.70 40.70
20150903083502 1.588 25.20 60.80 26.50 51.50 26.70 40.70
20150903083602 1.590 25.20 60.60 26.60 51.50 26.70 40.10
20150903083702 1.589 25.20 60.80 26.60 51.40 26.70 40.20
20150903083802 6.645 25.20 61.10 26.60 51.50 26.70 40.40
20150903083901 1.588 25.20 61.50 26.60 51.50 26.70 40.40
20150903084001 1.588 25.20 61.00 26.60 51.40 26.70 40.40
20150903084101 4.120 25.20 60.80 26.60 51.40 26.70 40.50
20150903084201 4.117 25.20 60.80 26.60 51.40 26.70 40.40
20150903084302 1.593 25.20 61.30 26.60 51.40 26.70 40.50
20150903084402 1.588 25.20 61.30 26.60 51.30 26.70 40.30
20150903084502 1.588 25.20 61.00 26.60 51.20 26.70 40.70
20150903084602 1.590 25.20 61.00 26.60 51.30 26.70 40.80
20150903084702 1.588 25.20 60.80 26.60 51.20 26.70 40.60
20150903084802 4.120 25.20 61.40 26.60 51.10 26.70 40.60
20150903084901 4.117 25.30 61.30 26.60 51.10 26.70 40.50
20150903085002 6.651 25.30 61.60 26.60 51.20 26.70 40.70
20150903085101 1.590 25.20 61.20 26.60 51.00 26.80 40.70
20150903085201 1.589 25.30 60.80 26.60 51.00 26.80 40.80
20150903085301 4.117 25.30 61.60 26.60 51.00 26.70 40.80
20150903085402 1.599 25.30 61.50 26.60 51.10 26.80 40.60
20150903085502 4.123 25.30 61.50 26.60 51.10 26.70 40.50
20150903085601 1.589 25.30 60.90 26.60 51.10 26.70 40.70
20150903085701 6.645 25.30 61.40 26.60 51.00 26.70 41.60
20150903085801 1.589 25.30 61.20 26.60 51.00 26.70 41.50
20150903085902 1.600 25.30 61.00 26.60 50.90 26.80 40.90
20150903090002 4.120 25.30 61.10 26.60 51.00 26.80 40.50
20150903090101 4.117 25.30 61.10 26.60 50.90 26.70 40.30
20150903090202 4.118 25.30 61.20 26.60 55.50 26.70 40.20
20150903090301 6.649 25.20 73.60 26.60 60.40 26.80 40.20
20150903090402 4.121 25.20 73.70 26.60 62.50 26.70 40.00
20150903090501 1.589 25.20 77.30 26.60 62.60 26.80 40.00
20150903090602 1.589 25.20 79.60 26.60 64.20 26.80 39.90
20150903090702 1.588 25.10 84.30 26.60 66.70 26.80 40.00
20150903090802 1.589 25.10 85.50 26.60 67.80 26.80 39.90
20150903090902 4.120 25.00 89.10 26.60 70.70 26.80 40.00
20150903091002 4.127 25.10 90.80 26.60 70.60 26.80 39.90
20150903091101 1.589 25.00 90.60 26.60 71.40 26.80 39.80
20150903091201 4.117 25.10 93.40 26.60 71.10 26.80 40.00
20150903091302 4.117 25.10 92.60 26.60 70.00 26.80 40.10
20150903091401 1.589 25.10 92.30 26.60 69.40 26.80 39.90
20150903091501 1.589 25.10 79.00 26.60 64.30 26.80 39.90
20150903091601 1.589 25.20 75.40 26.60 62.40 26.90 39.90
20150903091701 4.120 25.20 72.80 26.70 61.00 26.90 39.90
20150903091801 1.588 25.20 72.70 26.70 60.00 26.80 39.90
20150903091901 4.120 25.20 71.20 26.70 59.10 26.90 39.90
20150903092002 1.589 25.30 71.70 26.70 59.10 26.90 39.70
20150903092102 1.608 25.30 70.40 26.70 58.80 26.80 39.80
20150903092203 6.650 25.30 70.10 26.70 58.30 26.90 40.10
20150903092302 4.124 25.30 69.30 26.70 58.30 26.90 40.00
20150903092402 1.592 25.30 69.30 26.70 57.80 26.90 40.00
20150903092501 1.589 25.30 68.90 26.70 57.50 26.80 39.80
20150903092601 9.178 25.30 68.30 26.70 57.10 26.90 39.80
20150903092701 1.589 25.30 68.20 26.70 57.10 26.90 39.80
20150903092801 4.117 25.40 67.60 26.70 56.80 26.90 40.00
20150903092902 4.118 25.30 67.50 26.70 56.60 26.90 40.00
20150903093001 1.589 25.40 67.60 26.70 56.60 26.90 39.90
20150903093101 6.654 25.40 67.40 26.70 56.30 26.90 39.90
20150903093201 4.117 25.40 67.40 26.70 56.00 26.90 39.90
20150903093301 6.646 25.40 67.20 26.80 55.80 26.90 39.80
20150903093401 1.593 25.40 67.30 26.80 55.40 26.90 39.70
20150903093501 1.589 25.40 67.30 26.80 55.50 26.90 39.80
20150903093601 4.116 25.40 67.20 26.80 55.20 26.90 39.90
20150903093702 1.589 25.40 67.10 26.80 55.20 27.00 40.50
20150903093802 1.591 25.40 66.90 26.80 55.10 27.00 40.50
20150903093902 6.646 25.50 66.30 26.80 54.80 27.00 40.40
20150903094002 1.588 25.50 66.40 26.80 54.70 27.00 40.30
20150903094102 4.124 25.50 66.60 26.80 54.60 27.00 40.30
20150903094201 1.589 25.50 66.70 26.80 54.60 27.00 40.30
20150903094301 4.117 25.50 66.20 26.80 54.50 27.00 40.40
20150903094402 1.589 25.50 66.20 26.80 54.30 27.00 40.50
20150903094502 1.589 25.50 65.90 26.80 54.20 27.00 40.40
20150903094602 1.589 25.50 66.20 26.90 54.10 27.10 40.30
20150903094701 4.117 25.50 66.30 26.90 54.00 27.10 40.50
20150903094802 1.589 25.50 65.70 26.90 53.80 27.10 40.50
20150903094902 1.589 25.50 64.60 26.90 53.80 27.10 40.80
20150903095002 4.119 25.60 65.80 26.90 53.80 27.10 40.60
20150903095101 6.645 25.60 65.70 26.90 53.70 27.20 40.60
20150903095201 1.590 25.60 65.70 26.90 53.60 27.20 40.50
20150903095301 6.651 25.60 65.70 26.90 53.50 27.20 40.40
20150903095401 1.591 25.60 65.00 26.90 53.50 27.20 40.60
20150903095501 1.588 25.60 65.30 26.90 53.50 27.20 40.60
20150903095601 4.119 25.60 65.00 26.90 53.40 27.20 40.90
20150903095701 1.588 25.60 65.50 26.90 53.20 27.20 40.80
20150903095801 1.589 25.70 65.40 26.90 53.20 27.20 40.90
20150903095901 4.119 25.70 64.50 26.90 53.30 27.20 41.20
20150903100002 1.589 25.70 64.60 27.00 53.90 27.30 40.90
20150903100102 1.589 25.70 65.40 27.00 53.80 27.30 40.70
20150903100202 4.120 25.70 65.20 27.00 53.80 27.40 40.80
20150903100301 1.591 25.70 65.20 27.00 53.80 27.40 40.70
20150903100401 1.589 25.70 65.90 27.00 53.80 27.40 40.50
20150903100501 6.648 25.70 65.70 27.00 53.80 27.40 40.50
20150903100601 1.588 25.80 65.30 27.00 53.80 27.30 40.50
20150903100701 1.589 25.80 65.30 27.10 53.70 27.30 40.60
20150903100802 1.593 25.80 65.50 27.00 53.60 27.30 40.80
20150903100902 4.118 25.80 64.90 27.10 53.60 27.40 41.00
20150903101001 4.118 25.80 65.40 27.10 53.60 27.30 41.30
20150903101101 4.120 25.80 65.40 27.00 53.50 27.40 42.00
20150903101202 6.649 25.80 64.80 27.10 53.50 27.40 41.80
20150903101302 1.588 25.80 65.00 27.10 53.50 27.40 41.80
20150903101402 1.598 25.90 65.30 27.10 53.60 27.40 41.20
20150903101502 1.599 25.90 65.40 27.10 53.50 27.40 41.50
20150903101601 1.594 25.90 65.20 27.10 53.50 27.40 41.70
20150903101701 6.646 25.90 65.20 27.10 53.50 27.40 41.60
20150903101801 6.644 25.90 64.00 27.20 53.50 27.40 41.80
20150903101901 4.117 25.90 65.20 27.10 53.50 27.40 42.10
20150903102002 4.117 25.90 65.00 27.20 53.40 27.30 42.10
20150903102101 4.118 25.90 64.90 27.20 53.40 27.40 41.10
20150903102201 6.651 25.90 65.10 27.20 53.30 27.40 41.00
20150903102301 1.588 25.90 65.00 27.20 53.30 27.40 40.90
20150903102401 1.591 25.90 64.80 27.20 53.30 27.40 40.70
20150903102501 9.176 26.00 65.40 27.20 53.20 27.40 40.50
20150903102602 1.598 25.90 64.90 27.20 53.20 27.40 40.30
20150903102701 1.588 26.00 65.40 27.20 53.30 27.40 40.30
20150903102801 4.116 26.00 65.10 27.20 53.10 27.50 40.40
20150903102902 4.117 26.00 65.70 27.20 53.10 27.50 41.90
20150903103001 4.116 26.00 64.60 27.20 53.10 27.50 41.60
20150903103102 1.589 26.00 64.60 27.20 53.00 27.50 41.80
20150903103202 1.589 26.00 64.50 27.20 53.10 27.60 41.70
20150903103302 4.116 26.00 65.40 27.30 53.10 27.60 43.00
20150903103401 1.588 26.00 64.30 27.20 53.10 27.60 42.50
20150903103501 4.117 26.10 65.90 27.30 53.10 27.60 42.60
20150903103602 4.117 26.10 65.40 27.30 53.20 27.60 42.10
20150903103701 6.647 26.10 64.20 27.30 53.10 27.60 42.10
20150903103802 4.120 26.10 64.80 27.30 53.10 27.60 42.70
20150903103901 4.117 26.10 65.50 27.30 53.10 27.60 43.00
20150903104001 1.591 26.10 65.90 27.30 53.10 27.60 43.50
20150903104101 1.588 26.10 65.40 27.30 53.10 27.60 46.00
20150903104201 1.588 26.10 66.00 27.30 53.10 27.60 46.40
20150903104301 4.120 26.10 65.80 27.30 53.10 27.60 44.20
20150903104402 1.588 26.10 66.20 27.40 53.10 27.60 44.10
20150903104502 1.588 26.10 66.40 27.30 53.20 27.70 44.00
20150903104602 1.588 26.10 65.60 27.40 53.20 27.60 43.40
20150903104702 4.118 26.20 65.90 27.40 53.20 27.70 44.00
20150903104802 4.117 26.20 65.90 27.40 53.20 27.70 43.70
20150903104901 1.588 26.20 66.30 27.40 53.20 27.70 44.00
20150903105002 1.588 26.20 65.60 27.40 53.20 27.70 46.00
20150903105102 4.122 26.20 66.40 27.40 53.30 27.80 50.10
20150903105201 1.590 26.20 66.90 27.40 53.40 27.80 50.60
20150903105301 1.588 26.20 67.20 27.40 53.40 27.80 48.80
20150903105401 1.593 26.20 67.50 27.40 53.50 27.70 54.30
20150903105501 1.588 26.30 67.30 27.40 53.60 27.70 45.20
20150903105602 4.117 26.30 67.50 27.40 53.80 27.80 50.50
20150903105701 6.649 26.30 67.90 27.50 53.90 27.80 48.90
20150903105801 4.120 26.30 68.00 27.50 54.00 27.80 49.00
20150903105901 4.127 26.30 68.30 27.50 54.00 27.80 52.20
20150903110002 4.121 26.30 68.20 27.50 54.00 27.80 50.60
20150903110101 1.588 26.30 68.30 27.50 54.00 27.80 47.40
20150903110201 4.122 26.30 67.90 27.50 54.10 27.90 43.70
20150903110301 4.119 26.30 68.00 27.50 54.10 27.90 44.30
20150903110402 4.127 26.30 67.70 27.50 54.10 27.90 44.40
20150903110501 4.120 26.30 67.70 27.50 54.10 27.90 44.00
20150903110602 1.598 26.30 67.90 27.50 54.10 27.90 43.40
20150903110701 1.589 26.30 67.70 27.50 54.00 27.90 42.30
20150903110801 6.645 26.30 67.20 27.50 54.00 27.90 43.00
20150903110902 4.119 26.30 67.20 27.50 53.90 28.00 43.60
20150903111002 1.590 26.40 67.40 27.50 53.90 27.90 43.30
20150903111102 1.593 26.40 67.30 27.60 53.90 28.00 43.60
20150903111202 1.588 26.40 67.40 27.60 53.90 28.00 43.80
20150903111302 1.589 26.40 67.00 27.60 53.90 28.00 43.30
20150903111402 4.120 26.40 67.20 27.60 53.80 28.00 44.40
20150903111501 4.120 26.40 66.70 27.60 53.80 28.00 43.60
20150903111602 1.588 26.40 66.80 27.60 53.80 28.00 42.20
20150903111701 1.590 26.40 67.10 27.60 53.80 28.00 42.20
20150903111801 4.119 26.40 66.60 27.60 53.80 28.10 42.10
20150903111902 1.590 26.40 66.60 27.60 53.80 28.00 42.10
20150903112002 1.588 26.40 66.80 27.60 53.70 28.10 41.50
20150903112102 4.118 26.40 66.20 27.60 53.60 28.10 41.40
20150903112201 1.589 26.40 66.30 27.60 53.60 28.10 41.10
20150903112302 1.588 26.40 65.00 27.60 53.60 28.10 40.60
20150903112402 1.589 26.50 67.10 27.60 53.70 28.10 41.00
20150903112502 4.119 26.50 65.70 27.70 53.50 28.20 40.40
20150903112601 1.589 26.50 66.10 27.70 53.50 28.10 40.40
20150903112701 1.589 26.50 66.80 27.70 53.50 28.20 40.80
20150903112801 1.588 26.50 66.40 27.70 53.60 28.20 41.60
20150903112901 6.645 26.50 66.90 27.70 53.60 28.20 40.70
20150903113001 1.588 26.50 66.90 27.70 53.60 28.20 40.70
20150903113101 1.589 26.50 66.50 27.70 53.60 28.20 40.70
20150903113201 6.648 26.60 66.80 27.70 53.60 28.30 40.50
20150903113302 1.590 26.50 66.80 27.70 53.60 28.30 40.50
20150903113402 1.588 26.60 66.80 27.70 53.60 28.30 40.70
20150903113502 1.589 26.60 67.10 27.80 53.70 28.40 40.40
20150903113602 1.588 26.60 67.40 27.70 53.60 28.40 40.20
20150903113702 1.588 26.60 67.20 27.80 53.60 28.40 40.30
20150903113802 6.646 26.60 67.10 27.70 53.70 28.40 41.00
20150903113901 1.588 26.60 67.00 27.80 53.70 28.40 40.90
20150903114002 1.589 26.60 66.90 27.80 53.80 28.40 41.40
20150903114102 4.117 26.60 66.90 27.80 53.60 28.40 40.90
20150903114201 9.173 26.60 66.70 27.80 53.60 28.30 40.70
20150903114302 1.590 26.60 66.70 27.80 53.60 28.40 40.60
20150903114401 1.589 26.60 66.60 27.80 53.60 28.40 40.50
20150903114501 1.588 26.70 66.50 27.80 53.50 28.40 40.80
20150903114601 4.117 26.70 66.60 27.80 53.40 28.40 40.30
20150903114702 1.591 26.70 66.60 27.80 53.40 28.40 40.30
20150903114802 9.179 26.70 66.40 27.80 53.40 28.50 39.80
20150903114901 4.120 26.70 66.40 27.80 53.40 28.40 39.80
20150903115001 1.588 26.70 66.50 27.90 53.40 28.40 39.80
20150903115101 4.117 26.70 66.30 27.90 53.30 28.40 39.80
20150903115202 4.118 26.70 65.00 27.90 53.30 28.50 39.30
20150903115301 1.591 26.70 65.20 27.90 53.20 28.50 39.10
20150903115401 1.588 26.70 64.10 27.90 53.20 28.60 38.90
20150903115501 4.119 26.80 59.50 27.90 52.00 28.60 38.80
20150903115602 4.117 26.80 59.30 27.90 51.20 28.60 38.70
20150903115701 4.118 26.80 59.90 27.90 50.80 28.60 38.70
20150903115802 1.589 26.90 59.60 27.90 50.90 28.60 38.60
20150903115901 1.588 26.90 59.90 28.00 51.60 28.60 38.80
20150903120001 4.117 26.90 60.90 28.00 51.60 28.60 38.70
20150903120102 6.646 26.90 60.90 28.00 51.60 28.60 38.80
20150903120202 1.588 27.00 61.80 27.90 51.30 28.60 38.80
20150903120302 1.589 27.00 68.30 28.00 54.70 28.60 38.70
20150903120402 1.588 26.80 74.00 28.00 58.90 28.60 38.40
20150903120502 4.117 26.70 78.80 28.00 63.50 28.60 38.30
20150903120601 1.589 26.60 82.40 28.00 63.60 28.60 38.60
20150903120702 4.119 26.60 87.30 28.00 64.90 28.60 38.90
20150903120801 4.117 26.60 88.90 28.00 67.00 28.60 38.70
20150903120902 4.122 26.60 89.30 28.00 70.20 28.60 38.70
20150903121002 4.118 26.60 90.00 28.00 69.70 28.70 39.10
20150903121101 4.120 26.60 90.00 28.00 71.10 28.70 38.70
20150903121202 1.588 26.60 89.40 28.00 71.20 28.70 38.70
20150903121302 4.117 26.70 92.00 28.00 71.40 28.70 38.70
20150903121401 1.588 26.70 92.10 28.00 71.10 28.70 38.70
20150903121501 1.588 26.80 85.20 28.10 65.80 28.70 38.80
20150903121601 6.648 26.80 78.60 28.10 60.40 28.80 40.20
20150903121702 1.589 26.80 79.00 28.10 60.30 28.70 40.20
20150903121802 4.120 26.90 79.10 28.10 59.60 28.70 39.80
20150903121901 9.177 26.90 78.00 28.10 60.00 28.70 39.90
20150903122002 1.589 26.80 77.80 28.10 60.00 28.70 40.00
20150903122102 1.588 26.90 75.20 28.10 59.80 28.70 40.00
20150903122202 1.589 26.90 74.70 28.10 59.60 28.70 39.50
20150903122302 9.182 26.90 78.00 28.20 59.60 28.80 39.70
20150903122402 4.124 26.90 76.60 28.20 59.20 28.80 39.30
20150903122501 4.122 26.90 76.70 28.20 59.20 28.80 39.40
20150903122602 9.179 26.90 75.90 28.20 59.20 28.80 39.40
20150903122702 1.596 26.90 76.60 28.20 59.10 28.80 39.50
20150903122802 1.591 26.90 75.60 28.20 59.10 28.90 38.00
20150903122902 1.588 27.00 76.40 28.20 58.80 28.90 37.40
20150903123002 4.122 27.00 76.20 28.20 58.90 28.90 38.00
20150903123101 4.118 27.00 79.00 28.20 58.80 29.00 37.70
20150903123202 1.592 27.00 75.00 28.20 58.70 29.00 37.70
20150903123301 4.127 27.00 76.70 28.30 58.60 29.00 37.60
20150903123402 1.588 27.00 74.90 28.30 58.60 29.10 38.40
20150903123502 1.588 27.00 75.50 28.30 58.60 29.00 37.30
20150903123602 6.645 27.00 76.80 28.30 58.50 29.10 37.30
20150903123702 1.592 27.10 76.30 28.30 58.50 29.10 37.20
20150903123802 1.591 27.10 75.80 28.40 58.50 29.10 37.30
20150903123902 1.589 27.10 76.60 28.30 58.40 29.10 37.80
20150903124001 1.590 27.10 74.60 28.40 58.40 29.10 37.50
20150903124101 1.590 27.10 76.40 28.40 58.20 29.20 37.40
20150903124201 4.121 27.10 76.80 28.40 58.20 29.20 37.60
20150903124302 1.589 27.10 77.40 28.40 58.20 29.20 37.30
20150903124402 4.117 27.10 76.00 28.40 58.10 29.20 37.40
20150903124501 1.590 27.10 75.70 28.40 58.10 29.20 37.70
20150903124601 9.180 27.20 75.40 28.40 58.00 29.20 37.20
20150903124701 1.588 27.10 76.60 28.40 58.10 29.20 37.10
20150903124801 1.589 27.10 75.80 28.50 58.00 29.30 37.10
20150903124901 1.598 27.20 77.00 28.50 58.10 29.30 36.70
20150903125001 1.588 27.10 75.20 28.50 58.00 29.30 37.10
20150903125101 4.117 27.20 75.10 28.50 57.90 29.30 37.10
20150903125201 4.117 27.20 75.30 28.50 58.00 29.30 36.70
20150903125301 1.590 27.20 75.50 28.50 57.90 29.30 36.70
20150903125402 6.646 27.20 76.30 28.50 57.90 29.40 36.70
20150903125502 1.590 27.20 76.50 28.50 57.90 29.40 37.20
20150903125602 1.588 27.20 76.10 28.60 57.90 29.40 37.50
20150903125702 1.591 27.20 75.80 28.60 57.80 29.30 37.60
20150903125802 1.588 27.20 77.30 28.60 57.90 29.40 37.10
20150903125902 1.588 27.30 76.40 28.60 57.80 29.40 37.80
20150903130002 1.589 27.30 74.20 28.60 57.90 29.40 36.80
20150903130102 1.588 27.30 76.30 28.50 57.90 29.40 37.30
20150903130202 4.120 27.30 75.30 28.60 57.90 29.40 37.40
20150903130301 1.588 27.30 75.00 28.60 57.90 29.50 36.80
20150903130401 4.117 27.30 74.60 28.60 57.60 29.40 36.90
20150903130501 1.588 27.30 75.00 28.60 57.60 29.40 36.80
20150903130601 9.179 27.30 76.20 28.70 57.50 29.40 36.70
20150903130702 1.588 27.30 75.70 28.70 57.50 29.40 36.80
20150903130802 6.646 27.30 74.90 28.70 57.50 29.40 36.50
20150903130902 1.588 27.30 75.20 28.70 57.50 29.40 36.40
20150903131001 1.591 27.30 72.40 28.70 57.50 29.40 36.00
20150903131101 1.590 27.40 74.70 28.70 57.40 29.50 37.10
20150903131201 6.648 27.30 74.40 28.70 57.30 29.40 36.20
20150903131302 6.658 27.30 74.70 28.70 57.20 29.40 36.10
20150903131402 1.589 27.40 74.30 28.70 57.20 29.40 36.20
20150903131502 4.117 27.40 74.60 28.70 57.10 29.40 36.00
20150903131602 6.650 27.40 74.10 28.70 57.00 29.50 36.10
20150903131702 4.118 27.40 74.00 28.70 57.00 29.50 35.90
20150903131801 1.590 27.40 73.70 28.70 56.50 29.50 35.30
20150903131901 1.588 27.40 71.90 28.70 56.30 29.50 33.70
20150903132002 4.117 27.40 70.10 28.70 55.10 29.60 32.30
20150903132101 1.591 27.40 70.20 28.80 54.40 29.70 32.50
20150903132201 6.651 27.50 68.10 28.80 54.90 29.80 32.50
20150903132302 4.117 27.50 72.40 28.80 54.60 29.70 32.50
20150903132401 6.651 27.50 72.50 28.80 55.20 29.70 33.20
20150903132501 4.117 27.50 70.20 28.80 55.20 29.70 33.10
20150903132602 1.589 27.50 70.60 28.80 55.40 29.70 33.30
20150903132702 1.589 27.50 71.80 28.80 55.60 29.70 33.20
20150903132802 4.117 27.60 71.10 28.80 55.60 29.70 33.70
20150903132901 1.588 27.60 71.00 28.80 55.70 29.60 33.70
20150903133001 6.648 27.60 69.80 28.80 55.60 29.70 33.70
20150903133102 4.117 27.60 71.20 28.80 55.60 29.70 34.10
20150903133201 4.120 27.60 71.20 28.80 55.60 29.70 34.00
20150903133302 1.595 27.60 70.80 28.80 55.70 29.70 34.20
20150903133402 4.118 27.60 70.00 28.90 55.70 29.70 34.00
20150903133501 6.645 27.60 71.30 28.90 55.60 29.70 34.10
20150903133602 1.588 27.60 71.20 28.90 55.60 29.70 33.70
20150903133702 1.588 27.60 69.00 28.90 55.50 29.70 34.10
20150903133802 9.179 27.60 69.40 28.90 55.40 29.70 33.90
20150903133902 6.652 27.60 70.10 28.90 55.30 29.80 33.80
20150903134002 6.649 27.70 67.90 28.90 55.20 29.70 33.70
20150903134102 6.648 27.60 68.00 28.90 55.20 29.70 33.60
20150903134201 4.124 27.70 69.10 28.90 55.20 29.70 33.70
20150903134302 1.590 27.70 69.00 28.90 55.20 29.80 33.70
20150903134402 4.120 27.70 69.80 29.00 55.80 29.80 33.50
20150903134501 1.590 27.70 69.10 28.90 55.20 29.70 33.80
20150903134601 4.118 27.70 67.60 29.00 55.70 29.80 33.70
20150903134702 1.588 27.70 69.60 29.00 55.70 29.80 33.70
20150903134802 4.117 27.70 67.90 29.00 55.60 29.80 33.60
20150903134901 1.588 27.70 68.00 29.00 55.60 29.80 33.60
20150903135002 1.588 27.70 69.60 29.00 55.60 29.80 33.80
20150903135102 1.588 27.70 69.20 29.00 55.60 29.80 33.30
20150903135202 1.590 27.70 68.10 29.00 55.60 29.90 34.20
20150903135302 1.598 27.70 68.90 29.00 55.50 29.90 33.30
20150903135402 1.588 27.80 68.80 29.00 55.40 29.90 33.20
20150903135502 1.590 27.80 68.40 29.00 55.40 29.90 33.40
20150903135601 6.649 27.80 68.90 29.10 55.40 29.90 33.70
20150903135701 1.589 27.80 68.90 29.00 55.40 29.90 33.70
20150903135801 4.117 27.80 68.70 29.00 55.40 29.90 33.70
20150903135902 1.588 27.80 67.60 29.00 55.30 29.90 34.00
20150903140002 1.598 27.80 68.00 29.00 55.20 29.90 33.70
20150903140101 1.598 27.80 67.50 29.00 55.10 29.90 33.30
20150903140201 6.648 27.80 67.30 29.10 55.00 29.90 33.10
20150903140301 1.588 27.80 66.80 29.10 55.00 30.00 33.50
20150903140401 4.119 27.80 68.00 29.10 54.90 30.00 33.40
20150903140501 1.598 27.80 65.60 29.10 55.00 29.90 33.10
20150903140601 1.588 27.90 67.10 29.10 54.80 30.00 32.80
20150903140701 1.596 27.80 66.80 29.10 54.80 30.00 32.90
20150903140801 1.589 27.80 66.30 29.20 54.70 30.00 32.60
20150903140902 4.129 27.90 67.10 29.10 54.70 30.00 32.90
20150903141001 4.116 27.90 66.60 29.10 54.60 30.00 33.20
20150903141101 6.658 27.90 66.60 29.10 54.60 30.00 32.70
20150903141201 1.589 27.90 65.80 29.20 54.60 30.00 32.70
20150903141301 1.589 27.90 64.80 29.20 54.50 30.00 32.50
20150903141401 4.122 27.90 65.10 29.20 54.50 30.00 32.70
20150903141502 1.588 27.90 65.10 29.20 54.50 30.00 32.20
20150903141602 6.648 27.90 66.20 29.10 54.40 30.00 32.10
20150903141702 9.181 27.90 66.30 29.20 54.50 30.00 32.00
20150903141802 4.117 27.90 66.20 29.20 54.40 30.10 32.00
20150903141902 4.117 27.90 66.20 29.20 54.20 30.10 31.40
20150903142001 1.590 27.90 63.30 29.20 54.20 30.10 31.20
20150903142101 1.589 27.90 65.80 29.20 54.20 30.10 31.20
20150903142201 4.117 28.00 65.80 29.20 54.10 30.10 31.40
20150903142302 6.648 28.00 65.10 29.20 54.00 30.10 31.00
20150903142402 9.176 28.00 66.30 29.20 54.00 30.10 30.80
20150903142501 4.120 28.00 66.90 29.20 54.00 30.10 30.80
20150903142601 1.598 28.00 66.90 29.20 53.90 30.10 30.70
20150903142701 1.609 28.00 65.20 29.20 53.90 30.10 30.60
20150903142801 1.591 28.00 66.30 29.20 53.80 30.20 29.20
20150903142901 1.589 28.00 64.20 29.20 53.40 30.20 29.30
20150903143001 1.600 28.00 65.30 29.30 53.20 30.20 29.30
20150903143102 1.588 28.00 64.30 29.30 53.10 30.20 29.60
20150903143202 6.662 28.10 62.90 29.20 53.10 30.20 30.00
20150903143302 4.119 28.10 63.40 29.30 53.20 30.20 30.10
20150903143401 1.588 28.10 64.80 29.30 53.20 30.20 29.80
20150903143501 1.591 28.10 64.70 29.30 53.10 30.10 29.90
20150903143601 6.649 28.10 65.30 29.30 53.10 30.20 29.70
20150903143702 1.592 28.10 64.40 29.30 53.10 30.20 29.70
20150903143802 1.588 28.10 65.20 29.30 53.10 30.20 30.20
20150903143902 4.117 28.10 65.10 29.30 53.00 30.20 29.70
20150903144002 1.588 28.10 65.60 29.30 53.00 30.20 29.70
20150903144102 4.118 28.10 65.10 29.40 53.10 30.20 29.80
20150903144201 1.588 28.10 64.80 29.30 53.00 30.20 29.80
20150903144301 1.590 28.10 64.50 29.40 52.90 30.20 28.80
20150903144401 1.590 28.10 64.40 29.40 52.70 30.20 29.30
20150903144501 4.119 28.10 62.70 29.40 52.60 30.30 28.70
20150903144601 1.589 28.10 62.90 29.40 52.60 30.20 27.70
20150903144701 1.588 28.20 64.30 29.40 51.60 30.30 26.90
20150903144801 1.588 28.10 63.30 29.40 51.00 30.40 27.30
20150903144901 1.588 28.20 61.30 29.40 50.90 30.40 27.30
20150903145001 1.592 28.20 63.40 29.40 50.90 30.50 27.80
20150903145101 4.118 28.20 63.60 29.40 51.40 30.40 27.80
20150903145202 1.592 28.20 63.60 29.40 51.60 30.40 27.60
20150903145301 4.117 28.20 60.40 29.40 51.50 30.40 27.00
20150903145401 4.117 28.20 59.80 29.40 50.80 30.50 26.00
20150903145501 6.645 28.20 62.50 29.50 51.30 30.50 26.50
20150903145601 4.122 28.30 63.10 29.50 51.30 30.50 27.50
20150903145702 1.588 28.30 63.20 29.50 51.40 30.40 27.10
20150903145802 1.589 28.30 63.60 29.50 51.50 30.40 27.60
20150903145902 4.120 28.30 63.70 29.50 51.50 30.40 28.00
20150903150001 1.592 28.30 64.50 29.50 51.50 30.40 27.90
20150903150101 4.119 28.30 62.40 29.50 51.50 30.40 27.90
20150903150201 1.588 28.30 64.40 29.50 51.50 30.40 27.90
20150903150301 4.122 28.30 68.40 29.50 60.30 30.40 27.60
20150903150402 4.119 28.10 80.00 29.50 60.10 30.40 27.00
20150903150501 4.127 28.10 83.80 29.50 62.70 30.40 27.60
20150903150601 1.589 28.00 84.30 29.40 65.50 30.40 27.80
20150903150701 1.606 28.00 85.60 29.50 67.90 30.40 28.00
20150903150801 1.588 28.00 90.00 29.50 68.70 30.40 28.00
20150903150901 6.647 28.00 92.70 29.50 71.70 30.40 28.30
20150903151002 6.646 27.90 93.10 29.50 71.60 30.40 28.40
20150903151102 1.589 27.90 93.60 29.50 72.20 30.40 28.50
20150903151202 1.607 27.90 93.60 29.50 72.60 30.40 28.50
20150903151301 1.588 27.90 95.60 29.50 73.20 30.40 28.80
20150903151401 4.127 27.90 79.90 29.50 72.00 30.40 29.10
20150903151502 1.589 28.00 80.30 29.60 65.60 30.40 28.50
20150903151602 1.588 28.00 75.10 29.60 63.40 30.40 28.10
20150903151702 4.118 28.10 74.90 29.60 61.60 30.40 28.10
20150903151802 4.116 28.10 75.30 29.60 59.90 30.40 27.60
20150903151901 9.191 28.20 74.40 29.60 59.80 30.40 26.70
20150903152001 1.591 28.20 73.60 29.60 59.60 30.40 26.70
20150903152101 1.591 28.20 69.70 29.60 59.40 30.40 26.60
20150903152201 1.601 28.20 72.00 29.60 59.10 30.50 25.70
20150903152301 4.117 28.20 72.20 29.60 58.50 30.50 25.80
20150903152402 11.703 28.20 71.00 29.60 58.50 30.50 26.00
20150903152501 4.117 28.20 70.90 29.70 58.50 30.50 26.00
20150903152602 4.117 28.20 73.10 29.60 58.50 30.50 26.60
20150903152701 1.594 28.20 72.50 29.70 58.30 30.50 26.50
20150903152801 1.601 28.20 71.80 29.70 58.10 30.50 26.20
20150903152901 4.120 28.20 72.10 29.60 57.50 30.50 26.00
20150903153002 4.118 28.20 71.40 29.60 57.50 30.50 26.00
20150903153102 4.127 28.20 70.60 29.70 57.20 30.50 26.10
20150903153201 6.677 28.20 68.50 29.70 56.90 30.50 26.20
20150903153302 1.598 28.30 68.70 29.60 56.70 30.50 26.10
20150903153402 9.181 28.30 68.20 29.60 56.20 30.50 25.30
20150903153501 4.118 28.30 68.00 29.60 56.00 30.50 25.30
20150903153602 1.588 28.30 67.60 29.60 56.00 30.50 24.80
20150903153702 1.589 28.30 67.70 29.60 55.80 30.50 25.20
20150903153801 1.589 28.30 67.80 29.60 55.50 30.50 24.50
20150903153901 4.117 28.30 67.30 29.60 55.40 30.50 23.80
20150903154001 6.648 28.30 67.20 29.70 55.20 30.50 24.70
20150903154101 1.591 28.30 67.40 29.70 55.10 30.50 24.60
20150903154201 4.121 28.30 66.60 29.70 54.80 30.50 24.60
20150903154302 1.589 28.30 66.70 29.70 54.70 30.50 25.00
20150903154402 1.589 28.30 64.30 29.70 54.50 30.50 23.40
20150903154501 1.589 28.30 65.20 29.70 54.30 30.60 23.60
20150903154601 1.588 28.30 65.30 29.60 53.50 30.70 21.90
20150903154701 1.591 28.30 62.90 29.70 53.50 30.70 21.90
20150903154801 4.116 28.30 62.40 29.70 53.50 30.60 22.10
20150903154902 4.120 28.30 64.10 29.70 53.60 30.70 19.80
20150903155001 1.588 28.40 58.00 29.70 52.50 30.70 19.70
20150903155101 4.119 28.40 57.70 29.70 51.30 30.80 19.50
20150903155202 1.588 28.40 58.70 29.70 51.40 30.80 19.50
20150903155302 6.645 28.40 61.10 29.70 52.00 30.70 22.00
20150903155401 1.588 28.40 61.00 29.80 52.20 30.70 22.70
20150903155501 6.648 28.40 63.30 29.80 52.00 30.70 22.00
20150903155601 4.117 28.50 62.40 29.70 52.10 30.60 22.00
20150903155702 1.588 28.50 62.40 29.70 52.10 30.60 22.20
20150903155802 1.588 28.40 60.00 29.70 52.00 30.60 23.00
20150903155902 6.648 28.40 60.90 29.80 51.70 30.60 23.10
20150903160002 4.117 28.50 61.00 29.70 51.60 30.50 22.60
20150903160101 4.121 28.40 61.40 29.70 51.40 30.50 22.90
20150903160201 1.589 28.50 58.10 29.70 51.40 30.50 22.80
20150903160301 4.118 28.50 59.30 29.70 51.20 30.60 19.90
20150903160402 4.119 28.50 57.70 29.80 50.60 30.80 20.30
20150903160501 1.592 28.50 59.10 29.70 50.00 30.80 20.40
20150903160601 1.588 28.50 61.00 29.70 50.10 30.80 20.60
20150903160701 4.120 28.50 58.50 29.80 49.80 30.90 20.50
20150903160802 6.649 28.50 60.00 29.80 50.20 30.80 22.00
20150903160902 1.590 28.50 60.50 29.80 50.40 30.80 22.00
20150903161001 4.118 28.50 62.00 29.80 50.80 30.70 22.20
20150903161102 1.588 28.50 60.10 29.80 50.60 30.70 22.10
20150903161202 1.599 28.50 60.60 29.80 50.70 30.70 22.30
20150903161301 1.589 28.50 62.20 29.80 50.80 30.70 22.50
20150903161401 4.123 28.60 61.50 29.80 50.70 30.60 22.90
20150903161502 1.591 28.50 61.70 29.80 50.80 30.60 22.40
20150903161602 6.646 28.50 62.60 29.80 50.60 30.60 22.50
20150903161702 1.589 28.50 62.20 29.80 50.60 30.60 22.70
20150903161802 1.588 28.50 59.50 29.80 50.60 30.60 22.50
20150903161902 4.118 28.50 62.30 29.80 50.70 30.60 23.00
20150903162001 4.117 28.50 62.70 29.80 50.70 30.60 22.20
20150903162101 1.589 28.50 60.50 29.80 50.50 30.60 22.00
20150903162201 4.120 28.50 59.50 29.80 50.10 30.70 20.00
20150903162302 1.588 28.50 59.50 29.80 49.70 30.70 20.00
20150903162402 4.117 28.50 59.90 29.80 49.70 30.70 20.90
20150903162501 1.591 28.50 62.10 29.80 49.60 30.70 20.90
20150903162601 1.589 28.50 58.50 29.80 49.70 30.70 19.70
20150903162701 4.117 28.60 58.50 29.80 49.90 30.70 20.00
20150903162801 1.591 28.50 58.70 29.80 49.90 30.70 20.10
20150903162901 4.120 28.50 57.90 29.80 50.00 30.60 21.60
20150903163002 1.588 28.60 54.30 29.80 49.80 30.60 21.60
20150903163102 1.590 28.60 61.60 29.80 49.70 30.50 21.50
20150903163202 1.590 28.50 59.70 29.80 49.70 30.50 21.60
20150903163302 1.589 28.50 58.90 29.80 48.60 30.60 20.80
20150903163402 1.589 28.50 60.00 29.80 48.60 30.70 21.00
20150903163502 1.588 28.60 58.10 29.80 48.90 30.70 20.50
20150903163601 1.598 28.60 58.20 29.80 49.10 30.70 20.30
20150903163701 1.588 28.60 58.90 29.90 49.20 30.70 20.90
20150903163801 1.588 28.60 59.20 29.90 49.30 30.70 21.00
20150903163901 1.588 28.60 59.50 29.90 49.40 30.70 20.90
20150903164001 1.588 28.60 58.50 29.90 49.40 30.70 21.00
20150903164102 4.118 28.60 60.70 29.90 49.50 30.70 20.90
20150903164201 1.597 28.60 60.70 29.90 49.50 30.70 21.40
20150903164301 1.591 28.60 58.70 29.90 49.60 30.70 21.30
20150903164401 1.598 28.60 57.70 29.90 49.60 30.70 21.50
20150903164502 1.588 28.70 59.50 29.90 49.60 30.70 21.20
20150903164602 1.588 28.70 60.20 29.90 49.60 30.70 20.80
20150903164702 1.588 28.70 60.80 29.90 49.70 30.70 21.10
20150903164802 4.120 28.70 59.90 29.90 49.70 30.70 21.30
20150903164901 4.117 28.70 60.80 29.90 49.70 30.70 21.70
20150903165002 1.591 28.70 60.80 29.90 49.70 30.70 21.60
20150903165101 4.117 28.70 58.10 29.90 49.60 30.70 20.90
20150903165202 6.648 28.70 58.60 30.00 49.90 30.70 21.30
20150903165302 4.118 28.70 59.80 30.00 49.90 30.70 21.10
20150903165401 4.121 28.70 59.90 30.00 49.90 30.70 21.70
20150903165502 1.588 28.70 59.50 30.00 49.90 30.70 21.60
20150903165602 1.589 28.70 59.00 30.00 49.90 30.70 21.80
20150903165701 1.598 28.70 60.10 30.00 50.00 30.70 22.20
20150903165801 1.589 28.70 60.20 30.00 50.00 30.70 22.10
20150903165901 9.180 28.70 58.50 30.00 49.90 30.70 22.60
20150903170002 1.590 28.70 58.70 30.00 49.90 30.70 22.60
20150903170102 4.120 28.70 60.00 30.00 49.90 30.70 22.80
20150903170201 1.589 28.80 58.70 30.00 50.00 30.70 22.70
20150903170301 1.591 28.80 57.90 30.00 50.00 30.70 22.50
20150903170402 1.591 28.80 60.30 30.00 49.90 30.70 21.50
20150903170502 1.588 28.70 58.10 30.00 50.00 30.70 21.60
20150903170602 4.117 28.80 57.30 30.00 49.90 30.70 21.20
20150903170701 4.116 28.80 60.00 30.00 49.70 30.80 21.20
20150903170802 4.117 28.80 58.40 30.00 49.70 30.70 21.30
20150903170902 1.590 28.80 55.30 30.10 49.70 30.80 21.50
20150903171002 1.588 28.80 58.10 30.10 49.20 30.70 20.50
20150903171102 1.589 28.80 60.10 30.00 49.20 30.80 21.00
20150903171202 4.119 28.80 60.60 30.10 49.50 30.80 21.30
20150903171301 1.589 28.80 59.50 30.10 49.50 30.80 21.30
20150903171401 6.651 28.80 57.90 30.10 49.40 30.80 21.00
20150903171501 1.591 28.80 58.20 30.10 49.50 30.80 20.90
20150903171602 1.588 28.80 58.70 30.10 49.50 30.80 21.00
20150903171702 4.118 28.80 59.10 30.10 49.60 30.80 21.60
20150903171801 1.588 28.80 58.90 30.10 49.60 30.80 21.50
20150903171901 4.117 28.80 58.60 30.10 49.60 30.80 21.20
20150903172002 1.588 28.80 60.20 30.10 49.60 30.80 21.20
20150903172102 6.646 28.80 58.50 30.10 49.60 30.80 21.80
20150903172201 1.589 28.80 58.40 30.10 49.50 30.70 22.30
20150903172301 1.589 28.90 59.10 30.10 49.50 30.70 22.10
20150903172401 1.588 28.80 59.70 30.10 49.50 30.80 22.20
20150903172501 9.177 28.90 59.40 30.10 49.40 30.70 22.60
20150903172602 1.588 28.90 59.40 30.10 49.40 30.70 22.60
20150903172702 1.589 28.90 60.30 30.10 49.40 30.70 22.70
20150903172802 1.590 28.90 60.30 30.10 49.40 30.70 22.90
20150903172902 9.173 28.90 60.50 30.10 49.30 30.70 23.20
20150903173001 4.117 28.90 58.90 30.10 49.20 30.70 23.20
20150903173101 4.120 28.90 58.90 30.10 49.10 30.70 22.30
20150903173202 11.715 28.90 58.70 30.20 49.10 30.70 22.50
20150903173301 1.588 28.80 58.80 30.20 49.20 30.70 22.50
20150903173401 9.185 28.90 56.90 30.10 49.30 30.70 23.00
20150903173502 4.117 28.90 56.90 30.20 49.30 30.70 23.20
20150903173601 4.117 28.90 60.50 30.10 49.30 30.80 23.20
20150903173701 1.588 28.90 60.40 30.10 49.20 30.70 23.50
20150903173801 4.118 28.90 58.20 30.10 49.10 30.70 24.60
20150903173902 6.653 28.90 59.70 30.20 49.10 30.60 24.40
20150903174001 6.646 28.90 58.00 30.20 49.10 30.60 24.40
20150903174101 4.128 28.90 58.20 30.20 48.70 30.60 24.40
20150903174202 1.592 28.80 59.50 30.10 48.70 30.50 24.00
20150903174301 1.589 28.80 60.00 30.10 48.70 30.50 24.40
20150903174401 1.588 28.80 59.70 30.20 48.60 30.50 24.50
20150903174501 9.180 28.80 59.40 30.10 48.40 30.50 24.50
20150903174602 1.589 28.80 59.40 30.20 48.40 30.50 24.50
20150903174702 4.119 28.80 58.10 30.10 48.30 30.50 24.50
20150903174801 1.588 28.80 59.20 30.10 48.30 30.50 24.40
20150903174901 1.589 28.80 57.20 30.10 48.30 30.50 24.60
20150903175001 1.590 28.80 57.50 30.10 48.30 30.50 24.70
20150903175101 1.588 28.80 57.10 30.20 48.30 30.50 24.70
20150903175201 1.589 28.80 57.00 30.10 48.40 30.50 24.70
20150903175301 1.589 28.80 56.40 30.20 48.40 30.50 24.80
20150903175401 1.589 28.80 57.10 30.20 48.50 30.50 24.90
20150903175501 1.588 28.80 59.00 30.20 48.40 30.50 24.80
20150903175602 6.646 28.80 57.80 30.10 48.40 30.50 25.10
20150903175702 1.589 28.80 58.10 30.10 48.40 30.40 25.10
20150903175802 1.589 28.90 52.70 30.10 48.40 30.50 25.10
20150903175902 1.588 28.90 51.90 30.20 48.40 30.50 25.20
20150903180002 1.591 28.80 53.00 30.20 48.30 30.40 24.90
20150903180102 4.122 28.90 54.10 30.10 48.40 30.40 25.30
20150903180201 1.591 28.80 55.80 30.10 48.40 30.40 25.30
20150903180301 6.648 28.80 58.60 30.10 58.70 30.40 25.30
20150903180401 4.123 28.70 69.30 30.10 58.80 30.40 25.40
20150903180501 1.589 28.60 75.70 30.10 62.40 30.40 25.40
20150903180601 1.588 28.50 81.60 30.10 64.80 30.40 25.30
20150903180701 6.649 28.50 87.10 30.10 67.10 30.40 25.30
20150903180801 1.589 28.50 86.70 30.10 67.90 30.40 25.30
20150903180902 1.589 28.50 88.00 30.10 69.40 30.40 25.50
20150903181002 1.588 28.40 90.90 30.10 68.90 30.40 25.40
20150903181102 4.118 28.50 90.00 30.10 71.90 30.40 25.10
20150903181201 1.589 28.40 90.60 30.10 72.30 30.40 25.30
20150903181302 1.590 28.40 91.60 30.10 71.90 30.40 25.60
20150903181402 4.120 28.40 92.30 30.20 63.90 30.40 25.60
20150903181502 1.588 28.50 75.90 30.10 63.80 30.40 25.80
20150903181602 1.588 28.60 72.30 30.20 61.70 30.30 26.30
20150903181702 4.118 28.60 71.60 30.20 58.70 30.30 26.20
20150903181801 1.589 28.60 70.40 30.20 58.60 30.40 25.80
20150903181901 4.120 28.70 69.90 30.20 57.60 30.30 26.40
20150903182001 6.652 28.70 66.10 30.20 57.60 30.40 26.00
20150903182101 6.650 28.70 65.50 30.20 57.40 30.30 25.80
20150903182201 11.713 28.70 67.70 30.20 57.40 30.30 26.30
20150903182301 6.651 28.70 67.30 30.20 57.10 30.30 25.60
20150903182402 1.592 28.70 67.40 30.20 56.80 30.30 25.80
20150903182502 1.591 28.70 63.60 30.20 56.50 30.30 26.30
20150903182602 6.648 28.70 67.80 30.20 56.00 30.30 27.00
20150903182702 1.589 28.70 67.90 30.20 56.00 30.30 26.40
20150903182802 1.589 28.70 66.00 30.20 55.80 30.30 26.70
20150903182902 1.589 28.70 65.70 30.20 55.80 30.30 26.30
20150903183002 1.596 28.70 65.30 30.20 55.30 30.30 26.50
20150903183102 1.589 28.70 65.00 30.20 55.10 30.30 27.00
20150903183201 4.118 28.70 63.90 30.20 54.70 30.30 26.70
20150903183302 1.594 28.70 64.30 30.20 54.70 30.30 26.90
20150903183402 1.588 28.70 62.40 30.20 54.40 30.30 27.20
20150903183502 1.588 28.70 63.80 30.20 54.20 30.20 27.20
20150903183602 4.121 28.80 64.60 30.20 54.00 30.30 27.20
20150903183701 1.588 28.70 64.80 30.20 54.00 30.20 27.10
20150903183801 4.120 28.80 64.60 30.20 53.70 30.20 26.40
20150903183901 1.589 28.70 60.50 30.20 53.50 30.20 26.40
20150903184001 1.588 28.70 60.60 30.20 53.40 30.20 27.00
20150903184102 6.646 28.80 62.00 30.20 53.20 30.20 27.40
20150903184202 4.120 28.80 63.20 30.20 53.10 30.20 26.70
20150903184301 1.588 28.80 63.20 30.20 53.00 30.20 27.20
20150903184401 4.117 28.70 62.00 30.20 52.80 30.20 26.60
20150903184502 4.119 28.70 62.00 30.20 52.80 30.20 27.00
20150903184601 1.590 28.80 63.00 30.20 52.80 30.20 27.10
20150903184701 1.589 28.80 61.20 30.20 52.70 30.20 27.00
20150903184801 4.117 28.80 61.20 30.20 52.50 30.20 27.10
20150903184901 1.589 28.80 57.50 30.20 52.50 30.30 27.10
20150903185001 1.589 28.80 61.30 30.20 52.40 30.20 27.20
20150903185101 1.590 28.80 59.30 30.20 52.40 30.20 27.60
20150903185201 1.588 28.80 60.50 30.20 52.30 30.20 27.60
20150903185301 4.117 28.80 61.90 30.20 52.20 30.20 27.70
20150903185402 1.588 28.80 61.40 30.20 52.20 30.20 27.70
20150903185501 1.588 28.80 59.50 30.20 52.00 30.20 27.60
20150903185601 4.117 28.80 58.80 30.20 51.90 30.20 27.10
20150903185702 4.123 28.80 58.70 30.20 51.90 30.20 27.50
20150903185801 4.121 28.80 59.00 30.20 51.80 30.20 27.70
20150903185902 1.588 28.80 60.00 30.20 51.70 30.20 27.70
20150903190002 4.129 28.80 60.00 30.20 51.60 30.20 27.80
20150903190102 1.598 28.80 60.60 30.20 51.60 30.20 28.40
20150903190202 1.589 28.80 60.50 30.20 51.50 30.20 27.90
20150903190302 1.588 28.80 57.30 30.20 51.50 30.20 28.40
20150903190401 1.588 28.80 59.80 30.20 51.40 30.20 28.10
20150903190501 1.588 28.80 58.70 30.20 51.40 30.20 28.40
20150903190601 4.119 28.80 60.50 30.20 51.30 30.20 28.10
20150903190702 6.647 28.80 61.70 30.20 51.30 30.20 28.50
20150903190802 6.648 28.80 59.80 30.20 51.20 30.20 28.50
20150903190902 1.588 28.80 59.40 30.20 51.20 30.20 28.60
20150903191001 6.650 28.80 59.00 30.20 51.10 30.20 28.60
20150903191101 1.588 28.80 58.90 30.20 51.10 30.20 28.50
20150903191202 1.594 28.80 59.50 30.20 51.00 30.20 28.80
20150903191302 4.118 28.80 59.20 30.20 50.80 30.20 28.80
20150903191402 1.598 28.80 58.90 30.20 50.80 30.10 29.10
20150903191502 6.651 28.80 60.20 30.20 50.80 30.20 28.90
20150903191601 4.119 28.80 60.30 30.20 50.80 30.10 29.00
20150903191702 9.194 28.80 58.60 30.20 50.70 30.10 28.80
20150903191802 1.599 28.80 59.70 30.20 50.70 30.10 28.80
20150903191902 1.589 28.80 59.90 30.10 50.50 30.20 29.00
20150903192002 1.589 28.80 60.30 30.10 50.40 30.10 28.80
20150903192102 4.127 28.80 59.80 30.20 50.40 30.20 28.80
20150903192201 6.659 28.80 59.80 30.20 50.30 30.20 28.80
20150903192302 6.656 28.80 59.70 30.10 50.30 30.10 29.40
20150903192402 4.117 28.80 59.90 30.20 50.20 30.10 29.50
20150903192501 1.588 28.80 59.90 30.20 50.10 30.10 29.70
20150903192601 1.589 28.80 59.90 30.20 50.20 30.10 29.40
20150903192701 1.589 28.80 60.10 30.10 50.20 30.10 29.60
20150903192802 6.649 28.80 59.00 30.10 50.20 30.10 29.50
20150903192902 6.652 28.80 59.30 30.20 50.20 30.10 30.00
20150903193002 6.653 28.80 60.40 30.20 50.10 30.10 30.20
20150903193102 4.127 28.80 59.20 30.10 50.10 30.10 30.10
20150903193201 1.588 28.80 59.10 30.20 50.10 30.10 29.80
20150903193302 4.118 28.80 59.60 30.20 50.00 30.10 29.50
20150903193401 1.590 28.80 58.70 30.20 50.00 30.10 29.40
20150903193502 4.120 28.80 60.00 30.10 49.90 30.10 29.70
20150903193601 1.590 28.80 53.50 30.20 49.80 30.10 29.60
20150903193701 1.591 28.80 59.50 30.20 49.80 30.10 29.70
20150903193801 4.127 28.80 59.80 30.20 49.70 30.00 29.90
20150903193902 1.588 28.80 59.50 30.20 49.70 30.00 29.90
20150903194002 1.589 28.80 59.30 30.10 49.60 30.00 29.80
20150903194102 1.588 28.80 60.20 30.20 49.60 30.00 29.90
20150903194202 4.117 28.80 60.40 30.10 49.60 30.00 29.90
20150903194301 4.120 28.80 59.10 30.10 49.60 30.00 29.80
20150903194402 1.589 28.80 60.10 30.20 49.50 30.00 29.80
20150903194501 1.589 28.80 60.00 30.10 49.40 30.00 29.90
20150903194601 6.646 28.80 60.00 30.10 49.50 30.00 30.00
20150903194701 4.117 28.80 60.00 30.10 49.50 30.00 30.20
20150903194802 1.592 28.80 60.00 30.20 49.50 30.00 30.20
20150903194902 4.117 28.80 60.40 30.10 49.50 30.00 30.10
20150903195001 4.121 28.80 59.70 30.10 49.40 30.00 30.10
20150903195101 1.589 28.80 60.20 30.20 49.40 30.00 30.30
20150903195201 6.652 28.80 59.90 30.10 49.40 30.00 30.30
20150903195301 9.188 28.80 60.60 30.10 49.40 30.00 30.30
20150903195401 1.589 28.80 60.60 30.10 49.40 30.00 30.20
20150903195501 1.595 28.80 60.50 30.10 49.40 30.00 30.40
20150903195601 4.117 28.80 60.80 30.10 49.30 30.00 30.50
20150903195701 1.591 28.80 59.80 30.10 49.20 29.90 30.10
20150903195801 6.655 28.80 59.40 30.10 49.20 29.90 30.20
20150903195901 6.646 28.80 59.20 30.10 49.20 29.90 30.20
20150903200002 1.599 28.80 60.20 30.20 49.20 29.90 30.20
20150903200102 1.589 28.80 60.70 30.10 49.20 29.90 30.30
20150903200201 4.134 28.70 60.70 30.10 49.20 29.90 30.40
20150903200302 1.592 28.70 59.80 30.10 49.20 29.90 30.30
20150903200402 4.122 28.80 60.30 30.10 49.10 29.90 30.50
20150903200501 6.662 28.80 59.60 30.20 49.10 29.90 30.70
20150903200601 1.590 28.70 59.80 30.10 49.10 29.90 30.60
20150903200701 4.122 28.70 60.00 30.10 49.10 29.90 30.60
20150903200801 4.120 28.70 60.00 30.20 49.00 29.90 30.60
20150903200902 1.589 28.80 60.00 30.10 49.00 29.90 30.60
20150903201001 1.588 28.80 60.10 30.10 49.00 29.90 30.70
20150903201101 1.589 28.80 60.40 30.10 49.00 29.90 30.80
20150903201201 6.651 28.80 59.70 30.10 49.00 29.90 30.80
20150903201301 1.588 28.80 59.70 30.10 49.00 29.90 30.80
20150903201401 1.590 28.80 59.80 30.10 48.90 29.90 30.80
20150903201501 4.117 28.70 60.20 30.10 48.90 29.80 30.90
20150903201602 1.589 28.70 60.70 30.10 48.90 29.90 30.90
20150903201702 6.649 28.70 60.00 30.20 48.80 29.80 31.00
20150903201801 6.653 28.70 60.00 30.20 48.80 29.80 31.10
20150903201901 1.589 28.70 60.10 30.10 48.80 29.90 31.10
20150903202001 1.589 28.70 59.90 30.20 48.80 29.80 31.10
20150903202101 1.590 28.70 60.30 30.10 48.80 29.90 31.00
20150903202201 1.589 28.70 60.30 30.20 48.90 29.90 31.10
20150903202301 6.646 28.70 59.70 30.10 48.80 29.90 31.20
20150903202401 1.590 28.70 59.80 30.10 48.90 29.90 31.20
20150903202501 1.591 28.70 59.80 30.10 49.00 29.80 31.20
20150903202601 4.117 28.70 59.80 30.10 49.30 29.80 31.40
20150903202701 1.589 28.70 59.80 30.10 49.40 29.90 31.50
20150903202801 1.590 28.70 60.30 30.10 49.40 29.80 31.60
20150903202901 1.589 28.70 59.10 30.10 49.20 29.80 31.40
20150903203001 1.589 28.70 59.00 30.10 49.20 29.80 31.60
20150903203101 4.117 28.70 59.40 30.10 49.20 29.80 31.60
20150903203202 1.591 28.70 59.90 30.10 49.20 29.80 31.70
20150903203302 4.117 28.70 59.60 30.10 48.90 29.80 31.60
20150903203401 1.589 28.70 59.40 30.10 48.90 29.80 31.60
20150903203501 1.588 28.70 59.90 30.10 48.80 29.80 32.10
20150903203601 1.589 28.70 59.10 30.10 48.80 29.80 31.80
20150903203701 1.600 28.70 59.70 30.10 48.60 29.80 31.70
20150903203801 1.588 28.70 60.00 30.10 48.60 29.80 31.90
20150903203902 4.118 28.70 59.40 30.10 48.60 29.80 31.80
20150903204001 4.117 28.70 60.10 30.10 48.60 29.80 31.80
20150903204101 1.589 28.70 59.00 30.10 48.70 29.80 31.80
20150903204201 4.117 28.70 59.10 30.10 48.60 29.80 32.10
20150903204302 6.649 28.70 60.10 30.10 48.50 29.80 32.20
20150903204402 6.649 28.60 60.00 30.10 48.50 29.70 32.10
20150903204502 4.117 28.60 60.10 30.10 48.70 29.80 31.90
20150903204601 1.589 28.70 60.00 30.10 48.60 29.80 32.30
20150903204701 1.609 28.60 60.60 30.10 48.70 29.80 32.50
20150903204802 1.589 28.60 60.50 30.10 48.90 29.80 32.20
20150903204902 1.605 28.60 60.30 30.10 48.80 29.80 32.70
20150903205002 4.117 28.60 59.90 30.10 48.70 29.70 32.30
20150903205102 4.118 28.60 59.80 30.10 48.60 29.70 32.50
20150903205201 1.589 28.60 59.80 30.10 48.50 29.70 32.10
20150903205301 1.588 28.60 60.20 30.10 48.40 29.70 32.30
20150903205401 1.598 28.60 60.60 30.10 48.40 29.80 32.50
20150903205501 1.588 28.60 59.50 30.10 48.40 29.70 32.40
20150903205601 1.589 28.60 60.40 30.10 48.40 29.70 32.30
20150903205702 6.663 28.60 60.10 30.10 48.40 29.70 31.90
20150903205802 11.706 28.60 60.40 30.10 48.40 29.70 32.60
20150903205902 9.184 28.60 59.60 30.10 48.30 29.70 33.20
20150903210002 1.594 28.60 60.50 30.10 48.30 29.70 33.30
20150903210102 1.588 28.60 60.90 30.10 48.20 29.70 33.40
20150903210202 1.591 28.60 59.90 30.10 47.50 29.70 32.80
20150903210301 1.588 28.60 62.20 30.10 53.40 29.60 32.30
20150903210401 4.117 28.40 70.80 30.00 59.90 29.60 31.60
20150903210502 4.121 28.30 76.00 30.00 62.00 29.50 31.80
20150903210601 1.588 28.30 80.70 30.00 62.30 29.60 32.20
20150903210701 1.593 28.20 85.90 30.00 65.20 29.50 32.40
20150903210801 1.588 28.20 88.20 30.00 65.80 29.50 32.20
20150903210902 1.593 28.20 89.00 30.00 67.90 29.50 30.90
20150903211002 4.117 28.10 91.10 30.00 68.50 29.50 31.70
20150903211101 4.117 28.10 90.80 30.00 70.70 29.50 31.40
20150903211202 4.120 28.10 93.60 29.90 69.70 29.50 31.90
20150903211301 1.589 28.10 92.90 29.90 70.10 29.50 32.00
20150903211401 6.648 28.10 76.50 30.00 68.10 29.40 32.60
20150903211502 6.648 28.20 69.90 30.00 60.00 29.40 32.70
20150903211602 4.117 28.20 64.60 29.90 57.80 29.40 32.70
20150903211701 1.588 28.20 62.00 30.00 58.30 29.40 32.20
20150903211801 1.593 28.20 64.80 29.90 56.90 29.40 32.40
20150903211901 1.589 28.30 63.10 30.00 56.70 29.40 32.50
20150903212001 1.589 28.30 60.60 30.00 56.90 29.40 32.70
20150903212101 1.589 28.30 61.90 30.00 56.30 29.40 31.50
20150903212202 1.589 28.30 61.30 30.00 55.90 29.40 32.00
20150903212302 4.130 28.30 63.00 30.00 55.20 29.40 32.30
20150903212402 1.589 28.30 61.90 29.90 54.70 29.40 32.70
20150903212502 4.117 28.30 60.40 29.90 47.90 29.40 33.70
20150903212601 4.118 28.20 60.50 29.90 46.40 29.50 32.70
20150903212702 1.599 28.20 58.30 29.90 47.20 29.50 32.70
20150903212801 1.589 28.20 59.90 29.90 44.70 29.40 32.60
20150903212901 1.588 28.20 59.40 29.80 45.70 29.50 33.70
20150903213001 1.591 28.20 56.10 29.80 46.10 29.40 33.00
20150903213101 1.589 28.20 56.40 29.80 45.80 29.50 33.50
20150903213201 1.588 28.20 57.90 29.80 44.40 29.50 32.20
20150903213301 1.595 28.20 57.40 29.80 44.60 29.40 32.90
20150903213401 6.648 28.20 58.10 29.80 44.60 29.40 32.90
20150903213502 4.119 28.20 52.60 29.80 44.80 29.40 32.80
20150903213601 1.588 28.20 52.90 29.80 44.60 29.40 32.80
20150903213701 1.589 28.20 53.80 29.80 44.20 29.40 33.00
20150903213801 1.588 28.20 51.70 29.80 44.00 29.40 33.30
20150903213902 1.589 28.20 52.60 29.70 44.60 29.50 34.00
20150903214002 1.588 28.20 53.90 29.70 43.90 29.50 33.70
20150903214102 1.589 28.20 51.50 29.70 43.90 29.50 34.00
20150903214202 9.180 28.20 51.80 29.70 43.90 29.50 33.90
20150903214301 9.174 28.10 51.80 29.80 43.90 29.50 33.80
20150903214401 1.588 28.20 52.10 29.70 43.80 29.50 33.70
20150903214501 4.117 28.20 53.20 29.70 43.30 29.50 33.70
20150903214602 1.591 28.20 53.80 29.70 43.20 29.60 34.00
20150903214702 4.117 28.20 53.30 29.70 43.30 29.50 33.80
20150903214801 1.589 28.20 54.00 29.70 43.70 29.50 33.70
20150903214901 6.645 28.10 53.10 29.70 42.80 29.50 33.80
20150903215001 1.590 28.10 53.30 29.70 42.80 29.50 33.70
20150903215101 4.117 28.10 52.80 29.60 42.90 29.60 33.70
20150903215202 1.589 28.10 53.20 29.60 42.90 29.60 33.70
20150903215301 1.588 28.20 53.40 29.60 42.50 29.60 34.00
20150903215401 1.589 28.10 53.90 29.60 42.20 29.60 33.60
20150903215501 6.645 28.10 53.60 29.60 42.10 29.60 33.70
20150903215601 6.649 28.20 53.90 29.60 41.70 29.60 33.70
20150903215701 1.588 28.10 53.20 29.60 41.70 29.60 33.40
20150903215801 1.588 28.10 52.40 29.60 41.90 29.60 33.40
20150903215901 4.117 28.10 53.30 29.60 41.90 29.60 33.10
20150903220002 4.117 28.10 52.80 29.60 41.60 29.60 33.10
20150903220102 4.122 28.10 52.10 29.60 41.10 29.60 33.00
20150903220201 4.118 28.10 50.90 29.60 41.30 29.70 33.30
20150903220302 4.116 28.10 51.30 29.60 41.70 29.60 33.30
20150903220401 1.590 28.10 52.30 29.60 41.50 29.60 33.00
20150903220501 1.590 28.10 53.20 29.60 41.00 29.60 33.20
20150903220601 1.589 28.10 52.40 29.60 41.30 29.60 33.00
20150903220702 4.116 28.10 52.40 29.60 41.10 29.60 33.40
20150903220801 6.651 28.10 51.90 29.60 41.10 29.70 32.60
20150903220902 4.117 28.10 52.10 29.60 40.80 29.70 32.60
20150903221001 1.588 28.10 52.20 29.60 40.60 29.60 32.50
20150903221101 6.649 28.10 52.20 29.60 40.40 29.60 32.80
20150903221201 1.589 28.10 52.50 29.60 40.30 29.60 32.70
20150903221301 4.116 28.10 51.30 29.60 40.10 29.60 32.70
20150903221402 1.591 28.10 51.70 29.60 40.00 29.60 32.70
20150903221502 9.181 28.10 50.20 29.50 40.20 29.60 32.90
20150903221602 1.589 28.10 50.40 29.50 40.30 29.50 32.90
20150903221701 4.122 28.10 51.00 29.50 39.90 29.60 32.80
20150903221802 1.592 28.10 50.80 29.50 39.40 29.60 32.80
20150903221901 1.588 28.10 51.10 29.50 39.50 29.60 32.80
20150903222001 1.588 28.10 51.70 29.50 39.50 29.60 32.90
20150903222101 4.121 28.10 50.40 29.50 39.80 29.60 32.90
20150903222202 1.588 28.00 51.10 29.40 39.80 29.60 32.60
20150903222301 4.121 28.00 49.90 29.40 39.70 29.50 32.60
20150903222402 1.599 28.00 49.80 29.40 39.60 29.50 33.10
20150903222502 6.646 28.00 51.30 29.40 39.70 29.60 33.30
20150903222601 4.120 28.00 50.80 29.40 39.80 29.60 32.80
20150903222701 1.588 28.00 52.00 29.40 39.20 29.60 32.80
20150903222802 1.598 28.00 51.30 29.50 39.60 29.60 32.90
20150903222902 6.666 28.00 49.10 29.50 38.90 29.60 32.30
20150903223001 4.126 28.00 51.80 29.40 38.80 29.60 32.30
20150903223102 4.117 28.00 52.00 29.40 38.80 29.60 32.50
20150903223201 1.590 28.00 50.00 29.40 38.90 29.60 32.40
20150903223301 1.588 28.00 53.50 29.40 38.80 29.60 32.40
20150903223401 1.588 28.00 50.80 29.40 39.00 29.60 32.10
20150903223501 4.117 27.90 50.20 29.40 39.00 29.50 32.10
20150903223602 4.122 28.00 50.70 29.40 38.90 29.50 32.20
20150903223701 1.588 28.00 51.90 29.40 39.00 29.50 32.10
20150903223801 4.117 27.90 49.20 29.40 38.90 29.50 32.00
20150903223901 4.116 27.90 50.10 29.40 38.80 29.60 32.00
20150903224001 1.589 27.90 50.20 29.40 38.90 29.50 32.20
20150903224101 4.117 27.90 50.20 29.40 38.70 29.50 32.10
20150903224202 6.646 27.90 51.00 29.40 38.40 29.50 32.20
20150903224302 4.117 27.90 51.10 29.40 38.70 29.50 32.40
20150903224401 4.118 27.90 52.10 29.40 38.70 29.50 32.30
20150903224502 1.588 27.90 49.60 29.40 38.70 29.50 32.30
20150903224602 4.117 27.90 50.70 29.30 38.80 29.50 32.00
20150903224701 1.589 27.90 51.00 29.30 38.70 29.50 31.90
20150903224801 4.117 27.90 52.90 29.30 37.90 29.50 30.80
20150903224901 1.588 27.90 52.90 29.30 38.00 29.40 30.70
20150903225001 4.121 27.90 53.10 29.40 37.80 29.40 30.80
20150903225102 6.648 27.90 53.90 29.30 37.90 29.40 30.90
20150903225202 6.647 27.80 53.90 29.30 38.00 29.30 30.80
20150903225302 1.589 27.80 54.20 29.30 38.00 29.30 30.80
20150903225402 4.122 27.80 54.30 29.30 37.80 29.30 30.60
20150903225501 1.588 27.80 54.60 29.30 37.70 29.30 30.90
20150903225602 4.127 27.80 54.40 29.30 37.80 29.30 30.90
20150903225701 9.179 27.80 55.00 29.30 38.00 29.20 31.10
20150903225802 1.598 27.80 55.00 29.30 38.00 29.20 31.10
20150903225902 4.118 27.80 54.00 29.30 37.50 29.20 31.30
20150903230002 1.589 27.80 54.50 29.30 37.50 29.20 31.30
20150903230102 1.589 27.80 54.70 29.30 37.60 29.20 31.60
20150903230201 9.176 27.80 55.00 29.20 38.00 29.20 31.20
20150903230302 4.119 27.80 55.00 29.20 37.60 29.20 30.80
20150903230401 4.117 27.80 55.10 29.20 37.60 29.20 30.80
20150903230502 1.589 27.80 55.10 29.30 37.70 29.20 31.00
20150903230601 1.589 27.80 55.00 29.30 37.60 29.20 31.10
20150903230701 4.116 27.80 55.20 29.20 37.80 29.10 31.10
20150903230802 1.595 27.80 53.30 29.20 37.80 29.20 31.40
20150903230902 1.598 27.80 54.70 29.20 37.60 29.20 30.90
20150903231002 4.117 27.80 54.60 29.20 37.70 29.10 31.00
20150903231101 4.116 27.80 54.80 29.20 37.80 29.20 31.00
20150903231202 1.588 27.70 53.60 29.20 37.60 29.10 30.90
20150903231302 1.588 27.70 51.40 29.20 37.20 29.10 31.80
20150903231402 1.588 27.70 51.50 29.20 37.60 29.10 30.80
20150903231502 1.588 27.70 52.10 29.20 37.20 29.10 31.60
20150903231602 4.117 27.70 53.20 29.20 37.50 29.10 30.80
20150903231701 1.588 27.70 52.80 29.20 37.60 29.10 30.70
20150903231802 4.120 27.70 53.50 29.20 37.00 29.10 30.90
20150903231901 1.589 27.70 53.60 29.20 37.20 29.10 31.70
20150903232001 1.589 27.70 52.90 29.10 37.20 29.10 30.90
20150903232101 6.652 27.70 53.90 29.10 37.00 29.10 31.20
20150903232202 4.125 27.70 53.90 29.10 37.20 29.10 31.20
20150903232301 1.591 27.70 53.60 29.10 37.20 29.10 31.00
20150903232401 1.588 27.70 53.50 29.10 37.20 29.10 30.90
20150903232501 1.588 27.60 52.00 29.10 37.00 29.10 30.70
20150903232601 1.589 27.60 53.60 29.10 36.90 29.10 31.80
20150903232701 4.117 27.60 52.50 29.10 37.20 29.10 31.90
20150903232802 1.589 27.60 53.00 29.10 37.20 29.10 31.60
20150903232901 4.117 27.60 50.90 29.10 37.70 29.10 30.90
20150903233001 6.645 27.60 51.50 29.10 38.20 29.00 30.70
20150903233102 4.120 27.60 51.50 29.10 38.50 28.90 30.10
20150903233201 4.116 27.60 51.30 29.10 38.90 28.90 30.10
20150903233302 6.644 27.60 51.90 29.10 39.20 28.80 30.20
20150903233402 1.589 27.60 52.00 29.10 39.30 28.90 30.20
20150903233502 1.588 27.60 51.60 29.10 39.50 28.80 30.30
20150903233602 1.588 27.60 52.50 29.10 39.60 28.80 30.30
20150903233701 1.590 27.60 54.00 29.10 39.80 28.80 30.60
20150903233801 1.588 27.60 52.80 29.10 39.90 28.80 30.70
20150903233901 6.652 27.60 53.80 29.10 40.10 28.80 31.60
20150903234001 4.117 27.60 53.80 29.10 40.40 28.70 31.80
20150903234101 4.117 27.60 53.90 29.10 40.40 28.80 31.40
20150903234202 6.648 27.60 54.50 29.10 40.40 28.80 31.30
20150903234302 1.589 27.60 54.50 29.10 40.60 28.80 31.20
20150903234402 1.591 27.60 53.80 29.00 40.60 28.80 31.20
20150903234502 1.588 27.60 54.30 29.10 40.70 28.80 30.80
20150903234602 4.120 27.60 55.10 29.10 40.80 28.80 31.20
20150903234701 1.588 27.60 54.50 29.00 40.90 28.80 31.20
20150903234801 6.645 27.60 55.30 29.00 41.00 28.80 30.60
20150903234901 1.589 27.60 55.30 29.00 41.10 28.70 30.60
20150903235002 1.589 27.60 54.80 29.00 41.10 28.70 31.00
20150903235102 4.117 27.60 55.30 29.00 41.20 28.80 31.20
20150903235201 6.645 27.50 55.20 29.00 41.20 28.80 31.10
20150903235301 4.117 27.60 55.20 29.00 41.30 28.70 31.10
20150903235402 4.117 27.60 55.70 29.00 41.40 28.80 31.20
20150903235501 4.117 27.50 55.70 29.00 41.50 28.80 31.10
20150903235601 4.117 27.50 55.10 29.00 41.40 28.80 31.20
20150903235701 6.652 27.50 53.60 29.00 41.50 28.80 31.20
20150903235802 1.588 27.50 53.70 29.00 41.60 28.80 31.30
20150903235902 1.588 27.50 55.50 29.00 41.60 28.80 31.40
